<?xml version="1.0" encoding="UTF-8"?>
<robot generator="Robot 2.8.7 (Jython 2.7rc1 on java1.7.0_79)" generated="20160202 10:19:19.427">
<suite source="/opt/robot/robotworkspace/robot_testsuites/xdr/XDR-ticket-verification/XDR_Test-robot-suite.txt" id="s1" name="XDR Test-robot-suite">
<kw type="setup" name="Setup Suite">
<doc></doc>
<arguments>
</arguments>
<kw type="kw" name="${time} = OperatingSystem.Run">
<doc>Runs the given command in the system and returns the output.</doc>
<arguments>
<arg>date</arg>
</arguments>
<msg timestamp="20160202 10:19:21.255" level="INFO">Running command 'date 2&gt;&amp;1'</msg>
<msg timestamp="20160202 10:19:21.259" level="INFO">${time} = Tue Feb  2 10:19:21 CET 2016</msg>
<status status="PASS" endtime="20160202 10:19:21.258" starttime="20160202 10:19:21.241"></status>
</kw>
<kw type="kw" name="BuiltIn.Log">
<doc>Logs the given message with the given level.</doc>
<arguments>
<arg>Date and time: ${time}</arg>
<arg>console=yes</arg>
</arguments>
<msg timestamp="20160202 10:19:21.265" level="INFO">Date and time: Tue Feb  2 10:19:21 CET 2016</msg>
<status status="PASS" endtime="20160202 10:19:21.267" starttime="20160202 10:19:21.262"></status>
</kw>
<kw type="kw" name="NTP Check on XDR">
<doc>Called at suite setup to check if ntp is up and running</doc>
<arguments>
</arguments>
<kw type="kw" name="SSHLibrary.Open Connection">
<doc>Opens a new SSH connection to the given `host` and `port`.</doc>
<arguments>
<arg>${XDR HOST}</arg>
</arguments>
<status status="PASS" endtime="20160202 10:19:21.483" starttime="20160202 10:19:21.288"></status>
</kw>
<kw type="kw" name="${output_login} = SSHLibrary.Login">
<doc>Logs into the SSH server with the given `username` and `password`.</doc>
<arguments>
<arg>${XDR USER}</arg>
<arg>${XDR PWD}</arg>
</arguments>
<msg timestamp="20160202 10:19:21.494" level="INFO">Logging into '10.105.113.171:22' as 'qa_automation'.</msg>
<msg timestamp="20160202 10:19:22.744" level="INFO">Read output: Last login: Tue Feb  2 08:21:27 2016 from 10.105.101.196
[1m[qa_automation@xdr01.tb13 ~]$[m</msg>
<msg timestamp="20160202 10:19:22.748" level="INFO">${output_login} = Last login: Tue Feb  2 08:21:27 2016 from 10.105.101.196
[1m[qa_automation@xdr01.tb13 ~]$[m </msg>
<status status="PASS" endtime="20160202 10:19:22.746" starttime="20160202 10:19:21.487"></status>
</kw>
<kw type="kw" name="BuiltIn.Log">
<doc>Logs the given message with the given level.</doc>
<arguments>
<arg>${output_login}</arg>
</arguments>
<msg timestamp="20160202 10:19:22.753" level="INFO">Last login: Tue Feb  2 08:21:27 2016 from 10.105.101.196
[1m[qa_automation@xdr01.tb13 ~]$[m </msg>
<status status="PASS" endtime="20160202 10:19:22.754" starttime="20160202 10:19:22.750"></status>
</kw>
<kw type="kw" name="${output} = SSHLibrary.Execute Command">
<doc>Executes `command` on the remote machine and returns its outputs.</doc>
<arguments>
<arg>ntpstat</arg>
</arguments>
<msg timestamp="20160202 10:19:22.759" level="INFO">Executing command 'ntpstat'.</msg>
<msg timestamp="20160202 10:19:22.803" level="INFO">Command exited with return code 0.</msg>
<msg timestamp="20160202 10:19:22.808" level="INFO">${output} = synchronised to NTP server (10.189.251.100) at stratum 3 
   time correct to within 49 ms
   polling server every 1024 s</msg>
<status status="PASS" endtime="20160202 10:19:22.806" starttime="20160202 10:19:22.757"></status>
</kw>
<kw type="kw" name="SSHLibrary.Close Connection">
<doc>Closes the current connection.</doc>
<arguments>
</arguments>
<status status="PASS" endtime="20160202 10:19:22.827" starttime="20160202 10:19:22.816"></status>
</kw>
<kw type="kw" name="BuiltIn.Should Contain">
<doc>Fails if `item1` does not contain `item2` one or more times.</doc>
<arguments>
<arg>${output}</arg>
<arg>synchronised to NTP server</arg>
<arg>msg=NTP sync problem!</arg>
</arguments>
<status status="PASS" endtime="20160202 10:19:22.841" starttime="20160202 10:19:22.832"></status>
</kw>
<kw type="kw" name="BuiltIn.Log">
<doc>Logs the given message with the given level.</doc>
<arguments>
<arg>NTP is synced</arg>
<arg>console=yes</arg>
</arguments>
<msg timestamp="20160202 10:19:22.852" level="INFO">NTP is synced</msg>
<status status="PASS" endtime="20160202 10:19:22.854" starttime="20160202 10:19:22.846"></status>
</kw>
<status status="PASS" endtime="20160202 10:19:22.858" starttime="20160202 10:19:21.270"></status>
</kw>
<kw type="kw" name="Log The XDR Version">
<doc>Called at suite setup procedure to check if XDR is running and to see which version is there.</doc>
<arguments>
</arguments>
<kw type="kw" name="SSHLibrary.Open Connection">
<doc>Opens a new SSH connection to the given `host` and `port`.</doc>
<arguments>
<arg>${XDR HOST}</arg>
</arguments>
<status status="PASS" endtime="20160202 10:19:22.952" starttime="20160202 10:19:22.905"></status>
</kw>
<kw type="kw" name="${output_login} = SSHLibrary.Login">
<doc>Logs into the SSH server with the given `username` and `password`.</doc>
<arguments>
<arg>${XDR USER}</arg>
<arg>${XDR PWD}</arg>
</arguments>
<msg timestamp="20160202 10:19:22.958" level="INFO">Logging into '10.105.113.171:22' as 'qa_automation'.</msg>
<msg timestamp="20160202 10:19:24.159" level="INFO">Read output: Last login: Tue Feb  2 09:19:21 2016 from 10.105.101.196
[1m[qa_automation@xdr01.tb13 ~]$[m</msg>
<msg timestamp="20160202 10:19:24.162" level="INFO">${output_login} = Last login: Tue Feb  2 09:19:21 2016 from 10.105.101.196
[1m[qa_automation@xdr01.tb13 ~]$[m </msg>
<status status="PASS" endtime="20160202 10:19:24.161" starttime="20160202 10:19:22.955"></status>
</kw>
<kw type="kw" name="BuiltIn.Log">
<doc>Logs the given message with the given level.</doc>
<arguments>
<arg>${output_login}</arg>
</arguments>
<msg timestamp="20160202 10:19:24.167" level="INFO">Last login: Tue Feb  2 09:19:21 2016 from 10.105.101.196
[1m[qa_automation@xdr01.tb13 ~]$[m </msg>
<status status="PASS" endtime="20160202 10:19:24.169" starttime="20160202 10:19:24.165"></status>
</kw>
<kw type="kw" name="${output} = SSHLibrary.Execute Command">
<doc>Executes `command` on the remote machine and returns its outputs.</doc>
<arguments>
<arg>sudo service inew-mvno-xdr status</arg>
</arguments>
<msg timestamp="20160202 10:19:24.173" level="INFO">Executing command 'sudo service inew-mvno-xdr status'.</msg>
<msg timestamp="20160202 10:19:24.553" level="INFO">Command exited with return code 0.</msg>
<msg timestamp="20160202 10:19:24.555" level="INFO">${output} = I-New UMS MVNO - XDR - Server 5.3.1.25016 is running PID: 3345 </msg>
<status status="PASS" endtime="20160202 10:19:24.554" starttime="20160202 10:19:24.171"></status>
</kw>
<kw type="kw" name="BuiltIn.Log">
<doc>Logs the given message with the given level.</doc>
<arguments>
<arg>XDR Version and pid: ${output}</arg>
<arg>console=yes</arg>
</arguments>
<msg timestamp="20160202 10:19:24.561" level="INFO">XDR Version and pid: I-New UMS MVNO - XDR - Server 5.3.1.25016 is running PID: 3345 </msg>
<status status="PASS" endtime="20160202 10:19:24.562" starttime="20160202 10:19:24.557"></status>
</kw>
<kw type="kw" name="BuiltIn.Should Contain">
<doc>Fails if `item1` does not contain `item2` one or more times.</doc>
<arguments>
<arg>${output}</arg>
<arg>is running PID:</arg>
</arguments>
<status status="PASS" endtime="20160202 10:19:24.567" starttime="20160202 10:19:24.564"></status>
</kw>
<kw type="kw" name="SSHLibrary.Close Connection">
<doc>Closes the current connection.</doc>
<arguments>
</arguments>
<status status="PASS" endtime="20160202 10:19:24.574" starttime="20160202 10:19:24.569"></status>
</kw>
<status status="PASS" endtime="20160202 10:19:24.575" starttime="20160202 10:19:22.866"></status>
</kw>
<kw type="kw" name="BuiltIn.Log">
<doc>Logs the given message with the given level.</doc>
<arguments>
<arg>SUT:${SUT_RESOURCE}</arg>
<arg>console=yes</arg>
</arguments>
<msg timestamp="20160202 10:19:24.581" level="INFO">SUT:/opt/robot/robotworkspace/suts/TNZ-resource.txt</msg>
<status status="PASS" endtime="20160202 10:19:24.582" starttime="20160202 10:19:24.578"></status>
</kw>
<kw type="kw" name="BuiltIn.Log">
<doc>Logs the given message with the given level.</doc>
<arguments>
<arg>XDR IP address:${XDR HOST}</arg>
<arg>console=yes</arg>
</arguments>
<msg timestamp="20160202 10:19:24.587" level="INFO">XDR IP address:10.105.113.171</msg>
<status status="PASS" endtime="20160202 10:19:24.588" starttime="20160202 10:19:24.584"></status>
</kw>
<kw type="kw" name="BuiltIn.Log">
<doc>Logs the given message with the given level.</doc>
<arguments>
<arg>Using ${SUT RELEASE TAG PREFIX} tickets</arg>
<arg>console=yes</arg>
</arguments>
<msg timestamp="20160202 10:19:24.593" level="INFO">Using R5.3 tickets</msg>
<status status="PASS" endtime="20160202 10:19:24.594" starttime="20160202 10:19:24.590"></status>
</kw>
<kw type="kw" name="Check AMQ Availability">
<doc>Called at suite setup procedure to check if AMQ is UP</doc>
<arguments>
</arguments>
<kw type="kw" name="SSHLibrary.Open Connection">
<doc>Opens a new SSH connection to the given `host` and `port`.</doc>
<arguments>
<arg>${AMQ-XDR HOST}</arg>
</arguments>
<status status="PASS" endtime="20160202 10:19:24.667" starttime="20160202 10:19:24.611"></status>
</kw>
<kw type="kw" name="${output_login} = SSHLibrary.Login">
<doc>Logs into the SSH server with the given `username` and `password`.</doc>
<arguments>
<arg>${XDR USER}</arg>
<arg>${XDR PWD}</arg>
</arguments>
<msg timestamp="20160202 10:19:24.678" level="INFO">Logging into '10.105.113.124:22' as 'qa_automation'.</msg>
<msg timestamp="20160202 10:19:25.936" level="INFO">Read output: Last login: Tue Feb  2 08:18:59 2016 from 10.105.101.196
id: cannot find name for group ID 20007
[1m[qa_automation@amq02.tb13 ~]$[m</msg>
<msg timestamp="20160202 10:19:25.943" level="INFO">${output_login} = Last login: Tue Feb  2 08:18:59 2016 from 10.105.101.196
id: cannot find name for group ID 20007
[1m[qa_automation@amq02.tb13 ~]$[m </msg>
<status status="PASS" endtime="20160202 10:19:25.940" starttime="20160202 10:19:24.672"></status>
</kw>
<kw type="kw" name="${output} = SSHLibrary.Execute Command">
<doc>Executes `command` on the remote machine and returns its outputs.</doc>
<arguments>
<arg>netstat -an | grep ${AMQ-XDR PORT}</arg>
</arguments>
<msg timestamp="20160202 10:19:25.953" level="INFO">Executing command 'netstat -an | grep 61616'.</msg>
<msg timestamp="20160202 10:19:26.042" level="INFO">Command exited with return code 0.</msg>
<msg timestamp="20160202 10:19:26.045" level="INFO">${output} = tcp        0      0 :::61616                    :::*                        LISTEN      
tcp        0      0 ::ffff:10.105.113.124:61616 ::ffff:10.189.230.161:59028 ESTABLISHED 
tcp        0      0 ::...</msg>
<status status="PASS" endtime="20160202 10:19:26.044" starttime="20160202 10:19:25.947"></status>
</kw>
<kw type="kw" name="BuiltIn.Should Contain">
<doc>Fails if `item1` does not contain `item2` one or more times.</doc>
<arguments>
<arg>${output}</arg>
<arg>LISTEN</arg>
</arguments>
<status status="PASS" endtime="20160202 10:19:26.050" starttime="20160202 10:19:26.047"></status>
</kw>
<kw type="kw" name="BuiltIn.Comment">
<doc>Displays the given messages in the log file as keyword arguments.</doc>
<arguments>
<arg>${output}=</arg>
<arg>Execute Command</arg>
<arg>sudo /etc/init.d/${AMQ-XDR SERVICE SCRIPT NAME} query -QQueue=${AMQ-XDR CRCE CDR QUEUE} | grep ConsumerCount</arg>
</arguments>
<status status="PASS" endtime="20160202 10:19:26.054" starttime="20160202 10:19:26.052"></status>
</kw>
<kw type="kw" name="${output} = SSHLibrary.Execute Command">
<doc>Executes `command` on the remote machine and returns its outputs.</doc>
<arguments>
<arg>sudo /etc/init.d/${AMQ-XDR SERVICE SCRIPT NAME} status</arg>
</arguments>
<msg timestamp="20160202 10:19:26.059" level="INFO">Executing command 'sudo /etc/init.d/amq-xdr-tb13 status'.</msg>
<msg timestamp="20160202 10:19:26.194" level="INFO">Command exited with return code 0.</msg>
<msg timestamp="20160202 10:19:26.196" level="INFO">${output} = INFO: Using default configuration
(you can configure options in one of these file: /etc/default/activemq /root/.activemqrc)

INFO: Invoke the following command to create a configuration file
/etc/init...</msg>
<status status="PASS" endtime="20160202 10:19:26.195" starttime="20160202 10:19:26.056"></status>
</kw>
<kw type="kw" name="BuiltIn.Should Contain">
<doc>Fails if `item1` does not contain `item2` one or more times.</doc>
<arguments>
<arg>${output}</arg>
<arg>ActiveMQ is running</arg>
</arguments>
<status status="PASS" endtime="20160202 10:19:26.201" starttime="20160202 10:19:26.198"></status>
</kw>
<kw type="kw" name="BuiltIn.Comment">
<doc>Displays the given messages in the log file as keyword arguments.</doc>
<arguments>
<arg>${count}=</arg>
<arg>Get Substring</arg>
<arg>${output}</arg>
<arg>16</arg>
</arguments>
<status status="PASS" endtime="20160202 10:19:26.205" starttime="20160202 10:19:26.203"></status>
</kw>
<kw type="kw" name="BuiltIn.Comment">
<doc>Displays the given messages in the log file as keyword arguments.</doc>
<arguments>
<arg>Evaluate</arg>
<arg>0 &lt; ${count}</arg>
</arguments>
<status status="PASS" endtime="20160202 10:19:26.209" starttime="20160202 10:19:26.207"></status>
</kw>
<kw type="kw" name="SSHLibrary.Close Connection">
<doc>Closes the current connection.</doc>
<arguments>
</arguments>
<status status="PASS" endtime="20160202 10:19:26.214" starttime="20160202 10:19:26.211"></status>
</kw>
<status status="PASS" endtime="20160202 10:19:26.216" starttime="20160202 10:19:24.597"></status>
</kw>
<kw type="kw" name="BuiltIn.Log">
<doc>Logs the given message with the given level.</doc>
<arguments>
<arg>AMQ and consumers are UP</arg>
<arg>console=yes</arg>
</arguments>
<msg timestamp="20160202 10:19:26.221" level="INFO">AMQ and consumers are UP</msg>
<status status="PASS" endtime="20160202 10:19:26.222" starttime="20160202 10:19:26.219"></status>
</kw>
<kw type="kw" name="org.robot.database.keywords.DatabaseLibrary.Connect To Database">
<doc></doc>
<arguments>
<arg>org.postgresql.Driver</arg>
<arg>jdbc:postgresql://${XDR DB HOST}:${XDR DB PORT}/${XDR DB NAME}</arg>
<arg>${XDR DB USER}</arg>
<arg>${XDR DB PWD}</arg>
</arguments>
<status status="PASS" endtime="20160202 10:19:26.270" starttime="20160202 10:19:26.224"></status>
</kw>
<kw type="kw" name="CleanDBTable">
<doc>Runs the sql query - deletes only selected rows of the ${table}</doc>
<arguments>
<arg>crce_cdr_2015w08</arg>
<arg>sessionid</arg>
</arguments>
<kw type="kw" name="org.robot.database.keywords.DatabaseLibrary.Execute Sql">
<doc></doc>
<arguments>
<arg>delete from ${table} where ${search_key} like '${UNIQUE_SEARCH_STRING}';</arg>
</arguments>
<status status="PASS" endtime="20160202 10:19:26.396" starttime="20160202 10:19:26.365"></status>
</kw>
<status status="PASS" endtime="20160202 10:19:26.397" starttime="20160202 10:19:26.349"></status>
</kw>
<kw type="kw" name="CleanDBTable">
<doc>Runs the sql query - deletes only selected rows of the ${table}</doc>
<arguments>
<arg>crce_cdr</arg>
<arg>sessionid</arg>
</arguments>
<kw type="kw" name="org.robot.database.keywords.DatabaseLibrary.Execute Sql">
<doc></doc>
<arguments>
<arg>delete from ${table} where ${search_key} like '${UNIQUE_SEARCH_STRING}';</arg>
</arguments>
<status status="PASS" endtime="20160202 10:19:26.644" starttime="20160202 10:19:26.439"></status>
</kw>
<status status="PASS" endtime="20160202 10:19:26.646" starttime="20160202 10:19:26.425"></status>
</kw>
<kw type="kw" name="${JNDI_PROVIDER_URL} = BuiltIn.Set Variable">
<doc>Returns the given values which can then be assigned to a variables.</doc>
<arguments>
<arg>tcp://${AMQ-XDR HOST}:${AMQ-XDR PORT}?jms.useAsyncSend=false</arg>
</arguments>
<msg timestamp="20160202 10:19:26.652" level="INFO">${JNDI_PROVIDER_URL} = tcp://10.105.113.124:61616?jms.useAsyncSend=false</msg>
<status status="PASS" endtime="20160202 10:19:26.651" starttime="20160202 10:19:26.648"></status>
</kw>
<kw type="kw" name="JMSLibrary.Init Provider">
<doc></doc>
<arguments>
<arg>${INITIAL_CONTEXT_FACTORY}</arg>
<arg>${JNDI_PROVIDER_URL}</arg>
<arg>connect=true</arg>
<arg>start=true</arg>
</arguments>
<status status="PASS" endtime="20160202 10:19:27.121" starttime="20160202 10:19:26.654"></status>
</kw>
<status status="PASS" endtime="20160202 10:19:27.124" starttime="20160202 10:19:21.223"></status>
</kw>
<test id="s1-t1" name="Test MOC ticket processing">
<kw type="kw" name="Send Ticket And Analyse">
<doc>General test case skeleton to be executed. Contains all steps for single test case</doc>
<arguments>
<arg>${MOC}</arg>
<arg>MOC</arg>
<arg>crce_cdr_2015w08</arg>
<arg>sessionid</arg>
<arg>OK</arg>
</arguments>
<kw type="kw" name="${ssh_connection} = ssh-support-resource.SSH Login And Start File Monitor">
<doc>Combines 'SSH Login' and 'SSH Start File Monitor' for compacter coding style</doc>
<arguments>
<arg>${XDR USER}</arg>
<arg>${XDR PWD}</arg>
<arg>${EMPTY}</arg>
<arg>${XDR LOG FILE PATH}</arg>
<arg>host=${XDR HOST}</arg>
</arguments>
<kw type="kw" name="${ssh_connection} = ssh-support-resource.SSH Login">
<doc>Does a password or RSA key file based login at the passed SSH connection depending whether or not the passed password is .</doc>
<arguments>
<arg>${user}</arg>
<arg>${pswd}</arg>
<arg>${rsa_key_file}</arg>
<arg>ssh_connection=${ssh_connection}</arg>
<arg>host=${host}</arg>
</arguments>
<kw type="kw" name="SSHLibrary.Set Default Configuration">
<doc>Update the default `configuration`.</doc>
<arguments>
<arg>loglevel=INFO</arg>
</arguments>
<status status="PASS" endtime="20160202 10:19:27.214" starttime="20160202 10:19:27.212"></status>
</kw>
<kw type="kw" name="${ssh_connection} = BuiltIn.Run Keyword If">
<doc>Runs the given keyword with the given arguments, if `condition` is true.</doc>
<arguments>
<arg>'${ssh_connection}'=='${EMPTY}'</arg>
<arg>Open Connection</arg>
<arg>${host}</arg>
<arg>port=22</arg>
<arg>timeout=3</arg>
<arg>prompt=$</arg>
</arguments>
<kw type="kw" name="SSHLibrary.Open Connection">
<doc>Opens a new SSH connection to the given `host` and `port`.</doc>
<arguments>
<arg>${host}</arg>
<arg>port=22</arg>
<arg>timeout=3</arg>
<arg>prompt=$</arg>
</arguments>
<status status="PASS" endtime="20160202 10:19:27.286" starttime="20160202 10:19:27.228"></status>
</kw>
<msg timestamp="20160202 10:19:27.291" level="INFO">${ssh_connection} = 4</msg>
<status status="PASS" endtime="20160202 10:19:27.289" starttime="20160202 10:19:27.215"></status>
</kw>
<kw type="kw" name="BuiltIn.Run Keyword If">
<doc>Runs the given keyword with the given arguments, if `condition` is true.</doc>
<arguments>
<arg>'${pswd}'=='${EMPTY}'</arg>
<arg>Login With Public Key</arg>
<arg>${user}</arg>
<arg>${rsa_key_file}</arg>
<arg>ELSE</arg>
<arg>Login</arg>
<arg>${user}</arg>
<arg>${pswd}</arg>
</arguments>
<kw type="kw" name="SSHLibrary.Login">
<doc>Logs into the SSH server with the given `username` and `password`.</doc>
<arguments>
<arg>${user}</arg>
<arg>${pswd}</arg>
</arguments>
<msg timestamp="20160202 10:19:27.314" level="INFO">Logging into '10.105.113.171:22' as 'qa_automation'.</msg>
<msg timestamp="20160202 10:19:27.712" level="INFO">Read output: Last login: Tue Feb  2 09:19:23 2016 from 10.105.101.196
[1m[qa_automation@xdr01.tb13 ~]$</msg>
<status status="PASS" endtime="20160202 10:19:27.714" starttime="20160202 10:19:27.308"></status>
</kw>
<status status="PASS" endtime="20160202 10:19:27.715" starttime="20160202 10:19:27.294"></status>
</kw>
<msg timestamp="20160202 10:19:27.717" level="INFO">${ssh_connection} = 4</msg>
<status status="PASS" endtime="20160202 10:19:27.716" starttime="20160202 10:19:27.197"></status>
</kw>
<kw type="kw" name="ssh-support-resource.SSH Start File Monitor">
<doc>Executes a 'tail -0f' for the passed file on the passed SSH connection</doc>
<arguments>
<arg>${ssh_connection}</arg>
<arg>${monitored_file_path}</arg>
</arguments>
<kw type="kw" name="SSHLibrary.Switch Connection">
<doc>Switches the active connection by index or alias.</doc>
<arguments>
<arg>${ssh_connection}</arg>
</arguments>
<status status="PASS" endtime="20160202 10:19:27.733" starttime="20160202 10:19:27.731"></status>
</kw>
<kw type="kw" name="SSHLibrary.Start Command">
<doc>Starts execution of the `command` on the remote machine and returns immediately.</doc>
<arguments>
<arg>tail -0f ${monitored_file_path} &gt; tmpfilemonitor${ssh_connection}.log</arg>
</arguments>
<msg timestamp="20160202 10:19:27.737" level="INFO">Starting command 'tail -0f /var/log/inew/xdr/5.3.1/inew-mvno-xdr.log &gt; tmpfilemonitor4.log'.</msg>
<status status="PASS" endtime="20160202 10:19:27.741" starttime="20160202 10:19:27.735"></status>
</kw>
<status status="PASS" endtime="20160202 10:19:27.742" starttime="20160202 10:19:27.720"></status>
</kw>
<msg timestamp="20160202 10:19:27.744" level="INFO">${ssh_connection} = 4</msg>
<status status="PASS" endtime="20160202 10:19:27.743" starttime="20160202 10:19:27.181"></status>
</kw>
<kw type="kw" name="CleanDBTable">
<doc>Runs the sql query - deletes only selected rows of the ${table}</doc>
<arguments>
<arg>${affectedDbTable}</arg>
<arg>${affectedDbTableKeyColumnName}</arg>
</arguments>
<kw type="kw" name="org.robot.database.keywords.DatabaseLibrary.Execute Sql">
<doc></doc>
<arguments>
<arg>delete from ${table} where ${search_key} like '${UNIQUE_SEARCH_STRING}';</arg>
</arguments>
<status status="PASS" endtime="20160202 10:19:27.800" starttime="20160202 10:19:27.792"></status>
</kw>
<status status="PASS" endtime="20160202 10:19:27.801" starttime="20160202 10:19:27.770"></status>
</kw>
<kw type="kw" name="Send Ticket To Queue">
<doc>Keyword using JMSLibrary to send ticket to JMS queue</doc>
<arguments>
<arg>${ticket}</arg>
</arguments>
<kw type="kw" name="JMSLibrary.Create Text Message">
<doc></doc>
<arguments>
<arg>${ticket}</arg>
</arguments>
<status status="PASS" endtime="20160202 10:19:27.821" starttime="20160202 10:19:27.813"></status>
</kw>
<kw type="kw" name="JMSLibrary.Send To Queue">
<doc></doc>
<arguments>
<arg>${AMQ-XDR CRCE CDR QUEUE}</arg>
</arguments>
<status status="PASS" endtime="20160202 10:19:27.833" starttime="20160202 10:19:27.822"></status>
</kw>
<status status="PASS" endtime="20160202 10:19:27.834" starttime="20160202 10:19:27.803"></status>
</kw>
<kw type="kw" name="BuiltIn.Sleep">
<doc>Pauses the test executed for the given time.</doc>
<arguments>
<arg>${XDR PROCESSING TIME MS}</arg>
</arguments>
<msg timestamp="20160202 10:19:37.837" level="INFO">Slept 10 seconds</msg>
<status status="PASS" endtime="20160202 10:19:37.838" starttime="20160202 10:19:27.835"></status>
</kw>
<kw type="kw" name="${tailed_text} = ssh-support-resource.SSH Close File Monitor And Logout">
<doc>Combines 'SSH Close File Monitor' and 'SSH Logout' for compacter coding style</doc>
<arguments>
<arg>${ssh_connection}</arg>
<arg>./log/${logFileSignature}_ssh_tailed.log</arg>
</arguments>
<kw type="kw" name="${tailed_text} = ssh-support-resource.SSH Close File Monitor">
<doc>Closes a file monitor created via 'SSH Start File Monitor' and returns all grabbed text</doc>
<arguments>
<arg>${ssh_connection}</arg>
</arguments>
<kw type="kw" name="SSHLibrary.Switch Connection">
<doc>Switches the active connection by index or alias.</doc>
<arguments>
<arg>${ssh_connection}</arg>
</arguments>
<status status="PASS" endtime="20160202 10:19:37.864" starttime="20160202 10:19:37.861"></status>
</kw>
<kw type="kw" name="${CTRL_C} = BuiltIn.Evaluate">
<doc>Evaluates the given expression in Python and returns the results.</doc>
<arguments>
<arg>chr(int(3))</arg>
</arguments>
<msg timestamp="20160202 10:19:37.869" level="INFO">${CTRL_C} = </msg>
<status status="PASS" endtime="20160202 10:19:37.868" starttime="20160202 10:19:37.865"></status>
</kw>
<kw type="kw" name="SSHLibrary.Write">
<doc>Writes the given `text` on the remote machine and appends a newline.</doc>
<arguments>
<arg>${CTRL_C}</arg>
</arguments>
<msg timestamp="20160202 10:19:37.876" level="INFO">[m ^C</msg>
<status status="PASS" endtime="20160202 10:19:37.877" starttime="20160202 10:19:37.870"></status>
</kw>
<kw type="kw" name="ssh-support-resource.SSH Kill User Processes">
<doc>This is a helper to cleanup zombie processes left by the SSH lib's 'Start Command'</doc>
<arguments>
<arg>${ssh_connection}</arg>
<arg>tail</arg>
</arguments>
<kw type="kw" name="SSHLibrary.Switch Connection">
<doc>Switches the active connection by index or alias.</doc>
<arguments>
<arg>${ssh_connection}</arg>
</arguments>
<status status="PASS" endtime="20160202 10:19:37.890" starttime="20160202 10:19:37.888"></status>
</kw>
<kw type="kw" name="${user} = SSHLibrary.Execute Command">
<doc>Executes `command` on the remote machine and returns its outputs.</doc>
<arguments>
<arg>id -un</arg>
</arguments>
<msg timestamp="20160202 10:19:37.893" level="INFO">Executing command 'id -un'.</msg>
<msg timestamp="20160202 10:19:37.931" level="INFO">Command exited with return code 0.</msg>
<msg timestamp="20160202 10:19:37.933" level="INFO">${user} = qa_automation</msg>
<status status="PASS" endtime="20160202 10:19:37.932" starttime="20160202 10:19:37.892"></status>
</kw>
<kw type="kw" name="BuiltIn.Comment">
<doc>Displays the given messages in the log file as keyword arguments.</doc>
<arguments>
<arg>${processes_string}=</arg>
<arg>Execute Command</arg>
<arg>ps U ${user} --no-heading | grep ${command_name} | grep -v grep</arg>
</arguments>
<status status="PASS" endtime="20160202 10:19:37.937" starttime="20160202 10:19:37.934"></status>
</kw>
<kw type="kw" name="BuiltIn.Comment">
<doc>Displays the given messages in the log file as keyword arguments.</doc>
<arguments>
<arg>Log</arg>
<arg>BEFORE SSH Kill User Processes:</arg>
<arg>console=yes</arg>
</arguments>
<status status="PASS" endtime="20160202 10:19:37.940" starttime="20160202 10:19:37.938"></status>
</kw>
<kw type="kw" name="BuiltIn.Comment">
<doc>Displays the given messages in the log file as keyword arguments.</doc>
<arguments>
<arg>Log</arg>
<arg>${processes_string}</arg>
<arg>console=yes</arg>
</arguments>
<status status="PASS" endtime="20160202 10:19:37.943" starttime="20160202 10:19:37.941"></status>
</kw>
<kw type="kw" name="${stderr}, ${rc} = SSHLibrary.Execute Command">
<doc>Executes `command` on the remote machine and returns its outputs.</doc>
<arguments>
<arg>pkill -9 -u ${user} ${command_name}</arg>
<arg>return_stdout=False</arg>
<arg>return_stderr=True</arg>
<arg>return_rc=True</arg>
</arguments>
<msg timestamp="20160202 10:19:37.948" level="INFO">Executing command 'pkill -9 -u qa_automation tail'.</msg>
<msg timestamp="20160202 10:19:38.011" level="INFO">Command exited with return code 0.</msg>
<msg timestamp="20160202 10:19:38.013" level="INFO">${stderr} = </msg>
<msg timestamp="20160202 10:19:38.014" level="INFO">${rc} = 0</msg>
<status status="PASS" endtime="20160202 10:19:38.012" starttime="20160202 10:19:37.945"></status>
</kw>
<kw type="kw" name="BuiltIn.Run Keyword If">
<doc>Runs the given keyword with the given arguments, if `condition` is true.</doc>
<arguments>
<arg>'${rc}' != '0'</arg>
<arg>Log</arg>
<arg>${stderr}</arg>
<arg>level=WARN</arg>
</arguments>
<status status="PASS" endtime="20160202 10:19:38.020" starttime="20160202 10:19:38.015"></status>
</kw>
<kw type="kw" name="BuiltIn.Comment">
<doc>Displays the given messages in the log file as keyword arguments.</doc>
<arguments>
<arg>***** Old approach with kill:</arg>
<arg>For unknow reasons somtimes still processes stayed in the list an could not be killed even in subsequent executions</arg>
</arguments>
<status status="PASS" endtime="20160202 10:19:38.023" starttime="20160202 10:19:38.021"></status>
</kw>
<kw type="kw" name="BuiltIn.Comment">
<doc>Displays the given messages in the log file as keyword arguments.</doc>
<arguments>
<arg>@{processes_list}=</arg>
<arg>Split String</arg>
<arg>${processes_string}</arg>
<arg>${\n}</arg>
</arguments>
<status status="PASS" endtime="20160202 10:19:38.027" starttime="20160202 10:19:38.024"></status>
</kw>
<kw type="kw" name="BuiltIn.Comment">
<doc>Displays the given messages in the log file as keyword arguments.</doc>
<arguments>
<arg>:FOR</arg>
<arg>${process}</arg>
<arg>IN</arg>
<arg>@{processes_list}</arg>
</arguments>
<status status="PASS" endtime="20160202 10:19:38.030" starttime="20160202 10:19:38.028"></status>
</kw>
<kw type="kw" name="BuiltIn.Comment">
<doc>Displays the given messages in the log file as keyword arguments.</doc>
<arguments>
<arg></arg>
<arg>Log</arg>
<arg>SSH Kill User Processes is killing: ${process}</arg>
<arg>console=yes</arg>
</arguments>
<status status="PASS" endtime="20160202 10:19:38.034" starttime="20160202 10:19:38.032"></status>
</kw>
<kw type="kw" name="BuiltIn.Comment">
<doc>Displays the given messages in the log file as keyword arguments.</doc>
<arguments>
<arg></arg>
<arg>${pid}=</arg>
<arg>Fetch From Left</arg>
<arg>${process}</arg>
<arg>${SPACE}</arg>
</arguments>
<status status="PASS" endtime="20160202 10:19:38.037" starttime="20160202 10:19:38.035"></status>
</kw>
<kw type="kw" name="BuiltIn.Comment">
<doc>Displays the given messages in the log file as keyword arguments.</doc>
<arguments>
<arg></arg>
<arg>${stderr}</arg>
<arg>${rc}=</arg>
<arg>Execute Command</arg>
<arg>sudo kill -9 ${pid}</arg>
<arg>return_stdout=False</arg>
<arg>return_stderr=True</arg>
<arg>return_rc=True</arg>
</arguments>
<status status="PASS" endtime="20160202 10:19:38.042" starttime="20160202 10:19:38.039"></status>
</kw>
<kw type="kw" name="BuiltIn.Comment">
<doc>Displays the given messages in the log file as keyword arguments.</doc>
<arguments>
<arg></arg>
<arg>Run Keyword If</arg>
<arg>'${rc}' != '0'</arg>
<arg>Log</arg>
<arg>${stderr}</arg>
<arg>level=WARN</arg>
</arguments>
<status status="PASS" endtime="20160202 10:19:38.045" starttime="20160202 10:19:38.043"></status>
</kw>
<kw type="kw" name="BuiltIn.Comment">
<doc>Displays the given messages in the log file as keyword arguments.</doc>
<arguments>
<arg>${processes_string}=</arg>
<arg>Execute Command</arg>
<arg>ps U ${user} --no-heading | grep ${command_name} | grep -v grep</arg>
</arguments>
<status status="PASS" endtime="20160202 10:19:38.049" starttime="20160202 10:19:38.047"></status>
</kw>
<kw type="kw" name="BuiltIn.Comment">
<doc>Displays the given messages in the log file as keyword arguments.</doc>
<arguments>
<arg>Log</arg>
<arg>AFTER SSH Kill User Processes:</arg>
<arg>console=yes</arg>
</arguments>
<status status="PASS" endtime="20160202 10:19:38.052" starttime="20160202 10:19:38.050"></status>
</kw>
<kw type="kw" name="BuiltIn.Comment">
<doc>Displays the given messages in the log file as keyword arguments.</doc>
<arguments>
<arg>Log</arg>
<arg>${processes_string}</arg>
<arg>console=yes</arg>
</arguments>
<status status="PASS" endtime="20160202 10:19:38.056" starttime="20160202 10:19:38.053"></status>
</kw>
<status status="PASS" endtime="20160202 10:19:38.057" starttime="20160202 10:19:37.879"></status>
</kw>
<kw type="kw" name="SSHLibrary.Start Command">
<doc>Starts execution of the `command` on the remote machine and returns immediately.</doc>
<arguments>
<arg>cat tmpfilemonitor${ssh_connection}.log</arg>
</arguments>
<msg timestamp="20160202 10:19:38.061" level="INFO">Starting command 'cat tmpfilemonitor4.log'.</msg>
<status status="PASS" endtime="20160202 10:19:38.066" starttime="20160202 10:19:38.059"></status>
</kw>
<kw type="kw" name="${stdout_string} = SSHLibrary.Read Command Output">
<doc>Returns outputs of the most recent started command.</doc>
<arguments>
</arguments>
<msg timestamp="20160202 10:19:38.072" level="INFO">Reading output of command 'cat tmpfilemonitor4.log'.</msg>
<msg timestamp="20160202 10:19:38.100" level="INFO">Command exited with return code 0.</msg>
<msg timestamp="20160202 10:19:38.101" level="INFO">${stdout_string} = [2016-02-02 09:19:27,832][INFO ][Camel (ticket-router) thread #46 - JmsConsumer[inew-cs.crce.cdr]][PartitionedTicketRoute                            ][  96] Received ticket [ticket=5.3|101|true|1|CRCE...</msg>
<status status="PASS" endtime="20160202 10:19:38.101" starttime="20160202 10:19:38.069"></status>
</kw>
<kw type="kw" name="SSHLibrary.Execute Command">
<doc>Executes `command` on the remote machine and returns its outputs.</doc>
<arguments>
<arg>rm tmpfilemonitor${ssh_connection}.log</arg>
</arguments>
<msg timestamp="20160202 10:19:38.105" level="INFO">Executing command 'rm tmpfilemonitor4.log'.</msg>
<msg timestamp="20160202 10:19:38.177" level="INFO">Command exited with return code 0.</msg>
<status status="PASS" endtime="20160202 10:19:38.178" starttime="20160202 10:19:38.103"></status>
</kw>
<msg timestamp="20160202 10:19:38.181" level="INFO">${tailed_text} = [2016-02-02 09:19:27,832][INFO ][Camel (ticket-router) thread #46 - JmsConsumer[inew-cs.crce.cdr]][PartitionedTicketRoute                            ][  96] Received ticket [ticket=5.3|101|true|1|CRCE...</msg>
<status status="PASS" endtime="20160202 10:19:38.180" starttime="20160202 10:19:37.852"></status>
</kw>
<kw type="kw" name="BuiltIn.Run Keyword Unless">
<doc>Runs the given keyword with the given arguments, if `condition` is false.</doc>
<arguments>
<arg>'${store_to_file_path}'=='${EMPTY}'</arg>
<arg>Create File</arg>
<arg>${store_to_file_path}</arg>
<arg>${tailed_text}</arg>
</arguments>
<kw type="kw" name="OperatingSystem.Create File">
<doc>Creates a file with the given content and encoding.</doc>
<arguments>
<arg>${store_to_file_path}</arg>
<arg>${tailed_text}</arg>
</arguments>
<msg timestamp="20160202 10:19:38.192" html="yes" level="INFO">Created file '&lt;a href="file:///opt/robot/robotworkspace/robot_testsuites/xdr/XDR-ticket-verification/log/MOC_ssh_tailed.log"&gt;/opt/robot/robotworkspace/robot_testsuites/xdr/XDR-ticket-verification/log/MOC_ssh_tailed.log&lt;/a&gt;'</msg>
<status status="PASS" endtime="20160202 10:19:38.193" starttime="20160202 10:19:38.189"></status>
</kw>
<status status="PASS" endtime="20160202 10:19:38.194" starttime="20160202 10:19:38.183"></status>
</kw>
<kw type="kw" name="ssh-support-resource.SSH Logout">
<doc>Closes the passed SSH connection</doc>
<arguments>
<arg>${ssh_connection}</arg>
</arguments>
<kw type="kw" name="SSHLibrary.Switch Connection">
<doc>Switches the active connection by index or alias.</doc>
<arguments>
<arg>${ssh_connection}</arg>
</arguments>
<status status="PASS" endtime="20160202 10:19:38.208" starttime="20160202 10:19:38.206"></status>
</kw>
<kw type="kw" name="SSHLibrary.Close Connection">
<doc>Closes the current connection.</doc>
<arguments>
</arguments>
<status status="PASS" endtime="20160202 10:19:38.211" starttime="20160202 10:19:38.209"></status>
</kw>
<status status="PASS" endtime="20160202 10:19:38.213" starttime="20160202 10:19:38.196"></status>
</kw>
<msg timestamp="20160202 10:19:38.217" level="INFO">${tailed_text} = [2016-02-02 09:19:27,832][INFO ][Camel (ticket-router) thread #46 - JmsConsumer[inew-cs.crce.cdr]][PartitionedTicketRoute                            ][  96] Received ticket [ticket=5.3|101|true|1|CRCE...</msg>
<status status="PASS" endtime="20160202 10:19:38.216" starttime="20160202 10:19:37.841"></status>
</kw>
<kw type="kw" name="AnalyseDBTable">
<doc>Look into the ${table} and check if entry exists. Entry is searched by sessionid that has to contain "ticket_signature" and XdrComponentTest string</doc>
<arguments>
<arg>${affectedDbTable}</arg>
<arg>${affectedDbTableKeyColumnName}</arg>
<arg>${test_case_type}</arg>
<arg>${logFileSignature}</arg>
</arguments>
<kw type="kw" name="@{queryRows} = dblib_support-resource.DBLIB Query">
<doc>this helper executes the passed select statement and returns the result as a list.</doc>
<arguments>
<arg>select * from ${table} where ${search_key} like '${test_sig}${UNIQUE_SEARCH_STRING}';</arg>
</arguments>
<kw type="kw" name="BuiltIn.Comment">
<doc>Displays the given messages in the log file as keyword arguments.</doc>
<arguments>
<arg>***** Execute Query *****</arg>
</arguments>
<status status="PASS" endtime="20160202 10:19:38.267" starttime="20160202 10:19:38.265"></status>
</kw>
<kw type="kw" name="org.robot.database.keywords.DatabaseLibrary.Store Query Result To File">
<doc></doc>
<arguments>
<arg>${selectStatement}</arg>
<arg>${TMP_QUERY_RESULT_FILE}</arg>
</arguments>
<status status="PASS" endtime="20160202 10:19:38.285" starttime="20160202 10:19:38.268"></status>
</kw>
<kw type="kw" name="BuiltIn.Comment">
<doc>Displays the given messages in the log file as keyword arguments.</doc>
<arguments>
<arg>***** Load Result from file</arg>
</arguments>
<status status="PASS" endtime="20160202 10:19:38.288" starttime="20160202 10:19:38.286"></status>
</kw>
<kw type="kw" name="${queryResultSetLines} = OperatingSystem.Get File">
<doc>Returns the contents of a specified file.</doc>
<arguments>
<arg>${TMP_QUERY_RESULT_FILE}</arg>
</arguments>
<msg timestamp="20160202 10:19:38.291" html="yes" level="INFO">Getting file '&lt;a href="file:///opt/robot/robotworkspace/robot_testsuites/xdr/XDR-ticket-verification/tmp_query_result.txt"&gt;/opt/robot/robotworkspace/robot_testsuites/xdr/XDR-ticket-verification/tmp_query_result.txt&lt;/a&gt;'</msg>
<msg timestamp="20160202 10:19:38.293" level="INFO">${queryResultSetLines} = 1008736|5.3|101|t|1|CRCE|CDR|crce01.tb13|2015-02-23 11:06:11.236+00|2015-02-22 09:15:50.025+00|MOC123456XdrComponentTest|1|1|27800|642041999740|PREPAID|OK|null|ACTIVE|null|0|NONE|1.2|Charge|BasicSessi...</msg>
<status status="PASS" endtime="20160202 10:19:38.293" starttime="20160202 10:19:38.289"></status>
</kw>
<kw type="kw" name="BuiltIn.Comment">
<doc>Displays the given messages in the log file as keyword arguments.</doc>
<arguments>
<arg>***** Transform single string result into list of lines *****</arg>
</arguments>
<status status="PASS" endtime="20160202 10:19:38.296" starttime="20160202 10:19:38.295"></status>
</kw>
<kw type="kw" name="@{queryResultSet} = String.Split To Lines">
<doc>Converts the `string` into a list of lines.</doc>
<arguments>
<arg>${queryResultSetLines}</arg>
</arguments>
<msg timestamp="20160202 10:19:38.300" level="INFO">1 lines returned</msg>
<msg timestamp="20160202 10:19:38.301" level="INFO">@{queryResultSet} = [ 1008736|5.3|101|t|1|CRCE|CDR|crce01.tb13|2015-02-23 11:06:11.236+00|2015-02-22 09:15:50.025+00|MOC123456XdrComponentTest|1|1|27800|642041999740|PREPAID|OK|null|ACTIVE|null|0|NONE|1.2|Charge|BasicSes...</msg>
<status status="PASS" endtime="20160202 10:19:38.300" starttime="20160202 10:19:38.297"></status>
</kw>
<msg timestamp="20160202 10:19:38.303" level="INFO">@{queryRows} = [ 1008736|5.3|101|t|1|CRCE|CDR|crce01.tb13|2015-02-23 11:06:11.236+00|2015-02-22 09:15:50.025+00|MOC123456XdrComponentTest|1|1|27800|642041999740|PREPAID|OK|null|ACTIVE|null|0|NONE|1.2|Charge|BasicSes...</msg>
<status status="PASS" endtime="20160202 10:19:38.303" starttime="20160202 10:19:38.255"></status>
</kw>
<kw type="kw" name="${length} = BuiltIn.Get Length">
<doc>Returns and logs the length of the given item.</doc>
<arguments>
<arg>${queryRows}</arg>
</arguments>
<msg timestamp="20160202 10:19:38.307" level="INFO">Length is 1</msg>
<msg timestamp="20160202 10:19:38.308" level="INFO">${length} = 1</msg>
<status status="PASS" endtime="20160202 10:19:38.308" starttime="20160202 10:19:38.305"></status>
</kw>
<kw type="kw" name="${length_s} = BuiltIn.Convert To String">
<doc>Converts the given item to a Unicode string.</doc>
<arguments>
<arg>${length}</arg>
</arguments>
<msg timestamp="20160202 10:19:38.312" level="INFO">Argument types are:
&lt;type 'int'&gt;</msg>
<msg timestamp="20160202 10:19:38.313" level="INFO">${length_s} = 1</msg>
<status status="PASS" endtime="20160202 10:19:38.312" starttime="20160202 10:19:38.310"></status>
</kw>
<kw type="kw" name="BuiltIn.Run Keyword If">
<doc>Runs the given keyword with the given arguments, if `condition` is true.</doc>
<arguments>
<arg>'${test_type}' == 'OK'</arg>
<arg>Should Be Equal</arg>
<arg>${length_s}</arg>
<arg>1</arg>
<arg>msg=DB check failed</arg>
</arguments>
<kw type="kw" name="BuiltIn.Should Be Equal">
<doc>Fails if the given objects are unequal.</doc>
<arguments>
<arg>${length_s}</arg>
<arg>1</arg>
<arg>msg=DB check failed</arg>
</arguments>
<msg timestamp="20160202 10:19:38.384" level="INFO">Argument types are:
&lt;type 'unicode'&gt;
&lt;type 'unicode'&gt;</msg>
<status status="PASS" endtime="20160202 10:19:38.386" starttime="20160202 10:19:38.377"></status>
</kw>
<status status="PASS" endtime="20160202 10:19:38.389" starttime="20160202 10:19:38.314"></status>
</kw>
<kw type="kw" name="BuiltIn.Run Keyword If">
<doc>Runs the given keyword with the given arguments, if `condition` is true.</doc>
<arguments>
<arg>'${test_type}' == 'NOK'</arg>
<arg>Should Be Equal</arg>
<arg>${length_s}</arg>
<arg>0</arg>
<arg>msg=DB check failed</arg>
</arguments>
<status status="PASS" endtime="20160202 10:19:38.403" starttime="20160202 10:19:38.393"></status>
</kw>
<status status="PASS" endtime="20160202 10:19:38.405" starttime="20160202 10:19:38.244"></status>
</kw>
<kw type="kw" name="BuiltIn.Run Keyword If">
<doc>Runs the given keyword with the given arguments, if `condition` is true.</doc>
<arguments>
<arg>'${SUT RELEASE TAG PREFIX}'=='R5.3'</arg>
<arg>Check log</arg>
<arg>${tailed_text}</arg>
<arg>${test_case_type}</arg>
<arg>${ticket}</arg>
</arguments>
<kw type="kw" name="Check log">
<doc>Checks the tailed log file created on XDR.</doc>
<arguments>
<arg>${tailed_text}</arg>
<arg>${test_case_type}</arg>
<arg>${ticket}</arg>
</arguments>
<kw type="kw" name="BuiltIn.Run Keyword If">
<doc>Runs the given keyword with the given arguments, if `condition` is true.</doc>
<arguments>
<arg>'${test_type}' == 'OK'</arg>
<arg>Should Contain</arg>
<arg>${log_text}</arg>
<arg>Ticket successfully routed [ticket=${ticket}</arg>
<arg>msg='Ticket successfully routed...' not found in XDR log</arg>
</arguments>
<kw type="kw" name="BuiltIn.Should Contain">
<doc>Fails if `item1` does not contain `item2` one or more times.</doc>
<arguments>
<arg>${log_text}</arg>
<arg>Ticket successfully routed [ticket=${ticket}</arg>
<arg>msg='Ticket successfully routed...' not found in XDR log</arg>
</arguments>
<status status="PASS" endtime="20160202 10:19:38.459" starttime="20160202 10:19:38.453"></status>
</kw>
<status status="PASS" endtime="20160202 10:19:38.462" starttime="20160202 10:19:38.442"></status>
</kw>
<kw type="kw" name="BuiltIn.Run Keyword If">
<doc>Runs the given keyword with the given arguments, if `condition` is true.</doc>
<arguments>
<arg>'${test_type}' == 'NOK'</arg>
<arg>Should Not Contain</arg>
<arg>${log_text}</arg>
<arg>Ticket successfully routed [ticket=${ticket}</arg>
<arg>msg='Ticket successfully routed' unexpectedly found in XDR log</arg>
</arguments>
<status status="PASS" endtime="20160202 10:19:38.474" starttime="20160202 10:19:38.464"></status>
</kw>
<status status="PASS" endtime="20160202 10:19:38.476" starttime="20160202 10:19:38.420"></status>
</kw>
<status status="PASS" endtime="20160202 10:19:38.479" starttime="20160202 10:19:38.407"></status>
</kw>
<status status="PASS" endtime="20160202 10:19:38.481" starttime="20160202 10:19:27.148"></status>
</kw>
<doc>Send the MOC XDR ticket and analyse results. It is expected that ticket is processed without errors and database row is added in corresponding table. Test is PASSing when this conditions are fulfilled. 

=========================================================</doc>
<tags>
<tag>ComponentTest</tag>
<tag>matko.sanseovic</tag>
<tag>MTEL_supported</tag>
<tag>MVNA_MEX_supported</tag>
<tag>SMARTSPACE_supported</tag>
<tag>TNZ_supported</tag>
<tag>VIRGIN_COLUMBIA_supported</tag>
<tag>XDR_only</tag>
</tags>
<status status="PASS" critical="yes" endtime="20160202 10:19:38.485" starttime="20160202 10:19:27.126"></status>
</test>
<test id="s1-t2" name="Test SMS ticket processing">
<kw type="kw" name="Send Ticket And Analyse">
<doc>General test case skeleton to be executed. Contains all steps for single test case</doc>
<arguments>
<arg>${SMS}</arg>
<arg>SMS</arg>
<arg>crce_cdr_2015w08</arg>
<arg>sessionid</arg>
<arg>OK</arg>
</arguments>
<kw type="kw" name="${ssh_connection} = ssh-support-resource.SSH Login And Start File Monitor">
<doc>Combines 'SSH Login' and 'SSH Start File Monitor' for compacter coding style</doc>
<arguments>
<arg>${XDR USER}</arg>
<arg>${XDR PWD}</arg>
<arg>${EMPTY}</arg>
<arg>${XDR LOG FILE PATH}</arg>
<arg>host=${XDR HOST}</arg>
</arguments>
<kw type="kw" name="${ssh_connection} = ssh-support-resource.SSH Login">
<doc>Does a password or RSA key file based login at the passed SSH connection depending whether or not the passed password is .</doc>
<arguments>
<arg>${user}</arg>
<arg>${pswd}</arg>
<arg>${rsa_key_file}</arg>
<arg>ssh_connection=${ssh_connection}</arg>
<arg>host=${host}</arg>
</arguments>
<kw type="kw" name="SSHLibrary.Set Default Configuration">
<doc>Update the default `configuration`.</doc>
<arguments>
<arg>loglevel=INFO</arg>
</arguments>
<status status="PASS" endtime="20160202 10:19:38.611" starttime="20160202 10:19:38.608"></status>
</kw>
<kw type="kw" name="${ssh_connection} = BuiltIn.Run Keyword If">
<doc>Runs the given keyword with the given arguments, if `condition` is true.</doc>
<arguments>
<arg>'${ssh_connection}'=='${EMPTY}'</arg>
<arg>Open Connection</arg>
<arg>${host}</arg>
<arg>port=22</arg>
<arg>timeout=3</arg>
<arg>prompt=$</arg>
</arguments>
<kw type="kw" name="SSHLibrary.Open Connection">
<doc>Opens a new SSH connection to the given `host` and `port`.</doc>
<arguments>
<arg>${host}</arg>
<arg>port=22</arg>
<arg>timeout=3</arg>
<arg>prompt=$</arg>
</arguments>
<status status="PASS" endtime="20160202 10:19:38.670" starttime="20160202 10:19:38.623"></status>
</kw>
<msg timestamp="20160202 10:19:38.672" level="INFO">${ssh_connection} = 5</msg>
<status status="PASS" endtime="20160202 10:19:38.671" starttime="20160202 10:19:38.614"></status>
</kw>
<kw type="kw" name="BuiltIn.Run Keyword If">
<doc>Runs the given keyword with the given arguments, if `condition` is true.</doc>
<arguments>
<arg>'${pswd}'=='${EMPTY}'</arg>
<arg>Login With Public Key</arg>
<arg>${user}</arg>
<arg>${rsa_key_file}</arg>
<arg>ELSE</arg>
<arg>Login</arg>
<arg>${user}</arg>
<arg>${pswd}</arg>
</arguments>
<kw type="kw" name="SSHLibrary.Login">
<doc>Logs into the SSH server with the given `username` and `password`.</doc>
<arguments>
<arg>${user}</arg>
<arg>${pswd}</arg>
</arguments>
<msg timestamp="20160202 10:19:38.681" level="INFO">Logging into '10.105.113.171:22' as 'qa_automation'.</msg>
<msg timestamp="20160202 10:19:39.066" level="INFO">Read output: Last login: Tue Feb  2 09:19:27 2016 from 10.105.101.196
[1m[qa_automation@xdr01.tb13 ~]$</msg>
<status status="PASS" endtime="20160202 10:19:39.067" starttime="20160202 10:19:38.679"></status>
</kw>
<status status="PASS" endtime="20160202 10:19:39.068" starttime="20160202 10:19:38.673"></status>
</kw>
<msg timestamp="20160202 10:19:39.071" level="INFO">${ssh_connection} = 5</msg>
<status status="PASS" endtime="20160202 10:19:39.070" starttime="20160202 10:19:38.588"></status>
</kw>
<kw type="kw" name="ssh-support-resource.SSH Start File Monitor">
<doc>Executes a 'tail -0f' for the passed file on the passed SSH connection</doc>
<arguments>
<arg>${ssh_connection}</arg>
<arg>${monitored_file_path}</arg>
</arguments>
<kw type="kw" name="SSHLibrary.Switch Connection">
<doc>Switches the active connection by index or alias.</doc>
<arguments>
<arg>${ssh_connection}</arg>
</arguments>
<status status="PASS" endtime="20160202 10:19:39.084" starttime="20160202 10:19:39.082"></status>
</kw>
<kw type="kw" name="SSHLibrary.Start Command">
<doc>Starts execution of the `command` on the remote machine and returns immediately.</doc>
<arguments>
<arg>tail -0f ${monitored_file_path} &gt; tmpfilemonitor${ssh_connection}.log</arg>
</arguments>
<msg timestamp="20160202 10:19:39.087" level="INFO">Starting command 'tail -0f /var/log/inew/xdr/5.3.1/inew-mvno-xdr.log &gt; tmpfilemonitor5.log'.</msg>
<status status="PASS" endtime="20160202 10:19:39.091" starttime="20160202 10:19:39.085"></status>
</kw>
<status status="PASS" endtime="20160202 10:19:39.092" starttime="20160202 10:19:39.074"></status>
</kw>
<msg timestamp="20160202 10:19:39.094" level="INFO">${ssh_connection} = 5</msg>
<status status="PASS" endtime="20160202 10:19:39.093" starttime="20160202 10:19:38.565"></status>
</kw>
<kw type="kw" name="CleanDBTable">
<doc>Runs the sql query - deletes only selected rows of the ${table}</doc>
<arguments>
<arg>${affectedDbTable}</arg>
<arg>${affectedDbTableKeyColumnName}</arg>
</arguments>
<kw type="kw" name="org.robot.database.keywords.DatabaseLibrary.Execute Sql">
<doc></doc>
<arguments>
<arg>delete from ${table} where ${search_key} like '${UNIQUE_SEARCH_STRING}';</arg>
</arguments>
<status status="PASS" endtime="20160202 10:19:39.123" starttime="20160202 10:19:39.118"></status>
</kw>
<status status="PASS" endtime="20160202 10:19:39.124" starttime="20160202 10:19:39.110"></status>
</kw>
<kw type="kw" name="Send Ticket To Queue">
<doc>Keyword using JMSLibrary to send ticket to JMS queue</doc>
<arguments>
<arg>${ticket}</arg>
</arguments>
<kw type="kw" name="JMSLibrary.Create Text Message">
<doc></doc>
<arguments>
<arg>${ticket}</arg>
</arguments>
<status status="PASS" endtime="20160202 10:19:39.134" starttime="20160202 10:19:39.132"></status>
</kw>
<kw type="kw" name="JMSLibrary.Send To Queue">
<doc></doc>
<arguments>
<arg>${AMQ-XDR CRCE CDR QUEUE}</arg>
</arguments>
<status status="PASS" endtime="20160202 10:19:39.143" starttime="20160202 10:19:39.135"></status>
</kw>
<status status="PASS" endtime="20160202 10:19:39.144" starttime="20160202 10:19:39.125"></status>
</kw>
<kw type="kw" name="BuiltIn.Sleep">
<doc>Pauses the test executed for the given time.</doc>
<arguments>
<arg>${XDR PROCESSING TIME MS}</arg>
</arguments>
<msg timestamp="20160202 10:19:49.147" level="INFO">Slept 10 seconds</msg>
<status status="PASS" endtime="20160202 10:19:49.149" starttime="20160202 10:19:39.145"></status>
</kw>
<kw type="kw" name="${tailed_text} = ssh-support-resource.SSH Close File Monitor And Logout">
<doc>Combines 'SSH Close File Monitor' and 'SSH Logout' for compacter coding style</doc>
<arguments>
<arg>${ssh_connection}</arg>
<arg>./log/${logFileSignature}_ssh_tailed.log</arg>
</arguments>
<kw type="kw" name="${tailed_text} = ssh-support-resource.SSH Close File Monitor">
<doc>Closes a file monitor created via 'SSH Start File Monitor' and returns all grabbed text</doc>
<arguments>
<arg>${ssh_connection}</arg>
</arguments>
<kw type="kw" name="SSHLibrary.Switch Connection">
<doc>Switches the active connection by index or alias.</doc>
<arguments>
<arg>${ssh_connection}</arg>
</arguments>
<status status="PASS" endtime="20160202 10:19:49.169" starttime="20160202 10:19:49.167"></status>
</kw>
<kw type="kw" name="${CTRL_C} = BuiltIn.Evaluate">
<doc>Evaluates the given expression in Python and returns the results.</doc>
<arguments>
<arg>chr(int(3))</arg>
</arguments>
<msg timestamp="20160202 10:19:49.174" level="INFO">${CTRL_C} = </msg>
<status status="PASS" endtime="20160202 10:19:49.174" starttime="20160202 10:19:49.170"></status>
</kw>
<kw type="kw" name="SSHLibrary.Write">
<doc>Writes the given `text` on the remote machine and appends a newline.</doc>
<arguments>
<arg>${CTRL_C}</arg>
</arguments>
<msg timestamp="20160202 10:19:49.180" level="INFO">[m ^C</msg>
<status status="PASS" endtime="20160202 10:19:49.181" starttime="20160202 10:19:49.175"></status>
</kw>
<kw type="kw" name="ssh-support-resource.SSH Kill User Processes">
<doc>This is a helper to cleanup zombie processes left by the SSH lib's 'Start Command'</doc>
<arguments>
<arg>${ssh_connection}</arg>
<arg>tail</arg>
</arguments>
<kw type="kw" name="SSHLibrary.Switch Connection">
<doc>Switches the active connection by index or alias.</doc>
<arguments>
<arg>${ssh_connection}</arg>
</arguments>
<status status="PASS" endtime="20160202 10:19:49.191" starttime="20160202 10:19:49.189"></status>
</kw>
<kw type="kw" name="${user} = SSHLibrary.Execute Command">
<doc>Executes `command` on the remote machine and returns its outputs.</doc>
<arguments>
<arg>id -un</arg>
</arguments>
<msg timestamp="20160202 10:19:49.194" level="INFO">Executing command 'id -un'.</msg>
<msg timestamp="20160202 10:19:49.239" level="INFO">Command exited with return code 0.</msg>
<msg timestamp="20160202 10:19:49.241" level="INFO">${user} = qa_automation</msg>
<status status="PASS" endtime="20160202 10:19:49.240" starttime="20160202 10:19:49.192"></status>
</kw>
<kw type="kw" name="BuiltIn.Comment">
<doc>Displays the given messages in the log file as keyword arguments.</doc>
<arguments>
<arg>${processes_string}=</arg>
<arg>Execute Command</arg>
<arg>ps U ${user} --no-heading | grep ${command_name} | grep -v grep</arg>
</arguments>
<status status="PASS" endtime="20160202 10:19:49.244" starttime="20160202 10:19:49.242"></status>
</kw>
<kw type="kw" name="BuiltIn.Comment">
<doc>Displays the given messages in the log file as keyword arguments.</doc>
<arguments>
<arg>Log</arg>
<arg>BEFORE SSH Kill User Processes:</arg>
<arg>console=yes</arg>
</arguments>
<status status="PASS" endtime="20160202 10:19:49.247" starttime="20160202 10:19:49.245"></status>
</kw>
<kw type="kw" name="BuiltIn.Comment">
<doc>Displays the given messages in the log file as keyword arguments.</doc>
<arguments>
<arg>Log</arg>
<arg>${processes_string}</arg>
<arg>console=yes</arg>
</arguments>
<status status="PASS" endtime="20160202 10:19:49.250" starttime="20160202 10:19:49.248"></status>
</kw>
<kw type="kw" name="${stderr}, ${rc} = SSHLibrary.Execute Command">
<doc>Executes `command` on the remote machine and returns its outputs.</doc>
<arguments>
<arg>pkill -9 -u ${user} ${command_name}</arg>
<arg>return_stdout=False</arg>
<arg>return_stderr=True</arg>
<arg>return_rc=True</arg>
</arguments>
<msg timestamp="20160202 10:19:49.253" level="INFO">Executing command 'pkill -9 -u qa_automation tail'.</msg>
<msg timestamp="20160202 10:19:49.318" level="INFO">Command exited with return code 0.</msg>
<msg timestamp="20160202 10:19:49.319" level="INFO">${stderr} = </msg>
<msg timestamp="20160202 10:19:49.320" level="INFO">${rc} = 0</msg>
<status status="PASS" endtime="20160202 10:19:49.319" starttime="20160202 10:19:49.251"></status>
</kw>
<kw type="kw" name="BuiltIn.Run Keyword If">
<doc>Runs the given keyword with the given arguments, if `condition` is true.</doc>
<arguments>
<arg>'${rc}' != '0'</arg>
<arg>Log</arg>
<arg>${stderr}</arg>
<arg>level=WARN</arg>
</arguments>
<status status="PASS" endtime="20160202 10:19:49.325" starttime="20160202 10:19:49.321"></status>
</kw>
<kw type="kw" name="BuiltIn.Comment">
<doc>Displays the given messages in the log file as keyword arguments.</doc>
<arguments>
<arg>***** Old approach with kill:</arg>
<arg>For unknow reasons somtimes still processes stayed in the list an could not be killed even in subsequent executions</arg>
</arguments>
<status status="PASS" endtime="20160202 10:19:49.328" starttime="20160202 10:19:49.326"></status>
</kw>
<kw type="kw" name="BuiltIn.Comment">
<doc>Displays the given messages in the log file as keyword arguments.</doc>
<arguments>
<arg>@{processes_list}=</arg>
<arg>Split String</arg>
<arg>${processes_string}</arg>
<arg>${\n}</arg>
</arguments>
<status status="PASS" endtime="20160202 10:19:49.331" starttime="20160202 10:19:49.329"></status>
</kw>
<kw type="kw" name="BuiltIn.Comment">
<doc>Displays the given messages in the log file as keyword arguments.</doc>
<arguments>
<arg>:FOR</arg>
<arg>${process}</arg>
<arg>IN</arg>
<arg>@{processes_list}</arg>
</arguments>
<status status="PASS" endtime="20160202 10:19:49.334" starttime="20160202 10:19:49.332"></status>
</kw>
<kw type="kw" name="BuiltIn.Comment">
<doc>Displays the given messages in the log file as keyword arguments.</doc>
<arguments>
<arg></arg>
<arg>Log</arg>
<arg>SSH Kill User Processes is killing: ${process}</arg>
<arg>console=yes</arg>
</arguments>
<status status="PASS" endtime="20160202 10:19:49.337" starttime="20160202 10:19:49.335"></status>
</kw>
<kw type="kw" name="BuiltIn.Comment">
<doc>Displays the given messages in the log file as keyword arguments.</doc>
<arguments>
<arg></arg>
<arg>${pid}=</arg>
<arg>Fetch From Left</arg>
<arg>${process}</arg>
<arg>${SPACE}</arg>
</arguments>
<status status="PASS" endtime="20160202 10:19:49.340" starttime="20160202 10:19:49.338"></status>
</kw>
<kw type="kw" name="BuiltIn.Comment">
<doc>Displays the given messages in the log file as keyword arguments.</doc>
<arguments>
<arg></arg>
<arg>${stderr}</arg>
<arg>${rc}=</arg>
<arg>Execute Command</arg>
<arg>sudo kill -9 ${pid}</arg>
<arg>return_stdout=False</arg>
<arg>return_stderr=True</arg>
<arg>return_rc=True</arg>
</arguments>
<status status="PASS" endtime="20160202 10:19:49.344" starttime="20160202 10:19:49.341"></status>
</kw>
<kw type="kw" name="BuiltIn.Comment">
<doc>Displays the given messages in the log file as keyword arguments.</doc>
<arguments>
<arg></arg>
<arg>Run Keyword If</arg>
<arg>'${rc}' != '0'</arg>
<arg>Log</arg>
<arg>${stderr}</arg>
<arg>level=WARN</arg>
</arguments>
<status status="PASS" endtime="20160202 10:19:49.347" starttime="20160202 10:19:49.345"></status>
</kw>
<kw type="kw" name="BuiltIn.Comment">
<doc>Displays the given messages in the log file as keyword arguments.</doc>
<arguments>
<arg>${processes_string}=</arg>
<arg>Execute Command</arg>
<arg>ps U ${user} --no-heading | grep ${command_name} | grep -v grep</arg>
</arguments>
<status status="PASS" endtime="20160202 10:19:49.350" starttime="20160202 10:19:49.348"></status>
</kw>
<kw type="kw" name="BuiltIn.Comment">
<doc>Displays the given messages in the log file as keyword arguments.</doc>
<arguments>
<arg>Log</arg>
<arg>AFTER SSH Kill User Processes:</arg>
<arg>console=yes</arg>
</arguments>
<status status="PASS" endtime="20160202 10:19:49.353" starttime="20160202 10:19:49.351"></status>
</kw>
<kw type="kw" name="BuiltIn.Comment">
<doc>Displays the given messages in the log file as keyword arguments.</doc>
<arguments>
<arg>Log</arg>
<arg>${processes_string}</arg>
<arg>console=yes</arg>
</arguments>
<status status="PASS" endtime="20160202 10:19:49.356" starttime="20160202 10:19:49.354"></status>
</kw>
<status status="PASS" endtime="20160202 10:19:49.357" starttime="20160202 10:19:49.182"></status>
</kw>
<kw type="kw" name="SSHLibrary.Start Command">
<doc>Starts execution of the `command` on the remote machine and returns immediately.</doc>
<arguments>
<arg>cat tmpfilemonitor${ssh_connection}.log</arg>
</arguments>
<msg timestamp="20160202 10:19:49.360" level="INFO">Starting command 'cat tmpfilemonitor5.log'.</msg>
<status status="PASS" endtime="20160202 10:19:49.364" starttime="20160202 10:19:49.358"></status>
</kw>
<kw type="kw" name="${stdout_string} = SSHLibrary.Read Command Output">
<doc>Returns outputs of the most recent started command.</doc>
<arguments>
</arguments>
<msg timestamp="20160202 10:19:49.366" level="INFO">Reading output of command 'cat tmpfilemonitor5.log'.</msg>
<msg timestamp="20160202 10:19:49.399" level="INFO">Command exited with return code 0.</msg>
<msg timestamp="20160202 10:19:49.400" level="INFO">${stdout_string} = [2016-02-02 09:19:39,141][INFO ][Camel (ticket-router) thread #45 - JmsConsumer[inew-cs.crce.cdr]][PartitionedTicketRoute                            ][  96] Received ticket [ticket=5.3|101|true|1|CRCE...</msg>
<status status="PASS" endtime="20160202 10:19:49.400" starttime="20160202 10:19:49.365"></status>
</kw>
<kw type="kw" name="SSHLibrary.Execute Command">
<doc>Executes `command` on the remote machine and returns its outputs.</doc>
<arguments>
<arg>rm tmpfilemonitor${ssh_connection}.log</arg>
</arguments>
<msg timestamp="20160202 10:19:49.404" level="INFO">Executing command 'rm tmpfilemonitor5.log'.</msg>
<msg timestamp="20160202 10:19:49.475" level="INFO">Command exited with return code 0.</msg>
<status status="PASS" endtime="20160202 10:19:49.477" starttime="20160202 10:19:49.402"></status>
</kw>
<msg timestamp="20160202 10:19:49.479" level="INFO">${tailed_text} = [2016-02-02 09:19:39,141][INFO ][Camel (ticket-router) thread #45 - JmsConsumer[inew-cs.crce.cdr]][PartitionedTicketRoute                            ][  96] Received ticket [ticket=5.3|101|true|1|CRCE...</msg>
<status status="PASS" endtime="20160202 10:19:49.478" starttime="20160202 10:19:49.160"></status>
</kw>
<kw type="kw" name="BuiltIn.Run Keyword Unless">
<doc>Runs the given keyword with the given arguments, if `condition` is false.</doc>
<arguments>
<arg>'${store_to_file_path}'=='${EMPTY}'</arg>
<arg>Create File</arg>
<arg>${store_to_file_path}</arg>
<arg>${tailed_text}</arg>
</arguments>
<kw type="kw" name="OperatingSystem.Create File">
<doc>Creates a file with the given content and encoding.</doc>
<arguments>
<arg>${store_to_file_path}</arg>
<arg>${tailed_text}</arg>
</arguments>
<msg timestamp="20160202 10:19:49.488" html="yes" level="INFO">Created file '&lt;a href="file:///opt/robot/robotworkspace/robot_testsuites/xdr/XDR-ticket-verification/log/SMS_ssh_tailed.log"&gt;/opt/robot/robotworkspace/robot_testsuites/xdr/XDR-ticket-verification/log/SMS_ssh_tailed.log&lt;/a&gt;'</msg>
<status status="PASS" endtime="20160202 10:19:49.489" starttime="20160202 10:19:49.485"></status>
</kw>
<status status="PASS" endtime="20160202 10:19:49.490" starttime="20160202 10:19:49.480"></status>
</kw>
<kw type="kw" name="ssh-support-resource.SSH Logout">
<doc>Closes the passed SSH connection</doc>
<arguments>
<arg>${ssh_connection}</arg>
</arguments>
<kw type="kw" name="SSHLibrary.Switch Connection">
<doc>Switches the active connection by index or alias.</doc>
<arguments>
<arg>${ssh_connection}</arg>
</arguments>
<status status="PASS" endtime="20160202 10:19:49.500" starttime="20160202 10:19:49.498"></status>
</kw>
<kw type="kw" name="SSHLibrary.Close Connection">
<doc>Closes the current connection.</doc>
<arguments>
</arguments>
<status status="PASS" endtime="20160202 10:19:49.503" starttime="20160202 10:19:49.501"></status>
</kw>
<status status="PASS" endtime="20160202 10:19:49.506" starttime="20160202 10:19:49.491"></status>
</kw>
<msg timestamp="20160202 10:19:49.508" level="INFO">${tailed_text} = [2016-02-02 09:19:39,141][INFO ][Camel (ticket-router) thread #45 - JmsConsumer[inew-cs.crce.cdr]][PartitionedTicketRoute                            ][  96] Received ticket [ticket=5.3|101|true|1|CRCE...</msg>
<status status="PASS" endtime="20160202 10:19:49.507" starttime="20160202 10:19:49.152"></status>
</kw>
<kw type="kw" name="AnalyseDBTable">
<doc>Look into the ${table} and check if entry exists. Entry is searched by sessionid that has to contain "ticket_signature" and XdrComponentTest string</doc>
<arguments>
<arg>${affectedDbTable}</arg>
<arg>${affectedDbTableKeyColumnName}</arg>
<arg>${test_case_type}</arg>
<arg>${logFileSignature}</arg>
</arguments>
<kw type="kw" name="@{queryRows} = dblib_support-resource.DBLIB Query">
<doc>this helper executes the passed select statement and returns the result as a list.</doc>
<arguments>
<arg>select * from ${table} where ${search_key} like '${test_sig}${UNIQUE_SEARCH_STRING}';</arg>
</arguments>
<kw type="kw" name="BuiltIn.Comment">
<doc>Displays the given messages in the log file as keyword arguments.</doc>
<arguments>
<arg>***** Execute Query *****</arg>
</arguments>
<status status="PASS" endtime="20160202 10:19:49.544" starttime="20160202 10:19:49.542"></status>
</kw>
<kw type="kw" name="org.robot.database.keywords.DatabaseLibrary.Store Query Result To File">
<doc></doc>
<arguments>
<arg>${selectStatement}</arg>
<arg>${TMP_QUERY_RESULT_FILE}</arg>
</arguments>
<status status="PASS" endtime="20160202 10:19:49.551" starttime="20160202 10:19:49.545"></status>
</kw>
<kw type="kw" name="BuiltIn.Comment">
<doc>Displays the given messages in the log file as keyword arguments.</doc>
<arguments>
<arg>***** Load Result from file</arg>
</arguments>
<status status="PASS" endtime="20160202 10:19:49.554" starttime="20160202 10:19:49.552"></status>
</kw>
<kw type="kw" name="${queryResultSetLines} = OperatingSystem.Get File">
<doc>Returns the contents of a specified file.</doc>
<arguments>
<arg>${TMP_QUERY_RESULT_FILE}</arg>
</arguments>
<msg timestamp="20160202 10:19:49.558" html="yes" level="INFO">Getting file '&lt;a href="file:///opt/robot/robotworkspace/robot_testsuites/xdr/XDR-ticket-verification/tmp_query_result.txt"&gt;/opt/robot/robotworkspace/robot_testsuites/xdr/XDR-ticket-verification/tmp_query_result.txt&lt;/a&gt;'</msg>
<msg timestamp="20160202 10:19:49.559" level="INFO">${queryResultSetLines} = 1008737|5.3|101|t|1|CRCE|CDR|crce01.tb13|2015-02-23 09:36:19.022+00|2015-02-22 15:00:50.025+00|SMS123456XdrComponentTest|1|1|27800|642041999740|PREPAID|OK|null|ACTIVE|null|0|NONE|1.0|Charge|0|53099204...</msg>
<status status="PASS" endtime="20160202 10:19:49.559" starttime="20160202 10:19:49.556"></status>
</kw>
<kw type="kw" name="BuiltIn.Comment">
<doc>Displays the given messages in the log file as keyword arguments.</doc>
<arguments>
<arg>***** Transform single string result into list of lines *****</arg>
</arguments>
<status status="PASS" endtime="20160202 10:19:49.562" starttime="20160202 10:19:49.560"></status>
</kw>
<kw type="kw" name="@{queryResultSet} = String.Split To Lines">
<doc>Converts the `string` into a list of lines.</doc>
<arguments>
<arg>${queryResultSetLines}</arg>
</arguments>
<msg timestamp="20160202 10:19:49.565" level="INFO">1 lines returned</msg>
<msg timestamp="20160202 10:19:49.566" level="INFO">@{queryResultSet} = [ 1008737|5.3|101|t|1|CRCE|CDR|crce01.tb13|2015-02-23 09:36:19.022+00|2015-02-22 15:00:50.025+00|SMS123456XdrComponentTest|1|1|27800|642041999740|PREPAID|OK|null|ACTIVE|null|0|NONE|1.0|Charge|0|530992...</msg>
<status status="PASS" endtime="20160202 10:19:49.565" starttime="20160202 10:19:49.563"></status>
</kw>
<msg timestamp="20160202 10:19:49.568" level="INFO">@{queryRows} = [ 1008737|5.3|101|t|1|CRCE|CDR|crce01.tb13|2015-02-23 09:36:19.022+00|2015-02-22 15:00:50.025+00|SMS123456XdrComponentTest|1|1|27800|642041999740|PREPAID|OK|null|ACTIVE|null|0|NONE|1.0|Charge|0|530992...</msg>
<status status="PASS" endtime="20160202 10:19:49.567" starttime="20160202 10:19:49.534"></status>
</kw>
<kw type="kw" name="${length} = BuiltIn.Get Length">
<doc>Returns and logs the length of the given item.</doc>
<arguments>
<arg>${queryRows}</arg>
</arguments>
<msg timestamp="20160202 10:19:49.571" level="INFO">Length is 1</msg>
<msg timestamp="20160202 10:19:49.573" level="INFO">${length} = 1</msg>
<status status="PASS" endtime="20160202 10:19:49.572" starttime="20160202 10:19:49.569"></status>
</kw>
<kw type="kw" name="${length_s} = BuiltIn.Convert To String">
<doc>Converts the given item to a Unicode string.</doc>
<arguments>
<arg>${length}</arg>
</arguments>
<msg timestamp="20160202 10:19:49.575" level="INFO">Argument types are:
&lt;type 'int'&gt;</msg>
<msg timestamp="20160202 10:19:49.577" level="INFO">${length_s} = 1</msg>
<status status="PASS" endtime="20160202 10:19:49.576" starttime="20160202 10:19:49.574"></status>
</kw>
<kw type="kw" name="BuiltIn.Run Keyword If">
<doc>Runs the given keyword with the given arguments, if `condition` is true.</doc>
<arguments>
<arg>'${test_type}' == 'OK'</arg>
<arg>Should Be Equal</arg>
<arg>${length_s}</arg>
<arg>1</arg>
<arg>msg=DB check failed</arg>
</arguments>
<kw type="kw" name="BuiltIn.Should Be Equal">
<doc>Fails if the given objects are unequal.</doc>
<arguments>
<arg>${length_s}</arg>
<arg>1</arg>
<arg>msg=DB check failed</arg>
</arguments>
<msg timestamp="20160202 10:19:49.584" level="INFO">Argument types are:
&lt;type 'unicode'&gt;
&lt;type 'unicode'&gt;</msg>
<status status="PASS" endtime="20160202 10:19:49.585" starttime="20160202 10:19:49.582"></status>
</kw>
<status status="PASS" endtime="20160202 10:19:49.586" starttime="20160202 10:19:49.578"></status>
</kw>
<kw type="kw" name="BuiltIn.Run Keyword If">
<doc>Runs the given keyword with the given arguments, if `condition` is true.</doc>
<arguments>
<arg>'${test_type}' == 'NOK'</arg>
<arg>Should Be Equal</arg>
<arg>${length_s}</arg>
<arg>0</arg>
<arg>msg=DB check failed</arg>
</arguments>
<status status="PASS" endtime="20160202 10:19:49.591" starttime="20160202 10:19:49.587"></status>
</kw>
<status status="PASS" endtime="20160202 10:19:49.592" starttime="20160202 10:19:49.525"></status>
</kw>
<kw type="kw" name="BuiltIn.Run Keyword If">
<doc>Runs the given keyword with the given arguments, if `condition` is true.</doc>
<arguments>
<arg>'${SUT RELEASE TAG PREFIX}'=='R5.3'</arg>
<arg>Check log</arg>
<arg>${tailed_text}</arg>
<arg>${test_case_type}</arg>
<arg>${ticket}</arg>
</arguments>
<kw type="kw" name="Check log">
<doc>Checks the tailed log file created on XDR.</doc>
<arguments>
<arg>${tailed_text}</arg>
<arg>${test_case_type}</arg>
<arg>${ticket}</arg>
</arguments>
<kw type="kw" name="BuiltIn.Run Keyword If">
<doc>Runs the given keyword with the given arguments, if `condition` is true.</doc>
<arguments>
<arg>'${test_type}' == 'OK'</arg>
<arg>Should Contain</arg>
<arg>${log_text}</arg>
<arg>Ticket successfully routed [ticket=${ticket}</arg>
<arg>msg='Ticket successfully routed...' not found in XDR log</arg>
</arguments>
<kw type="kw" name="BuiltIn.Should Contain">
<doc>Fails if `item1` does not contain `item2` one or more times.</doc>
<arguments>
<arg>${log_text}</arg>
<arg>Ticket successfully routed [ticket=${ticket}</arg>
<arg>msg='Ticket successfully routed...' not found in XDR log</arg>
</arguments>
<status status="PASS" endtime="20160202 10:19:49.612" starttime="20160202 10:19:49.609"></status>
</kw>
<status status="PASS" endtime="20160202 10:19:49.613" starttime="20160202 10:19:49.605"></status>
</kw>
<kw type="kw" name="BuiltIn.Run Keyword If">
<doc>Runs the given keyword with the given arguments, if `condition` is true.</doc>
<arguments>
<arg>'${test_type}' == 'NOK'</arg>
<arg>Should Not Contain</arg>
<arg>${log_text}</arg>
<arg>Ticket successfully routed [ticket=${ticket}</arg>
<arg>msg='Ticket successfully routed' unexpectedly found in XDR log</arg>
</arguments>
<status status="PASS" endtime="20160202 10:19:49.660" starttime="20160202 10:19:49.614"></status>
</kw>
<status status="PASS" endtime="20160202 10:19:49.662" starttime="20160202 10:19:49.598"></status>
</kw>
<status status="PASS" endtime="20160202 10:19:49.663" starttime="20160202 10:19:49.593"></status>
</kw>
<status status="PASS" endtime="20160202 10:19:49.664" starttime="20160202 10:19:38.519"></status>
</kw>
<doc>Send the SMS XDR ticket and analyse results

=========================================================</doc>
<tags>
<tag>ComponentTest</tag>
<tag>matko.sanseovic</tag>
<tag>MTEL_supported</tag>
<tag>MVNA_MEX_supported</tag>
<tag>SMARTSPACE_supported</tag>
<tag>TNZ_supported</tag>
<tag>VIRGIN_COLUMBIA_supported</tag>
<tag>XDR_only</tag>
</tags>
<status status="PASS" critical="yes" endtime="20160202 10:19:49.667" starttime="20160202 10:19:38.496"></status>
</test>
<test id="s1-t3" name="Test DATA ticket processing">
<kw type="kw" name="Send Ticket And Analyse">
<doc>General test case skeleton to be executed. Contains all steps for single test case</doc>
<arguments>
<arg>${DATA}</arg>
<arg>DATA</arg>
<arg>crce_cdr</arg>
<arg>sessionid</arg>
<arg>OK</arg>
</arguments>
<kw type="kw" name="${ssh_connection} = ssh-support-resource.SSH Login And Start File Monitor">
<doc>Combines 'SSH Login' and 'SSH Start File Monitor' for compacter coding style</doc>
<arguments>
<arg>${XDR USER}</arg>
<arg>${XDR PWD}</arg>
<arg>${EMPTY}</arg>
<arg>${XDR LOG FILE PATH}</arg>
<arg>host=${XDR HOST}</arg>
</arguments>
<kw type="kw" name="${ssh_connection} = ssh-support-resource.SSH Login">
<doc>Does a password or RSA key file based login at the passed SSH connection depending whether or not the passed password is .</doc>
<arguments>
<arg>${user}</arg>
<arg>${pswd}</arg>
<arg>${rsa_key_file}</arg>
<arg>ssh_connection=${ssh_connection}</arg>
<arg>host=${host}</arg>
</arguments>
<kw type="kw" name="SSHLibrary.Set Default Configuration">
<doc>Update the default `configuration`.</doc>
<arguments>
<arg>loglevel=INFO</arg>
</arguments>
<status status="PASS" endtime="20160202 10:19:49.730" starttime="20160202 10:19:49.728"></status>
</kw>
<kw type="kw" name="${ssh_connection} = BuiltIn.Run Keyword If">
<doc>Runs the given keyword with the given arguments, if `condition` is true.</doc>
<arguments>
<arg>'${ssh_connection}'=='${EMPTY}'</arg>
<arg>Open Connection</arg>
<arg>${host}</arg>
<arg>port=22</arg>
<arg>timeout=3</arg>
<arg>prompt=$</arg>
</arguments>
<kw type="kw" name="SSHLibrary.Open Connection">
<doc>Opens a new SSH connection to the given `host` and `port`.</doc>
<arguments>
<arg>${host}</arg>
<arg>port=22</arg>
<arg>timeout=3</arg>
<arg>prompt=$</arg>
</arguments>
<status status="PASS" endtime="20160202 10:19:49.783" starttime="20160202 10:19:49.736"></status>
</kw>
<msg timestamp="20160202 10:19:49.785" level="INFO">${ssh_connection} = 6</msg>
<status status="PASS" endtime="20160202 10:19:49.784" starttime="20160202 10:19:49.731"></status>
</kw>
<kw type="kw" name="BuiltIn.Run Keyword If">
<doc>Runs the given keyword with the given arguments, if `condition` is true.</doc>
<arguments>
<arg>'${pswd}'=='${EMPTY}'</arg>
<arg>Login With Public Key</arg>
<arg>${user}</arg>
<arg>${rsa_key_file}</arg>
<arg>ELSE</arg>
<arg>Login</arg>
<arg>${user}</arg>
<arg>${pswd}</arg>
</arguments>
<kw type="kw" name="SSHLibrary.Login">
<doc>Logs into the SSH server with the given `username` and `password`.</doc>
<arguments>
<arg>${user}</arg>
<arg>${pswd}</arg>
</arguments>
<msg timestamp="20160202 10:19:49.793" level="INFO">Logging into '10.105.113.171:22' as 'qa_automation'.</msg>
<msg timestamp="20160202 10:19:50.180" level="INFO">Read output: Last login: Tue Feb  2 09:19:38 2016 from 10.105.101.196
[1m[qa_automation@xdr01.tb13 ~]$</msg>
<status status="PASS" endtime="20160202 10:19:50.182" starttime="20160202 10:19:49.791"></status>
</kw>
<status status="PASS" endtime="20160202 10:19:50.183" starttime="20160202 10:19:49.786"></status>
</kw>
<msg timestamp="20160202 10:19:50.186" level="INFO">${ssh_connection} = 6</msg>
<status status="PASS" endtime="20160202 10:19:50.185" starttime="20160202 10:19:49.717"></status>
</kw>
<kw type="kw" name="ssh-support-resource.SSH Start File Monitor">
<doc>Executes a 'tail -0f' for the passed file on the passed SSH connection</doc>
<arguments>
<arg>${ssh_connection}</arg>
<arg>${monitored_file_path}</arg>
</arguments>
<kw type="kw" name="SSHLibrary.Switch Connection">
<doc>Switches the active connection by index or alias.</doc>
<arguments>
<arg>${ssh_connection}</arg>
</arguments>
<status status="PASS" endtime="20160202 10:19:50.198" starttime="20160202 10:19:50.196"></status>
</kw>
<kw type="kw" name="SSHLibrary.Start Command">
<doc>Starts execution of the `command` on the remote machine and returns immediately.</doc>
<arguments>
<arg>tail -0f ${monitored_file_path} &gt; tmpfilemonitor${ssh_connection}.log</arg>
</arguments>
<msg timestamp="20160202 10:19:50.201" level="INFO">Starting command 'tail -0f /var/log/inew/xdr/5.3.1/inew-mvno-xdr.log &gt; tmpfilemonitor6.log'.</msg>
<status status="PASS" endtime="20160202 10:19:50.205" starttime="20160202 10:19:50.199"></status>
</kw>
<status status="PASS" endtime="20160202 10:19:50.206" starttime="20160202 10:19:50.188"></status>
</kw>
<msg timestamp="20160202 10:19:50.208" level="INFO">${ssh_connection} = 6</msg>
<status status="PASS" endtime="20160202 10:19:50.207" starttime="20160202 10:19:49.704"></status>
</kw>
<kw type="kw" name="CleanDBTable">
<doc>Runs the sql query - deletes only selected rows of the ${table}</doc>
<arguments>
<arg>${affectedDbTable}</arg>
<arg>${affectedDbTableKeyColumnName}</arg>
</arguments>
<kw type="kw" name="org.robot.database.keywords.DatabaseLibrary.Execute Sql">
<doc></doc>
<arguments>
<arg>delete from ${table} where ${search_key} like '${UNIQUE_SEARCH_STRING}';</arg>
</arguments>
<status status="PASS" endtime="20160202 10:19:50.254" starttime="20160202 10:19:50.228"></status>
</kw>
<status status="PASS" endtime="20160202 10:19:50.255" starttime="20160202 10:19:50.221"></status>
</kw>
<kw type="kw" name="Send Ticket To Queue">
<doc>Keyword using JMSLibrary to send ticket to JMS queue</doc>
<arguments>
<arg>${ticket}</arg>
</arguments>
<kw type="kw" name="JMSLibrary.Create Text Message">
<doc></doc>
<arguments>
<arg>${ticket}</arg>
</arguments>
<status status="PASS" endtime="20160202 10:19:50.265" starttime="20160202 10:19:50.263"></status>
</kw>
<kw type="kw" name="JMSLibrary.Send To Queue">
<doc></doc>
<arguments>
<arg>${AMQ-XDR CRCE CDR QUEUE}</arg>
</arguments>
<status status="PASS" endtime="20160202 10:19:50.273" starttime="20160202 10:19:50.266"></status>
</kw>
<status status="PASS" endtime="20160202 10:19:50.273" starttime="20160202 10:19:50.257"></status>
</kw>
<kw type="kw" name="BuiltIn.Sleep">
<doc>Pauses the test executed for the given time.</doc>
<arguments>
<arg>${XDR PROCESSING TIME MS}</arg>
</arguments>
<msg timestamp="20160202 10:20:00.277" level="INFO">Slept 10 seconds</msg>
<status status="PASS" endtime="20160202 10:20:00.279" starttime="20160202 10:19:50.274"></status>
</kw>
<kw type="kw" name="${tailed_text} = ssh-support-resource.SSH Close File Monitor And Logout">
<doc>Combines 'SSH Close File Monitor' and 'SSH Logout' for compacter coding style</doc>
<arguments>
<arg>${ssh_connection}</arg>
<arg>./log/${logFileSignature}_ssh_tailed.log</arg>
</arguments>
<kw type="kw" name="${tailed_text} = ssh-support-resource.SSH Close File Monitor">
<doc>Closes a file monitor created via 'SSH Start File Monitor' and returns all grabbed text</doc>
<arguments>
<arg>${ssh_connection}</arg>
</arguments>
<kw type="kw" name="SSHLibrary.Switch Connection">
<doc>Switches the active connection by index or alias.</doc>
<arguments>
<arg>${ssh_connection}</arg>
</arguments>
<status status="PASS" endtime="20160202 10:20:00.301" starttime="20160202 10:20:00.297"></status>
</kw>
<kw type="kw" name="${CTRL_C} = BuiltIn.Evaluate">
<doc>Evaluates the given expression in Python and returns the results.</doc>
<arguments>
<arg>chr(int(3))</arg>
</arguments>
<msg timestamp="20160202 10:20:00.311" level="INFO">${CTRL_C} = </msg>
<status status="PASS" endtime="20160202 10:20:00.310" starttime="20160202 10:20:00.303"></status>
</kw>
<kw type="kw" name="SSHLibrary.Write">
<doc>Writes the given `text` on the remote machine and appends a newline.</doc>
<arguments>
<arg>${CTRL_C}</arg>
</arguments>
<msg timestamp="20160202 10:20:00.320" level="INFO">[m ^C</msg>
<status status="PASS" endtime="20160202 10:20:00.321" starttime="20160202 10:20:00.313"></status>
</kw>
<kw type="kw" name="ssh-support-resource.SSH Kill User Processes">
<doc>This is a helper to cleanup zombie processes left by the SSH lib's 'Start Command'</doc>
<arguments>
<arg>${ssh_connection}</arg>
<arg>tail</arg>
</arguments>
<kw type="kw" name="SSHLibrary.Switch Connection">
<doc>Switches the active connection by index or alias.</doc>
<arguments>
<arg>${ssh_connection}</arg>
</arguments>
<status status="PASS" endtime="20160202 10:20:00.343" starttime="20160202 10:20:00.339"></status>
</kw>
<kw type="kw" name="${user} = SSHLibrary.Execute Command">
<doc>Executes `command` on the remote machine and returns its outputs.</doc>
<arguments>
<arg>id -un</arg>
</arguments>
<msg timestamp="20160202 10:20:00.348" level="INFO">Executing command 'id -un'.</msg>
<msg timestamp="20160202 10:20:00.397" level="INFO">Command exited with return code 0.</msg>
<msg timestamp="20160202 10:20:00.399" level="INFO">${user} = qa_automation</msg>
<status status="PASS" endtime="20160202 10:20:00.398" starttime="20160202 10:20:00.345"></status>
</kw>
<kw type="kw" name="BuiltIn.Comment">
<doc>Displays the given messages in the log file as keyword arguments.</doc>
<arguments>
<arg>${processes_string}=</arg>
<arg>Execute Command</arg>
<arg>ps U ${user} --no-heading | grep ${command_name} | grep -v grep</arg>
[...]
<arg>console=yes</arg>
</arguments>
<status status="PASS" endtime="20160202 10:21:55.275" starttime="20160202 10:21:55.274"></status>
</kw>
<kw type="kw" name="BuiltIn.Comment">
<doc>Displays the given messages in the log file as keyword arguments.</doc>
<arguments>
<arg>Log</arg>
<arg>${processes_string}</arg>
<arg>console=yes</arg>
</arguments>
<status status="PASS" endtime="20160202 10:21:55.277" starttime="20160202 10:21:55.276"></status>
</kw>
<kw type="kw" name="${stderr}, ${rc} = SSHLibrary.Execute Command">
<doc>Executes `command` on the remote machine and returns its outputs.</doc>
<arguments>
<arg>pkill -9 -u ${user} ${command_name}</arg>
<arg>return_stdout=False</arg>
<arg>return_stderr=True</arg>
<arg>return_rc=True</arg>
</arguments>
<msg timestamp="20160202 10:21:55.279" level="INFO">Executing command 'pkill -9 -u qa_automation tail'.</msg>
<msg timestamp="20160202 10:21:55.348" level="INFO">Command exited with return code 0.</msg>
<msg timestamp="20160202 10:21:55.350" level="INFO">${stderr} = </msg>
<msg timestamp="20160202 10:21:55.350" level="INFO">${rc} = 0</msg>
<status status="PASS" endtime="20160202 10:21:55.349" starttime="20160202 10:21:55.278"></status>
</kw>
<kw type="kw" name="BuiltIn.Run Keyword If">
<doc>Runs the given keyword with the given arguments, if `condition` is true.</doc>
<arguments>
<arg>'${rc}' != '0'</arg>
<arg>Log</arg>
<arg>${stderr}</arg>
<arg>level=WARN</arg>
</arguments>
<status status="PASS" endtime="20160202 10:21:55.355" starttime="20160202 10:21:55.351"></status>
</kw>
<kw type="kw" name="BuiltIn.Comment">
<doc>Displays the given messages in the log file as keyword arguments.</doc>
<arguments>
<arg>***** Old approach with kill:</arg>
<arg>For unknow reasons somtimes still processes stayed in the list an could not be killed even in subsequent executions</arg>
</arguments>
<status status="PASS" endtime="20160202 10:21:55.356" starttime="20160202 10:21:55.355"></status>
</kw>
<kw type="kw" name="BuiltIn.Comment">
<doc>Displays the given messages in the log file as keyword arguments.</doc>
<arguments>
<arg>@{processes_list}=</arg>
<arg>Split String</arg>
<arg>${processes_string}</arg>
<arg>${\n}</arg>
</arguments>
<status status="PASS" endtime="20160202 10:21:55.358" starttime="20160202 10:21:55.357"></status>
</kw>
<kw type="kw" name="BuiltIn.Comment">
<doc>Displays the given messages in the log file as keyword arguments.</doc>
<arguments>
<arg>:FOR</arg>
<arg>${process}</arg>
<arg>IN</arg>
<arg>@{processes_list}</arg>
</arguments>
<status status="PASS" endtime="20160202 10:21:55.360" starttime="20160202 10:21:55.359"></status>
</kw>
<kw type="kw" name="BuiltIn.Comment">
<doc>Displays the given messages in the log file as keyword arguments.</doc>
<arguments>
<arg></arg>
<arg>Log</arg>
<arg>SSH Kill User Processes is killing: ${process}</arg>
<arg>console=yes</arg>
</arguments>
<status status="PASS" endtime="20160202 10:21:55.361" starttime="20160202 10:21:55.360"></status>
</kw>
<kw type="kw" name="BuiltIn.Comment">
<doc>Displays the given messages in the log file as keyword arguments.</doc>
<arguments>
<arg></arg>
<arg>${pid}=</arg>
<arg>Fetch From Left</arg>
<arg>${process}</arg>
<arg>${SPACE}</arg>
</arguments>
<status status="PASS" endtime="20160202 10:21:55.363" starttime="20160202 10:21:55.362"></status>
</kw>
<kw type="kw" name="BuiltIn.Comment">
<doc>Displays the given messages in the log file as keyword arguments.</doc>
<arguments>
<arg></arg>
<arg>${stderr}</arg>
<arg>${rc}=</arg>
<arg>Execute Command</arg>
<arg>sudo kill -9 ${pid}</arg>
<arg>return_stdout=False</arg>
<arg>return_stderr=True</arg>
<arg>return_rc=True</arg>
</arguments>
<status status="PASS" endtime="20160202 10:21:55.365" starttime="20160202 10:21:55.364"></status>
</kw>
<kw type="kw" name="BuiltIn.Comment">
<doc>Displays the given messages in the log file as keyword arguments.</doc>
<arguments>
<arg></arg>
<arg>Run Keyword If</arg>
<arg>'${rc}' != '0'</arg>
<arg>Log</arg>
<arg>${stderr}</arg>
<arg>level=WARN</arg>
</arguments>
<status status="PASS" endtime="20160202 10:21:55.367" starttime="20160202 10:21:55.366"></status>
</kw>
<kw type="kw" name="BuiltIn.Comment">
<doc>Displays the given messages in the log file as keyword arguments.</doc>
<arguments>
<arg>${processes_string}=</arg>
<arg>Execute Command</arg>
<arg>ps U ${user} --no-heading | grep ${command_name} | grep -v grep</arg>
</arguments>
<status status="PASS" endtime="20160202 10:21:55.368" starttime="20160202 10:21:55.367"></status>
</kw>
<kw type="kw" name="BuiltIn.Comment">
<doc>Displays the given messages in the log file as keyword arguments.</doc>
<arguments>
<arg>Log</arg>
<arg>AFTER SSH Kill User Processes:</arg>
<arg>console=yes</arg>
</arguments>
<status status="PASS" endtime="20160202 10:21:55.370" starttime="20160202 10:21:55.369"></status>
</kw>
<kw type="kw" name="BuiltIn.Comment">
<doc>Displays the given messages in the log file as keyword arguments.</doc>
<arguments>
<arg>Log</arg>
<arg>${processes_string}</arg>
<arg>console=yes</arg>
</arguments>
<status status="PASS" endtime="20160202 10:21:55.371" starttime="20160202 10:21:55.370"></status>
</kw>
<status status="PASS" endtime="20160202 10:21:55.372" starttime="20160202 10:21:55.229"></status>
</kw>
<kw type="kw" name="SSHLibrary.Start Command">
<doc>Starts execution of the `command` on the remote machine and returns immediately.</doc>
<arguments>
<arg>cat tmpfilemonitor${ssh_connection}.log</arg>
</arguments>
<msg timestamp="20160202 10:21:55.374" level="INFO">Starting command 'cat tmpfilemonitor16.log'.</msg>
<status status="PASS" endtime="20160202 10:21:55.377" starttime="20160202 10:21:55.373"></status>
</kw>
<kw type="kw" name="${stdout_string} = SSHLibrary.Read Command Output">
<doc>Returns outputs of the most recent started command.</doc>
<arguments>
</arguments>
<msg timestamp="20160202 10:21:55.378" level="INFO">Reading output of command 'cat tmpfilemonitor16.log'.</msg>
<msg timestamp="20160202 10:21:55.411" level="INFO">Command exited with return code 0.</msg>
<msg timestamp="20160202 10:21:55.412" level="INFO">${stdout_string} = [2016-02-02 09:21:45,214][ERROR][Camel (ticket-router) thread #48 - JmsConsumer[inew-cs.crce.cdr]][PartitionedTicketRoute                            ][ 145] An unknown exception occurred:
org.beanio.I...</msg>
<status status="PASS" endtime="20160202 10:21:55.411" starttime="20160202 10:21:55.378"></status>
</kw>
<kw type="kw" name="SSHLibrary.Execute Command">
<doc>Executes `command` on the remote machine and returns its outputs.</doc>
<arguments>
<arg>rm tmpfilemonitor${ssh_connection}.log</arg>
</arguments>
<msg timestamp="20160202 10:21:55.414" level="INFO">Executing command 'rm tmpfilemonitor16.log'.</msg>
<msg timestamp="20160202 10:21:55.485" level="INFO">Command exited with return code 0.</msg>
<status status="PASS" endtime="20160202 10:21:55.485" starttime="20160202 10:21:55.412"></status>
</kw>
<msg timestamp="20160202 10:21:55.486" level="INFO">${tailed_text} = [2016-02-02 09:21:45,214][ERROR][Camel (ticket-router) thread #48 - JmsConsumer[inew-cs.crce.cdr]][PartitionedTicketRoute                            ][ 145] An unknown exception occurred:
org.beanio.I...</msg>
<status status="PASS" endtime="20160202 10:21:55.486" starttime="20160202 10:21:55.215"></status>
</kw>
<kw type="kw" name="BuiltIn.Run Keyword Unless">
<doc>Runs the given keyword with the given arguments, if `condition` is false.</doc>
<arguments>
<arg>'${store_to_file_path}'=='${EMPTY}'</arg>
<arg>Create File</arg>
<arg>${store_to_file_path}</arg>
<arg>${tailed_text}</arg>
</arguments>
<kw type="kw" name="OperatingSystem.Create File">
<doc>Creates a file with the given content and encoding.</doc>
<arguments>
<arg>${store_to_file_path}</arg>
<arg>${tailed_text}</arg>
</arguments>
<msg timestamp="20160202 10:21:55.493" html="yes" level="INFO">Created file '&lt;a href="file:///opt/robot/robotworkspace/robot_testsuites/xdr/XDR-ticket-verification/log/MOC_NOK_ASCII_ssh_tailed.log"&gt;/opt/robot/robotworkspace/robot_testsuites/xdr/XDR-ticket-verification/log/MOC_NOK_ASCII_ssh_tailed.log&lt;/a&gt;'</msg>
<status status="PASS" endtime="20160202 10:21:55.493" starttime="20160202 10:21:55.490"></status>
</kw>
<status status="PASS" endtime="20160202 10:21:55.494" starttime="20160202 10:21:55.487"></status>
</kw>
<kw type="kw" name="ssh-support-resource.SSH Logout">
<doc>Closes the passed SSH connection</doc>
<arguments>
<arg>${ssh_connection}</arg>
</arguments>
<kw type="kw" name="SSHLibrary.Switch Connection">
<doc>Switches the active connection by index or alias.</doc>
<arguments>
<arg>${ssh_connection}</arg>
</arguments>
<status status="PASS" endtime="20160202 10:21:55.499" starttime="20160202 10:21:55.498"></status>
</kw>
<kw type="kw" name="SSHLibrary.Close Connection">
<doc>Closes the current connection.</doc>
<arguments>
</arguments>
<status status="PASS" endtime="20160202 10:21:55.501" starttime="20160202 10:21:55.500"></status>
</kw>
<status status="PASS" endtime="20160202 10:21:55.506" starttime="20160202 10:21:55.495"></status>
</kw>
<msg timestamp="20160202 10:21:55.507" level="INFO">${tailed_text} = [2016-02-02 09:21:45,214][ERROR][Camel (ticket-router) thread #48 - JmsConsumer[inew-cs.crce.cdr]][PartitionedTicketRoute                            ][ 145] An unknown exception occurred:
org.beanio.I...</msg>
<status status="PASS" endtime="20160202 10:21:55.507" starttime="20160202 10:21:55.211"></status>
</kw>
<kw type="kw" name="AnalyseDBTable">
<doc>Look into the ${table} and check if entry exists. Entry is searched by sessionid that has to contain "ticket_signature" and XdrComponentTest string</doc>
<arguments>
<arg>${affectedDbTable}</arg>
<arg>${affectedDbTableKeyColumnName}</arg>
<arg>${test_case_type}</arg>
<arg>${logFileSignature}</arg>
</arguments>
<kw type="kw" name="@{queryRows} = dblib_support-resource.DBLIB Query">
<doc>this helper executes the passed select statement and returns the result as a list.</doc>
<arguments>
<arg>select * from ${table} where ${search_key} like '${test_sig}${UNIQUE_SEARCH_STRING}';</arg>
</arguments>
<kw type="kw" name="BuiltIn.Comment">
<doc>Displays the given messages in the log file as keyword arguments.</doc>
<arguments>
<arg>***** Execute Query *****</arg>
</arguments>
<status status="PASS" endtime="20160202 10:21:55.524" starttime="20160202 10:21:55.523"></status>
</kw>
<kw type="kw" name="org.robot.database.keywords.DatabaseLibrary.Store Query Result To File">
<doc></doc>
<arguments>
<arg>${selectStatement}</arg>
<arg>${TMP_QUERY_RESULT_FILE}</arg>
</arguments>
<status status="PASS" endtime="20160202 10:21:55.529" starttime="20160202 10:21:55.525"></status>
</kw>
<kw type="kw" name="BuiltIn.Comment">
<doc>Displays the given messages in the log file as keyword arguments.</doc>
<arguments>
<arg>***** Load Result from file</arg>
</arguments>
<status status="PASS" endtime="20160202 10:21:55.530" starttime="20160202 10:21:55.529"></status>
</kw>
<kw type="kw" name="${queryResultSetLines} = OperatingSystem.Get File">
<doc>Returns the contents of a specified file.</doc>
<arguments>
<arg>${TMP_QUERY_RESULT_FILE}</arg>
</arguments>
<msg timestamp="20160202 10:21:55.532" html="yes" level="INFO">Getting file '&lt;a href="file:///opt/robot/robotworkspace/robot_testsuites/xdr/XDR-ticket-verification/tmp_query_result.txt"&gt;/opt/robot/robotworkspace/robot_testsuites/xdr/XDR-ticket-verification/tmp_query_result.txt&lt;/a&gt;'</msg>
<msg timestamp="20160202 10:21:55.533" level="INFO">${queryResultSetLines} = </msg>
<status status="PASS" endtime="20160202 10:21:55.533" starttime="20160202 10:21:55.531"></status>
</kw>
<kw type="kw" name="BuiltIn.Comment">
<doc>Displays the given messages in the log file as keyword arguments.</doc>
<arguments>
<arg>***** Transform single string result into list of lines *****</arg>
</arguments>
<status status="PASS" endtime="20160202 10:21:55.534" starttime="20160202 10:21:55.534"></status>
</kw>
<kw type="kw" name="@{queryResultSet} = String.Split To Lines">
<doc>Converts the `string` into a list of lines.</doc>
<arguments>
<arg>${queryResultSetLines}</arg>
</arguments>
<msg timestamp="20160202 10:21:55.536" level="INFO">0 lines returned</msg>
<msg timestamp="20160202 10:21:55.537" level="INFO">@{queryResultSet} = [ ]</msg>
<status status="PASS" endtime="20160202 10:21:55.537" starttime="20160202 10:21:55.535"></status>
</kw>
<msg timestamp="20160202 10:21:55.538" level="INFO">@{queryRows} = [ ]</msg>
<status status="PASS" endtime="20160202 10:21:55.538" starttime="20160202 10:21:55.520"></status>
</kw>
<kw type="kw" name="${length} = BuiltIn.Get Length">
<doc>Returns and logs the length of the given item.</doc>
<arguments>
<arg>${queryRows}</arg>
</arguments>
<msg timestamp="20160202 10:21:55.540" level="INFO">Length is 0</msg>
<msg timestamp="20160202 10:21:55.541" level="INFO">${length} = 0</msg>
<status status="PASS" endtime="20160202 10:21:55.540" starttime="20160202 10:21:55.539"></status>
</kw>
<kw type="kw" name="${length_s} = BuiltIn.Convert To String">
<doc>Converts the given item to a Unicode string.</doc>
<arguments>
<arg>${length}</arg>
</arguments>
<msg timestamp="20160202 10:21:55.542" level="INFO">Argument types are:
&lt;type 'int'&gt;</msg>
<msg timestamp="20160202 10:21:55.543" level="INFO">${length_s} = 0</msg>
<status status="PASS" endtime="20160202 10:21:55.543" starttime="20160202 10:21:55.541"></status>
</kw>
<kw type="kw" name="BuiltIn.Run Keyword If">
<doc>Runs the given keyword with the given arguments, if `condition` is true.</doc>
<arguments>
<arg>'${test_type}' == 'OK'</arg>
<arg>Should Be Equal</arg>
<arg>${length_s}</arg>
<arg>1</arg>
<arg>msg=DB check failed</arg>
</arguments>
<status status="PASS" endtime="20160202 10:21:55.547" starttime="20160202 10:21:55.544"></status>
</kw>
<kw type="kw" name="BuiltIn.Run Keyword If">
<doc>Runs the given keyword with the given arguments, if `condition` is true.</doc>
<arguments>
<arg>'${test_type}' == 'NOK'</arg>
<arg>Should Be Equal</arg>
<arg>${length_s}</arg>
<arg>0</arg>
<arg>msg=DB check failed</arg>
</arguments>
<kw type="kw" name="BuiltIn.Should Be Equal">
<doc>Fails if the given objects are unequal.</doc>
<arguments>
<arg>${length_s}</arg>
<arg>0</arg>
<arg>msg=DB check failed</arg>
</arguments>
<msg timestamp="20160202 10:21:55.551" level="INFO">Argument types are:
&lt;type 'unicode'&gt;
&lt;type 'unicode'&gt;</msg>
<status status="PASS" endtime="20160202 10:21:55.552" starttime="20160202 10:21:55.550"></status>
</kw>
<status status="PASS" endtime="20160202 10:21:55.552" starttime="20160202 10:21:55.547"></status>
</kw>
<status status="PASS" endtime="20160202 10:21:55.553" starttime="20160202 10:21:55.515"></status>
</kw>
<kw type="kw" name="BuiltIn.Run Keyword If">
<doc>Runs the given keyword with the given arguments, if `condition` is true.</doc>
<arguments>
<arg>'${SUT RELEASE TAG PREFIX}'=='R5.3'</arg>
<arg>Check log</arg>
<arg>${tailed_text}</arg>
<arg>${test_case_type}</arg>
<arg>${ticket}</arg>
</arguments>
<kw type="kw" name="Check log">
<doc>Checks the tailed log file created on XDR.</doc>
<arguments>
<arg>${tailed_text}</arg>
<arg>${test_case_type}</arg>
<arg>${ticket}</arg>
</arguments>
<kw type="kw" name="BuiltIn.Run Keyword If">
<doc>Runs the given keyword with the given arguments, if `condition` is true.</doc>
<arguments>
<arg>'${test_type}' == 'OK'</arg>
<arg>Should Contain</arg>
<arg>${log_text}</arg>
<arg>Ticket successfully routed [ticket=${ticket}</arg>
<arg>msg='Ticket successfully routed...' not found in XDR log</arg>
</arguments>
<status status="PASS" endtime="20160202 10:21:55.563" starttime="20160202 10:21:55.560"></status>
</kw>
<kw type="kw" name="BuiltIn.Run Keyword If">
<doc>Runs the given keyword with the given arguments, if `condition` is true.</doc>
<arguments>
<arg>'${test_type}' == 'NOK'</arg>
<arg>Should Not Contain</arg>
<arg>${log_text}</arg>
<arg>Ticket successfully routed [ticket=${ticket}</arg>
<arg>msg='Ticket successfully routed' unexpectedly found in XDR log</arg>
</arguments>
<kw type="kw" name="BuiltIn.Should Not Contain">
<doc>Fails if `item1` contains `item2` one or more times.</doc>
<arguments>
<arg>${log_text}</arg>
<arg>Ticket successfully routed [ticket=${ticket}</arg>
<arg>msg='Ticket successfully routed' unexpectedly found in XDR log</arg>
</arguments>
<status status="PASS" endtime="20160202 10:21:55.568" starttime="20160202 10:21:55.566"></status>
</kw>
<status status="PASS" endtime="20160202 10:21:55.569" starttime="20160202 10:21:55.564"></status>
</kw>
<status status="PASS" endtime="20160202 10:21:55.569" starttime="20160202 10:21:55.557"></status>
</kw>
<status status="PASS" endtime="20160202 10:21:55.570" starttime="20160202 10:21:55.554"></status>
</kw>
<status status="PASS" endtime="20160202 10:21:55.570" starttime="20160202 10:21:44.675"></status>
</kw>
<doc>Send the MOC XDR ticket with invalid ASCII garbage in it

=========================================================</doc>
<tags>
<tag>ComponentTest</tag>
<tag>matko.sanseovic</tag>
<tag>MTEL_supported</tag>
<tag>MVNA_MEX_supported</tag>
<tag>SMARTSPACE_supported</tag>
<tag>TNZ_supported</tag>
<tag>VIRGIN_COLUMBIA_supported</tag>
<tag>XDR_only</tag>
</tags>
<status status="PASS" critical="yes" endtime="20160202 10:21:55.572" starttime="20160202 10:21:44.670"></status>
</test>
<kw type="teardown" name="Teardown Suite">
<doc></doc>
<arguments>
</arguments>
<kw type="kw" name="org.robot.database.keywords.DatabaseLibrary.Disconnect From Database">
<doc></doc>
<arguments>
</arguments>
<msg timestamp="20160202 10:21:55.605" level="INFO">SQL Warnings on this connection: null</msg>
<status status="PASS" endtime="20160202 10:21:55.606" starttime="20160202 10:21:55.604"></status>
</kw>
<kw type="kw" name="SSHLibrary.Close All Connections">
<doc>Closes all open connections.</doc>
<arguments>
</arguments>
<status status="PASS" endtime="20160202 10:21:55.608" starttime="20160202 10:21:55.606"></status>
</kw>
<status status="PASS" endtime="20160202 10:21:55.608" starttime="20160202 10:21:55.601"></status>
</kw>
<doc>Main goal of the test suite is to check behaviour of XDR in several basic positive cases and a few negative (NOK) cases.
It uses Robot Framework's JMSLibrary to send tickets of different types (MOC, SMS, DATA,...) to AMQ where XDR consumers should process them.
After that XDR's log will be analysed and finally DB should be checked if ticket has landed also there.
Negative tests (NOK) test different (but not all) mandatory fields (empty field, different values than predefined) according to
XDR Specification v5.3.2. Each NOK test has modified different fields - which exactly is specified in test description of the test itself</doc>
<metadata>
</metadata>
<status status="PASS" endtime="20160202 10:21:55.609" starttime="20160202 10:19:19.434"></status>
</suite>
<statistics>
<total>
<stat pass="13" fail="0">Critical Tests</stat>
<stat pass="13" fail="3">All Tests</stat>
</total>
<tag>
<stat pass="0" info="non-critical" doc="" combined="" fail="3" links="">noncritical</stat>
<stat pass="13" info="" doc="" combined="" fail="3" links="">ComponentTest</stat>
<stat pass="13" info="" doc="" combined="" fail="3" links="">matko.sanseovic</stat>
<stat pass="13" info="" doc="" combined="" fail="3" links="">MTEL_supported</stat>
<stat pass="13" info="" doc="" combined="" fail="3" links="">MVNA_MEX_supported</stat>
<stat pass="13" info="" doc="" combined="" fail="3" links="">SMARTSPACE_supported</stat>
<stat pass="6" info="" doc="" combined="" fail="0" links="">test</stat>
<stat pass="13" info="" doc="" combined="" fail="3" links="">TNZ_supported</stat>
<stat pass="4" info="" doc="" combined="" fail="3" links="">VIRGIN_COLUMBIA_supported</stat>
<stat pass="13" info="" doc="" combined="" fail="3" links="">XDR_only</stat>
</tag>
<suite>
<stat pass="13" id="s1" fail="3" name="XDR Test-robot-suite">XDR Test-robot-suite</stat>
</suite>
</statistics>
<errors>
</errors>
</robot>
