<?xml version="1.0" encoding="UTF-8"?>
<robot generator="Robot 2.7.6 (Jython 2.5.3 on java1.7.0_45)" generated="20140520 13:18:45.866">
<suite source="/opt/robot/robotworkspace/robot_testsuites/experimental/hew/e2e-testing/basic-service-tests/IN_BST_008-NumberTranslation/IN_BST_008-NumberTranslation-robot-suite.txt" id="s1" name="IN BST 008-NumberTranslation-robot-suite">
<kw type="setup" timeout="" name="suite-global-keyword-resource.Setup Suite">
<doc>This is the suite setup procedure that is called from "Suite Setup" keyword</doc>
<arguments>
</arguments>
<kw type="kw" timeout="" name="${CRM_PORTAL_LOGIN_URL} = BuiltIn.Set Variable">
<doc>Returns the given values which can then be assigned to a variables.</doc>
<arguments>
<arg>http://${CRM HOST}:${CRM PORTAL PORT}/${CRM PORTAL LOGIN PATH}</arg>
</arguments>
<msg timestamp="20140520 13:18:55.884" level="INFO">${CRM_PORTAL_LOGIN_URL} = http://10.105.140.127:1084/evoweb/web/crm/257_EN</msg>
<status status="PASS" endtime="20140520 13:18:55.883" starttime="20140520 13:18:55.875"></status>
</kw>
<kw type="kw" timeout="" name="BuiltIn.Set Suite Variable">
<doc>Makes a variable available everywhere within the scope of the current suite.</doc>
<arguments>
<arg>${CRM_PORTAL_LOGIN_URL}</arg>
</arguments>
<msg timestamp="20140520 13:18:55.896" level="INFO">${CRM_PORTAL_LOGIN_URL} = http://10.105.140.127:1084/evoweb/web/crm/257_EN</msg>
<status status="PASS" endtime="20140520 13:18:55.897" starttime="20140520 13:18:55.892"></status>
</kw>
<kw type="kw" timeout="" name="${CRM_PORTAL_SUBSCRIBER_INPUT_URL} = BuiltIn.Set Variable">
<doc>Returns the given values which can then be assigned to a variables.</doc>
<arguments>
<arg>http://${CRM HOST}:${CRM PORTAL PORT}/${CRM PORTAL DASHBOARD PATH}</arg>
</arguments>
<msg timestamp="20140520 13:18:55.907" level="INFO">${CRM_PORTAL_SUBSCRIBER_INPUT_URL} = http://10.105.140.127:1084/evoweb/web/crm/393_EN.htm</msg>
<status status="PASS" endtime="20140520 13:18:55.906" starttime="20140520 13:18:55.900"></status>
</kw>
<kw type="kw" timeout="" name="BuiltIn.Set Suite Variable">
<doc>Makes a variable available everywhere within the scope of the current suite.</doc>
<arguments>
<arg>${CRM_PORTAL_SUBSCRIBER_INPUT_URL}</arg>
</arguments>
<msg timestamp="20140520 13:18:55.914" level="INFO">${CRM_PORTAL_SUBSCRIBER_INPUT_URL} = http://10.105.140.127:1084/evoweb/web/crm/393_EN.htm</msg>
<status status="PASS" endtime="20140520 13:18:55.915" starttime="20140520 13:18:55.910"></status>
</kw>
<kw type="kw" timeout="" name="BuiltIn.Comment">
<doc>Displays the given messages in the log file as keyword arguments.</doc>
<arguments>
<arg>****** Verify that CRM is up and running ******</arg>
</arguments>
<status status="PASS" endtime="20140520 13:18:55.920" starttime="20140520 13:18:55.918"></status>
</kw>
<kw type="kw" timeout="" name="BuiltIn.Comment">
<doc>Displays the given messages in the log file as keyword arguments.</doc>
<arguments>
<arg>****** Init Browser ******</arg>
</arguments>
<status status="PASS" endtime="20140520 13:18:55.925" starttime="20140520 13:18:55.923"></status>
</kw>
<kw type="kw" timeout="" name="InewSelenium2Library.Open Browser">
<doc></doc>
<arguments>
<arg>${CRM_PORTAL_LOGIN_URL}</arg>
<arg>firefox</arg>
</arguments>
<status status="PASS" endtime="20140520 13:18:59.350" starttime="20140520 13:18:55.928"></status>
</kw>
<kw type="kw" timeout="" name="BuiltIn.Comment">
<doc>Displays the given messages in the log file as keyword arguments.</doc>
<arguments>
<arg>CRM Portal Screenshot</arg>
<arg>AfterBrowserInit</arg>
</arguments>
<status status="PASS" endtime="20140520 13:18:59.363" starttime="20140520 13:18:59.359"></status>
</kw>
<kw type="kw" timeout="" name="BuiltIn.Comment">
<doc>Displays the given messages in the log file as keyword arguments.</doc>
<arguments>
<arg>****** Reset Phones ******</arg>
</arguments>
<status status="PASS" endtime="20140520 13:18:59.370" starttime="20140520 13:18:59.367"></status>
</kw>
<kw type="kw" timeout="" name="suite-global-keyword-resource.Reset All Phones">
<doc>This helper for the TCs and Suite Setup script ensures that</doc>
<arguments>
</arguments>
<kw type="kw" timeout="" name="ars_support-resource.ARS Release">
<doc>Releases an incomming/outgoing call attempt or an already established call on an Android Phones attached to an Android Remoting Server</doc>
<arguments>
<arg>${ANDROID REMOTING HOST}</arg>
<arg>${ANDROID REMOTING PORT}</arg>
<arg>${ATTACHED_ONNET_PHONE_1_IMSI}</arg>
</arguments>
<kw type="kw" timeout="" name="ars_support-resource.ARS Setup SoapUI Logs">
<doc>This is a PRIVATE helper function to setup the SoapUI's basic log files since for unknown reasons SoapUI sometimes doesn't newly create them</doc>
<arguments>
</arguments>
<kw type="kw" timeout="" name="BuiltIn.Run Keyword And Ignore Error">
<doc>Runs the given keyword with the given arguments and ignores possible error.</doc>
<arguments>
<arg>Create File</arg>
<arg>${SOAPUI GROOVY LOG}</arg>
</arguments>
<kw type="kw" timeout="" name="OperatingSystem.Create File">
<doc>Creates a file with the given content and encoding.</doc>
<arguments>
<arg>${SOAPUI GROOVY LOG}</arg>
</arguments>
<msg timestamp="20140520 13:18:59.456" html="yes" level="INFO">Created file '&lt;a href="file:///opt/robot/robotworkspace/robot_testsuites/experimental/hew/e2e-testing/basic-service-tests/IN_BST_008-NumberTranslation/global-groovy.log"&gt;/opt/robot/robotworkspace/robot_testsuites/experimental/hew/e2e-testing/basic-service-tests/IN_BST_008-NumberTranslation/global-groovy.log&lt;/a&gt;'</msg>
<status status="PASS" endtime="20140520 13:18:59.458" starttime="20140520 13:18:59.450"></status>
</kw>
<status status="PASS" endtime="20140520 13:18:59.459" starttime="20140520 13:18:59.446"></status>
</kw>
<kw type="kw" timeout="" name="BuiltIn.Run Keyword And Ignore Error">
<doc>Runs the given keyword with the given arguments and ignores possible error.</doc>
<arguments>
<arg>Create File</arg>
<arg>${SOAPUI LOG}</arg>
</arguments>
<kw type="kw" timeout="" name="OperatingSystem.Create File">
<doc>Creates a file with the given content and encoding.</doc>
<arguments>
<arg>${SOAPUI LOG}</arg>
</arguments>
<msg timestamp="20140520 13:18:59.470" html="yes" level="INFO">Created file '&lt;a href="file:///opt/robot/robotworkspace/robot_testsuites/experimental/hew/e2e-testing/basic-service-tests/IN_BST_008-NumberTranslation/soapui.log"&gt;/opt/robot/robotworkspace/robot_testsuites/experimental/hew/e2e-testing/basic-service-tests/IN_BST_008-NumberTranslation/soapui.log&lt;/a&gt;'</msg>
<status status="PASS" endtime="20140520 13:18:59.471" starttime="20140520 13:18:59.465"></status>
</kw>
<status status="PASS" endtime="20140520 13:18:59.472" starttime="20140520 13:18:59.461"></status>
</kw>
<kw type="kw" timeout="" name="BuiltIn.Run Keyword And Ignore Error">
<doc>Runs the given keyword with the given arguments and ignores possible error.</doc>
<arguments>
<arg>Create File</arg>
<arg>${SOAPUI ERROR LOG}</arg>
</arguments>
<kw type="kw" timeout="" name="OperatingSystem.Create File">
<doc>Creates a file with the given content and encoding.</doc>
<arguments>
<arg>${SOAPUI ERROR LOG}</arg>
</arguments>
<msg timestamp="20140520 13:18:59.483" html="yes" level="INFO">Created file '&lt;a href="file:///opt/robot/robotworkspace/robot_testsuites/experimental/hew/e2e-testing/basic-service-tests/IN_BST_008-NumberTranslation/soapui-errors.log"&gt;/opt/robot/robotworkspace/robot_testsuites/experimental/hew/e2e-testing/basic-service-tests/IN_BST_008-NumberTranslation/soapui-errors.log&lt;/a&gt;'</msg>
<status status="PASS" endtime="20140520 13:18:59.485" starttime="20140520 13:18:59.478"></status>
</kw>
<status status="PASS" endtime="20140520 13:18:59.486" starttime="20140520 13:18:59.475"></status>
</kw>
<status status="PASS" endtime="20140520 13:18:59.487" starttime="20140520 13:18:59.426"></status>
</kw>
<kw type="kw" timeout="" name="InewSoapUILibrary.Soapui Project">
<doc>Initialize the runner and set the project string </doc>
<arguments>
<arg>${ROBOT WORKSPACE PATH}/${SOAPUI PROJECTS WORKSPACE RELATIVE PATH}</arg>
</arguments>
<msg timestamp="20140520 13:18:59.540" level="INFO">soapUI 4.5.1 TestCase Runner</msg>
<status status="PASS" endtime="20140520 13:18:59.543" starttime="20140520 13:18:59.489"></status>
</kw>
<kw type="kw" timeout="" name="InewSoapUILibrary.Soapui Set Project Property">
<doc>Sets project properties for the current test run.</doc>
<arguments>
<arg>arsHost=${ars_host}</arg>
</arguments>
<status status="PASS" endtime="20140520 13:18:59.550" starttime="20140520 13:18:59.545"></status>
</kw>
<kw type="kw" timeout="" name="InewSoapUILibrary.Soapui Set Project Property">
<doc>Sets project properties for the current test run.</doc>
<arguments>
<arg>arsPort=${ars_port}</arg>
</arguments>
<status status="PASS" endtime="20140520 13:18:59.556" starttime="20140520 13:18:59.552"></status>
</kw>
<kw type="kw" timeout="" name="InewSoapUILibrary.Soapui Suite">
<doc>Set the suite string </doc>
<arguments>
<arg>LowLevelOps</arg>
</arguments>
<status status="PASS" endtime="20140520 13:18:59.561" starttime="20140520 13:18:59.558"></status>
</kw>
<kw type="kw" timeout="" name="InewSoapUILibrary.Soapui Case">
<doc>Set the test case string </doc>
<arguments>
<arg>Voice.release</arg>
</arguments>
<status status="PASS" endtime="20140520 13:18:59.565" starttime="20140520 13:18:59.563"></status>
</kw>
<kw type="kw" timeout="" name="InewSoapUILibrary.Soapui Set Project Property">
<doc>Sets project properties for the current test run.</doc>
<arguments>
<arg>LowLevelOps.Voice.release.input.deviceImsi=${device_imsi}</arg>
</arguments>
<status status="PASS" endtime="20140520 13:18:59.571" starttime="20140520 13:18:59.567"></status>
</kw>
<kw type="kw" timeout="" name="${execution_status}, ${return_value_dummy} = BuiltIn.Run Keyword And Ignore Error">
<doc>Runs the given keyword with the given arguments and ignores possible error.</doc>
<arguments>
<arg>SoapUI Run</arg>
</arguments>
<kw type="kw" timeout="" name="InewSoapUILibrary.Soapui Run">
<doc>Run the runner and report to Robot </doc>
<arguments>
</arguments>
<msg timestamp="20140520 13:18:59.579" level="INFO">Running with the following project properties set: [u'arsHost=10.189.11.226', u'arsPort=8080', u'LowLevelOps.Voice.release.input.deviceImsi=232033013972240']</msg>
<msg timestamp="20140520 13:19:07.112" level="INFO">13:19:00,086 WARN  [SoapUI] Missing folder [/opt/robot/robotworkspace/robot_testsuites/experimental/hew/e2e-testing/basic-service-tests/IN_BST_008-NumberTranslation/./ext] for external libraries
13:19:00,088 INFO  [DefaultSoapUICore] Creating new settings at [/root/soapui-settings.xml]
13:19:02,385 INFO  [WsdlProject] Loaded project from [file:/opt/robot/robotworkspace/libs/global-keyword-resources/android-remoting/robot_ars_bridge-soapui-project.xml]
13:19:03,947 INFO  [SoapUITestCaseRunner] Setting project property [arsHost] to [10.189.11.226]
13:19:03,947 INFO  [SoapUITestCaseRunner] Setting project property [arsPort] to [8080]
13:19:03,948 INFO  [SoapUITestCaseRunner] Setting project property [LowLevelOps.Voice.release.input.deviceImsi] to [232033013972240]
13:19:03,971 INFO  [SoapUITestCaseRunner] Running soapUI tests in project [Robotframework_ARS-Bridge]
13:19:03,971 INFO  [SoapUITestCaseRunner] Running TestCase [Voice.release]
13:19:03,990 INFO  [SoapUITestCaseRunner] Running soapUI testcase [Voice.release]
13:19:04,009 INFO  [SoapUITestCaseRunner] running step [00_ARS_availability_test]
13:19:04,423 DEBUG [HttpClientSupport$SoapUIHttpClient] Attempt 1 to execute request
13:19:04,424 DEBUG [SoapUIMultiThreadedHttpConnectionManager$SoapUIDefaultClientConnection] Sending request: POST /androidremoting/system HTTP/1.1
13:19:04,428 DEBUG [SoapUIMultiThreadedHttpConnectionManager$SoapUIDefaultClientConnection] Receiving response: HTTP/1.1 200 OK
13:19:04,430 DEBUG [HttpClientSupport$SoapUIHttpClient] Connection can be kept alive indefinitely
13:19:04,800 INFO  [SoapUITestCaseRunner] Assertion [SOAP Response] has status VALID
13:19:04,800 INFO  [SoapUITestCaseRunner] running step [cancel_on_failed_step_0]
13:19:05,942 INFO  [SoapUITestCaseRunner] running step [01_release]
13:19:05,946 DEBUG [HttpClientSupport$SoapUIHttpClient] Stale connection check
13:19:05,948 DEBUG [HttpClientSupport$SoapUIHttpClient] Attempt 1 to execute request
13:19:05,948 DEBUG [SoapUIMultiThreadedHttpConnectionManager$SoapUIDefaultClientConnection] Sending request: POST /androidremoting/voice HTTP/1.1
13:19:05,952 DEBUG [SoapUIMultiThreadedHttpConnectionManager$SoapUIDefaultClientConnection] Receiving response: HTTP/1.1 200 OK
13:19:05,952 DEBUG [HttpClientSupport$SoapUIHttpClient] Connection can be kept alive indefinitely
13:19:05,964 INFO  [SoapUITestCaseRunner] Assertion [SOAP Response] has status VALID
13:19:05,964 INFO  [SoapUITestCaseRunner] Assertion [Not SOAP Fault] has status VALID
13:19:05,964 INFO  [SoapUITestCaseRunner] Assertion [resultCode = OK] has status FAILED
13:19:05,964 ERROR [SoapUITestCaseRunner] ASSERTION FAILED -&gt; Missing token [&lt;ns2:resultCode&gt;OK&lt;/ns2:resultCode&gt;] in Response
13:19:05,965 ERROR [SoapUITestCaseRunner] 01_release failed, exporting to [/opt/robot/robotworkspace/robot_testsuites/experimental/hew/e2e-testing/basic-service-tests/IN_BST_008-NumberTranslation/LowLevelOps-Voicerelease-01_release-0-FAILED.txt]
13:19:05,971 INFO  [SoapUITestCaseRunner] running step [goto_finish_on_successfull_step_1]
13:19:06,158 INFO  [SoapUITestCaseRunner] running step [transfer_failedReason]
13:19:06,895 INFO  [SoapUITestCaseRunner] running step [cancel]
13:19:07,100 ERROR [log] LowLevelOps.Voice.release.output.resultCode=VOICE_STATE_PRECONDITION_VIOLATION
13:19:07,103 ERROR [SoapUITestCaseRunner] cancel failed, exporting to [/opt/robot/robotworkspace/robot_testsuites/experimental/hew/e2e-testing/basic-service-tests/IN_BST_008-NumberTranslation/LowLevelOps-Voicerelease-cancel-0-FAILED.txt]
13:19:07,103 INFO  [SoapUITestCaseRunner] Finished running soapUI testcase [Voice.release], time taken: 3063ms, status: FAILED
13:19:07,104 INFO  [SoapUITestCaseRunner] TestCase [Voice.release] finished with status [FAILED] in 3063ms</msg>
<msg timestamp="20140520 13:19:07.139" level="FAIL">resultCode = OK in [01_release] failed;
[Missing token [&lt;ns2:resultCode&gt;OK&lt;/ns2:resultCode&gt;] in Response]
Status: FAILED
Time Taken: 21
Size: 528
Timestamp: Tue May 20 13:19:05 UTC 2014
TestStep: 01_release

----------------- Messages ------------------------------
[resultCode = OK] Missing token [&lt;ns2:resultCode&gt;OK&lt;/ns2:resultCode&gt;] in Response

----------------- Properties ------------------------------
Encoding: UTF-8
Endpoint: http://10.189.11.226:8080/androidremoting/voice

---------------- Request ---------------------------
Request Headers: Host : 10.189.11.226:8080
Content-Length : 313
SOAPAction : ""
Accept-Encoding : gzip,deflate
User-Agent : Apache-HttpClient/4.3.1 (java 1.5)
Connection : Keep-Alive
Content-Type : text/xml;charset=UTF-8


&lt;soapenv:Envelope xmlns:soapenv="http://schemas.xmlsoap.org/soap/envelope/" xmlns:api="http://api.androidremoting.callsgen.inewcs.com/"&gt;
   &lt;soapenv:Header/&gt;
   &lt;soapenv:Body&gt;
      &lt;api:release&gt;
         &lt;api:deviceImsi&gt;232033013972240&lt;/api:deviceImsi&gt;
      &lt;/api:release&gt;
   &lt;/soapenv:Body&gt;
&lt;/soapenv:Envelope&gt;

---------------- Response --------------------------
Response Headers: #status# : HTTP/1.1 200 OK
Content-Length : 528
Content-Type : text/xml; charset=utf-8
Server : Jetty(6.1.18)


&lt;soap:Envelope xmlns:soap="http://schemas.xmlsoap.org/soap/envelope/"&gt;
   &lt;soap:Body&gt;
      &lt;ns1:releaseResponse xmlns:ns1="http://api.androidremoting.callsgen.inewcs.com/"&gt;
         &lt;ns1:return ns3:type="ns2:PhoneActionResult" xmlns:ns2="http://api.androidremoting.callsgen.inewcs.com" xmlns:ns3="http://www.w3.org/2001/XMLSchema-instance"&gt;
            &lt;ns2:failedReason&gt;VOICE_STATE_PRECONDITION_VIOLATION&lt;/ns2:failedReason&gt;
            &lt;ns2:resultCode&gt;FAILED&lt;/ns2:resultCode&gt;
            &lt;ns2:phoneEvents/&gt;
         &lt;/ns1:return&gt;
      &lt;/ns1:releaseResponse&gt;
   &lt;/soap:Body&gt;
&lt;/soap:Envelope&gt;</msg>
<status status="FAIL" endtime="20140520 13:19:07.142" starttime="20140520 13:18:59.577"></status>
</kw>
<msg timestamp="20140520 13:19:07.147" level="INFO">${execution_status} = FAIL</msg>
<msg timestamp="20140520 13:19:07.148" level="INFO">${return_value_dummy} = resultCode = OK in [01_release] failed;
[Missing token [&lt;ns2:resultCode&gt;OK&lt;/ns2:resultCode&gt;] in Response]
Status: FAILED
Time Taken: 21
Size: 528
Timestamp: Tue May 20 13:19:05 UTC 2014
TestStep: 01_r...</msg>
<status status="PASS" endtime="20140520 13:19:07.145" starttime="20140520 13:18:59.574"></status>
</kw>
<kw type="kw" timeout="" name="${resultCode} = ars_support-resource.ARS Get Groovy Log Return Property">
<doc>This is a PRIVATE helper function to retrieve return values placed into the Groovy log by the SoaupUI TCs .</doc>
<arguments>
<arg>LowLevelOps.Voice.release.output.resultCode</arg>
<arg>UNKNOWN_ERROR</arg>
</arguments>
<kw type="kw" timeout="" name="${return_marker} = BuiltIn.Set Variable">
<doc>Returns the given values which can then be assigned to a variables.</doc>
<arguments>
<arg>${property_name}=</arg>
</arguments>
<msg timestamp="20140520 13:19:07.179" level="INFO">${return_marker} = LowLevelOps.Voice.release.output.resultCode=</msg>
<status status="PASS" endtime="20140520 13:19:07.178" starttime="20140520 13:19:07.174"></status>
</kw>
<kw type="kw" timeout="" name="${resultCode} = BuiltIn.Set Variable">
<doc>Returns the given values which can then be assigned to a variables.</doc>
<arguments>
<arg>${EMPTY}</arg>
</arguments>
<msg timestamp="20140520 13:19:07.185" level="INFO">${resultCode} = </msg>
<status status="PASS" endtime="20140520 13:19:07.185" starttime="20140520 13:19:07.181"></status>
</kw>
<kw type="kw" timeout="" name="${return_log_entry} = BuiltIn.Set Variable">
<doc>Returns the given values which can then be assigned to a variables.</doc>
<arguments>
<arg>${EMPTY}</arg>
</arguments>
<msg timestamp="20140520 13:19:07.196" level="INFO">${return_log_entry} = </msg>
<status status="PASS" endtime="20140520 13:19:07.194" starttime="20140520 13:19:07.188"></status>
</kw>
<kw type="kw" timeout="" name="${execution_status}, ${return_log_entry} = BuiltIn.Run Keyword And Ignore Error">
<doc>Runs the given keyword with the given arguments and ignores possible error.</doc>
<arguments>
<arg>Grep File</arg>
<arg>${SOAPUI GROOVY LOG}</arg>
<arg>${return_marker}</arg>
</arguments>
<kw type="kw" timeout="" name="OperatingSystem.Grep File">
<doc>Returns the lines of the specified file that match the `pattern`.</doc>
<arguments>
<arg>${SOAPUI GROOVY LOG}</arg>
<arg>${return_marker}</arg>
</arguments>
<msg timestamp="20140520 13:19:07.214" html="yes" level="INFO">Getting file '&lt;a href="file:///opt/robot/robotworkspace/robot_testsuites/experimental/hew/e2e-testing/basic-service-tests/IN_BST_008-NumberTranslation/global-groovy.log"&gt;/opt/robot/robotworkspace/robot_testsuites/experimental/hew/e2e-testing/basic-service-tests/IN_BST_008-NumberTranslation/global-groovy.log&lt;/a&gt;'</msg>
<msg timestamp="20140520 13:19:07.228" level="INFO">1 out of 1 lines matched</msg>
<status status="PASS" endtime="20140520 13:19:07.230" starttime="20140520 13:19:07.206"></status>
</kw>
<msg timestamp="20140520 13:19:07.233" level="INFO">${execution_status} = PASS</msg>
<msg timestamp="20140520 13:19:07.234" level="INFO">${return_log_entry} = 2014-05-20 13:19:07,100 ERROR [log] LowLevelOps.Voice.release.output.resultCode=VOICE_STATE_PRECONDITION_VIOLATION</msg>
<status status="PASS" endtime="20140520 13:19:07.232" starttime="20140520 13:19:07.200"></status>
</kw>
<kw type="kw" timeout="" name="${return_log_entry} = BuiltIn.Run Keyword If">
<doc>Runs the given keyword with the given arguments, if `condition` is true.</doc>
<arguments>
<arg>'${execution_status}'=='FAIL'</arg>
<arg>Set Variable</arg>
<arg>${EMPTY}</arg>
<arg>ELSE</arg>
<arg>Set Variable</arg>
<arg>${return_log_entry}</arg>
</arguments>
<kw type="kw" timeout="" name="BuiltIn.Set Variable">
<doc>Returns the given values which can then be assigned to a variables.</doc>
<arguments>
<arg>${return_log_entry}</arg>
</arguments>
<status status="PASS" endtime="20140520 13:19:07.268" starttime="20140520 13:19:07.264"></status>
</kw>
<msg timestamp="20140520 13:19:07.272" level="INFO">${return_log_entry} = 2014-05-20 13:19:07,100 ERROR [log] LowLevelOps.Voice.release.output.resultCode=VOICE_STATE_PRECONDITION_VIOLATION</msg>
<status status="PASS" endtime="20140520 13:19:07.270" starttime="20140520 13:19:07.237"></status>
</kw>
<kw type="kw" timeout="" name="${return_log_entry} = BuiltIn.Run Keyword If">
<doc>Runs the given keyword with the given arguments, if `condition` is true.</doc>
<arguments>
<arg>'${return_log_entry}'=='${NONE}'</arg>
<arg>Set Variable</arg>
<arg>${EMPTY}</arg>
<arg>ELSE</arg>
<arg>Set Variable</arg>
<arg>${return_log_entry}</arg>
</arguments>
<kw type="kw" timeout="" name="BuiltIn.Set Variable">
<doc>Returns the given values which can then be assigned to a variables.</doc>
<arguments>
<arg>${return_log_entry}</arg>
</arguments>
<status status="PASS" endtime="20140520 13:19:07.293" starttime="20140520 13:19:07.290"></status>
</kw>
<msg timestamp="20140520 13:19:07.295" level="INFO">${return_log_entry} = 2014-05-20 13:19:07,100 ERROR [log] LowLevelOps.Voice.release.output.resultCode=VOICE_STATE_PRECONDITION_VIOLATION</msg>
<status status="PASS" endtime="20140520 13:19:07.295" starttime="20140520 13:19:07.275"></status>
</kw>
<kw type="kw" timeout="" name="${resultCode} = BuiltIn.Run Keyword If">
<doc>Runs the given keyword with the given arguments, if `condition` is true.</doc>
<arguments>
<arg>'${return_log_entry}'!='${EMPTY}'</arg>
<arg>Fetch From Right</arg>
<arg>${return_log_entry}</arg>
<arg>${return_marker}</arg>
<arg>ELSE</arg>
<arg>Set Variable</arg>
<arg>${resultCode}</arg>
</arguments>
<kw type="kw" timeout="" name="String.Fetch From Right">
<doc>Returns contents of the `string` after the last occurrence of `marker`.</doc>
<arguments>
<arg>${return_log_entry}</arg>
<arg>${return_marker}</arg>
</arguments>
<status status="PASS" endtime="20140520 13:19:07.315" starttime="20140520 13:19:07.310"></status>
</kw>
<msg timestamp="20140520 13:19:07.317" level="INFO">${resultCode} = VOICE_STATE_PRECONDITION_VIOLATION</msg>
<status status="PASS" endtime="20140520 13:19:07.316" starttime="20140520 13:19:07.298"></status>
</kw>
<kw type="kw" timeout="" name="${resultCode} = BuiltIn.Run Keyword If">
<doc>Runs the given keyword with the given arguments, if `condition` is true.</doc>
<arguments>
<arg>'${resultCode}'=='${NONE}'</arg>
<arg>Set Variable</arg>
<arg>${default_value}</arg>
<arg>ELSE IF</arg>
<arg>'${resultCode}'=='${EMPTY}'</arg>
<arg>Set Variable</arg>
<arg>${default_value}</arg>
<arg>ELSE</arg>
<arg>Set Variable</arg>
<arg>${resultCode}</arg>
</arguments>
<kw type="kw" timeout="" name="BuiltIn.Set Variable">
<doc>Returns the given values which can then be assigned to a variables.</doc>
<arguments>
<arg>${resultCode}</arg>
</arguments>
<status status="PASS" endtime="20140520 13:19:07.341" starttime="20140520 13:19:07.337"></status>
</kw>
<msg timestamp="20140520 13:19:07.343" level="INFO">${resultCode} = VOICE_STATE_PRECONDITION_VIOLATION</msg>
<status status="PASS" endtime="20140520 13:19:07.342" starttime="20140520 13:19:07.319"></status>
</kw>
<msg timestamp="20140520 13:19:07.345" level="INFO">${resultCode} = VOICE_STATE_PRECONDITION_VIOLATION</msg>
<status status="PASS" endtime="20140520 13:19:07.345" starttime="20140520 13:19:07.152"></status>
</kw>
<kw type="kw" timeout="" name="ars_support-resource.ARS Cleanup SoapUI Logs">
<doc>This is a PRIVATE helper function to cleanup the testsuite directory from logs created by a SoapUI testcase.</doc>
<arguments>
<arg>LowLevelOps-Voicerelease</arg>
</arguments>
<kw type="kw" timeout="" name="BuiltIn.Comment">
<doc>Displays the given messages in the log file as keyword arguments.</doc>
<arguments>
<arg>Run Keyword And Ignore Error</arg>
<arg>Remove File</arg>
<arg>${SOAPUI GROOVY LOG}</arg>
</arguments>
<status status="PASS" endtime="20140520 13:19:07.371" starttime="20140520 13:19:07.368"></status>
</kw>
<kw type="kw" timeout="" name="BuiltIn.Comment">
<doc>Displays the given messages in the log file as keyword arguments.</doc>
<arguments>
<arg>Run Keyword And Ignore Error</arg>
<arg>Remove File</arg>
<arg>${SOAPUI LOG}</arg>
</arguments>
<status status="PASS" endtime="20140520 13:19:07.376" starttime="20140520 13:19:07.373"></status>
</kw>
<kw type="kw" timeout="" name="BuiltIn.Comment">
<doc>Displays the given messages in the log file as keyword arguments.</doc>
<arguments>
<arg>Run Keyword And Ignore Error</arg>
<arg>Remove File</arg>
<arg>${SOAPUI ERROR LOG}</arg>
</arguments>
<status status="PASS" endtime="20140520 13:19:07.382" starttime="20140520 13:19:07.379"></status>
</kw>
<kw type="kw" timeout="" name="BuiltIn.Run Keyword If">
<doc>Runs the given keyword with the given arguments, if `condition` is true.</doc>
<arguments>
<arg>'${tc_specific_files_prefix}'!='${EMPTY}'</arg>
<arg>Run Keyword And Ignore Error</arg>
<arg>Remove File</arg>
<arg>${tc_specific_files_prefix}*.*</arg>
</arguments>
<kw type="kw" timeout="" name="BuiltIn.Run Keyword And Ignore Error">
<doc>Runs the given keyword with the given arguments and ignores possible error.</doc>
<arguments>
<arg>Remove File</arg>
<arg>${tc_specific_files_prefix}*.*</arg>
</arguments>
<kw type="kw" timeout="" name="OperatingSystem.Remove File">
<doc>Removes a file with the given path.</doc>
<arguments>
<arg>${tc_specific_files_prefix}*.*</arg>
</arguments>
<msg timestamp="20140520 13:19:07.410" html="yes" level="INFO">Removed file '&lt;a href="file:///opt/robot/robotworkspace/robot_testsuites/experimental/hew/e2e-testing/basic-service-tests/IN_BST_008-NumberTranslation/LowLevelOps-Voicerelease-01_release-0-FAILED.txt"&gt;/opt/robot/robotworkspace/robot_testsuites/experimental/hew/e2e-testing/basic-service-tests/IN_BST_008-NumberTranslation/LowLevelOps-Voicerelease-01_release-0-FAILED.txt&lt;/a&gt;'</msg>
<msg timestamp="20140520 13:19:07.412" html="yes" level="INFO">Removed file '&lt;a href="file:///opt/robot/robotworkspace/robot_testsuites/experimental/hew/e2e-testing/basic-service-tests/IN_BST_008-NumberTranslation/LowLevelOps-Voicerelease-cancel-0-FAILED.txt"&gt;/opt/robot/robotworkspace/robot_testsuites/experimental/hew/e2e-testing/basic-service-tests/IN_BST_008-NumberTranslation/LowLevelOps-Voicerelease-cancel-0-FAILED.txt&lt;/a&gt;'</msg>
<status status="PASS" endtime="20140520 13:19:07.413" starttime="20140520 13:19:07.399"></status>
</kw>
<status status="PASS" endtime="20140520 13:19:07.414" starttime="20140520 13:19:07.396"></status>
</kw>
<status status="PASS" endtime="20140520 13:19:07.416" starttime="20140520 13:19:07.384"></status>
</kw>
<status status="PASS" endtime="20140520 13:19:07.416" starttime="20140520 13:19:07.348"></status>
</kw>
<status status="PASS" endtime="20140520 13:19:07.418" starttime="20140520 13:18:59.397"></status>
</kw>
<kw type="kw" timeout="" name="ars_support-resource.ARS Release">
<doc>Releases an incomming/outgoing call attempt or an already established call on an Android Phones attached to an Android Remoting Server</doc>
<arguments>
<arg>${ANDROID REMOTING HOST}</arg>
<arg>${ANDROID REMOTING PORT}</arg>
<arg>${ATTACHED_ONNET_PHONE_2_IMSI}</arg>
</arguments>
<kw type="kw" timeout="" name="ars_support-resource.ARS Setup SoapUI Logs">
<doc>This is a PRIVATE helper function to setup the SoapUI's basic log files since for unknown reasons SoapUI sometimes doesn't newly create them</doc>
<arguments>
</arguments>
<kw type="kw" timeout="" name="BuiltIn.Run Keyword And Ignore Error">
<doc>Runs the given keyword with the given arguments and ignores possible error.</doc>
<arguments>
<arg>Create File</arg>
<arg>${SOAPUI GROOVY LOG}</arg>
</arguments>
<kw type="kw" timeout="" name="OperatingSystem.Create File">
<doc>Creates a file with the given content and encoding.</doc>
<arguments>
<arg>${SOAPUI GROOVY LOG}</arg>
</arguments>
<msg timestamp="20140520 13:19:07.476" html="yes" level="INFO">Created file '&lt;a href="file:///opt/robot/robotworkspace/robot_testsuites/experimental/hew/e2e-testing/basic-service-tests/IN_BST_008-NumberTranslation/global-groovy.log"&gt;/opt/robot/robotworkspace/robot_testsuites/experimental/hew/e2e-testing/basic-service-tests/IN_BST_008-NumberTranslation/global-groovy.log&lt;/a&gt;'</msg>
<status status="PASS" endtime="20140520 13:19:07.478" starttime="20140520 13:19:07.470"></status>
</kw>
<status status="PASS" endtime="20140520 13:19:07.479" starttime="20140520 13:19:07.466"></status>
</kw>
<kw type="kw" timeout="" name="BuiltIn.Run Keyword And Ignore Error">
<doc>Runs the given keyword with the given arguments and ignores possible error.</doc>
<arguments>
<arg>Create File</arg>
<arg>${SOAPUI LOG}</arg>
</arguments>
<kw type="kw" timeout="" name="OperatingSystem.Create File">
<doc>Creates a file with the given content and encoding.</doc>
<arguments>
<arg>${SOAPUI LOG}</arg>
</arguments>
<msg timestamp="20140520 13:19:07.489" html="yes" level="INFO">Created file '&lt;a href="file:///opt/robot/robotworkspace/robot_testsuites/experimental/hew/e2e-testing/basic-service-tests/IN_BST_008-NumberTranslation/soapui.log"&gt;/opt/robot/robotworkspace/robot_testsuites/experimental/hew/e2e-testing/basic-service-tests/IN_BST_008-NumberTranslation/soapui.log&lt;/a&gt;'</msg>
<status status="PASS" endtime="20140520 13:19:07.490" starttime="20140520 13:19:07.484"></status>
</kw>
<status status="PASS" endtime="20140520 13:19:07.491" starttime="20140520 13:19:07.481"></status>
</kw>
<kw type="kw" timeout="" name="BuiltIn.Run Keyword And Ignore Error">
<doc>Runs the given keyword with the given arguments and ignores possible error.</doc>
<arguments>
<arg>Create File</arg>
<arg>${SOAPUI ERROR LOG}</arg>
</arguments>
<kw type="kw" timeout="" name="OperatingSystem.Create File">
<doc>Creates a file with the given content and encoding.</doc>
<arguments>
<arg>${SOAPUI ERROR LOG}</arg>
</arguments>
<msg timestamp="20140520 13:19:07.501" html="yes" level="INFO">Created file '&lt;a href="file:///opt/robot/robotworkspace/robot_testsuites/experimental/hew/e2e-testing/basic-service-tests/IN_BST_008-NumberTranslation/soapui-errors.log"&gt;/opt/robot/robotworkspace/robot_testsuites/experimental/hew/e2e-testing/basic-service-tests/IN_BST_008-NumberTranslation/soapui-errors.log&lt;/a&gt;'</msg>
<status status="PASS" endtime="20140520 13:19:07.503" starttime="20140520 13:19:07.497"></status>
</kw>
<status status="PASS" endtime="20140520 13:19:07.504" starttime="20140520 13:19:07.494"></status>
</kw>
<status status="PASS" endtime="20140520 13:19:07.505" starttime="20140520 13:19:07.450"></status>
</kw>
<kw type="kw" timeout="" name="InewSoapUILibrary.Soapui Project">
<doc>Initialize the runner and set the project string </doc>
<arguments>
<arg>${ROBOT WORKSPACE PATH}/${SOAPUI PROJECTS WORKSPACE RELATIVE PATH}</arg>
</arguments>
<msg timestamp="20140520 13:19:07.513" level="INFO">soapUI 4.5.1 TestCase Runner</msg>
<status status="PASS" endtime="20140520 13:19:07.513" starttime="20140520 13:19:07.507"></status>
</kw>
<kw type="kw" timeout="" name="InewSoapUILibrary.Soapui Set Project Property">
<doc>Sets project properties for the current test run.</doc>
<arguments>
<arg>arsHost=${ars_host}</arg>
</arguments>
<status status="PASS" endtime="20140520 13:19:07.519" starttime="20140520 13:19:07.515"></status>
</kw>
<kw type="kw" timeout="" name="InewSoapUILibrary.Soapui Set Project Property">
<doc>Sets project properties for the current test run.</doc>
<arguments>
<arg>arsPort=${ars_port}</arg>
</arguments>
<status status="PASS" endtime="20140520 13:19:07.525" starttime="20140520 13:19:07.521"></status>
</kw>
<kw type="kw" timeout="" name="InewSoapUILibrary.Soapui Suite">
<doc>Set the suite string </doc>
<arguments>
<arg>LowLevelOps</arg>
</arguments>
<status status="PASS" endtime="20140520 13:19:07.530" starttime="20140520 13:19:07.527"></status>
</kw>
<kw type="kw" timeout="" name="InewSoapUILibrary.Soapui Case">
<doc>Set the test case string </doc>
<arguments>
<arg>Voice.release</arg>
</arguments>
<status status="PASS" endtime="20140520 13:19:07.534" starttime="20140520 13:19:07.532"></status>
</kw>
<kw type="kw" timeout="" name="InewSoapUILibrary.Soapui Set Project Property">
<doc>Sets project properties for the current test run.</doc>
<arguments>
<arg>LowLevelOps.Voice.release.input.deviceImsi=${device_imsi}</arg>
</arguments>
<status status="PASS" endtime="20140520 13:19:07.542" starttime="20140520 13:19:07.536"></status>
</kw>
<kw type="kw" timeout="" name="${execution_status}, ${return_value_dummy} = BuiltIn.Run Keyword And Ignore Error">
<doc>Runs the given keyword with the given arguments and ignores possible error.</doc>
<arguments>
<arg>SoapUI Run</arg>
</arguments>
<kw type="kw" timeout="" name="InewSoapUILibrary.Soapui Run">
<doc>Run the runner and report to Robot </doc>
<arguments>
</arguments>
<msg timestamp="20140520 13:19:07.551" level="INFO">Running with the following project properties set: [u'arsHost=10.189.11.226', u'arsPort=8080', u'LowLevelOps.Voice.release.input.deviceImsi=232033013972240', u'arsHost=10.189.11.226', u'arsPort=8080', u'LowLevelOps.Voice.release.input.deviceImsi=232033013972239']</msg>
<msg timestamp="20140520 13:19:08.403" level="INFO">13:19:08,395 ERROR [log] LowLevelOps.Voice.release.output.resultCode=VOICE_STATE_PRECONDITION_VIOLATION</msg>
<msg timestamp="20140520 13:19:08.425" level="FAIL">resultCode = OK in [01_release] failed;
[Missing token [&lt;ns2:resultCode&gt;OK&lt;/ns2:resultCode&gt;] in Response]
Status: FAILED
Time Taken: 19
Size: 528
Timestamp: Tue May 20 13:19:08 UTC 2014
TestStep: 01_release

----------------- Messages ------------------------------
[resultCode = OK] Missing token [&lt;ns2:resultCode&gt;OK&lt;/ns2:resultCode&gt;] in Response

----------------- Properties ------------------------------
Encoding: UTF-8
Endpoint: http://10.189.11.226:8080/androidremoting/voice

---------------- Request ---------------------------
Request Headers: Host : 10.189.11.226:8080
Content-Length : 313
SOAPAction : ""
Accept-Encoding : gzip,deflate
User-Agent : Apache-HttpClient/4.3.1 (java 1.5)
Connection : Keep-Alive
Content-Type : text/xml;charset=UTF-8


&lt;soapenv:Envelope xmlns:soapenv="http://schemas.xmlsoap.org/soap/envelope/" xmlns:api="http://api.androidremoting.callsgen.inewcs.com/"&gt;
   &lt;soapenv:Header/&gt;
   &lt;soapenv:Body&gt;
      &lt;api:release&gt;
         &lt;api:deviceImsi&gt;232033013972239&lt;/api:deviceImsi&gt;
      &lt;/api:release&gt;
   &lt;/soapenv:Body&gt;
&lt;/soapenv:Envelope&gt;

---------------- Response --------------------------
Response Headers: #status# : HTTP/1.1 200 OK
Content-Length : 528
Content-Type : text/xml; charset=utf-8
Server : Jetty(6.1.18)


&lt;soap:Envelope xmlns:soap="http://schemas.xmlsoap.org/soap/envelope/"&gt;
   &lt;soap:Body&gt;
      &lt;ns1:releaseResponse xmlns:ns1="http://api.androidremoting.callsgen.inewcs.com/"&gt;
         &lt;ns1:return ns3:type="ns2:PhoneActionResult" xmlns:ns2="http://api.androidremoting.callsgen.inewcs.com" xmlns:ns3="http://www.w3.org/2001/XMLSchema-instance"&gt;
            &lt;ns2:failedReason&gt;VOICE_STATE_PRECONDITION_VIOLATION&lt;/ns2:failedReason&gt;
            &lt;ns2:resultCode&gt;FAILED&lt;/ns2:resultCode&gt;
            &lt;ns2:phoneEvents/&gt;
         &lt;/ns1:return&gt;
      &lt;/ns1:releaseResponse&gt;
   &lt;/soap:Body&gt;
&lt;/soap:Envelope&gt;</msg>
<status status="FAIL" endtime="20140520 13:19:08.428" starttime="20140520 13:19:07.547"></status>
</kw>
<msg timestamp="20140520 13:19:08.432" level="INFO">${execution_status} = FAIL</msg>
<msg timestamp="20140520 13:19:08.432" level="INFO">${return_value_dummy} = resultCode = OK in [01_release] failed;
[Missing token [&lt;ns2:resultCode&gt;OK&lt;/ns2:resultCode&gt;] in Response]
Status: FAILED
Time Taken: 19
Size: 528
Timestamp: Tue May 20 13:19:08 UTC 2014
TestStep: 01_r...</msg>
<status status="PASS" endtime="20140520 13:19:08.430" starttime="20140520 13:19:07.544"></status>
</kw>
<kw type="kw" timeout="" name="${resultCode} = ars_support-resource.ARS Get Groovy Log Return Property">
<doc>This is a PRIVATE helper function to retrieve return values placed into the Groovy log by the SoaupUI TCs .</doc>
<arguments>
<arg>LowLevelOps.Voice.release.output.resultCode</arg>
<arg>UNKNOWN_ERROR</arg>
</arguments>
<kw type="kw" timeout="" name="${return_marker} = BuiltIn.Set Variable">
<doc>Returns the given values which can then be assigned to a variables.</doc>
<arguments>
<arg>${property_name}=</arg>
</arguments>
<msg timestamp="20140520 13:19:08.462" level="INFO">${return_marker} = LowLevelOps.Voice.release.output.resultCode=</msg>
<status status="PASS" endtime="20140520 13:19:08.461" starttime="20140520 13:19:08.457"></status>
</kw>
<kw type="kw" timeout="" name="${resultCode} = BuiltIn.Set Variable">
<doc>Returns the given values which can then be assigned to a variables.</doc>
<arguments>
<arg>${EMPTY}</arg>
</arguments>
<msg timestamp="20140520 13:19:08.468" level="INFO">${resultCode} = </msg>
<status status="PASS" endtime="20140520 13:19:08.467" starttime="20140520 13:19:08.464"></status>
</kw>
<kw type="kw" timeout="" name="${return_log_entry} = BuiltIn.Set Variable">
<doc>Returns the given values which can then be assigned to a variables.</doc>
<arguments>
<arg>${EMPTY}</arg>
</arguments>
<msg timestamp="20140520 13:19:08.474" level="INFO">${return_log_entry} = </msg>
<status status="PASS" endtime="20140520 13:19:08.473" starttime="20140520 13:19:08.470"></status>
</kw>
<kw type="kw" timeout="" name="${execution_status}, ${return_log_entry} = BuiltIn.Run Keyword And Ignore Error">
<doc>Runs the given keyword with the given arguments and ignores possible error.</doc>
<arguments>
<arg>Grep File</arg>
<arg>${SOAPUI GROOVY LOG}</arg>
<arg>${return_marker}</arg>
</arguments>
<kw type="kw" timeout="" name="OperatingSystem.Grep File">
<doc>Returns the lines of the specified file that match the `pattern`.</doc>
<arguments>
<arg>${SOAPUI GROOVY LOG}</arg>
<arg>${return_marker}</arg>
</arguments>
<msg timestamp="20140520 13:19:08.485" html="yes" level="INFO">Getting file '&lt;a href="file:///opt/robot/robotworkspace/robot_testsuites/experimental/hew/e2e-testing/basic-service-tests/IN_BST_008-NumberTranslation/global-groovy.log"&gt;/opt/robot/robotworkspace/robot_testsuites/experimental/hew/e2e-testing/basic-service-tests/IN_BST_008-NumberTranslation/global-groovy.log&lt;/a&gt;'</msg>
<msg timestamp="20140520 13:19:08.487" level="INFO">1 out of 1 lines matched</msg>
<status status="PASS" endtime="20140520 13:19:08.488" starttime="20140520 13:19:08.480"></status>
</kw>
<msg timestamp="20140520 13:19:08.490" level="INFO">${execution_status} = PASS</msg>
<msg timestamp="20140520 13:19:08.491" level="INFO">${return_log_entry} = 2014-05-20 13:19:08,395 ERROR [log] LowLevelOps.Voice.release.output.resultCode=VOICE_STATE_PRECONDITION_VIOLATION</msg>
<status status="PASS" endtime="20140520 13:19:08.489" starttime="20140520 13:19:08.476"></status>
</kw>
<kw type="kw" timeout="" name="${return_log_entry} = BuiltIn.Run Keyword If">
<doc>Runs the given keyword with the given arguments, if `condition` is true.</doc>
<arguments>
<arg>'${execution_status}'=='FAIL'</arg>
<arg>Set Variable</arg>
<arg>${EMPTY}</arg>
<arg>ELSE</arg>
<arg>Set Variable</arg>
<arg>${return_log_entry}</arg>
</arguments>
<kw type="kw" timeout="" name="BuiltIn.Set Variable">
<doc>Returns the given values which can then be assigned to a variables.</doc>
<arguments>
<arg>${return_log_entry}</arg>
</arguments>
<status status="PASS" endtime="20140520 13:19:08.508" starttime="20140520 13:19:08.505"></status>
</kw>
<msg timestamp="20140520 13:19:08.510" level="INFO">${return_log_entry} = 2014-05-20 13:19:08,395 ERROR [log] LowLevelOps.Voice.release.output.resultCode=VOICE_STATE_PRECONDITION_VIOLATION</msg>
<status status="PASS" endtime="20140520 13:19:08.510" starttime="20140520 13:19:08.493"></status>
</kw>
<kw type="kw" timeout="" name="${return_log_entry} = BuiltIn.Run Keyword If">
<doc>Runs the given keyword with the given arguments, if `condition` is true.</doc>
<arguments>
<arg>'${return_log_entry}'=='${NONE}'</arg>
<arg>Set Variable</arg>
<arg>${EMPTY}</arg>
<arg>ELSE</arg>
<arg>Set Variable</arg>
<arg>${return_log_entry}</arg>
</arguments>
<kw type="kw" timeout="" name="BuiltIn.Set Variable">
<doc>Returns the given values which can then be assigned to a variables.</doc>
<arguments>
<arg>${return_log_entry}</arg>
</arguments>
<status status="PASS" endtime="20140520 13:19:08.528" starttime="20140520 13:19:08.525"></status>
</kw>
<msg timestamp="20140520 13:19:08.531" level="INFO">${return_log_entry} = 2014-05-20 13:19:08,395 ERROR [log] LowLevelOps.Voice.release.output.resultCode=VOICE_STATE_PRECONDITION_VIOLATION</msg>
<status status="PASS" endtime="20140520 13:19:08.530" starttime="20140520 13:19:08.513"></status>
</kw>
<kw type="kw" timeout="" name="${resultCode} = BuiltIn.Run Keyword If">
<doc>Runs the given keyword with the given arguments, if `condition` is true.</doc>
<arguments>
<arg>'${return_log_entry}'!='${EMPTY}'</arg>
<arg>Fetch From Right</arg>
<arg>${return_log_entry}</arg>
<arg>${return_marker}</arg>
<arg>ELSE</arg>
<arg>Set Variable</arg>
<arg>${resultCode}</arg>
</arguments>
<kw type="kw" timeout="" name="String.Fetch From Right">
<doc>Returns contents of the `string` after the last occurrence of `marker`.</doc>
<arguments>
<arg>${return_log_entry}</arg>
<arg>${return_marker}</arg>
</arguments>
<status status="PASS" endtime="20140520 13:19:08.549" starttime="20140520 13:19:08.544"></status>
</kw>
<msg timestamp="20140520 13:19:08.551" level="INFO">${resultCode} = VOICE_STATE_PRECONDITION_VIOLATION</msg>
<status status="PASS" endtime="20140520 13:19:08.550" starttime="20140520 13:19:08.533"></status>
</kw>
<kw type="kw" timeout="" name="${resultCode} = BuiltIn.Run Keyword If">
<doc>Runs the given keyword with the given arguments, if `condition` is true.</doc>
<arguments>
<arg>'${resultCode}'=='${NONE}'</arg>
<arg>Set Variable</arg>
<arg>${default_value}</arg>
<arg>ELSE IF</arg>
<arg>'${resultCode}'=='${EMPTY}'</arg>
<arg>Set Variable</arg>
<arg>${default_value}</arg>
<arg>ELSE</arg>
<arg>Set Variable</arg>
<arg>${resultCode}</arg>
</arguments>
<kw type="kw" timeout="" name="BuiltIn.Set Variable">
<doc>Returns the given values which can then be assigned to a variables.</doc>
<arguments>
<arg>${resultCode}</arg>
</arguments>
<status status="PASS" endtime="20140520 13:19:08.575" starttime="20140520 13:19:08.571"></status>
</kw>
<msg timestamp="20140520 13:19:08.577" level="INFO">${resultCode} = VOICE_STATE_PRECONDITION_VIOLATION</msg>
<status status="PASS" endtime="20140520 13:19:08.576" starttime="20140520 13:19:08.553"></status>
</kw>
<msg timestamp="20140520 13:19:08.580" level="INFO">${resultCode} = VOICE_STATE_PRECONDITION_VIOLATION</msg>
<status status="PASS" endtime="20140520 13:19:08.579" starttime="20140520 13:19:08.436"></status>
</kw>
<kw type="kw" timeout="" name="ars_support-resource.ARS Cleanup SoapUI Logs">
<doc>This is a PRIVATE helper function to cleanup the testsuite directory from logs created by a SoapUI testcase.</doc>
<arguments>
<arg>LowLevelOps-Voicerelease</arg>
</arguments>
<kw type="kw" timeout="" name="BuiltIn.Comment">
<doc>Displays the given messages in the log file as keyword arguments.</doc>
<arguments>
<arg>Run Keyword And Ignore Error</arg>
<arg>Remove File</arg>
<arg>${SOAPUI GROOVY LOG}</arg>
</arguments>
<status status="PASS" endtime="20140520 13:19:08.603" starttime="20140520 13:19:08.601"></status>
</kw>
<kw type="kw" timeout="" name="BuiltIn.Comment">
<doc>Displays the given messages in the log file as keyword arguments.</doc>
<arguments>
<arg>Run Keyword And Ignore Error</arg>
<arg>Remove File</arg>
<arg>${SOAPUI LOG}</arg>
</arguments>
<status status="PASS" endtime="20140520 13:19:08.608" starttime="20140520 13:19:08.605"></status>
</kw>
<kw type="kw" timeout="" name="BuiltIn.Comment">
<doc>Displays the given messages in the log file as keyword arguments.</doc>
<arguments>
<arg>Run Keyword And Ignore Error</arg>
<arg>Remove File</arg>
<arg>${SOAPUI ERROR LOG}</arg>
</arguments>
<status status="PASS" endtime="20140520 13:19:08.613" starttime="20140520 13:19:08.610"></status>
</kw>
<kw type="kw" timeout="" name="BuiltIn.Run Keyword If">
<doc>Runs the given keyword with the given arguments, if `condition` is true.</doc>
<arguments>
<arg>'${tc_specific_files_prefix}'!='${EMPTY}'</arg>
<arg>Run Keyword And Ignore Error</arg>
<arg>Remove File</arg>
<arg>${tc_specific_files_prefix}*.*</arg>
</arguments>
<kw type="kw" timeout="" name="BuiltIn.Run Keyword And Ignore Error">
<doc>Runs the given keyword with the given arguments and ignores possible error.</doc>
<arguments>
<arg>Remove File</arg>
<arg>${tc_specific_files_prefix}*.*</arg>
</arguments>
<kw type="kw" timeout="" name="OperatingSystem.Remove File">
<doc>Removes a file with the given path.</doc>
<arguments>
<arg>${tc_specific_files_prefix}*.*</arg>
</arguments>
<msg timestamp="20140520 13:19:08.635" html="yes" level="INFO">Removed file '&lt;a href="file:///opt/robot/robotworkspace/robot_testsuites/experimental/hew/e2e-testing/basic-service-tests/IN_BST_008-NumberTranslation/LowLevelOps-Voicerelease-01_release-0-FAILED.txt"&gt;/opt/robot/robotworkspace/robot_testsuites/experimental/hew/e2e-testing/basic-service-tests/IN_BST_008-NumberTranslation/LowLevelOps-Voicerelease-01_release-0-FAILED.txt&lt;/a&gt;'</msg>
<msg timestamp="20140520 13:19:08.637" html="yes" level="INFO">Removed file '&lt;a href="file:///opt/robot/robotworkspace/robot_testsuites/experimental/hew/e2e-testing/basic-service-tests/IN_BST_008-NumberTranslation/LowLevelOps-Voicerelease-cancel-0-FAILED.txt"&gt;/opt/robot/robotworkspace/robot_testsuites/experimental/hew/e2e-testing/basic-service-tests/IN_BST_008-NumberTranslation/LowLevelOps-Voicerelease-cancel-0-FAILED.txt&lt;/a&gt;'</msg>
<status status="PASS" endtime="20140520 13:19:08.638" starttime="20140520 13:19:08.629"></status>
</kw>
<status status="PASS" endtime="20140520 13:19:08.640" starttime="20140520 13:19:08.625"></status>
</kw>
<status status="PASS" endtime="20140520 13:19:08.641" starttime="20140520 13:19:08.615"></status>
</kw>
<status status="PASS" endtime="20140520 13:19:08.641" starttime="20140520 13:19:08.584"></status>
</kw>
<status status="PASS" endtime="20140520 13:19:08.643" starttime="20140520 13:19:07.423"></status>
</kw>
<kw type="kw" timeout="" name="ars_support-resource.ARS Release">
<doc>Releases an incomming/outgoing call attempt or an already established call on an Android Phones attached to an Android Remoting Server</doc>
<arguments>
<arg>${ANDROID REMOTING HOST}</arg>
<arg>${ANDROID REMOTING PORT}</arg>
<arg>${ATTACHED_OFFNET_PHONE_12_IMSI}</arg>
</arguments>
<kw type="kw" timeout="" name="ars_support-resource.ARS Setup SoapUI Logs">
<doc>This is a PRIVATE helper function to setup the SoapUI's basic log files since for unknown reasons SoapUI sometimes doesn't newly create them</doc>
<arguments>
</arguments>
<kw type="kw" timeout="" name="BuiltIn.Run Keyword And Ignore Error">
<doc>Runs the given keyword with the given arguments and ignores possible error.</doc>
<arguments>
<arg>Create File</arg>
<arg>${SOAPUI GROOVY LOG}</arg>
</arguments>
<kw type="kw" timeout="" name="OperatingSystem.Create File">
<doc>Creates a file with the given content and encoding.</doc>
<arguments>
<arg>${SOAPUI GROOVY LOG}</arg>
</arguments>
<msg timestamp="20140520 13:19:08.718" html="yes" level="INFO">Created file '&lt;a href="file:///opt/robot/robotworkspace/robot_testsuites/experimental/hew/e2e-testing/basic-service-tests/IN_BST_008-NumberTranslation/global-groovy.log"&gt;/opt/robot/robotworkspace/robot_testsuites/experimental/hew/e2e-testing/basic-service-tests/IN_BST_008-NumberTranslation/global-groovy.log&lt;/a&gt;'</msg>
<status status="PASS" endtime="20140520 13:19:08.720" starttime="20140520 13:19:08.711"></status>
</kw>
<status status="PASS" endtime="20140520 13:19:08.721" starttime="20140520 13:19:08.706"></status>
</kw>
<kw type="kw" timeout="" name="BuiltIn.Run Keyword And Ignore Error">
<doc>Runs the given keyword with the given arguments and ignores possible error.</doc>
<arguments>
<arg>Create File</arg>
<arg>${SOAPUI LOG}</arg>
</arguments>
<kw type="kw" timeout="" name="OperatingSystem.Create File">
<doc>Creates a file with the given content and encoding.</doc>
<arguments>
<arg>${SOAPUI LOG}</arg>
</arguments>
<msg timestamp="20140520 13:19:08.737" html="yes" level="INFO">Created file '&lt;a href="file:///opt/robot/robotworkspace/robot_testsuites/experimental/hew/e2e-testing/basic-service-tests/IN_BST_008-NumberTranslation/soapui.log"&gt;/opt/robot/robotworkspace/robot_testsuites/experimental/hew/e2e-testing/basic-service-tests/IN_BST_008-NumberTranslation/soapui.log&lt;/a&gt;'</msg>
<status status="PASS" endtime="20140520 13:19:08.739" starttime="20140520 13:19:08.730"></status>
</kw>
<status status="PASS" endtime="20140520 13:19:08.741" starttime="20140520 13:19:08.725"></status>
</kw>
<kw type="kw" timeout="" name="BuiltIn.Run Keyword And Ignore Error">
<doc>Runs the given keyword with the given arguments and ignores possible error.</doc>
<arguments>
<arg>Create File</arg>
<arg>${SOAPUI ERROR LOG}</arg>
</arguments>
<kw type="kw" timeout="" name="OperatingSystem.Create File">
<doc>Creates a file with the given content and encoding.</doc>
<arguments>
<arg>${SOAPUI ERROR LOG}</arg>
</arguments>
<msg timestamp="20140520 13:19:08.757" html="yes" level="INFO">Created file '&lt;a href="file:///opt/robot/robotworkspace/robot_testsuites/experimental/hew/e2e-testing/basic-service-tests/IN_BST_008-NumberTranslation/soapui-errors.log"&gt;/opt/robot/robotworkspace/robot_testsuites/experimental/hew/e2e-testing/basic-service-tests/IN_BST_008-NumberTranslation/soapui-errors.log&lt;/a&gt;'</msg>
<status status="PASS" endtime="20140520 13:19:08.759" starttime="20140520 13:19:08.750"></status>
</kw>
<status status="PASS" endtime="20140520 13:19:08.761" starttime="20140520 13:19:08.745"></status>
</kw>
<status status="PASS" endtime="20140520 13:19:08.762" starttime="20140520 13:19:08.683"></status>
</kw>
<kw type="kw" timeout="" name="InewSoapUILibrary.Soapui Project">
<doc>Initialize the runner and set the project string </doc>
<arguments>
<arg>${ROBOT WORKSPACE PATH}/${SOAPUI PROJECTS WORKSPACE RELATIVE PATH}</arg>
</arguments>
<msg timestamp="20140520 13:19:08.775" level="INFO">soapUI 4.5.1 TestCase Runner</msg>
<status status="PASS" endtime="20140520 13:19:08.776" starttime="20140520 13:19:08.765"></status>
</kw>
<kw type="kw" timeout="" name="InewSoapUILibrary.Soapui Set Project Property">
<doc>Sets project properties for the current test run.</doc>
<arguments>
<arg>arsHost=${ars_host}</arg>
</arguments>
<status status="PASS" endtime="20140520 13:19:08.785" starttime="20140520 13:19:08.779"></status>
</kw>
<kw type="kw" timeout="" name="InewSoapUILibrary.Soapui Set Project Property">
<doc>Sets project properties for the current test run.</doc>
<arguments>
<arg>arsPort=${ars_port}</arg>
</arguments>
<status status="PASS" endtime="20140520 13:19:08.795" starttime="20140520 13:19:08.788"></status>
</kw>
<kw type="kw" timeout="" name="InewSoapUILibrary.Soapui Suite">
<doc>Set the suite string </doc>
<arguments>
<arg>LowLevelOps</arg>
</arguments>
<status status="PASS" endtime="20140520 13:19:08.802" starttime="20140520 13:19:08.798"></status>
</kw>
<kw type="kw" timeout="" name="InewSoapUILibrary.Soapui Case">
<doc>Set the test case string </doc>
<arguments>
<arg>Voice.release</arg>
</arguments>
<status status="PASS" endtime="20140520 13:19:08.809" starttime="20140520 13:19:08.805"></status>
</kw>
<kw type="kw" timeout="" name="InewSoapUILibrary.Soapui Set Project Property">
<doc>Sets project properties for the current test run.</doc>
<arguments>
<arg>LowLevelOps.Voice.release.input.deviceImsi=${device_imsi}</arg>
</arguments>
<status status="PASS" endtime="20140520 13:19:08.818" starttime="20140520 13:19:08.812"></status>
</kw>
<kw type="kw" timeout="" name="${execution_status}, ${return_value_dummy} = BuiltIn.Run Keyword And Ignore Error">
<doc>Runs the given keyword with the given arguments and ignores possible error.</doc>
<arguments>
<arg>SoapUI Run</arg>
</arguments>
<kw type="kw" timeout="" name="InewSoapUILibrary.Soapui Run">
<doc>Run the runner and report to Robot </doc>
<arguments>
</arguments>
<msg timestamp="20140520 13:19:08.831" level="INFO">Running with the following project properties set: [u'arsHost=10.189.11.226', u'arsPort=8080', u'LowLevelOps.Voice.release.input.deviceImsi=232033013972240', u'arsHost=10.189.11.226', u'arsPort=8080', u'LowLevelOps.Voice.release.input.deviceImsi=232033013972239', u'arsHost=10.189.11.226', u'arsPort=8080', u'LowLevelOps.Voice.release.input.deviceImsi=232033013972241']</msg>
<msg timestamp="20140520 13:19:09.312" level="INFO">13:19:09,305 ERROR [log] LowLevelOps.Voice.release.output.resultCode=VOICE_STATE_PRECONDITION_VIOLATION</msg>
<msg timestamp="20140520 13:19:09.336" level="FAIL">resultCode = OK in [01_release] failed;
[Missing token [&lt;ns2:resultCode&gt;OK&lt;/ns2:resultCode&gt;] in Response]
Status: FAILED
Time Taken: 16
Size: 528
Timestamp: Tue May 20 13:19:09 UTC 2014
TestStep: 01_release

----------------- Messages ------------------------------
[resultCode = OK] Missing token [&lt;ns2:resultCode&gt;OK&lt;/ns2:resultCode&gt;] in Response

----------------- Properties ------------------------------
Encoding: UTF-8
Endpoint: http://10.189.11.226:8080/androidremoting/voice

---------------- Request ---------------------------
Request Headers: Host : 10.189.11.226:8080
Content-Length : 313
SOAPAction : ""
Accept-Encoding : gzip,deflate
User-Agent : Apache-HttpClient/4.3.1 (java 1.5)
Connection : Keep-Alive
Content-Type : text/xml;charset=UTF-8


&lt;soapenv:Envelope xmlns:soapenv="http://schemas.xmlsoap.org/soap/envelope/" xmlns:api="http://api.androidremoting.callsgen.inewcs.com/"&gt;
   &lt;soapenv:Header/&gt;
   &lt;soapenv:Body&gt;
      &lt;api:release&gt;
         &lt;api:deviceImsi&gt;232033013972241&lt;/api:deviceImsi&gt;
      &lt;/api:release&gt;
   &lt;/soapenv:Body&gt;
&lt;/soapenv:Envelope&gt;

---------------- Response --------------------------
Response Headers: #status# : HTTP/1.1 200 OK
Content-Length : 528
Content-Type : text/xml; charset=utf-8
Server : Jetty(6.1.18)


&lt;soap:Envelope xmlns:soap="http://schemas.xmlsoap.org/soap/envelope/"&gt;
   &lt;soap:Body&gt;
      &lt;ns1:releaseResponse xmlns:ns1="http://api.androidremoting.callsgen.inewcs.com/"&gt;
         &lt;ns1:return ns3:type="ns2:PhoneActionResult" xmlns:ns2="http://api.androidremoting.callsgen.inewcs.com" xmlns:ns3="http://www.w3.org/2001/XMLSchema-instance"&gt;
            &lt;ns2:failedReason&gt;VOICE_STATE_PRECONDITION_VIOLATION&lt;/ns2:failedReason&gt;
            &lt;ns2:resultCode&gt;FAILED&lt;/ns2:resultCode&gt;
            &lt;ns2:phoneEvents/&gt;
         &lt;/ns1:return&gt;
      &lt;/ns1:releaseResponse&gt;
   &lt;/soap:Body&gt;
&lt;/soap:Envelope&gt;</msg>
<status status="FAIL" endtime="20140520 13:19:09.340" starttime="20140520 13:19:08.827"></status>
</kw>
<msg timestamp="20140520 13:19:09.347" level="INFO">${execution_status} = FAIL</msg>
<msg timestamp="20140520 13:19:09.349" level="INFO">${return_value_dummy} = resultCode = OK in [01_release] failed;
[Missing token [&lt;ns2:resultCode&gt;OK&lt;/ns2:resultCode&gt;] in Response]
Status: FAILED
Time Taken: 16
Size: 528
Timestamp: Tue May 20 13:19:09 UTC 2014
TestStep: 01_r...</msg>
<status status="PASS" endtime="20140520 13:19:09.344" starttime="20140520 13:19:08.822"></status>
</kw>
<kw type="kw" timeout="" name="${resultCode} = ars_support-resource.ARS Get Groovy Log Return Property">
<doc>This is a PRIVATE helper function to retrieve return values placed into the Groovy log by the SoaupUI TCs .</doc>
<arguments>
<arg>LowLevelOps.Voice.release.output.resultCode</arg>
<arg>UNKNOWN_ERROR</arg>
</arguments>
<kw type="kw" timeout="" name="${return_marker} = BuiltIn.Set Variable">
<doc>Returns the given values which can then be assigned to a variables.</doc>
<arguments>
<arg>${property_name}=</arg>
</arguments>
<msg timestamp="20140520 13:19:09.382" level="INFO">${return_marker} = LowLevelOps.Voice.release.output.resultCode=</msg>
<status status="PASS" endtime="20140520 13:19:09.381" starttime="20140520 13:19:09.375"></status>
</kw>
<kw type="kw" timeout="" name="${resultCode} = BuiltIn.Set Variable">
<doc>Returns the given values which can then be assigned to a variables.</doc>
<arguments>
<arg>${EMPTY}</arg>
</arguments>
<msg timestamp="20140520 13:19:09.392" level="INFO">${resultCode} = </msg>
<status status="PASS" endtime="20140520 13:19:09.390" starttime="20140520 13:19:09.385"></status>
</kw>
<kw type="kw" timeout="" name="${return_log_entry} = BuiltIn.Set Variable">
<doc>Returns the given values which can then be assigned to a variables.</doc>
<arguments>
<arg>${EMPTY}</arg>
</arguments>
<msg timestamp="20140520 13:19:09.400" level="INFO">${return_log_entry} = </msg>
<status status="PASS" endtime="20140520 13:19:09.399" starttime="20140520 13:19:09.394"></status>
</kw>
<kw type="kw" timeout="" name="${execution_status}, ${return_log_entry} = BuiltIn.Run Keyword And Ignore Error">
<doc>Runs the given keyword with the given arguments and ignores possible error.</doc>
<arguments>
<arg>Grep File</arg>
<arg>${SOAPUI GROOVY LOG}</arg>
<arg>${return_marker}</arg>
</arguments>
<kw type="kw" timeout="" name="OperatingSystem.Grep File">
<doc>Returns the lines of the specified file that match the `pattern`.</doc>
<arguments>
<arg>${SOAPUI GROOVY LOG}</arg>
<arg>${return_marker}</arg>
</arguments>
<msg timestamp="20140520 13:19:09.415" html="yes" level="INFO">Getting file '&lt;a href="file:///opt/robot/robotworkspace/robot_testsuites/experimental/hew/e2e-testing/basic-service-tests/IN_BST_008-NumberTranslation/global-groovy.log"&gt;/opt/robot/robotworkspace/robot_testsuites/experimental/hew/e2e-testing/basic-service-tests/IN_BST_008-NumberTranslation/global-groovy.log&lt;/a&gt;'</msg>
<msg timestamp="20140520 13:19:09.418" level="INFO">1 out of 1 lines matched</msg>
<status status="PASS" endtime="20140520 13:19:09.419" starttime="20140520 13:19:09.408"></status>
</kw>
<msg timestamp="20140520 13:19:09.422" level="INFO">${execution_status} = PASS</msg>
<msg timestamp="20140520 13:19:09.423" level="INFO">${return_log_entry} = 2014-05-20 13:19:09,305 ERROR [log] LowLevelOps.Voice.release.output.resultCode=VOICE_STATE_PRECONDITION_VIOLATION</msg>
<status status="PASS" endtime="20140520 13:19:09.421" starttime="20140520 13:19:09.403"></status>
</kw>
<kw type="kw" timeout="" name="${return_log_entry} = BuiltIn.Run Keyword If">
<doc>Runs the given keyword with the given arguments, if `condition` is true.</doc>
<arguments>
<arg>'${execution_status}'=='FAIL'</arg>
<arg>Set Variable</arg>
<arg>${EMPTY}</arg>
<arg>ELSE</arg>
<arg>Set Variable</arg>
<arg>${return_log_entry}</arg>
</arguments>
<kw type="kw" timeout="" name="BuiltIn.Set Variable">
<doc>Returns the given values which can then be assigned to a variables.</doc>
<arguments>
<arg>${return_log_entry}</arg>
</arguments>
<status status="PASS" endtime="20140520 13:19:09.447" starttime="20140520 13:19:09.441"></status>
</kw>
<msg timestamp="20140520 13:19:09.450" level="INFO">${return_log_entry} = 2014-05-20 13:19:09,305 ERROR [log] LowLevelOps.Voice.release.output.resultCode=VOICE_STATE_PRECONDITION_VIOLATION</msg>
<status status="PASS" endtime="20140520 13:19:09.449" starttime="20140520 13:19:09.426"></status>
</kw>
<kw type="kw" timeout="" name="${return_log_entry} = BuiltIn.Run Keyword If">
<doc>Runs the given keyword with the given arguments, if `condition` is true.</doc>
<arguments>
<arg>'${return_log_entry}'=='${NONE}'</arg>
<arg>Set Variable</arg>
<arg>${EMPTY}</arg>
<arg>ELSE</arg>
<arg>Set Variable</arg>
<arg>${return_log_entry}</arg>
</arguments>
<kw type="kw" timeout="" name="BuiltIn.Set Variable">
<doc>Returns the given values which can then be assigned to a variables.</doc>
<arguments>
<arg>${return_log_entry}</arg>
</arguments>
<status status="PASS" endtime="20140520 13:19:09.474" starttime="20140520 13:19:09.469"></status>
</kw>
<msg timestamp="20140520 13:19:09.477" level="INFO">${return_log_entry} = 2014-05-20 13:19:09,305 ERROR [log] LowLevelOps.Voice.release.output.resultCode=VOICE_STATE_PRECONDITION_VIOLATION</msg>
<status status="PASS" endtime="20140520 13:19:09.476" starttime="20140520 13:19:09.453"></status>
</kw>
<kw type="kw" timeout="" name="${resultCode} = BuiltIn.Run Keyword If">
<doc>Runs the given keyword with the given arguments, if `condition` is true.</doc>
<arguments>
<arg>'${return_log_entry}'!='${EMPTY}'</arg>
<arg>Fetch From Right</arg>
<arg>${return_log_entry}</arg>
<arg>${return_marker}</arg>
<arg>ELSE</arg>
<arg>Set Variable</arg>
<arg>${resultCode}</arg>
</arguments>
<kw type="kw" timeout="" name="String.Fetch From Right">
<doc>Returns contents of the `string` after the last occurrence of `marker`.</doc>
<arguments>
<arg>${return_log_entry}</arg>
<arg>${return_marker}</arg>
</arguments>
<status status="PASS" endtime="20140520 13:19:09.504" starttime="20140520 13:19:09.496"></status>
</kw>
<msg timestamp="20140520 13:19:09.506" level="INFO">${resultCode} = VOICE_STATE_PRECONDITION_VIOLATION</msg>
<status status="PASS" endtime="20140520 13:19:09.505" starttime="20140520 13:19:09.480"></status>
</kw>
<kw type="kw" timeout="" name="${resultCode} = BuiltIn.Run Keyword If">
<doc>Runs the given keyword with the given arguments, if `condition` is true.</doc>
<arguments>
<arg>'${resultCode}'=='${NONE}'</arg>
<arg>Set Variable</arg>
<arg>${default_value}</arg>
<arg>ELSE IF</arg>
<arg>'${resultCode}'=='${EMPTY}'</arg>
<arg>Set Variable</arg>
<arg>${default_value}</arg>
<arg>ELSE</arg>
<arg>Set Variable</arg>
<arg>${resultCode}</arg>
</arguments>
<kw type="kw" timeout="" name="BuiltIn.Set Variable">
<doc>Returns the given values which can then be assigned to a variables.</doc>
<arguments>
<arg>${resultCode}</arg>
</arguments>
<status status="PASS" endtime="20140520 13:19:09.542" starttime="20140520 13:19:09.536"></status>
</kw>
<msg timestamp="20140520 13:19:09.545" level="INFO">${resultCode} = VOICE_STATE_PRECONDITION_VIOLATION</msg>
<status status="PASS" endtime="20140520 13:19:09.544" starttime="20140520 13:19:09.509"></status>
</kw>
<msg timestamp="20140520 13:19:09.549" level="INFO">${resultCode} = VOICE_STATE_PRECONDITION_VIOLATION</msg>
<status status="PASS" endtime="20140520 13:19:09.548" starttime="20140520 13:19:09.354"></status>
</kw>
<kw type="kw" timeout="" name="ars_support-resource.ARS Cleanup SoapUI Logs">
<doc>This is a PRIVATE helper function to cleanup the testsuite directory from logs created by a SoapUI testcase.</doc>
<arguments>
<arg>LowLevelOps-Voicerelease</arg>
</arguments>
<kw type="kw" timeout="" name="BuiltIn.Comment">
<doc>Displays the given messages in the log file as keyword arguments.</doc>
<arguments>
<arg>Run Keyword And Ignore Error</arg>
<arg>Remove File</arg>
<arg>${SOAPUI GROOVY LOG}</arg>
</arguments>
<status status="PASS" endtime="20140520 13:19:09.578" starttime="20140520 13:19:09.574"></status>
</kw>
<kw type="kw" timeout="" name="BuiltIn.Comment">
<doc>Displays the given messages in the log file as keyword arguments.</doc>
<arguments>
<arg>Run Keyword And Ignore Error</arg>
<arg>Remove File</arg>
<arg>${SOAPUI LOG}</arg>
</arguments>
<status status="PASS" endtime="20140520 13:19:09.584" starttime="20140520 13:19:09.580"></status>
</kw>
<kw type="kw" timeout="" name="BuiltIn.Comment">
<doc>Displays the given messages in the log file as keyword arguments.</doc>
<arguments>
<arg>Run Keyword And Ignore Error</arg>
<arg>Remove File</arg>
<arg>${SOAPUI ERROR LOG}</arg>
</arguments>
<status status="PASS" endtime="20140520 13:19:09.590" starttime="20140520 13:19:09.586"></status>
</kw>
<kw type="kw" timeout="" name="BuiltIn.Run Keyword If">
<doc>Runs the given keyword with the given arguments, if `condition` is true.</doc>
<arguments>
<arg>'${tc_specific_files_prefix}'!='${EMPTY}'</arg>
<arg>Run Keyword And Ignore Error</arg>
<arg>Remove File</arg>
<arg>${tc_specific_files_prefix}*.*</arg>
</arguments>
<kw type="kw" timeout="" name="BuiltIn.Run Keyword And Ignore Error">
<doc>Runs the given keyword with the given arguments and ignores possible error.</doc>
<arguments>
<arg>Remove File</arg>
<arg>${tc_specific_files_prefix}*.*</arg>
</arguments>
<kw type="kw" timeout="" name="OperatingSystem.Remove File">
<doc>Removes a file with the given path.</doc>
<arguments>
<arg>${tc_specific_files_prefix}*.*</arg>
</arguments>
<msg timestamp="20140520 13:19:09.618" html="yes" level="INFO">Removed file '&lt;a href="file:///opt/robot/robotworkspace/robot_testsuites/experimental/hew/e2e-testing/basic-service-tests/IN_BST_008-NumberTranslation/LowLevelOps-Voicerelease-01_release-0-FAILED.txt"&gt;/opt/robot/robotworkspace/robot_testsuites/experimental/hew/e2e-testing/basic-service-tests/IN_BST_008-NumberTranslation/LowLevelOps-Voicerelease-01_release-0-FAILED.txt&lt;/a&gt;'</msg>
<msg timestamp="20140520 13:19:09.620" html="yes" level="INFO">Removed file '&lt;a href="file:///opt/robot/robotworkspace/robot_testsuites/experimental/hew/e2e-testing/basic-service-tests/IN_BST_008-NumberTranslation/LowLevelOps-Voicerelease-cancel-0-FAILED.txt"&gt;/opt/robot/robotworkspace/robot_testsuites/experimental/hew/e2e-testing/basic-service-tests/IN_BST_008-NumberTranslation/LowLevelOps-Voicerelease-cancel-0-FAILED.txt&lt;/a&gt;'</msg>
<status status="PASS" endtime="20140520 13:19:09.622" starttime="20140520 13:19:09.610"></status>
</kw>
<status status="PASS" endtime="20140520 13:19:09.624" starttime="20140520 13:19:09.606"></status>
</kw>
<status status="PASS" endtime="20140520 13:19:09.625" starttime="20140520 13:19:09.592"></status>
</kw>
<status status="PASS" endtime="20140520 13:19:09.626" starttime="20140520 13:19:09.553"></status>
</kw>
<status status="PASS" endtime="20140520 13:19:09.628" starttime="20140520 13:19:08.651"></status>
</kw>
<kw type="kw" timeout="" name="ars_support-resource.ARS Release">
<doc>Releases an incomming/outgoing call attempt or an already established call on an Android Phones attached to an Android Remoting Server</doc>
<arguments>
<arg>${ANDROID REMOTING HOST}</arg>
<arg>${ANDROID REMOTING PORT}</arg>
<arg>${ATTACHED_PSEUDO_FIXNET_PHONE_13_IMSI}</arg>
</arguments>
<kw type="kw" timeout="" name="ars_support-resource.ARS Setup SoapUI Logs">
<doc>This is a PRIVATE helper function to setup the SoapUI's basic log files since for unknown reasons SoapUI sometimes doesn't newly create them</doc>
<arguments>
</arguments>
<kw type="kw" timeout="" name="BuiltIn.Run Keyword And Ignore Error">
<doc>Runs the given keyword with the given arguments and ignores possible error.</doc>
<arguments>
<arg>Create File</arg>
<arg>${SOAPUI GROOVY LOG}</arg>
</arguments>
<kw type="kw" timeout="" name="OperatingSystem.Create File">
<doc>Creates a file with the given content and encoding.</doc>
<arguments>
<arg>${SOAPUI GROOVY LOG}</arg>
</arguments>
<msg timestamp="20140520 13:19:09.692" html="yes" level="INFO">Created file '&lt;a href="file:///opt/robot/robotworkspace/robot_testsuites/experimental/hew/e2e-testing/basic-service-tests/IN_BST_008-NumberTranslation/global-groovy.log"&gt;/opt/robot/robotworkspace/robot_testsuites/experimental/hew/e2e-testing/basic-service-tests/IN_BST_008-NumberTranslation/global-groovy.log&lt;/a&gt;'</msg>
<status status="PASS" endtime="20140520 13:19:09.796" starttime="20140520 13:19:09.686"></status>
</kw>
<status status="PASS" endtime="20140520 13:19:09.799" starttime="20140520 13:19:09.681"></status>
</kw>
<kw type="kw" timeout="" name="BuiltIn.Run Keyword And Ignore Error">
<doc>Runs the given keyword with the given arguments and ignores possible error.</doc>
<arguments>
<arg>Create File</arg>
<arg>${SOAPUI LOG}</arg>
</arguments>
<kw type="kw" timeout="" name="OperatingSystem.Create File">
<doc>Creates a file with the given content and encoding.</doc>
<arguments>
<arg>${SOAPUI LOG}</arg>
</arguments>
<msg timestamp="20140520 13:19:09.816" html="yes" level="INFO">Created file '&lt;a href="file:///opt/robot/robotworkspace/robot_testsuites/experimental/hew/e2e-testing/basic-service-tests/IN_BST_008-NumberTranslation/soapui.log"&gt;/opt/robot/robotworkspace/robot_testsuites/experimental/hew/e2e-testing/basic-service-tests/IN_BST_008-NumberTranslation/soapui.log&lt;/a&gt;'</msg>
<status status="PASS" endtime="20140520 13:19:09.818" starttime="20140520 13:19:09.808"></status>
</kw>
<status status="PASS" endtime="20140520 13:19:09.820" starttime="20140520 13:19:09.802"></status>
</kw>
<kw type="kw" timeout="" name="BuiltIn.Run Keyword And Ignore Error">
<doc>Runs the given keyword with the given arguments and ignores possible error.</doc>
<arguments>
<arg>Create File</arg>
<arg>${SOAPUI ERROR LOG}</arg>
</arguments>
<kw type="kw" timeout="" name="OperatingSystem.Create File">
<doc>Creates a file with the given content and encoding.</doc>
<arguments>
<arg>${SOAPUI ERROR LOG}</arg>
</arguments>
<msg timestamp="20140520 13:19:09.838" html="yes" level="INFO">Created file '&lt;a href="file:///opt/robot/robotworkspace/robot_testsuites/experimental/hew/e2e-testing/basic-service-tests/IN_BST_008-NumberTranslation/soapui-errors.log"&gt;/opt/robot/robotworkspace/robot_testsuites/experimental/hew/e2e-testing/basic-service-tests/IN_BST_008-NumberTranslation/soapui-errors.log&lt;/a&gt;'</msg>
<status status="PASS" endtime="20140520 13:19:09.840" starttime="20140520 13:19:09.828"></status>
</kw>
<status status="PASS" endtime="20140520 13:19:09.842" starttime="20140520 13:19:09.823"></status>
</kw>
<status status="PASS" endtime="20140520 13:19:09.843" starttime="20140520 13:19:09.663"></status>
</kw>
<kw type="kw" timeout="" name="InewSoapUILibrary.Soapui Project">
<doc>Initialize the runner and set the project string </doc>
<arguments>
<arg>${ROBOT WORKSPACE PATH}/${SOAPUI PROJECTS WORKSPACE RELATIVE PATH}</arg>
</arguments>
<msg timestamp="20140520 13:19:09.855" level="INFO">soapUI 4.5.1 TestCase Runner</msg>
<status status="PASS" endtime="20140520 13:19:09.856" starttime="20140520 13:19:09.846"></status>
</kw>
<kw type="kw" timeout="" name="InewSoapUILibrary.Soapui Set Project Property">
<doc>Sets project properties for the current test run.</doc>
<arguments>
<arg>arsHost=${ars_host}</arg>
</arguments>
<status status="PASS" endtime="20140520 13:19:09.864" starttime="20140520 13:19:09.858"></status>
</kw>
<kw type="kw" timeout="" name="InewSoapUILibrary.Soapui Set Project Property">
<doc>Sets project properties for the current test run.</doc>
<arguments>
<arg>arsPort=${ars_port}</arg>
</arguments>
<status status="PASS" endtime="20140520 13:19:09.873" starttime="20140520 13:19:09.867"></status>
</kw>
<kw type="kw" timeout="" name="InewSoapUILibrary.Soapui Suite">
<doc>Set the suite string </doc>
<arguments>
<arg>LowLevelOps</arg>
</arguments>
<status status="PASS" endtime="20140520 13:19:09.879" starttime="20140520 13:19:09.875"></status>
</kw>
<kw type="kw" timeout="" name="InewSoapUILibrary.Soapui Case">
<doc>Set the test case string </doc>
<arguments>
<arg>Voice.release</arg>
</arguments>
<status status="PASS" endtime="20140520 13:19:09.885" starttime="20140520 13:19:09.882"></status>
</kw>
<kw type="kw" timeout="" name="InewSoapUILibrary.Soapui Set Project Property">
<doc>Sets project properties for the current test run.</doc>
<arguments>
<arg>LowLevelOps.Voice.release.input.deviceImsi=${device_imsi}</arg>
</arguments>
<status status="PASS" endtime="20140520 13:19:09.894" starttime="20140520 13:19:09.888"></status>
</kw>
<kw type="kw" timeout="" name="${execution_status}, ${return_value_dummy} = BuiltIn.Run Keyword And Ignore Error">
<doc>Runs the given keyword with the given arguments and ignores possible error.</doc>
<arguments>
<arg>SoapUI Run</arg>
</arguments>
<kw type="kw" timeout="" name="InewSoapUILibrary.Soapui Run">
<doc>Run the runner and report to Robot </doc>
<arguments>
</arguments>
<msg timestamp="20140520 13:19:09.905" level="INFO">Running with the following project properties set: [u'arsHost=10.189.11.226', u'arsPort=8080', u'LowLevelOps.Voice.release.input.deviceImsi=232033013972240', u'arsHost=10.189.11.226', u'arsPort=8080', u'LowLevelOps.Voice.release.input.deviceImsi=232033013972239', u'arsHost=10.189.11.226', u'arsPort=8080', u'LowLevelOps.Voice.release.input.deviceImsi=232033013972241', u'arsHost=10.189.11.226', u'arsPort=8080', u'LowLevelOps.Voice.release.input.deviceImsi=232033013972241']</msg>
<msg timestamp="20140520 13:19:10.404" level="INFO">13:19:10,397 ERROR [log] LowLevelOps.Voice.release.output.resultCode=VOICE_STATE_PRECONDITION_VIOLATION</msg>
<msg timestamp="20140520 13:19:10.425" level="FAIL">resultCode = OK in [01_release] failed;
[Missing token [&lt;ns2:resultCode&gt;OK&lt;/ns2:resultCode&gt;] in Response]
Status: FAILED
Time Taken: 16
Size: 528
Timestamp: Tue May 20 13:19:10 UTC 2014
TestStep: 01_release

----------------- Messages ------------------------------
[resultCode = OK] Missing token [&lt;ns2:resultCode&gt;OK&lt;/ns2:resultCode&gt;] in Response

----------------- Properties ------------------------------
Encoding: UTF-8
Endpoint: http://10.189.11.226:8080/androidremoting/voice

---------------- Request ---------------------------
Request Headers: Host : 10.189.11.226:8080
Content-Length : 313
SOAPAction : ""
Accept-Encoding : gzip,deflate
User-Agent : Apache-HttpClient/4.3.1 (java 1.5)
Connection : Keep-Alive
Content-Type : text/xml;charset=UTF-8


&lt;soapenv:Envelope xmlns:soapenv="http://schemas.xmlsoap.org/soap/envelope/" xmlns:api="http://api.androidremoting.callsgen.inewcs.com/"&gt;
   &lt;soapenv:Header/&gt;
   &lt;soapenv:Body&gt;
      &lt;api:release&gt;
         &lt;api:deviceImsi&gt;232033013972241&lt;/api:deviceImsi&gt;
      &lt;/api:release&gt;
   &lt;/soapenv:Body&gt;
&lt;/soapenv:Envelope&gt;

---------------- Response --------------------------
Response Headers: #status# : HTTP/1.1 200 OK
Content-Length : 528
Content-Type : text/xml; charset=utf-8
Server : Jetty(6.1.18)


&lt;soap:Envelope xmlns:soap="http://schemas.xmlsoap.org/soap/envelope/"&gt;
   &lt;soap:Body&gt;
      &lt;ns1:releaseResponse xmlns:ns1="http://api.androidremoting.callsgen.inewcs.com/"&gt;
         &lt;ns1:return ns3:type="ns2:PhoneActionResult" xmlns:ns2="http://api.androidremoting.callsgen.inewcs.com" xmlns:ns3="http://www.w3.org/2001/XMLSchema-instance"&gt;
            &lt;ns2:failedReason&gt;VOICE_STATE_PRECONDITION_VIOLATION&lt;/ns2:failedReason&gt;
            &lt;ns2:resultCode&gt;FAILED&lt;/ns2:resultCode&gt;
            &lt;ns2:phoneEvents/&gt;
         &lt;/ns1:return&gt;
      &lt;/ns1:releaseResponse&gt;
   &lt;/soap:Body&gt;
&lt;/soap:Envelope&gt;</msg>
<status status="FAIL" endtime="20140520 13:19:10.429" starttime="20140520 13:19:09.902"></status>
</kw>
<msg timestamp="20140520 13:19:10.432" level="INFO">${execution_status} = FAIL</msg>
<msg timestamp="20140520 13:19:10.433" level="INFO">${return_value_dummy} = resultCode = OK in [01_release] failed;
[Missing token [&lt;ns2:resultCode&gt;OK&lt;/ns2:resultCode&gt;] in Response]
Status: FAILED
Time Taken: 16
Size: 528
Timestamp: Tue May 20 13:19:10 UTC 2014
TestStep: 01_r...</msg>
<status status="PASS" endtime="20140520 13:19:10.431" starttime="20140520 13:19:09.897"></status>
</kw>
<kw type="kw" timeout="" name="${resultCode} = ars_support-resource.ARS Get Groovy Log Return Property">
<doc>This is a PRIVATE helper function to retrieve return values placed into the Groovy log by the SoaupUI TCs .</doc>
<arguments>
<arg>LowLevelOps.Voice.release.output.resultCode</arg>
<arg>UNKNOWN_ERROR</arg>
</arguments>
<kw type="kw" timeout="" name="${return_marker} = BuiltIn.Set Variable">
<doc>Returns the given values which can then be assigned to a variables.</doc>
<arguments>
<arg>${property_name}=</arg>
</arguments>
<msg timestamp="20140520 13:19:10.456" level="INFO">${return_marker} = LowLevelOps.Voice.release.output.resultCode=</msg>
<status status="PASS" endtime="20140520 13:19:10.455" starttime="20140520 13:19:10.451"></status>
</kw>
<kw type="kw" timeout="" name="${resultCode} = BuiltIn.Set Variable">
<doc>Returns the given values which can then be assigned to a variables.</doc>
<arguments>
<arg>${EMPTY}</arg>
</arguments>
<msg timestamp="20140520 13:19:10.462" level="INFO">${resultCode} = </msg>
<status status="PASS" endtime="20140520 13:19:10.461" starttime="20140520 13:19:10.458"></status>
</kw>
<kw type="kw" timeout="" name="${return_log_entry} = BuiltIn.Set Variable">
<doc>Returns the given values which can then be assigned to a variables.</doc>
<arguments>
<arg>${EMPTY}</arg>
</arguments>
<msg timestamp="20140520 13:19:10.468" level="INFO">${return_log_entry} = </msg>
<status status="PASS" endtime="20140520 13:19:10.467" starttime="20140520 13:19:10.464"></status>
</kw>
<kw type="kw" timeout="" name="${execution_status}, ${return_log_entry} = BuiltIn.Run Keyword And Ignore Error">
<doc>Runs the given keyword with the given arguments and ignores possible error.</doc>
<arguments>
<arg>Grep File</arg>
<arg>${SOAPUI GROOVY LOG}</arg>
<arg>${return_marker}</arg>
</arguments>
<kw type="kw" timeout="" name="OperatingSystem.Grep File">
<doc>Returns the lines of the specified file that match the `pattern`.</doc>
<arguments>
<arg>${SOAPUI GROOVY LOG}</arg>
<arg>${return_marker}</arg>
</arguments>
<msg timestamp="20140520 13:19:10.478" html="yes" level="INFO">Getting file '&lt;a href="file:///opt/robot/robotworkspace/robot_testsuites/experimental/hew/e2e-testing/basic-service-tests/IN_BST_008-NumberTranslation/global-groovy.log"&gt;/opt/robot/robotworkspace/robot_testsuites/experimental/hew/e2e-testing/basic-service-tests/IN_BST_008-NumberTranslation/global-groovy.log&lt;/a&gt;'</msg>
<msg timestamp="20140520 13:19:10.479" level="INFO">1 out of 1 lines matched</msg>
<status status="PASS" endtime="20140520 13:19:10.480" starttime="20140520 13:19:10.473"></status>
</kw>
<msg timestamp="20140520 13:19:10.482" level="INFO">${execution_status} = PASS</msg>
<msg timestamp="20140520 13:19:10.483" level="INFO">${return_log_entry} = 2014-05-20 13:19:10,397 ERROR [log] LowLevelOps.Voice.release.output.resultCode=VOICE_STATE_PRECONDITION_VIOLATION</msg>
<status status="PASS" endtime="20140520 13:19:10.481" starttime="20140520 13:19:10.470"></status>
</kw>
<kw type="kw" timeout="" name="${return_log_entry} = BuiltIn.Run Keyword If">
<doc>Runs the given keyword with the given arguments, if `condition` is true.</doc>
<arguments>
<arg>'${execution_status}'=='FAIL'</arg>
<arg>Set Variable</arg>
<arg>${EMPTY}</arg>
<arg>ELSE</arg>
<arg>Set Variable</arg>
<arg>${return_log_entry}</arg>
</arguments>
<kw type="kw" timeout="" name="BuiltIn.Set Variable">
<doc>Returns the given values which can then be assigned to a variables.</doc>
<arguments>
<arg>${return_log_entry}</arg>
</arguments>
<status status="PASS" endtime="20140520 13:19:10.500" starttime="20140520 13:19:10.497"></status>
</kw>
<msg timestamp="20140520 13:19:10.502" level="INFO">${return_log_entry} = 2014-05-20 13:19:10,397 ERROR [log] LowLevelOps.Voice.release.output.resultCode=VOICE_STATE_PRECONDITION_VIOLATION</msg>
<status status="PASS" endtime="20140520 13:19:10.502" starttime="20140520 13:19:10.485"></status>
</kw>
<kw type="kw" timeout="" name="${return_log_entry} = BuiltIn.Run Keyword If">
<doc>Runs the given keyword with the given arguments, if `condition` is true.</doc>
[...]
<doc>This is a PRIVATE helper function to retrieve return values placed into the Groovy log by the SoaupUI TCs .</doc>
<arguments>
<arg>Testcases.Ussd.output.resultCode</arg>
<arg>UNKNOWN_ERROR</arg>
</arguments>
<kw type="kw" timeout="" name="${return_marker} = BuiltIn.Set Variable">
<doc>Returns the given values which can then be assigned to a variables.</doc>
<arguments>
<arg>${property_name}=</arg>
</arguments>
<msg timestamp="20140520 13:22:39.573" level="INFO">${return_marker} = Testcases.Ussd.output.resultCode=</msg>
<status status="PASS" endtime="20140520 13:22:39.572" starttime="20140520 13:22:39.570"></status>
</kw>
<kw type="kw" timeout="" name="${resultCode} = BuiltIn.Set Variable">
<doc>Returns the given values which can then be assigned to a variables.</doc>
<arguments>
<arg>${EMPTY}</arg>
</arguments>
<msg timestamp="20140520 13:22:39.576" level="INFO">${resultCode} = </msg>
<status status="PASS" endtime="20140520 13:22:39.576" starttime="20140520 13:22:39.574"></status>
</kw>
<kw type="kw" timeout="" name="${return_log_entry} = BuiltIn.Set Variable">
<doc>Returns the given values which can then be assigned to a variables.</doc>
<arguments>
<arg>${EMPTY}</arg>
</arguments>
<msg timestamp="20140520 13:22:39.580" level="INFO">${return_log_entry} = </msg>
<status status="PASS" endtime="20140520 13:22:39.579" starttime="20140520 13:22:39.577"></status>
</kw>
<kw type="kw" timeout="" name="${execution_status}, ${return_log_entry} = BuiltIn.Run Keyword And Ignore Error">
<doc>Runs the given keyword with the given arguments and ignores possible error.</doc>
<arguments>
<arg>Grep File</arg>
<arg>${SOAPUI GROOVY LOG}</arg>
<arg>${return_marker}</arg>
</arguments>
<kw type="kw" timeout="" name="OperatingSystem.Grep File">
<doc>Returns the lines of the specified file that match the `pattern`.</doc>
<arguments>
<arg>${SOAPUI GROOVY LOG}</arg>
<arg>${return_marker}</arg>
</arguments>
<msg timestamp="20140520 13:22:39.585" html="yes" level="INFO">Getting file '&lt;a href="file:///opt/robot/robotworkspace/robot_testsuites/experimental/hew/e2e-testing/basic-service-tests/IN_BST_008-NumberTranslation/global-groovy.log"&gt;/opt/robot/robotworkspace/robot_testsuites/experimental/hew/e2e-testing/basic-service-tests/IN_BST_008-NumberTranslation/global-groovy.log&lt;/a&gt;'</msg>
<msg timestamp="20140520 13:22:39.586" level="INFO">1 out of 2 lines matched</msg>
<status status="PASS" endtime="20140520 13:22:39.587" starttime="20140520 13:22:39.582"></status>
</kw>
<msg timestamp="20140520 13:22:39.588" level="INFO">${execution_status} = PASS</msg>
<msg timestamp="20140520 13:22:39.588" level="INFO">${return_log_entry} = 2014-05-20 13:22:39,551 INFO  [log] Testcases.Ussd.output.resultCode=OK</msg>
<status status="PASS" endtime="20140520 13:22:39.587" starttime="20140520 13:22:39.581"></status>
</kw>
<kw type="kw" timeout="" name="${return_log_entry} = BuiltIn.Run Keyword If">
<doc>Runs the given keyword with the given arguments, if `condition` is true.</doc>
<arguments>
<arg>'${execution_status}'=='FAIL'</arg>
<arg>Set Variable</arg>
<arg>${EMPTY}</arg>
<arg>ELSE</arg>
<arg>Set Variable</arg>
<arg>${return_log_entry}</arg>
</arguments>
<kw type="kw" timeout="" name="BuiltIn.Set Variable">
<doc>Returns the given values which can then be assigned to a variables.</doc>
<arguments>
<arg>${return_log_entry}</arg>
</arguments>
<status status="PASS" endtime="20140520 13:22:39.598" starttime="20140520 13:22:39.596"></status>
</kw>
<msg timestamp="20140520 13:22:39.599" level="INFO">${return_log_entry} = 2014-05-20 13:22:39,551 INFO  [log] Testcases.Ussd.output.resultCode=OK</msg>
<status status="PASS" endtime="20140520 13:22:39.598" starttime="20140520 13:22:39.589"></status>
</kw>
<kw type="kw" timeout="" name="${return_log_entry} = BuiltIn.Run Keyword If">
<doc>Runs the given keyword with the given arguments, if `condition` is true.</doc>
<arguments>
<arg>'${return_log_entry}'=='${NONE}'</arg>
<arg>Set Variable</arg>
<arg>${EMPTY}</arg>
<arg>ELSE</arg>
<arg>Set Variable</arg>
<arg>${return_log_entry}</arg>
</arguments>
<kw type="kw" timeout="" name="BuiltIn.Set Variable">
<doc>Returns the given values which can then be assigned to a variables.</doc>
<arguments>
<arg>${return_log_entry}</arg>
</arguments>
<status status="PASS" endtime="20140520 13:22:39.641" starttime="20140520 13:22:39.638"></status>
</kw>
<msg timestamp="20140520 13:22:39.642" level="INFO">${return_log_entry} = 2014-05-20 13:22:39,551 INFO  [log] Testcases.Ussd.output.resultCode=OK</msg>
<status status="PASS" endtime="20140520 13:22:39.642" starttime="20140520 13:22:39.600"></status>
</kw>
<kw type="kw" timeout="" name="${resultCode} = BuiltIn.Run Keyword If">
<doc>Runs the given keyword with the given arguments, if `condition` is true.</doc>
<arguments>
<arg>'${return_log_entry}'!='${EMPTY}'</arg>
<arg>Fetch From Right</arg>
<arg>${return_log_entry}</arg>
<arg>${return_marker}</arg>
<arg>ELSE</arg>
<arg>Set Variable</arg>
<arg>${resultCode}</arg>
</arguments>
<kw type="kw" timeout="" name="String.Fetch From Right">
<doc>Returns contents of the `string` after the last occurrence of `marker`.</doc>
<arguments>
<arg>${return_log_entry}</arg>
<arg>${return_marker}</arg>
</arguments>
<status status="PASS" endtime="20140520 13:22:39.652" starttime="20140520 13:22:39.650"></status>
</kw>
<msg timestamp="20140520 13:22:39.654" level="INFO">${resultCode} = OK</msg>
<status status="PASS" endtime="20140520 13:22:39.653" starttime="20140520 13:22:39.643"></status>
</kw>
<kw type="kw" timeout="" name="${resultCode} = BuiltIn.Run Keyword If">
<doc>Runs the given keyword with the given arguments, if `condition` is true.</doc>
<arguments>
<arg>'${resultCode}'=='${NONE}'</arg>
<arg>Set Variable</arg>
<arg>${default_value}</arg>
<arg>ELSE IF</arg>
<arg>'${resultCode}'=='${EMPTY}'</arg>
<arg>Set Variable</arg>
<arg>${default_value}</arg>
<arg>ELSE</arg>
<arg>Set Variable</arg>
<arg>${resultCode}</arg>
</arguments>
<kw type="kw" timeout="" name="BuiltIn.Set Variable">
<doc>Returns the given values which can then be assigned to a variables.</doc>
<arguments>
<arg>${resultCode}</arg>
</arguments>
<status status="PASS" endtime="20140520 13:22:39.668" starttime="20140520 13:22:39.666"></status>
</kw>
<msg timestamp="20140520 13:22:39.669" level="INFO">${resultCode} = OK</msg>
<status status="PASS" endtime="20140520 13:22:39.668" starttime="20140520 13:22:39.655"></status>
</kw>
<msg timestamp="20140520 13:22:39.670" level="INFO">${resultCode} = OK</msg>
<status status="PASS" endtime="20140520 13:22:39.670" starttime="20140520 13:22:39.563"></status>
</kw>
<kw type="kw" timeout="" name="${response_text} = ars_support-resource.ARS Get Groovy Log Return Property">
<doc>This is a PRIVATE helper function to retrieve return values placed into the Groovy log by the SoaupUI TCs .</doc>
<arguments>
<arg>Testcases.Ussd.output.responseText</arg>
<arg>${EMPTY}</arg>
</arguments>
<kw type="kw" timeout="" name="${return_marker} = BuiltIn.Set Variable">
<doc>Returns the given values which can then be assigned to a variables.</doc>
<arguments>
<arg>${property_name}=</arg>
</arguments>
<msg timestamp="20140520 13:22:39.683" level="INFO">${return_marker} = Testcases.Ussd.output.responseText=</msg>
<status status="PASS" endtime="20140520 13:22:39.682" starttime="20140520 13:22:39.680"></status>
</kw>
<kw type="kw" timeout="" name="${resultCode} = BuiltIn.Set Variable">
<doc>Returns the given values which can then be assigned to a variables.</doc>
<arguments>
<arg>${EMPTY}</arg>
</arguments>
<msg timestamp="20140520 13:22:39.686" level="INFO">${resultCode} = </msg>
<status status="PASS" endtime="20140520 13:22:39.686" starttime="20140520 13:22:39.684"></status>
</kw>
<kw type="kw" timeout="" name="${return_log_entry} = BuiltIn.Set Variable">
<doc>Returns the given values which can then be assigned to a variables.</doc>
<arguments>
<arg>${EMPTY}</arg>
</arguments>
<msg timestamp="20140520 13:22:39.689" level="INFO">${return_log_entry} = </msg>
<status status="PASS" endtime="20140520 13:22:39.689" starttime="20140520 13:22:39.687"></status>
</kw>
<kw type="kw" timeout="" name="${execution_status}, ${return_log_entry} = BuiltIn.Run Keyword And Ignore Error">
<doc>Runs the given keyword with the given arguments and ignores possible error.</doc>
<arguments>
<arg>Grep File</arg>
<arg>${SOAPUI GROOVY LOG}</arg>
<arg>${return_marker}</arg>
</arguments>
<kw type="kw" timeout="" name="OperatingSystem.Grep File">
<doc>Returns the lines of the specified file that match the `pattern`.</doc>
<arguments>
<arg>${SOAPUI GROOVY LOG}</arg>
<arg>${return_marker}</arg>
</arguments>
<msg timestamp="20140520 13:22:39.695" html="yes" level="INFO">Getting file '&lt;a href="file:///opt/robot/robotworkspace/robot_testsuites/experimental/hew/e2e-testing/basic-service-tests/IN_BST_008-NumberTranslation/global-groovy.log"&gt;/opt/robot/robotworkspace/robot_testsuites/experimental/hew/e2e-testing/basic-service-tests/IN_BST_008-NumberTranslation/global-groovy.log&lt;/a&gt;'</msg>
<msg timestamp="20140520 13:22:39.696" level="INFO">1 out of 2 lines matched</msg>
<status status="PASS" endtime="20140520 13:22:39.696" starttime="20140520 13:22:39.692"></status>
</kw>
<msg timestamp="20140520 13:22:39.698" level="INFO">${execution_status} = PASS</msg>
<msg timestamp="20140520 13:22:39.698" level="INFO">${return_log_entry} = 2014-05-20 13:22:39,547 INFO  [log] Testcases.Ussd.output.responseText=Call forwarding&lt;br&gt;Erasure was successful.</msg>
<status status="PASS" endtime="20140520 13:22:39.697" starttime="20140520 13:22:39.690"></status>
</kw>
<kw type="kw" timeout="" name="${return_log_entry} = BuiltIn.Run Keyword If">
<doc>Runs the given keyword with the given arguments, if `condition` is true.</doc>
<arguments>
<arg>'${execution_status}'=='FAIL'</arg>
<arg>Set Variable</arg>
<arg>${EMPTY}</arg>
<arg>ELSE</arg>
<arg>Set Variable</arg>
<arg>${return_log_entry}</arg>
</arguments>
<kw type="kw" timeout="" name="BuiltIn.Set Variable">
<doc>Returns the given values which can then be assigned to a variables.</doc>
<arguments>
<arg>${return_log_entry}</arg>
</arguments>
<status status="PASS" endtime="20140520 13:22:39.708" starttime="20140520 13:22:39.706"></status>
</kw>
<msg timestamp="20140520 13:22:39.709" level="INFO">${return_log_entry} = 2014-05-20 13:22:39,547 INFO  [log] Testcases.Ussd.output.responseText=Call forwarding&lt;br&gt;Erasure was successful.</msg>
<status status="PASS" endtime="20140520 13:22:39.708" starttime="20140520 13:22:39.699"></status>
</kw>
<kw type="kw" timeout="" name="${return_log_entry} = BuiltIn.Run Keyword If">
<doc>Runs the given keyword with the given arguments, if `condition` is true.</doc>
<arguments>
<arg>'${return_log_entry}'=='${NONE}'</arg>
<arg>Set Variable</arg>
<arg>${EMPTY}</arg>
<arg>ELSE</arg>
<arg>Set Variable</arg>
<arg>${return_log_entry}</arg>
</arguments>
<kw type="kw" timeout="" name="BuiltIn.Set Variable">
<doc>Returns the given values which can then be assigned to a variables.</doc>
<arguments>
<arg>${return_log_entry}</arg>
</arguments>
<status status="PASS" endtime="20140520 13:22:39.719" starttime="20140520 13:22:39.717"></status>
</kw>
<msg timestamp="20140520 13:22:39.720" level="INFO">${return_log_entry} = 2014-05-20 13:22:39,547 INFO  [log] Testcases.Ussd.output.responseText=Call forwarding&lt;br&gt;Erasure was successful.</msg>
<status status="PASS" endtime="20140520 13:22:39.719" starttime="20140520 13:22:39.710"></status>
</kw>
<kw type="kw" timeout="" name="${resultCode} = BuiltIn.Run Keyword If">
<doc>Runs the given keyword with the given arguments, if `condition` is true.</doc>
<arguments>
<arg>'${return_log_entry}'!='${EMPTY}'</arg>
<arg>Fetch From Right</arg>
<arg>${return_log_entry}</arg>
<arg>${return_marker}</arg>
<arg>ELSE</arg>
<arg>Set Variable</arg>
<arg>${resultCode}</arg>
</arguments>
<kw type="kw" timeout="" name="String.Fetch From Right">
<doc>Returns contents of the `string` after the last occurrence of `marker`.</doc>
<arguments>
<arg>${return_log_entry}</arg>
<arg>${return_marker}</arg>
</arguments>
<status status="PASS" endtime="20140520 13:22:39.730" starttime="20140520 13:22:39.728"></status>
</kw>
<msg timestamp="20140520 13:22:39.731" level="INFO">${resultCode} = Call forwarding&lt;br&gt;Erasure was successful.</msg>
<status status="PASS" endtime="20140520 13:22:39.731" starttime="20140520 13:22:39.721"></status>
</kw>
<kw type="kw" timeout="" name="${resultCode} = BuiltIn.Run Keyword If">
<doc>Runs the given keyword with the given arguments, if `condition` is true.</doc>
<arguments>
<arg>'${resultCode}'=='${NONE}'</arg>
<arg>Set Variable</arg>
<arg>${default_value}</arg>
<arg>ELSE IF</arg>
<arg>'${resultCode}'=='${EMPTY}'</arg>
<arg>Set Variable</arg>
<arg>${default_value}</arg>
<arg>ELSE</arg>
<arg>Set Variable</arg>
<arg>${resultCode}</arg>
</arguments>
<kw type="kw" timeout="" name="BuiltIn.Set Variable">
<doc>Returns the given values which can then be assigned to a variables.</doc>
<arguments>
<arg>${resultCode}</arg>
</arguments>
<status status="PASS" endtime="20140520 13:22:39.746" starttime="20140520 13:22:39.743"></status>
</kw>
<msg timestamp="20140520 13:22:39.747" level="INFO">${resultCode} = Call forwarding&lt;br&gt;Erasure was successful.</msg>
<status status="PASS" endtime="20140520 13:22:39.746" starttime="20140520 13:22:39.732"></status>
</kw>
<msg timestamp="20140520 13:22:39.748" level="INFO">${response_text} = Call forwarding&lt;br&gt;Erasure was successful.</msg>
<status status="PASS" endtime="20140520 13:22:39.748" starttime="20140520 13:22:39.673"></status>
</kw>
<kw type="kw" timeout="" name="ars_support-resource.ARS Cleanup SoapUI Logs">
<doc>This is a PRIVATE helper function to cleanup the testsuite directory from logs created by a SoapUI testcase.</doc>
<arguments>
<arg>Testcases-Ussd</arg>
</arguments>
<kw type="kw" timeout="" name="BuiltIn.Comment">
<doc>Displays the given messages in the log file as keyword arguments.</doc>
<arguments>
<arg>Run Keyword And Ignore Error</arg>
<arg>Remove File</arg>
<arg>${SOAPUI GROOVY LOG}</arg>
</arguments>
<status status="PASS" endtime="20140520 13:22:39.758" starttime="20140520 13:22:39.757"></status>
</kw>
<kw type="kw" timeout="" name="BuiltIn.Comment">
<doc>Displays the given messages in the log file as keyword arguments.</doc>
<arguments>
<arg>Run Keyword And Ignore Error</arg>
<arg>Remove File</arg>
<arg>${SOAPUI LOG}</arg>
</arguments>
<status status="PASS" endtime="20140520 13:22:39.760" starttime="20140520 13:22:39.759"></status>
</kw>
<kw type="kw" timeout="" name="BuiltIn.Comment">
<doc>Displays the given messages in the log file as keyword arguments.</doc>
<arguments>
<arg>Run Keyword And Ignore Error</arg>
<arg>Remove File</arg>
<arg>${SOAPUI ERROR LOG}</arg>
</arguments>
<status status="PASS" endtime="20140520 13:22:39.763" starttime="20140520 13:22:39.761"></status>
</kw>
<kw type="kw" timeout="" name="BuiltIn.Run Keyword If">
<doc>Runs the given keyword with the given arguments, if `condition` is true.</doc>
<arguments>
<arg>'${tc_specific_files_prefix}'!='${EMPTY}'</arg>
<arg>Run Keyword And Ignore Error</arg>
<arg>Remove File</arg>
<arg>${tc_specific_files_prefix}*.*</arg>
</arguments>
<kw type="kw" timeout="" name="BuiltIn.Run Keyword And Ignore Error">
<doc>Runs the given keyword with the given arguments and ignores possible error.</doc>
<arguments>
<arg>Remove File</arg>
<arg>${tc_specific_files_prefix}*.*</arg>
</arguments>
<kw type="kw" timeout="" name="OperatingSystem.Remove File">
<doc>Removes a file with the given path.</doc>
<arguments>
<arg>${tc_specific_files_prefix}*.*</arg>
</arguments>
<msg timestamp="20140520 13:22:39.775" html="yes" level="INFO">File '&lt;a href="file:///opt/robot/robotworkspace/robot_testsuites/experimental/hew/e2e-testing/basic-service-tests/IN_BST_008-NumberTranslation/Testcases-Ussd*.*"&gt;/opt/robot/robotworkspace/robot_testsuites/experimental/hew/e2e-testing/basic-service-tests/IN_BST_008-NumberTranslation/Testcases-Ussd*.*&lt;/a&gt;' does not exist</msg>
<status status="PASS" endtime="20140520 13:22:39.776" starttime="20140520 13:22:39.772"></status>
</kw>
<status status="PASS" endtime="20140520 13:22:39.777" starttime="20140520 13:22:39.770"></status>
</kw>
<status status="PASS" endtime="20140520 13:22:39.777" starttime="20140520 13:22:39.764"></status>
</kw>
<status status="PASS" endtime="20140520 13:22:39.778" starttime="20140520 13:22:39.750"></status>
</kw>
<msg timestamp="20140520 13:22:39.780" level="INFO">${resultCode} = OK</msg>
<msg timestamp="20140520 13:22:39.781" level="INFO">${response_text} = Call forwarding&lt;br&gt;Erasure was successful.</msg>
<status status="PASS" endtime="20140520 13:22:39.779" starttime="20140520 13:22:32.817"></status>
</kw>
<kw type="kw" timeout="" name="${resultCode} = BuiltIn.Run Keyword If">
<doc>Runs the given keyword with the given arguments, if `condition` is true.</doc>
<arguments>
<arg>'${resultCode}'=='OK' and '${response_text}'!='${ussd_success_response}'</arg>
<arg>Set Variable</arg>
<arg>UNEXPECTED_USSD_RESPONSE</arg>
<arg>ELSE</arg>
<arg>Set Variable</arg>
<arg>${resultCode}</arg>
</arguments>
<kw type="kw" timeout="" name="BuiltIn.Set Variable">
<doc>Returns the given values which can then be assigned to a variables.</doc>
<arguments>
<arg>${resultCode}</arg>
</arguments>
<status status="PASS" endtime="20140520 13:22:39.791" starttime="20140520 13:22:39.789"></status>
</kw>
<msg timestamp="20140520 13:22:39.792" level="INFO">${resultCode} = OK</msg>
<status status="PASS" endtime="20140520 13:22:39.792" starttime="20140520 13:22:39.782"></status>
</kw>
<msg timestamp="20140520 13:22:39.795" level="INFO">${resultCode} = OK</msg>
<status status="PASS" endtime="20140520 13:22:39.793" starttime="20140520 13:22:32.803"></status>
</kw>
<kw type="kw" timeout="" name="BuiltIn.Should Be Equal As Strings">
<doc>Fails if objects are unequal after converting them to strings.</doc>
<arguments>
<arg>${resultCode}</arg>
<arg>OK</arg>
</arguments>
<msg timestamp="20140520 13:22:39.798" level="INFO">Argument types are:
&lt;type 'unicode'&gt;
&lt;type 'unicode'&gt;</msg>
<status status="PASS" endtime="20140520 13:22:39.798" starttime="20140520 13:22:39.796"></status>
</kw>
<status status="PASS" endtime="20140520 13:22:39.799" starttime="20140520 13:22:05.952"></status>
</kw>
<status status="PASS" endtime="20140520 13:22:39.800" starttime="20140520 13:22:05.893"></status>
</kw>
<doc>This is an end-to-end testing implementation of the IN_BST_008 - Number Translation
ATTENTION: The keywords of this suite are exact copies from IN_BST_002-MOC-NumberNormalisation-robot-suite.txt
and thus a candidates to be exported to suite-global-keyword-resource.txt
---------------------------------------------------------------
Run MOC Number Translation Format1
Run MOC Number Translation Format2
Run MOC Number Translation Format3
===============================================================================
Run with arguments:
--variable ROBOT_WORKSPACE_RESOURCE:/opt/robot/robotworkspace/robotworkspace-resource.txt
--variable SUT_RESOURCE:/opt/robot/robotworkspace/suts/MEX-resource.txt
============================================================</doc>
<metadata>
</metadata>
<status status="PASS" endtime="20140520 13:22:39.801" starttime="20140520 13:18:45.872"></status>
</suite>
<statistics>
<total>
<stat pass="3" fail="0">Critical Tests</stat>
<stat pass="3" fail="0">All Tests</stat>
</total>
<tag>
<stat pass="3" info="" doc="" combined="" fail="0" links="">End2EndTest</stat>
<stat pass="3" info="" doc="" combined="" fail="0" links="">experimental</stat>
<stat pass="3" info="" doc="" combined="" fail="0" links="">TNZ_supported</stat>
<stat pass="3" info="" doc="" combined="" fail="0" links="">walter.heincz</stat>
</tag>
<suite>
<stat pass="3" id="s1" fail="0" name="IN BST 008-NumberTranslation-robot-suite">IN BST 008-NumberTranslation-robot-suite</stat>
</suite>
</statistics>
<errors>
</errors>
</robot>
