<?xml version="1.0" encoding="UTF-8"?>
<robot generator="Robot 2.8.7 (Jython 2.7rc1 on java1.7.0_79)" generated="20151201 12:17:51.250">
<suite source="/opt/robot/robotworkspace/robot_testsuites/basic/PrePaid/MTC" id="s1" name="MTC">
<suite source="/opt/robot/robotworkspace/robot_testsuites/basic/PrePaid/MTC/MTC_PREPAID-Abandon" id="s1-s1" name="MTC PREPAID-Abandon">
<suite source="/opt/robot/robotworkspace/robot_testsuites/basic/PrePaid/MTC/MTC_PREPAID-Abandon/MTC_PREPAID-Abandon-robot-suite.txt" id="s1-s1-s1" name="MTC PREPAID-Abandon-robot-suite">
<kw type="setup" name="suite-global-keyword-resource.Setup Suite">
<doc></doc>
<arguments>
</arguments>
<kw type="kw" name="${date} = OperatingSystem.Run">
<doc>Runs the given command in the system and returns the output.</doc>
<arguments>
<arg>date</arg>
</arguments>
<msg timestamp="20151201 12:17:52.944" level="INFO">Running command 'date 2&gt;&amp;1'</msg>
<msg timestamp="20151201 12:17:52.948" level="INFO">${date} = Tue Dec  1 12:17:52 CET 2015</msg>
<status status="PASS" endtime="20151201 12:17:52.947" starttime="20151201 12:17:52.931"></status>
</kw>
<kw type="kw" name="BuiltIn.Log">
<doc>Logs the given message with the given level.</doc>
<arguments>
<arg>Date and time: ${date}</arg>
<arg>console=yes</arg>
</arguments>
<msg timestamp="20151201 12:17:52.953" level="INFO">Date and time: Tue Dec  1 12:17:52 CET 2015</msg>
<status status="PASS" endtime="20151201 12:17:52.954" starttime="20151201 12:17:52.950"></status>
</kw>
<kw type="kw" name="BuiltIn.Log">
<doc>Logs the given message with the given level.</doc>
<arguments>
<arg>Target IN machine: ${IN-APP HOST}</arg>
<arg>console=yes</arg>
</arguments>
<msg timestamp="20151201 12:17:52.958" level="INFO">Target IN machine: 10.105.170.135</msg>
<status status="PASS" endtime="20151201 12:17:52.959" starttime="20151201 12:17:52.956"></status>
</kw>
<kw type="kw" name="${in_rc}, ${in_version} = suite-global-keyword-resource.Get IN Vitality State">
<doc>Checks the state of the IN service</doc>
<arguments>
<arg>${IN-APP HOST}</arg>
<arg>1111</arg>
<arg>${IN-APP USER}</arg>
<arg>${IN-APP PWD}</arg>
<arg>${EMPTY}</arg>
<arg>${IN-APP MOC SERVICE NAME}</arg>
</arguments>
<kw type="kw" name="${ssh_connection} = ssh-support-resource.SSH Login">
<doc>Does a password or RSA key file based login at the passed SSH connection depending whether or not the passed password is .</doc>
<arguments>
<arg>${ssh_user}</arg>
<arg>${ssh_pswd}</arg>
<arg>${ssh_rsa_key_file}</arg>
<arg>host=${host}</arg>
</arguments>
<kw type="kw" name="SSHLibrary.Set Default Configuration">
<doc>Update the default `configuration`.</doc>
<arguments>
<arg>loglevel=INFO</arg>
</arguments>
<status status="PASS" endtime="20151201 12:17:53.036" starttime="20151201 12:17:53.033"></status>
</kw>
<kw type="kw" name="${ssh_connection} = BuiltIn.Run Keyword If">
<doc>Runs the given keyword with the given arguments, if `condition` is true.</doc>
<arguments>
<arg>'${ssh_connection}'=='${EMPTY}'</arg>
<arg>Open Connection</arg>
<arg>${host}</arg>
<arg>port=22</arg>
<arg>timeout=3</arg>
<arg>prompt=$</arg>
</arguments>
<kw type="kw" name="SSHLibrary.Open Connection">
<doc>Opens a new SSH connection to the given `host` and `port`.</doc>
<arguments>
<arg>${host}</arg>
<arg>port=22</arg>
<arg>timeout=3</arg>
<arg>prompt=$</arg>
</arguments>
<status status="PASS" endtime="20151201 12:17:53.243" starttime="20151201 12:17:53.049"></status>
</kw>
<msg timestamp="20151201 12:17:53.248" level="INFO">${ssh_connection} = 1</msg>
<status status="PASS" endtime="20151201 12:17:53.246" starttime="20151201 12:17:53.037"></status>
</kw>
<kw type="kw" name="BuiltIn.Run Keyword If">
<doc>Runs the given keyword with the given arguments, if `condition` is true.</doc>
<arguments>
<arg>'${pswd}'=='${EMPTY}'</arg>
<arg>Login With Public Key</arg>
<arg>${user}</arg>
<arg>${rsa_key_file}</arg>
<arg>ELSE</arg>
<arg>Login</arg>
<arg>${user}</arg>
<arg>${pswd}</arg>
</arguments>
<kw type="kw" name="SSHLibrary.Login">
<doc>Logs into the SSH server with the given `username` and `password`.</doc>
<arguments>
<arg>${user}</arg>
<arg>${pswd}</arg>
</arguments>
<msg timestamp="20151201 12:17:53.272" level="INFO">Logging into '10.105.170.135:22' as 'qa_automation'.</msg>
<msg timestamp="20151201 12:17:53.786" level="INFO">Read output: Last login: Tue Dec  1 09:33:06 2015 from 10.105.80.196
id: cannot find name for group ID 20007
[1m[qa_automation@in-app.tb07 ~]$</msg>
<status status="PASS" endtime="20151201 12:17:53.790" starttime="20151201 12:17:53.266"></status>
</kw>
<status status="PASS" endtime="20151201 12:17:53.792" starttime="20151201 12:17:53.251"></status>
</kw>
<msg timestamp="20151201 12:17:53.798" level="INFO">${ssh_connection} = 1</msg>
<status status="PASS" endtime="20151201 12:17:53.797" starttime="20151201 12:17:53.018"></status>
</kw>
<kw type="kw" name="${resultCode} = BuiltIn.Run Keyword If">
<doc>Runs the given keyword with the given arguments, if `condition` is true.</doc>
<arguments>
<arg>'${ssh_connection}'==''</arg>
<arg>Set Variable</arg>
<arg>LOGIN_FAILED</arg>
</arguments>
<msg timestamp="20151201 12:17:53.813" level="INFO">${resultCode} = None</msg>
<status status="PASS" endtime="20151201 12:17:53.812" starttime="20151201 12:17:53.801"></status>
</kw>
<kw type="kw" name="${output} = SSHLibrary.Execute Command">
<doc>Executes `command` on the remote machine and returns its outputs.</doc>
<arguments>
<arg>sudo service ${service_name} status</arg>
</arguments>
<msg timestamp="20151201 12:17:53.821" level="INFO">Executing command 'sudo service inew-mvno-corein-service-moc-2.1.1 status'.</msg>
<msg timestamp="20151201 12:17:54.199" level="INFO">Command exited with return code 0.</msg>
<msg timestamp="20151201 12:17:54.204" level="INFO">${output} = I-New MVNO VirginMobile Colombia - Core - Service 2.1.1 is running PID: 32150 </msg>
<status status="PASS" endtime="20151201 12:17:54.201" starttime="20151201 12:17:53.816"></status>
</kw>
<kw type="kw" name="${status}, ${rc} = BuiltIn.Run Keyword And Ignore Error">
<doc>Runs the given keyword with the given arguments and ignores possible error.</doc>
<arguments>
<arg>Should Contain</arg>
<arg>${output}</arg>
<arg>is running</arg>
<arg>msg=Service ${service_name} is not running!</arg>
</arguments>
<kw type="kw" name="BuiltIn.Should Contain">
<doc>Fails if `item1` does not contain `item2` one or more times.</doc>
<arguments>
<arg>${output}</arg>
<arg>is running</arg>
<arg>msg=Service ${service_name} is not running!</arg>
</arguments>
<status status="PASS" endtime="20151201 12:17:54.220" starttime="20151201 12:17:54.213"></status>
</kw>
<msg timestamp="20151201 12:17:54.223" level="INFO">${status} = PASS</msg>
<msg timestamp="20151201 12:17:54.225" level="INFO">${rc} = None</msg>
<status status="PASS" endtime="20151201 12:17:54.222" starttime="20151201 12:17:54.208"></status>
</kw>
<kw type="kw" name="${resultCode} = BuiltIn.Run Keyword If">
<doc>Runs the given keyword with the given arguments, if `condition` is true.</doc>
<arguments>
<arg>'${status}'=='PASS'</arg>
<arg>Set Variable</arg>
<arg>OK</arg>
<arg>ELSE</arg>
<arg>Set Variable</arg>
<arg>SERVICE_NOT_RUNNING</arg>
</arguments>
<kw type="kw" name="BuiltIn.Set Variable">
<doc>Returns the given values which can then be assigned to a variables.</doc>
<arguments>
<arg>OK</arg>
</arguments>
<status status="PASS" endtime="20151201 12:17:54.242" starttime="20151201 12:17:54.238"></status>
</kw>
<msg timestamp="20151201 12:17:54.245" level="INFO">${resultCode} = OK</msg>
<status status="PASS" endtime="20151201 12:17:54.244" starttime="20151201 12:17:54.228"></status>
</kw>
<kw type="kw" name="${version_r} = String.Fetch From Right">
<doc>Returns contents of the `string` after the last occurrence of `marker`.</doc>
<arguments>
<arg>${output}</arg>
<arg>Service</arg>
</arguments>
<msg timestamp="20151201 12:17:54.254" level="INFO">${version_r} =  2.1.1 is running PID: 32150 </msg>
<status status="PASS" endtime="20151201 12:17:54.253" starttime="20151201 12:17:54.249"></status>
</kw>
<kw type="kw" name="${version} = String.Fetch From Left">
<doc>Returns contents of the `string` before the first occurrence of `marker`.</doc>
<arguments>
<arg>${version_r}</arg>
<arg>is running</arg>
</arguments>
<msg timestamp="20151201 12:17:54.264" level="INFO">${version} =  2.1.1 </msg>
<status status="PASS" endtime="20151201 12:17:54.263" starttime="20151201 12:17:54.257"></status>
</kw>
<kw type="kw" name="BuiltIn.Comment">
<doc>Displays the given messages in the log file as keyword arguments.</doc>
<arguments>
<arg>****** Log out ******</arg>
</arguments>
<status status="PASS" endtime="20151201 12:17:54.271" starttime="20151201 12:17:54.267"></status>
</kw>
<kw type="kw" name="ssh-support-resource.SSH Logout">
<doc>Closes the passed SSH connection</doc>
<arguments>
<arg>${ssh_connection}</arg>
</arguments>
<kw type="kw" name="SSHLibrary.Switch Connection">
<doc>Switches the active connection by index or alias.</doc>
<arguments>
<arg>${ssh_connection}</arg>
</arguments>
<status status="PASS" endtime="20151201 12:17:54.299" starttime="20151201 12:17:54.294"></status>
</kw>
<kw type="kw" name="SSHLibrary.Close Connection">
<doc>Closes the current connection.</doc>
<arguments>
</arguments>
<status status="PASS" endtime="20151201 12:17:54.307" starttime="20151201 12:17:54.302"></status>
</kw>
<status status="PASS" endtime="20151201 12:17:54.312" starttime="20151201 12:17:54.275"></status>
</kw>
<kw type="kw" name="${ver} = BuiltIn.Run Keyword If">
<doc>Runs the given keyword with the given arguments, if `condition` is true.</doc>
<arguments>
<arg>'${resultCode}'=='OK'</arg>
<arg>Set Variable</arg>
<arg>${version}</arg>
</arguments>
<kw type="kw" name="BuiltIn.Set Variable">
<doc>Returns the given values which can then be assigned to a variables.</doc>
<arguments>
<arg>${version}</arg>
</arguments>
<status status="PASS" endtime="20151201 12:17:54.327" starttime="20151201 12:17:54.323"></status>
</kw>
<msg timestamp="20151201 12:17:54.331" level="INFO">${ver} =  2.1.1 </msg>
<status status="PASS" endtime="20151201 12:17:54.329" starttime="20151201 12:17:54.314"></status>
</kw>
<kw type="kw" name="BuiltIn.Comment">
<doc>Displays the given messages in the log file as keyword arguments.</doc>
<arguments>
<arg>...</arg>
<arg>ELSE</arg>
<arg>Set Variable</arg>
<arg>${EMPTY}</arg>
</arguments>
<status status="PASS" endtime="20151201 12:17:54.337" starttime="20151201 12:17:54.333"></status>
</kw>
<msg timestamp="20151201 12:17:54.343" level="INFO">${in_rc} = OK</msg>
<msg timestamp="20151201 12:17:54.344" level="INFO">${in_version} =  2.1.1 </msg>
<status status="PASS" endtime="20151201 12:17:54.341" starttime="20151201 12:17:52.982"></status>
</kw>
<kw type="kw" name="${xdr_rc}, ${xdr_version} = suite-global-keyword-resource.Get XDR Vitality State">
<doc>Checks multiple vitality aspects of an XDR instance</doc>
<arguments>
<arg>${XDR HOST}</arg>
<arg>1111</arg>
<arg>${XDR USER}</arg>
<arg>${XDR PWD}</arg>
<arg>${EMPTY}</arg>
<arg>${XDR SERVICE NAME}</arg>
</arguments>
<kw type="kw" name="${ssh_connection} = ssh-support-resource.SSH Login">
<doc>Does a password or RSA key file based login at the passed SSH connection depending whether or not the passed password is .</doc>
<arguments>
<arg>${ssh_user}</arg>
<arg>${ssh_pswd}</arg>
<arg>${ssh_rsa_key_file}</arg>
<arg>host=${host}</arg>
</arguments>
<kw type="kw" name="SSHLibrary.Set Default Configuration">
<doc>Update the default `configuration`.</doc>
<arguments>
<arg>loglevel=INFO</arg>
</arguments>
<status status="PASS" endtime="20151201 12:17:54.423" starttime="20151201 12:17:54.422"></status>
</kw>
<kw type="kw" name="${ssh_connection} = BuiltIn.Run Keyword If">
<doc>Runs the given keyword with the given arguments, if `condition` is true.</doc>
<arguments>
<arg>'${ssh_connection}'=='${EMPTY}'</arg>
<arg>Open Connection</arg>
<arg>${host}</arg>
<arg>port=22</arg>
<arg>timeout=3</arg>
<arg>prompt=$</arg>
</arguments>
<kw type="kw" name="SSHLibrary.Open Connection">
<doc>Opens a new SSH connection to the given `host` and `port`.</doc>
<arguments>
<arg>${host}</arg>
<arg>port=22</arg>
<arg>timeout=3</arg>
<arg>prompt=$</arg>
</arguments>
<status status="PASS" endtime="20151201 12:17:54.486" starttime="20151201 12:17:54.430"></status>
</kw>
<msg timestamp="20151201 12:17:54.490" level="INFO">${ssh_connection} = 2</msg>
<status status="PASS" endtime="20151201 12:17:54.489" starttime="20151201 12:17:54.425"></status>
</kw>
<kw type="kw" name="BuiltIn.Run Keyword If">
<doc>Runs the given keyword with the given arguments, if `condition` is true.</doc>
<arguments>
<arg>'${pswd}'=='${EMPTY}'</arg>
<arg>Login With Public Key</arg>
<arg>${user}</arg>
<arg>${rsa_key_file}</arg>
<arg>ELSE</arg>
<arg>Login</arg>
<arg>${user}</arg>
<arg>${pswd}</arg>
</arguments>
<kw type="kw" name="SSHLibrary.Login">
<doc>Logs into the SSH server with the given `username` and `password`.</doc>
<arguments>
<arg>${user}</arg>
<arg>${pswd}</arg>
</arguments>
<msg timestamp="20151201 12:17:54.510" level="INFO">Logging into '10.105.170.171:22' as 'qa_automation'.</msg>
<msg timestamp="20151201 12:17:54.906" level="INFO">Read output: Last login: Tue Dec  1 09:33:08 2015 from 10.105.80.196
id: cannot find name for group ID 20007
[1m[qa_automation@xdr.tb07 ~]$</msg>
<status status="PASS" endtime="20151201 12:17:54.908" starttime="20151201 12:17:54.505"></status>
</kw>
<status status="PASS" endtime="20151201 12:17:54.910" starttime="20151201 12:17:54.493"></status>
</kw>
<msg timestamp="20151201 12:17:54.914" level="INFO">${ssh_connection} = 2</msg>
<status status="PASS" endtime="20151201 12:17:54.913" starttime="20151201 12:17:54.412"></status>
</kw>
<kw type="kw" name="${resultCode} = BuiltIn.Run Keyword If">
<doc>Runs the given keyword with the given arguments, if `condition` is true.</doc>
<arguments>
<arg>'${ssh_connection}'==''</arg>
<arg>Set Variable</arg>
<arg>LOGIN_FAILED</arg>
</arguments>
<msg timestamp="20151201 12:17:54.927" level="INFO">${resultCode} = None</msg>
<status status="PASS" endtime="20151201 12:17:54.926" starttime="20151201 12:17:54.917"></status>
</kw>
<kw type="kw" name="${output} = SSHLibrary.Execute Command">
<doc>Executes `command` on the remote machine and returns its outputs.</doc>
<arguments>
<arg>sudo service ${service_name} status</arg>
</arguments>
<msg timestamp="20151201 12:17:54.934" level="INFO">Executing command 'sudo service inew-mvno-xdr status'.</msg>
<msg timestamp="20151201 12:17:55.252" level="INFO">Command exited with return code 0.</msg>
<msg timestamp="20151201 12:17:55.257" level="INFO">${output} = I-New CS MVNO - XDR Writer - Server 5.1.0.16360 is running PID: 6256 </msg>
<status status="PASS" endtime="20151201 12:17:55.254" starttime="20151201 12:17:54.930"></status>
</kw>
<kw type="kw" name="${status}, ${rc} = BuiltIn.Run Keyword And Ignore Error">
<doc>Runs the given keyword with the given arguments and ignores possible error.</doc>
<arguments>
<arg>Should Contain</arg>
<arg>${output}</arg>
<arg>is running</arg>
<arg>msg=Service ${service_name} is not running!</arg>
</arguments>
<kw type="kw" name="BuiltIn.Should Contain">
<doc>Fails if `item1` does not contain `item2` one or more times.</doc>
<arguments>
<arg>${output}</arg>
<arg>is running</arg>
<arg>msg=Service ${service_name} is not running!</arg>
</arguments>
<status status="PASS" endtime="20151201 12:17:55.271" starttime="20151201 12:17:55.265"></status>
</kw>
<msg timestamp="20151201 12:17:55.274" level="INFO">${status} = PASS</msg>
<msg timestamp="20151201 12:17:55.276" level="INFO">${rc} = None</msg>
<status status="PASS" endtime="20151201 12:17:55.273" starttime="20151201 12:17:55.259"></status>
</kw>
<kw type="kw" name="${resultCode} = BuiltIn.Run Keyword If">
<doc>Runs the given keyword with the given arguments, if `condition` is true.</doc>
<arguments>
<arg>'${status}'=='PASS'</arg>
<arg>Set Variable</arg>
<arg>OK</arg>
<arg>ELSE</arg>
<arg>Set Variable</arg>
<arg>SERVICE_NOT_RUNNING</arg>
</arguments>
<kw type="kw" name="BuiltIn.Set Variable">
<doc>Returns the given values which can then be assigned to a variables.</doc>
<arguments>
<arg>OK</arg>
</arguments>
<status status="PASS" endtime="20151201 12:17:55.292" starttime="20151201 12:17:55.289"></status>
</kw>
<msg timestamp="20151201 12:17:55.295" level="INFO">${resultCode} = OK</msg>
<status status="PASS" endtime="20151201 12:17:55.294" starttime="20151201 12:17:55.278"></status>
</kw>
<kw type="kw" name="${version_r} = String.Fetch From Right">
<doc>Returns contents of the `string` after the last occurrence of `marker`.</doc>
<arguments>
<arg>${output}</arg>
<arg>Server</arg>
</arguments>
<msg timestamp="20151201 12:17:55.304" level="INFO">${version_r} =  5.1.0.16360 is running PID: 6256 </msg>
<status status="PASS" endtime="20151201 12:17:55.303" starttime="20151201 12:17:55.298"></status>
</kw>
<kw type="kw" name="${version} = String.Fetch From Left">
<doc>Returns contents of the `string` before the first occurrence of `marker`.</doc>
<arguments>
<arg>${version_r}</arg>
<arg>is running</arg>
</arguments>
<msg timestamp="20151201 12:17:55.312" level="INFO">${version} =  5.1.0.16360 </msg>
<status status="PASS" endtime="20151201 12:17:55.311" starttime="20151201 12:17:55.307"></status>
</kw>
<kw type="kw" name="BuiltIn.Comment">
<doc>Displays the given messages in the log file as keyword arguments.</doc>
<arguments>
<arg>****** Log out ******</arg>
</arguments>
<status status="PASS" endtime="20151201 12:17:55.318" starttime="20151201 12:17:55.315"></status>
</kw>
<kw type="kw" name="ssh-support-resource.SSH Logout">
<doc>Closes the passed SSH connection</doc>
<arguments>
<arg>${ssh_connection}</arg>
</arguments>
<kw type="kw" name="SSHLibrary.Switch Connection">
<doc>Switches the active connection by index or alias.</doc>
<arguments>
<arg>${ssh_connection}</arg>
</arguments>
<status status="PASS" endtime="20151201 12:17:55.344" starttime="20151201 12:17:55.340"></status>
</kw>
<kw type="kw" name="SSHLibrary.Close Connection">
<doc>Closes the current connection.</doc>
<arguments>
</arguments>
<status status="PASS" endtime="20151201 12:17:55.350" starttime="20151201 12:17:55.347"></status>
</kw>
<status status="PASS" endtime="20151201 12:17:55.358" starttime="20151201 12:17:55.321"></status>
</kw>
<kw type="kw" name="${ver} = BuiltIn.Run Keyword If">
<doc>Runs the given keyword with the given arguments, if `condition` is true.</doc>
<arguments>
<arg>'${resultCode}'=='OK'</arg>
<arg>Set Variable</arg>
<arg>${version}</arg>
<arg>ELSE</arg>
<arg>Set Variable</arg>
<arg>${EMPTY}</arg>
</arguments>
<kw type="kw" name="BuiltIn.Set Variable">
<doc>Returns the given values which can then be assigned to a variables.</doc>
<arguments>
<arg>${version}</arg>
</arguments>
<status status="PASS" endtime="20151201 12:17:55.376" starttime="20151201 12:17:55.372"></status>
</kw>
<msg timestamp="20151201 12:17:55.379" level="INFO">${ver} =  5.1.0.16360 </msg>
<status status="PASS" endtime="20151201 12:17:55.378" starttime="20151201 12:17:55.361"></status>
</kw>
<msg timestamp="20151201 12:17:55.385" level="INFO">${xdr_rc} = OK</msg>
<msg timestamp="20151201 12:17:55.387" level="INFO">${xdr_version} =  5.1.0.16360 </msg>
<status status="PASS" endtime="20151201 12:17:55.383" starttime="20151201 12:17:54.377"></status>
</kw>
<kw type="kw" name="${crce_rc}, ${crce_version} = suite-global-keyword-resource.Get CRCE Vitality State">
<doc>Checks the state of the CRCE service</doc>
<arguments>
<arg>${CRCE HOST}</arg>
<arg>1111</arg>
<arg>${CRCE USER}</arg>
<arg>${CRCE PWD}</arg>
<arg>${EMPTY}</arg>
<arg>${CRCE SERVICE NAME}</arg>
</arguments>
<kw type="kw" name="${ssh_connection} = ssh-support-resource.SSH Login">
<doc>Does a password or RSA key file based login at the passed SSH connection depending whether or not the passed password is .</doc>
<arguments>
<arg>${ssh_user}</arg>
<arg>${ssh_pswd}</arg>
<arg>${ssh_rsa_key_file}</arg>
<arg>host=${host}</arg>
</arguments>
<kw type="kw" name="SSHLibrary.Set Default Configuration">
<doc>Update the default `configuration`.</doc>
<arguments>
<arg>loglevel=INFO</arg>
</arguments>
<status status="PASS" endtime="20151201 12:17:55.503" starttime="20151201 12:17:55.499"></status>
</kw>
<kw type="kw" name="${ssh_connection} = BuiltIn.Run Keyword If">
<doc>Runs the given keyword with the given arguments, if `condition` is true.</doc>
<arguments>
<arg>'${ssh_connection}'=='${EMPTY}'</arg>
<arg>Open Connection</arg>
<arg>${host}</arg>
<arg>port=22</arg>
<arg>timeout=3</arg>
<arg>prompt=$</arg>
</arguments>
<kw type="kw" name="SSHLibrary.Open Connection">
<doc>Opens a new SSH connection to the given `host` and `port`.</doc>
<arguments>
<arg>${host}</arg>
<arg>port=22</arg>
<arg>timeout=3</arg>
<arg>prompt=$</arg>
</arguments>
<status status="PASS" endtime="20151201 12:17:55.576" starttime="20151201 12:17:55.516"></status>
</kw>
<msg timestamp="20151201 12:17:55.579" level="INFO">${ssh_connection} = 3</msg>
<status status="PASS" endtime="20151201 12:17:55.578" starttime="20151201 12:17:55.506"></status>
</kw>
<kw type="kw" name="BuiltIn.Run Keyword If">
<doc>Runs the given keyword with the given arguments, if `condition` is true.</doc>
<arguments>
<arg>'${pswd}'=='${EMPTY}'</arg>
<arg>Login With Public Key</arg>
<arg>${user}</arg>
<arg>${rsa_key_file}</arg>
<arg>ELSE</arg>
<arg>Login</arg>
<arg>${user}</arg>
<arg>${pswd}</arg>
</arguments>
<kw type="kw" name="SSHLibrary.Login">
<doc>Logs into the SSH server with the given `username` and `password`.</doc>
<arguments>
<arg>${user}</arg>
<arg>${pswd}</arg>
</arguments>
<msg timestamp="20151201 12:17:55.598" level="INFO">Logging into '10.105.170.125:22' as 'qa_automation'.</msg>
<msg timestamp="20151201 12:17:56.084" level="INFO">Read output: Last login: Tue Dec  1 09:33:09 2015 from 10.105.80.196
id: cannot find name for group ID 20007
[1m[qa_automation@crce01.tb07 ~]$</msg>
<status status="PASS" endtime="20151201 12:17:56.085" starttime="20151201 12:17:55.594"></status>
</kw>
<status status="PASS" endtime="20151201 12:17:56.087" starttime="20151201 12:17:55.582"></status>
</kw>
<msg timestamp="20151201 12:17:56.089" level="INFO">${ssh_connection} = 3</msg>
<status status="PASS" endtime="20151201 12:17:56.088" starttime="20151201 12:17:55.476"></status>
</kw>
<kw type="kw" name="${resultCode} = BuiltIn.Run Keyword If">
<doc>Runs the given keyword with the given arguments, if `condition` is true.</doc>
<arguments>
<arg>'${ssh_connection}'==''</arg>
<arg>Set Variable</arg>
<arg>LOGIN_FAILED</arg>
</arguments>
<msg timestamp="20151201 12:17:56.096" level="INFO">${resultCode} = None</msg>
<status status="PASS" endtime="20151201 12:17:56.095" starttime="20151201 12:17:56.091"></status>
</kw>
<kw type="kw" name="${output} = SSHLibrary.Execute Command">
<doc>Executes `command` on the remote machine and returns its outputs.</doc>
<arguments>
<arg>sudo service ${service_name} status</arg>
</arguments>
<msg timestamp="20151201 12:17:56.099" level="INFO">Executing command 'sudo service inew-mvno-crce status'.</msg>
<msg timestamp="20151201 12:17:56.279" level="INFO">Command exited with return code 0.</msg>
<msg timestamp="20151201 12:17:56.283" level="INFO">${output} = I-New MVNO CRCE - Negret Rating &amp; Charging Engine 5.1.14.25039
Negret Rating &amp; Charging Engine 5.1.14.25039 is running (PID:24582, Wrapper:STARTED, Java:STARTED)
CRCE is running.</msg>
<status status="PASS" endtime="20151201 12:17:56.281" starttime="20151201 12:17:56.097"></status>
</kw>
<kw type="kw" name="${status}, ${rc} = BuiltIn.Run Keyword And Ignore Error">
<doc>Runs the given keyword with the given arguments and ignores possible error.</doc>
<arguments>
<arg>Should Contain</arg>
<arg>${output}</arg>
<arg>is running</arg>
<arg>msg=Service ${service_name} is not running!</arg>
</arguments>
<kw type="kw" name="BuiltIn.Should Contain">
<doc>Fails if `item1` does not contain `item2` one or more times.</doc>
<arguments>
<arg>${output}</arg>
<arg>is running</arg>
<arg>msg=Service ${service_name} is not running!</arg>
</arguments>
<status status="PASS" endtime="20151201 12:17:56.296" starttime="20151201 12:17:56.291"></status>
</kw>
<msg timestamp="20151201 12:17:56.299" level="INFO">${status} = PASS</msg>
<msg timestamp="20151201 12:17:56.301" level="INFO">${rc} = None</msg>
<status status="PASS" endtime="20151201 12:17:56.298" starttime="20151201 12:17:56.286"></status>
</kw>
<kw type="kw" name="${resultCode} = BuiltIn.Run Keyword If">
<doc>Runs the given keyword with the given arguments, if `condition` is true.</doc>
<arguments>
<arg>'${status}'=='PASS'</arg>
<arg>Set Variable</arg>
<arg>OK</arg>
<arg>ELSE</arg>
<arg>Set Variable</arg>
<arg>SERVICE_NOT_RUNNING</arg>
</arguments>
<kw type="kw" name="BuiltIn.Set Variable">
<doc>Returns the given values which can then be assigned to a variables.</doc>
<arguments>
<arg>OK</arg>
</arguments>
<status status="PASS" endtime="20151201 12:17:56.322" starttime="20151201 12:17:56.319"></status>
</kw>
<msg timestamp="20151201 12:17:56.326" level="INFO">${resultCode} = OK</msg>
<status status="PASS" endtime="20151201 12:17:56.325" starttime="20151201 12:17:56.304"></status>
</kw>
<kw type="kw" name="${version_r} = String.Fetch From Right">
<doc>Returns contents of the `string` after the last occurrence of `marker`.</doc>
<arguments>
<arg>${output}</arg>
<arg>Engine</arg>
</arguments>
<msg timestamp="20151201 12:17:56.334" level="INFO">${version_r} =  5.1.14.25039 is running (PID:24582, Wrapper:STARTED, Java:STARTED)
CRCE is running.</msg>
<status status="PASS" endtime="20151201 12:17:56.333" starttime="20151201 12:17:56.329"></status>
</kw>
<kw type="kw" name="${version} = String.Fetch From Left">
<doc>Returns contents of the `string` before the first occurrence of `marker`.</doc>
<arguments>
<arg>${version_r}</arg>
<arg>is running</arg>
</arguments>
<msg timestamp="20151201 12:17:56.343" level="INFO">${version} =  5.1.14.25039 </msg>
<status status="PASS" endtime="20151201 12:17:56.341" starttime="20151201 12:17:56.337"></status>
</kw>
<kw type="kw" name="BuiltIn.Comment">
<doc>Displays the given messages in the log file as keyword arguments.</doc>
<arguments>
<arg>****** Log out ******</arg>
</arguments>
<status status="PASS" endtime="20151201 12:17:56.349" starttime="20151201 12:17:56.345"></status>
</kw>
<kw type="kw" name="ssh-support-resource.SSH Logout">
<doc>Closes the passed SSH connection</doc>
<arguments>
<arg>${ssh_connection}</arg>
</arguments>
<kw type="kw" name="SSHLibrary.Switch Connection">
<doc>Switches the active connection by index or alias.</doc>
<arguments>
<arg>${ssh_connection}</arg>
</arguments>
<status status="PASS" endtime="20151201 12:17:56.374" starttime="20151201 12:17:56.370"></status>
</kw>
<kw type="kw" name="SSHLibrary.Close Connection">
<doc>Closes the current connection.</doc>
<arguments>
</arguments>
<status status="PASS" endtime="20151201 12:17:56.381" starttime="20151201 12:17:56.377"></status>
</kw>
<status status="PASS" endtime="20151201 12:17:56.385" starttime="20151201 12:17:56.352"></status>
</kw>
<kw type="kw" name="${ver} = BuiltIn.Run Keyword If">
<doc>Runs the given keyword with the given arguments, if `condition` is true.</doc>
<arguments>
<arg>'${resultCode}'=='OK'</arg>
<arg>Set Variable</arg>
<arg>${version}</arg>
</arguments>
<kw type="kw" name="BuiltIn.Set Variable">
<doc>Returns the given values which can then be assigned to a variables.</doc>
<arguments>
<arg>${version}</arg>
</arguments>
<status status="PASS" endtime="20151201 12:17:56.401" starttime="20151201 12:17:56.397"></status>
</kw>
<msg timestamp="20151201 12:17:56.404" level="INFO">${ver} =  5.1.14.25039 </msg>
<status status="PASS" endtime="20151201 12:17:56.403" starttime="20151201 12:17:56.388"></status>
</kw>
<kw type="kw" name="BuiltIn.Comment">
<doc>Displays the given messages in the log file as keyword arguments.</doc>
<arguments>
<arg>...</arg>
<arg>ELSE</arg>
<arg>Set Variable</arg>
<arg>${EMPTY}</arg>
</arguments>
<status status="PASS" endtime="20151201 12:17:56.411" starttime="20151201 12:17:56.407"></status>
</kw>
<msg timestamp="20151201 12:17:56.417" level="INFO">${crce_rc} = OK</msg>
<msg timestamp="20151201 12:17:56.419" level="INFO">${crce_version} =  5.1.14.25039 </msg>
<status status="PASS" endtime="20151201 12:17:56.414" starttime="20151201 12:17:55.421"></status>
</kw>
<kw type="kw" name="${ocs_rc}, ${ocs_version} = suite-global-keyword-resource.Get OCS Vitality State">
<doc>Checks the state of the OCS service</doc>
<arguments>
<arg>${OCS HOST}</arg>
<arg>1111</arg>
<arg>${OCS USER}</arg>
<arg>${OCS PWD}</arg>
<arg>${EMPTY}</arg>
<arg>${OCS SERVICE NAME}</arg>
</arguments>
<kw type="kw" name="${ssh_connection} = ssh-support-resource.SSH Login">
<doc>Does a password or RSA key file based login at the passed SSH connection depending whether or not the passed password is .</doc>
<arguments>
<arg>${ssh_user}</arg>
<arg>${ssh_pswd}</arg>
<arg>${ssh_rsa_key_file}</arg>
<arg>host=${host}</arg>
</arguments>
<kw type="kw" name="SSHLibrary.Set Default Configuration">
<doc>Update the default `configuration`.</doc>
<arguments>
<arg>loglevel=INFO</arg>
</arguments>
<status status="PASS" endtime="20151201 12:17:56.523" starttime="20151201 12:17:56.521"></status>
</kw>
<kw type="kw" name="${ssh_connection} = BuiltIn.Run Keyword If">
<doc>Runs the given keyword with the given arguments, if `condition` is true.</doc>
<arguments>
<arg>'${ssh_connection}'=='${EMPTY}'</arg>
<arg>Open Connection</arg>
<arg>${host}</arg>
<arg>port=22</arg>
<arg>timeout=3</arg>
<arg>prompt=$</arg>
</arguments>
<kw type="kw" name="SSHLibrary.Open Connection">
<doc>Opens a new SSH connection to the given `host` and `port`.</doc>
<arguments>
<arg>${host}</arg>
<arg>port=22</arg>
<arg>timeout=3</arg>
<arg>prompt=$</arg>
</arguments>
<status status="PASS" endtime="20151201 12:17:56.583" starttime="20151201 12:17:56.529"></status>
</kw>
<msg timestamp="20151201 12:17:56.587" level="INFO">${ssh_connection} = 4</msg>
<status status="PASS" endtime="20151201 12:17:56.586" starttime="20151201 12:17:56.524"></status>
</kw>
<kw type="kw" name="BuiltIn.Run Keyword If">
<doc>Runs the given keyword with the given arguments, if `condition` is true.</doc>
<arguments>
<arg>'${pswd}'=='${EMPTY}'</arg>
<arg>Login With Public Key</arg>
<arg>${user}</arg>
<arg>${rsa_key_file}</arg>
<arg>ELSE</arg>
<arg>Login</arg>
<arg>${user}</arg>
<arg>${pswd}</arg>
</arguments>
<kw type="kw" name="SSHLibrary.Login">
<doc>Logs into the SSH server with the given `username` and `password`.</doc>
<arguments>
<arg>${user}</arg>
<arg>${pswd}</arg>
</arguments>
<msg timestamp="20151201 12:17:56.606" level="INFO">Logging into '10.105.170.159:22' as 'qa_automation'.</msg>
<msg timestamp="20151201 12:17:57.009" level="INFO">Read output: Last login: Tue Dec  1 09:33:10 2015 from 10.105.80.196
id: cannot find name for group ID 20007
[1m[qa_automation@ocs01.tb07 ~]$</msg>
<status status="PASS" endtime="20151201 12:17:57.011" starttime="20151201 12:17:56.602"></status>
</kw>
<status status="PASS" endtime="20151201 12:17:57.014" starttime="20151201 12:17:56.590"></status>
</kw>
<msg timestamp="20151201 12:17:57.020" level="INFO">${ssh_connection} = 4</msg>
<status status="PASS" endtime="20151201 12:17:57.018" starttime="20151201 12:17:56.501"></status>
</kw>
<kw type="kw" name="${resultCode} = BuiltIn.Run Keyword If">
<doc>Runs the given keyword with the given arguments, if `condition` is true.</doc>
<arguments>
<arg>'${ssh_connection}'==''</arg>
<arg>Set Variable</arg>
<arg>LOGIN_FAILED</arg>
</arguments>
<msg timestamp="20151201 12:17:57.026" level="INFO">${resultCode} = None</msg>
<status status="PASS" endtime="20151201 12:17:57.026" starttime="20151201 12:17:57.021"></status>
</kw>
<kw type="kw" name="${output} = SSHLibrary.Execute Command">
<doc>Executes `command` on the remote machine and returns its outputs.</doc>
<arguments>
<arg>sudo service ${service_name} status</arg>
</arguments>
<msg timestamp="20151201 12:17:57.029" level="INFO">Executing command 'sudo service inew-mvno-ocs status'.</msg>
<msg timestamp="20151201 12:17:57.104" level="INFO">Command exited with return code 0.</msg>
<msg timestamp="20151201 12:17:57.107" level="INFO">${output} = I-New MVNO GyApp - Diameter Gy Application 5.2.2.1858
GyApp is running (PID: 2020)</msg>
<status status="PASS" endtime="20151201 12:17:57.106" starttime="20151201 12:17:57.027"></status>
</kw>
<kw type="kw" name="${status}, ${rc} = BuiltIn.Run Keyword And Ignore Error">
<doc>Runs the given keyword with the given arguments and ignores possible error.</doc>
<arguments>
<arg>Should Contain</arg>
<arg>${output}</arg>
<arg>is running</arg>
<arg>msg=Service ${service_name} is not running!</arg>
</arguments>
<kw type="kw" name="BuiltIn.Should Contain">
<doc>Fails if `item1` does not contain `item2` one or more times.</doc>
<arguments>
<arg>${output}</arg>
<arg>is running</arg>
<arg>msg=Service ${service_name} is not running!</arg>
</arguments>
<status status="PASS" endtime="20151201 12:17:57.121" starttime="20151201 12:17:57.115"></status>
</kw>
<msg timestamp="20151201 12:17:57.124" level="INFO">${status} = PASS</msg>
<msg timestamp="20151201 12:17:57.125" level="INFO">${rc} = None</msg>
<status status="PASS" endtime="20151201 12:17:57.123" starttime="20151201 12:17:57.110"></status>
</kw>
<kw type="kw" name="${resultCode} = BuiltIn.Run Keyword If">
<doc>Runs the given keyword with the given arguments, if `condition` is true.</doc>
<arguments>
<arg>'${status}'=='PASS'</arg>
<arg>Set Variable</arg>
<arg>OK</arg>
<arg>ELSE</arg>
<arg>Set Variable</arg>
<arg>SERVICE_NOT_RUNNING</arg>
</arguments>
<kw type="kw" name="BuiltIn.Set Variable">
<doc>Returns the given values which can then be assigned to a variables.</doc>
<arguments>
<arg>OK</arg>
</arguments>
<status status="PASS" endtime="20151201 12:17:57.141" starttime="20151201 12:17:57.138"></status>
</kw>
<msg timestamp="20151201 12:17:57.145" level="INFO">${resultCode} = OK</msg>
<status status="PASS" endtime="20151201 12:17:57.143" starttime="20151201 12:17:57.128"></status>
</kw>
<kw type="kw" name="${version_r} = String.Fetch From Right">
<doc>Returns contents of the `string` after the last occurrence of `marker`.</doc>
<arguments>
<arg>${output}</arg>
<arg>Engine</arg>
</arguments>
<msg timestamp="20151201 12:17:57.153" level="INFO">${version_r} = I-New MVNO GyApp - Diameter Gy Application 5.2.2.1858
GyApp is running (PID: 2020)</msg>
<status status="PASS" endtime="20151201 12:17:57.151" starttime="20151201 12:17:57.147"></status>
</kw>
<kw type="kw" name="${version} = String.Fetch From Left">
<doc>Returns contents of the `string` before the first occurrence of `marker`.</doc>
<arguments>
<arg>${version_r}</arg>
<arg>is running</arg>
</arguments>
<msg timestamp="20151201 12:17:57.206" level="INFO">${version} = I-New MVNO GyApp - Diameter Gy Application 5.2.2.1858
GyApp </msg>
<status status="PASS" endtime="20151201 12:17:57.205" starttime="20151201 12:17:57.155"></status>
</kw>
<kw type="kw" name="BuiltIn.Comment">
<doc>Displays the given messages in the log file as keyword arguments.</doc>
<arguments>
<arg>****** Log out ******</arg>
</arguments>
<status status="PASS" endtime="20151201 12:17:57.212" starttime="20151201 12:17:57.209"></status>
</kw>
<kw type="kw" name="ssh-support-resource.SSH Logout">
<doc>Closes the passed SSH connection</doc>
<arguments>
<arg>${ssh_connection}</arg>
</arguments>
<kw type="kw" name="SSHLibrary.Switch Connection">
<doc>Switches the active connection by index or alias.</doc>
<arguments>
<arg>${ssh_connection}</arg>
</arguments>
<status status="PASS" endtime="20151201 12:17:57.237" starttime="20151201 12:17:57.233"></status>
</kw>
<kw type="kw" name="SSHLibrary.Close Connection">
<doc>Closes the current connection.</doc>
<arguments>
</arguments>
<status status="PASS" endtime="20151201 12:17:57.245" starttime="20151201 12:17:57.240"></status>
</kw>
<status status="PASS" endtime="20151201 12:17:57.247" starttime="20151201 12:17:57.216"></status>
</kw>
<kw type="kw" name="${ver} = BuiltIn.Run Keyword If">
<doc>Runs the given keyword with the given arguments, if `condition` is true.</doc>
<arguments>
<arg>'${resultCode}'=='OK'</arg>
<arg>Set Variable</arg>
<arg>${version}</arg>
</arguments>
<kw type="kw" name="BuiltIn.Set Variable">
<doc>Returns the given values which can then be assigned to a variables.</doc>
<arguments>
<arg>${version}</arg>
</arguments>
<status status="PASS" endtime="20151201 12:17:57.264" starttime="20151201 12:17:57.260"></status>
</kw>
<msg timestamp="20151201 12:17:57.267" level="INFO">${ver} = I-New MVNO GyApp - Diameter Gy Application 5.2.2.1858
GyApp </msg>
<status status="PASS" endtime="20151201 12:17:57.265" starttime="20151201 12:17:57.250"></status>
</kw>
<kw type="kw" name="BuiltIn.Comment">
<doc>Displays the given messages in the log file as keyword arguments.</doc>
<arguments>
<arg>...</arg>
<arg>ELSE</arg>
<arg>Set Variable</arg>
<arg>${EMPTY}</arg>
</arguments>
<status status="PASS" endtime="20151201 12:17:57.274" starttime="20151201 12:17:57.269"></status>
</kw>
<msg timestamp="20151201 12:17:57.279" level="INFO">${ocs_rc} = OK</msg>
<msg timestamp="20151201 12:17:57.280" level="INFO">${ocs_version} = I-New MVNO GyApp - Diameter Gy Application 5.2.2.1858
GyApp </msg>
<status status="PASS" endtime="20151201 12:17:57.277" starttime="20151201 12:17:56.450"></status>
</kw>
<kw type="kw" name="BuiltIn.Log">
<doc>Logs the given message with the given level.</doc>
<arguments>
<arg>IN state= ${in_rc} version=${in_version}</arg>
<arg>console=yes</arg>
</arguments>
<msg timestamp="20151201 12:17:57.288" level="INFO">IN state= OK version= 2.1.1 </msg>
<status status="PASS" endtime="20151201 12:17:57.290" starttime="20151201 12:17:57.283"></status>
</kw>
<kw type="kw" name="BuiltIn.Log">
<doc>Logs the given message with the given level.</doc>
<arguments>
<arg>XDR state= ${xdr_rc} version=${xdr_version}</arg>
<arg>console=yes</arg>
</arguments>
<msg timestamp="20151201 12:17:57.297" level="INFO">XDR state= OK version= 5.1.0.16360 </msg>
<status status="PASS" endtime="20151201 12:17:57.299" starttime="20151201 12:17:57.292"></status>
</kw>
<kw type="kw" name="BuiltIn.Log">
<doc>Logs the given message with the given level.</doc>
<arguments>
<arg>CRCE state= ${crce_rc} version=${crce_version}</arg>
<arg>console=yes</arg>
</arguments>
<msg timestamp="20151201 12:17:57.306" level="INFO">CRCE state= OK version= 5.1.14.25039 </msg>
<status status="PASS" endtime="20151201 12:17:57.307" starttime="20151201 12:17:57.301"></status>
</kw>
<kw type="kw" name="BuiltIn.Log">
<doc>Logs the given message with the given level.</doc>
<arguments>
<arg>OCS state= ${ocs_rc} version=${ocs_version}</arg>
<arg>console=yes</arg>
</arguments>
<msg timestamp="20151201 12:17:57.315" level="INFO">OCS state= OK version=I-New MVNO GyApp - Diameter Gy Application 5.2.2.1858
GyApp </msg>
<status status="PASS" endtime="20151201 12:17:57.317" starttime="20151201 12:17:57.310"></status>
</kw>
<kw type="kw" name="BuiltIn.Should Be Equal">
<doc>Fails if the given objects are unequal.</doc>
<arguments>
<arg>${in_rc}</arg>
<arg>OK</arg>
<arg>msg=IN</arg>
</arguments>
<msg timestamp="20151201 12:17:57.324" level="INFO">Argument types are:
&lt;type 'unicode'&gt;
&lt;type 'unicode'&gt;</msg>
<status status="PASS" endtime="20151201 12:17:57.325" starttime="20151201 12:17:57.319"></status>
</kw>
<kw type="kw" name="BuiltIn.Should Be Equal">
<doc>Fails if the given objects are unequal.</doc>
<arguments>
<arg>${xdr_rc}</arg>
<arg>OK</arg>
<arg>msg=XDR</arg>
</arguments>
<msg timestamp="20151201 12:17:57.332" level="INFO">Argument types are:
&lt;type 'unicode'&gt;
&lt;type 'unicode'&gt;</msg>
<status status="PASS" endtime="20151201 12:17:57.333" starttime="20151201 12:17:57.327"></status>
</kw>
<kw type="kw" name="BuiltIn.Should Be Equal">
<doc>Fails if the given objects are unequal.</doc>
<arguments>
<arg>${crce_rc}</arg>
<arg>OK</arg>
<arg>msg=CRCE</arg>
</arguments>
<msg timestamp="20151201 12:17:57.340" level="INFO">Argument types are:
&lt;type 'unicode'&gt;
&lt;type 'unicode'&gt;</msg>
<status status="PASS" endtime="20151201 12:17:57.342" starttime="20151201 12:17:57.336"></status>
</kw>
<kw type="kw" name="BuiltIn.Should Be Equal">
<doc>Fails if the given objects are unequal.</doc>
<arguments>
<arg>${ocs_rc}</arg>
<arg>OK</arg>
<arg>msg=OCS</arg>
</arguments>
<msg timestamp="20151201 12:17:57.348" level="INFO">Argument types are:
&lt;type 'unicode'&gt;
&lt;type 'unicode'&gt;</msg>
<status status="PASS" endtime="20151201 12:17:57.350" starttime="20151201 12:17:57.344"></status>
</kw>
<kw type="kw" name="${temp} = BuiltIn.Set Variable If">
<doc>Sets variable based on the given condition.</doc>
<arguments>
<arg>'${SUT PROJECT TAG PREFIX}'=='MTEL'</arg>
<arg>${ROBOT WORKSPACE PATH}/external_tests/experimental/matko.sanseovic/reroute_changes</arg>
<arg>'${SUT PROJECT TAG PREFIX}'!=''</arg>
<arg>${CG UNIFIED WS PATH}</arg>
</arguments>
<kw type="kw" name="BuiltIn.Set Variable If">
<doc>Sets variable based on the given condition.</doc>
<arguments>
<arg>'${SUT PROJECT TAG PREFIX}'!=''</arg>
<arg>${CG UNIFIED WS PATH}</arg>
</arguments>
<status status="PASS" endtime="20151201 12:17:57.370" starttime="20151201 12:17:57.362"></status>
</kw>
<msg timestamp="20151201 12:17:57.373" level="INFO">${temp} = /opt/robot/robotworkspace/external_tests/CG_unified_workspace</msg>
<status status="PASS" endtime="20151201 12:17:57.372" starttime="20151201 12:17:57.352"></status>
</kw>
<kw type="kw" name="BuiltIn.Set Global Variable">
<doc>Makes a variable available globally in all tests and suites.</doc>
<arguments>
<arg>${CG UNIFIED WS PATH}</arg>
<arg>${temp}</arg>
</arguments>
<msg timestamp="20151201 12:17:57.381" level="INFO">${CG UNIFIED WS PATH} = /opt/robot/robotworkspace/external_tests/CG_unified_workspace</msg>
<status status="PASS" endtime="20151201 12:17:57.383" starttime="20151201 12:17:57.376"></status>
</kw>
<status status="PASS" endtime="20151201 12:17:57.384" starttime="20151201 12:17:52.920"></status>
</kw>
<test id="s1-s1-s1-t1" name="Run MTC Abandon Call">
<kw type="kw" name="BuiltIn.Comment">
<doc>Displays the given messages in the log file as keyword arguments.</doc>
<arguments>
<arg>******* Create test subscribers *******</arg>
</arguments>
<status status="PASS" endtime="20151201 12:17:57.403" starttime="20151201 12:17:57.401"></status>
</kw>
<kw type="kw" name="${INITIAL_BALANCE} = BuiltIn.Set Variable">
<doc>Returns the given values which can then be assigned to a variables.</doc>
<arguments>
<arg>10000000</arg>
</arguments>
<msg timestamp="20151201 12:17:57.406" level="INFO">${INITIAL_BALANCE} = 10000000</msg>
<status status="PASS" endtime="20151201 12:17:57.405" starttime="20151201 12:17:57.404"></status>
</kw>
<kw type="kw" name="${return_code} = subscriber-admin-support-resource.CRCE Create Test Subscribers">
<doc>Provisions one or multiple test subscribers on CRCE only.</doc>
<arguments>
<arg>${CRCE01 HOST}</arg>
<arg>${CRCE01 WEBSERVICES PORT}</arg>
<arg>${CRCE01 WEBSERVICES BASE PATH}</arg>
<arg>2</arg>
<arg>${TESTSUBCRIBERS IMSI RANGE START}</arg>
<arg>${TESTSUBCRIBERS MSISDN RANGE START}</arg>
<arg>PREPAID</arg>
<arg>${TESTSUBCRIBERS DEFAULT LANGUAGEID}</arg>
<arg>${TESTSUBCRIBERS DEFAULT TARIFFID}</arg>
<arg>${INITIAL_BALANCE}</arg>
</arguments>
<kw type="kw" name="BuiltIn.Log">
<doc>Logs the given message with the given level.</doc>
<arguments>
<arg>msg=crce_host=${crce_host}</arg>
</arguments>
<msg timestamp="20151201 12:17:57.422" level="INFO">msg=crce_host=10.105.170.125</msg>
<status status="PASS" endtime="20151201 12:17:57.423" starttime="20151201 12:17:57.420"></status>
</kw>
<kw type="kw" name="BuiltIn.Log">
<doc>Logs the given message with the given level.</doc>
<arguments>
<arg>msg=crce_port=${crce_port}</arg>
</arguments>
<msg timestamp="20151201 12:17:57.425" level="INFO">msg=crce_port=8080</msg>
<status status="PASS" endtime="20151201 12:17:57.426" starttime="20151201 12:17:57.424"></status>
</kw>
<kw type="kw" name="BuiltIn.Log">
<doc>Logs the given message with the given level.</doc>
<arguments>
<arg>msg=crce_webservicesBasePath=${crce_webservicesBasePath}</arg>
</arguments>
<msg timestamp="20151201 12:17:57.429" level="INFO">msg=crce_webservicesBasePath=/inew-mvno-crce-webservices/</msg>
<status status="PASS" endtime="20151201 12:17:57.429" starttime="20151201 12:17:57.427"></status>
</kw>
<kw type="kw" name="BuiltIn.Log">
<doc>Logs the given message with the given level.</doc>
<arguments>
<arg>msg=amount=${amount}</arg>
</arguments>
<msg timestamp="20151201 12:17:57.432" level="INFO">msg=amount=2</msg>
<status status="PASS" endtime="20151201 12:17:57.433" starttime="20151201 12:17:57.430"></status>
</kw>
<kw type="kw" name="BuiltIn.Log">
<doc>Logs the given message with the given level.</doc>
<arguments>
<arg>msg=imsiRangeStart=${imsiRangeStart}</arg>
</arguments>
<msg timestamp="20151201 12:17:57.435" level="INFO">msg=imsiRangeStart=732123710001000</msg>
<status status="PASS" endtime="20151201 12:17:57.436" starttime="20151201 12:17:57.434"></status>
</kw>
<kw type="kw" name="BuiltIn.Log">
<doc>Logs the given message with the given level.</doc>
<arguments>
<arg>msg=msisdnRangeStart=${msisdnRangeStart}</arg>
</arguments>
<msg timestamp="20151201 12:17:57.439" level="INFO">msg=msisdnRangeStart=573190001000</msg>
<status status="PASS" endtime="20151201 12:17:57.439" starttime="20151201 12:17:57.437"></status>
</kw>
<kw type="kw" name="BuiltIn.Log">
<doc>Logs the given message with the given level.</doc>
<arguments>
<arg>msg=type=${type}</arg>
</arguments>
<msg timestamp="20151201 12:17:57.442" level="INFO">msg=type=PREPAID</msg>
<status status="PASS" endtime="20151201 12:17:57.443" starttime="20151201 12:17:57.440"></status>
</kw>
<kw type="kw" name="BuiltIn.Log">
<doc>Logs the given message with the given level.</doc>
<arguments>
<arg>msg=languageid=${languageid}</arg>
</arguments>
<msg timestamp="20151201 12:17:57.445" level="INFO">msg=languageid=1</msg>
<status status="PASS" endtime="20151201 12:17:57.446" starttime="20151201 12:17:57.444"></status>
</kw>
<kw type="kw" name="BuiltIn.Log">
<doc>Logs the given message with the given level.</doc>
<arguments>
<arg>msg=tariffId=${tariffId}</arg>
</arguments>
<msg timestamp="20151201 12:17:57.449" level="INFO">msg=tariffId=101002</msg>
<status status="PASS" endtime="20151201 12:17:57.449" starttime="20151201 12:17:57.447"></status>
</kw>
<kw type="kw" name="BuiltIn.Log">
<doc>Logs the given message with the given level.</doc>
<arguments>
<arg>msg=balance=${balance}</arg>
</arguments>
<msg timestamp="20151201 12:17:57.452" level="INFO">msg=balance=10000000</msg>
<status status="PASS" endtime="20151201 12:17:57.453" starttime="20151201 12:17:57.450"></status>
</kw>
<kw type="kw" name="subscriber-admin-support-resource.CRCE Setup SoapUI Logs">
<doc>This is a PRIVATE helper function to setup the SoapUI's basic log files since for unknown reasons SoapUI sometimes doesn't newly create them</doc>
<arguments>
</arguments>
<kw type="kw" name="BuiltIn.Run Keyword And Ignore Error">
<doc>Runs the given keyword with the given arguments and ignores possible error.</doc>
<arguments>
<arg>Create File</arg>
<arg>${SOAPUI GROOVY LOG}</arg>
</arguments>
<kw type="kw" name="OperatingSystem.Create File">
<doc>Creates a file with the given content and encoding.</doc>
<arguments>
<arg>${SOAPUI GROOVY LOG}</arg>
</arguments>
<msg timestamp="20151201 12:17:57.467" html="yes" level="INFO">Created file '&lt;a href="file:///opt/robot/robotworkspace/robot_testsuites/basic/PrePaid/MTC/global-groovy.log"&gt;/opt/robot/robotworkspace/robot_testsuites/basic/PrePaid/MTC/global-groovy.log&lt;/a&gt;'</msg>
<status status="PASS" endtime="20151201 12:17:57.467" starttime="20151201 12:17:57.464"></status>
</kw>
<status status="PASS" endtime="20151201 12:17:57.468" starttime="20151201 12:17:57.462"></status>
</kw>
<kw type="kw" name="BuiltIn.Run Keyword And Ignore Error">
<doc>Runs the given keyword with the given arguments and ignores possible error.</doc>
<arguments>
<arg>Create File</arg>
<arg>${SOAPUI LOG}</arg>
</arguments>
<kw type="kw" name="OperatingSystem.Create File">
<doc>Creates a file with the given content and encoding.</doc>
<arguments>
<arg>${SOAPUI LOG}</arg>
</arguments>
<msg timestamp="20151201 12:17:57.473" html="yes" level="INFO">Created file '&lt;a href="file:///opt/robot/robotworkspace/robot_testsuites/basic/PrePaid/MTC/soapui.log"&gt;/opt/robot/robotworkspace/robot_testsuites/basic/PrePaid/MTC/soapui.log&lt;/a&gt;'</msg>
<status status="PASS" endtime="20151201 12:17:57.474" starttime="20151201 12:17:57.471"></status>
</kw>
<status status="PASS" endtime="20151201 12:17:57.475" starttime="20151201 12:17:57.469"></status>
</kw>
<kw type="kw" name="BuiltIn.Run Keyword And Ignore Error">
<doc>Runs the given keyword with the given arguments and ignores possible error.</doc>
<arguments>
<arg>Create File</arg>
<arg>${SOAPUI ERROR LOG}</arg>
</arguments>
<kw type="kw" name="OperatingSystem.Create File">
<doc>Creates a file with the given content and encoding.</doc>
<arguments>
<arg>${SOAPUI ERROR LOG}</arg>
</arguments>
<msg timestamp="20151201 12:17:57.480" html="yes" level="INFO">Created file '&lt;a href="file:///opt/robot/robotworkspace/robot_testsuites/basic/PrePaid/MTC/soapui-errors.log"&gt;/opt/robot/robotworkspace/robot_testsuites/basic/PrePaid/MTC/soapui-errors.log&lt;/a&gt;'</msg>
<status status="PASS" endtime="20151201 12:17:57.481" starttime="20151201 12:17:57.478"></status>
</kw>
<status status="PASS" endtime="20151201 12:17:57.482" starttime="20151201 12:17:57.476"></status>
</kw>
<status status="PASS" endtime="20151201 12:17:57.482" starttime="20151201 12:17:57.455"></status>
</kw>
<kw type="kw" name="InewSoapUILibrary.Soapui Project">
<doc>Initialize the runner and set the project string </doc>
<arguments>
<arg>${ROBOT WORKSPACE PATH}/${SOAPUI PROJECTS WORKSPACE RELATIVE PATH}</arg>
</arguments>
<msg timestamp="20151201 12:17:57.487" level="INFO">SoapUI 5.1.3 TestCase Runner</msg>
<status status="PASS" endtime="20151201 12:17:57.487" starttime="20151201 12:17:57.483"></status>
</kw>
<kw type="kw" name="InewSoapUILibrary.Soapui Set Project Property">
<doc>Sets project properties for the current test run.</doc>
<arguments>
<arg>crceHost=${crce_host}</arg>
</arguments>
<status status="PASS" endtime="20151201 12:17:57.490" starttime="20151201 12:17:57.488"></status>
</kw>
<kw type="kw" name="InewSoapUILibrary.Soapui Set Project Property">
<doc>Sets project properties for the current test run.</doc>
<arguments>
<arg>crcePort=${crce_port}</arg>
</arguments>
<status status="PASS" endtime="20151201 12:17:57.493" starttime="20151201 12:17:57.491"></status>
</kw>
<kw type="kw" name="InewSoapUILibrary.Soapui Set Project Property">
<doc>Sets project properties for the current test run.</doc>
<arguments>
<arg>crceWebservicesBasePath=${crce_webservicesBasePath}</arg>
</arguments>
<status status="PASS" endtime="20151201 12:17:57.496" starttime="20151201 12:17:57.494"></status>
</kw>
<kw type="kw" name="InewSoapUILibrary.Soapui Suite">
<doc>Set the suite string </doc>
<arguments>
<arg>HighLevelOps</arg>
</arguments>
<status status="PASS" endtime="20151201 12:17:57.499" starttime="20151201 12:17:57.497"></status>
</kw>
<kw type="kw" name="InewSoapUILibrary.Soapui Case">
<doc>Set the test case string </doc>
<arguments>
<arg>createTestSubscribers</arg>
</arguments>
<status status="PASS" endtime="20151201 12:17:57.501" starttime="20151201 12:17:57.500"></status>
</kw>
<kw type="kw" name="InewSoapUILibrary.Soapui Set Project Property">
<doc>Sets project properties for the current test run.</doc>
<arguments>
<arg>HighLevelOps.createTestSubscribers.input.amount=${amount}</arg>
</arguments>
<status status="PASS" endtime="20151201 12:17:57.504" starttime="20151201 12:17:57.502"></status>
</kw>
<kw type="kw" name="InewSoapUILibrary.Soapui Set Project Property">
<doc>Sets project properties for the current test run.</doc>
<arguments>
<arg>HighLevelOps.createTestSubscribers.input.imsiRangeStart=${imsiRangeStart}</arg>
</arguments>
<status status="PASS" endtime="20151201 12:17:57.507" starttime="20151201 12:17:57.505"></status>
</kw>
<kw type="kw" name="InewSoapUILibrary.Soapui Set Project Property">
<doc>Sets project properties for the current test run.</doc>
<arguments>
<arg>HighLevelOps.createTestSubscribers.input.msisdnRangeStart=${msisdnRangeStart}</arg>
</arguments>
<status status="PASS" endtime="20151201 12:17:57.510" starttime="20151201 12:17:57.508"></status>
</kw>
<kw type="kw" name="InewSoapUILibrary.Soapui Set Project Property">
<doc>Sets project properties for the current test run.</doc>
<arguments>
<arg>HighLevelOps.createTestSubscribers.input.type=${type}</arg>
</arguments>
<status status="PASS" endtime="20151201 12:17:57.513" starttime="20151201 12:17:57.511"></status>
</kw>
<kw type="kw" name="InewSoapUILibrary.Soapui Set Project Property">
<doc>Sets project properties for the current test run.</doc>
<arguments>
<arg>HighLevelOps.createTestSubscribers.input.languageid=${languageid}</arg>
</arguments>
<status status="PASS" endtime="20151201 12:17:57.516" starttime="20151201 12:17:57.514"></status>
</kw>
<kw type="kw" name="InewSoapUILibrary.Soapui Set Project Property">
<doc>Sets project properties for the current test run.</doc>
<arguments>
<arg>HighLevelOps.createTestSubscribers.input.tariffId=${tariffId}</arg>
</arguments>
<status status="PASS" endtime="20151201 12:17:57.519" starttime="20151201 12:17:57.517"></status>
</kw>
<kw type="kw" name="InewSoapUILibrary.Soapui Set Project Property">
<doc>Sets project properties for the current test run.</doc>
<arguments>
<arg>HighLevelOps.createTestSubscribers.input.balance=${balance}</arg>
</arguments>
<status status="PASS" endtime="20151201 12:17:57.522" starttime="20151201 12:17:57.520"></status>
</kw>
<kw type="kw" name="${execution_status}, ${return_value_dummy} = BuiltIn.Run Keyword And Ignore Error">
<doc>Runs the given keyword with the given arguments and ignores possible error.</doc>
<arguments>
<arg>SoapUI Run</arg>
</arguments>
<kw type="kw" name="InewSoapUILibrary.Soapui Run">
<doc>Run the runner and report to Robot </doc>
<arguments>
</arguments>
<msg timestamp="20151201 12:17:57.526" level="INFO">Running with the following project properties set: [u'crceHost=10.105.170.125', u'crcePort=8080', u'crceWebservicesBasePath=/inew-mvno-crce-webservices/', u'HighLevelOps.createTestSubscribers.input.amount=2', u'HighLevelOps.createTestSubscribers.input.imsiRangeStart=732123710001000', u'HighLevelOps.createTestSubscribers.input.msisdnRangeStart=573190001000', u'HighLevelOps.createTestSubscribers.input.type=PREPAID', u'HighLevelOps.createTestSubscribers.input.languageid=1', u'HighLevelOps.createTestSubscribers.input.tariffId=101002', u'HighLevelOps.createTestSubscribers.input.balance=10000000']</msg>
<msg timestamp="20151201 12:18:05.324" level="INFO">12:17:57,696 WARN  [SoapUI] Missing folder [/opt/robot/robotworkspace/robot_testsuites/basic/PrePaid/MTC/ext] for external libraries
12:17:57,696 INFO  [DefaultSoapUICore] Creating new settings at [/root/soapui-settings.xml]
12:17:59,491 INFO  [WsdlProject] Loaded project from [file:/opt/robot/robotworkspace/libs/global-keyword-resources/crce-subscriberadmin/robot_crce_bridge-soapui-project.xml]
12:17:59,511 INFO  [SoapUITestCaseRunner] Setting project property [crceHost] to [10.105.170.125]
12:17:59,511 INFO  [SoapUITestCaseRunner] Setting project property [crcePort] to [8080]
12:17:59,511 INFO  [SoapUITestCaseRunner] Setting project property [crceWebservicesBasePath] to [/inew-mvno-crce-webservices/]
12:17:59,511 INFO  [SoapUITestCaseRunner] Setting project property [HighLevelOps.createTestSubscribers.input.amount] to [2]
12:17:59,511 INFO  [SoapUITestCaseRunner] Setting project property [HighLevelOps.createTestSubscribers.input.imsiRangeStart] to [732123710001000]
12:17:59,511 INFO  [SoapUITestCaseRunner] Setting project property [HighLevelOps.createTestSubscribers.input.msisdnRangeStart] to [573190001000]
12:17:59,512 INFO  [SoapUITestCaseRunner] Setting project property [HighLevelOps.createTestSubscribers.input.type] to [PREPAID]
12:17:59,512 INFO  [SoapUITestCaseRunner] Setting project property [HighLevelOps.createTestSubscribers.input.languageid] to [1]
12:17:59,512 INFO  [SoapUITestCaseRunner] Setting project property [HighLevelOps.createTestSubscribers.input.tariffId] to [101002]
12:17:59,512 INFO  [SoapUITestCaseRunner] Setting project property [HighLevelOps.createTestSubscribers.input.balance] to [10000000]
12:17:59,512 INFO  [SoapUITestCaseRunner] Running SoapUI tests in project [Robotframework_CRCE-Bridge]
12:17:59,513 INFO  [SoapUITestCaseRunner] Running TestCase [createTestSubscribers]
12:17:59,523 INFO  [SoapUITestCaseRunner] Running SoapUI testcase [createTestSubscribers]
12:17:59,530 INFO  [SoapUITestCaseRunner] running step [init_repeat_counter]
12:17:59,970 INFO  [SoapUITestCaseRunner] running step [01_init_next_subscriber]
12:18:00,031 INFO  [SoapUITestCaseRunner] running step [getSubscriberProfileByImsi]
12:18:00,217 DEBUG [HttpClientSupport$SoapUIHttpClient] Attempt 1 to execute request
12:18:00,217 DEBUG [SoapUIMultiThreadedHttpConnectionManager$SoapUIDefaultClientConnection] Sending request: POST /inew-mvno-crce-webservices/profiler/subscriber HTTP/1.1
12:18:00,247 DEBUG [SoapUIMultiThreadedHttpConnectionManager$SoapUIDefaultClientConnection] Receiving response: HTTP/1.1 200 OK
12:18:00,254 DEBUG [HttpClientSupport$SoapUIHttpClient] Connection can be kept alive indefinitely
12:18:00,434 INFO  [SoapUITestCaseRunner] Assertion [SOAP Response] has status VALID
12:18:00,435 INFO  [SoapUITestCaseRunner] Assertion [Schema Compliance] has status UNKNOWN
12:18:00,435 INFO  [SoapUITestCaseRunner] Assertion [Not SOAP Fault] has status VALID
12:18:00,435 INFO  [SoapUITestCaseRunner] running step [cancel_on_SOAP_error]
12:18:00,568 INFO  [SoapUITestCaseRunner] running step [transfer_response_values]
12:18:00,969 INFO  [SoapUITestCaseRunner] running step [cancel_on_CRCE_error_OR_skip_delete_on_UnknownSubscriber]
12:18:00,995 INFO  [SoapUITestCaseRunner] running step [deleteSubscriber]
12:18:00,997 DEBUG [HttpClientSupport$SoapUIHttpClient] Stale connection check
12:18:00,998 DEBUG [HttpClientSupport$SoapUIHttpClient] Attempt 1 to execute request
12:18:00,998 DEBUG [SoapUIMultiThreadedHttpConnectionManager$SoapUIDefaultClientConnection] Sending request: POST /inew-mvno-crce-webservices/profiler/provisioning HTTP/1.1
12:18:01,723 DEBUG [SoapUIMultiThreadedHttpConnectionManager$SoapUIDefaultClientConnection] Receiving response: HTTP/1.1 200 OK
12:18:01,724 DEBUG [HttpClientSupport$SoapUIHttpClient] Connection can be kept alive indefinitely
12:18:01,732 INFO  [SoapUITestCaseRunner] Assertion [SOAP Response] has status VALID
12:18:01,732 INFO  [SoapUITestCaseRunner] Assertion [Schema Compliance] has status UNKNOWN
12:18:01,732 INFO  [SoapUITestCaseRunner] Assertion [Not SOAP Fault] has status VALID
12:18:01,732 INFO  [SoapUITestCaseRunner] running step [2nd_cancel_on_SOAP_error]
12:18:01,805 INFO  [SoapUITestCaseRunner] running step [2nd_transfer_response_values]
12:18:01,810 INFO  [SoapUITestCaseRunner] running step [cancel_on_deletion_error]
12:18:01,859 INFO  [SoapUITestCaseRunner] running step [02_createSubscriber]
12:18:01,863 DEBUG [HttpClientSupport$SoapUIHttpClient] Stale connection check
12:18:01,865 DEBUG [HttpClientSupport$SoapUIHttpClient] Attempt 1 to execute request
12:18:01,865 DEBUG [SoapUIMultiThreadedHttpConnectionManager$SoapUIDefaultClientConnection] Sending request: POST /inew-mvno-crce-webservices/profiler/provisioning HTTP/1.1
12:18:01,883 DEBUG [SoapUIMultiThreadedHttpConnectionManager$SoapUIDefaultClientConnection] Receiving response: HTTP/1.1 200 OK
12:18:01,883 DEBUG [HttpClientSupport$SoapUIHttpClient] Connection can be kept alive indefinitely
12:18:01,889 INFO  [SoapUITestCaseRunner] Assertion [SOAP Response] has status VALID
12:18:01,889 INFO  [SoapUITestCaseRunner] Assertion [Schema Compliance] has status UNKNOWN
12:18:01,890 INFO  [SoapUITestCaseRunner] Assertion [Not SOAP Fault] has status VALID
12:18:01,890 INFO  [SoapUITestCaseRunner] running step [3rd_cancel_on_SOAP_error]
12:18:01,957 INFO  [SoapUITestCaseRunner] running step [3rd_transfer_response_values]
12:18:01,968 INFO  [SoapUITestCaseRunner] running step [cancel_on_create_error]
12:18:02,011 INFO  [SoapUITestCaseRunner] running step [activateSubscriber]
12:18:02,014 DEBUG [HttpClientSupport$SoapUIHttpClient] Stale connection check
12:18:02,016 DEBUG [HttpClientSupport$SoapUIHttpClient] Attempt 1 to execute request
12:18:02,016 DEBUG [SoapUIMultiThreadedHttpConnectionManager$SoapUIDefaultClientConnection] Sending request: POST /inew-mvno-crce-webservices/profiler/subscriber HTTP/1.1
12:18:02,450 DEBUG [SoapUIMultiThreadedHttpConnectionManager$SoapUIDefaultClientConnection] Receiving response: HTTP/1.1 200 OK
12:18:02,450 DEBUG [HttpClientSupport$SoapUIHttpClient] Connection can be kept alive indefinitely
12:18:02,457 INFO  [SoapUITestCaseRunner] Assertion [SOAP Response] has status VALID
12:18:02,457 INFO  [SoapUITestCaseRunner] Assertion [Schema Compliance] has status UNKNOWN
12:18:02,457 INFO  [SoapUITestCaseRunner] Assertion [Not SOAP Fault] has status VALID
12:18:02,458 INFO  [SoapUITestCaseRunner] running step [4th_cancel_on_SOAP_error]
12:18:02,524 INFO  [SoapUITestCaseRunner] running step [4th_transfer_response_values]
12:18:02,530 INFO  [SoapUITestCaseRunner] running step [cancel_on_activate_error]
12:18:02,572 INFO  [SoapUITestCaseRunner] running step [getMainAccount]
12:18:02,575 DEBUG [HttpClientSupport$SoapUIHttpClient] Stale connection check
12:18:02,577 DEBUG [HttpClientSupport$SoapUIHttpClient] Attempt 1 to execute request
12:18:02,577 DEBUG [SoapUIMultiThreadedHttpConnectionManager$SoapUIDefaultClientConnection] Sending request: POST /inew-mvno-crce-webservices/accounting/accounts HTTP/1.1
12:18:02,860 DEBUG [SoapUIMultiThreadedHttpConnectionManager$SoapUIDefaultClientConnection] Receiving response: HTTP/1.1 200 OK
12:18:02,860 DEBUG [HttpClientSupport$SoapUIHttpClient] Connection can be kept alive indefinitely
12:18:02,874 INFO  [SoapUITestCaseRunner] Assertion [SOAP Response] has status VALID
12:18:02,874 INFO  [SoapUITestCaseRunner] Assertion [Schema Compliance] has status UNKNOWN
12:18:02,874 INFO  [SoapUITestCaseRunner] Assertion [Not SOAP Fault] has status VALID
12:18:02,875 INFO  [SoapUITestCaseRunner] running step [5th_cancel_on_SOAP_error]
12:18:02,940 INFO  [SoapUITestCaseRunner] running step [5th_transfer_response_values]
12:18:02,960 INFO  [SoapUITestCaseRunner] running step [cancel_on_getmainaccount_error]
12:18:03,005 INFO  [SoapUITestCaseRunner] running step [setBalance]
12:18:03,009 DEBUG [HttpClientSupport$SoapUIHttpClient] Stale connection check
12:18:03,010 DEBUG [HttpClientSupport$SoapUIHttpClient] Attempt 1 to execute request
12:18:03,011 DEBUG [SoapUIMultiThreadedHttpConnectionManager$SoapUIDefaultClientConnection] Sending request: POST /inew-mvno-crce-webservices/accounting/account_administration HTTP/1.1
12:18:03,323 DEBUG [SoapUIMultiThreadedHttpConnectionManager$SoapUIDefaultClientConnection] Receiving response: HTTP/1.1 200 OK
12:18:03,323 DEBUG [HttpClientSupport$SoapUIHttpClient] Connection can be kept alive indefinitely
12:18:03,336 INFO  [SoapUITestCaseRunner] Assertion [SOAP Response] has status VALID
12:18:03,336 INFO  [SoapUITestCaseRunner] Assertion [Schema Compliance] has status UNKNOWN
12:18:03,336 INFO  [SoapUITestCaseRunner] Assertion [Not SOAP Fault] has status VALID
12:18:03,336 INFO  [SoapUITestCaseRunner] running step [6th_cancel_on_SOAP_error]
12:18:03,402 INFO  [SoapUITestCaseRunner] running step [6th_transfer_response_values]
12:18:03,412 INFO  [SoapUITestCaseRunner] running step [cancel_on_setbalance_error]
12:18:03,454 INFO  [SoapUITestCaseRunner] running step [repeat_01_amount_times]
12:18:03,516 INFO  [SoapUITestCaseRunner] running step [01_init_next_subscriber]
12:18:03,520 INFO  [SoapUITestCaseRunner] running step [getSubscriberProfileByImsi]
12:18:03,521 DEBUG [HttpClientSupport$SoapUIHttpClient] Stale connection check
12:18:03,523 DEBUG [HttpClientSupport$SoapUIHttpClient] Attempt 1 to execute request
12:18:03,523 DEBUG [SoapUIMultiThreadedHttpConnectionManager$SoapUIDefaultClientConnection] Sending request: POST /inew-mvno-crce-webservices/profiler/subscriber HTTP/1.1
12:18:03,535 DEBUG [SoapUIMultiThreadedHttpConnectionManager$SoapUIDefaultClientConnection] Receiving response: HTTP/1.1 200 OK
12:18:03,536 DEBUG [HttpClientSupport$SoapUIHttpClient] Connection can be kept alive indefinitely
12:18:03,543 INFO  [SoapUITestCaseRunner] Assertion [SOAP Response] has status VALID
12:18:03,543 INFO  [SoapUITestCaseRunner] Assertion [Schema Compliance] has status UNKNOWN
12:18:03,543 INFO  [SoapUITestCaseRunner] Assertion [Not SOAP Fault] has status VALID
12:18:03,543 INFO  [SoapUITestCaseRunner] running step [cancel_on_SOAP_error]
12:18:03,543 INFO  [SoapUITestCaseRunner] running step [transfer_response_values]
12:18:03,554 INFO  [SoapUITestCaseRunner] running step [cancel_on_CRCE_error_OR_skip_delete_on_UnknownSubscriber]
12:18:03,555 INFO  [SoapUITestCaseRunner] running step [deleteSubscriber]
12:18:03,556 DEBUG [HttpClientSupport$SoapUIHttpClient] Stale connection check
12:18:03,557 DEBUG [HttpClientSupport$SoapUIHttpClient] Attempt 1 to execute request
12:18:03,557 DEBUG [SoapUIMultiThreadedHttpConnectionManager$SoapUIDefaultClientConnection] Sending request: POST /inew-mvno-crce-webservices/profiler/provisioning HTTP/1.1
12:18:04,116 DEBUG [SoapUIMultiThreadedHttpConnectionManager$SoapUIDefaultClientConnection] Receiving response: HTTP/1.1 200 OK
12:18:04,117 DEBUG [HttpClientSupport$SoapUIHttpClient] Connection can be kept alive indefinitely
12:18:04,123 INFO  [SoapUITestCaseRunner] Assertion [SOAP Response] has status VALID
12:18:04,123 INFO  [SoapUITestCaseRunner] Assertion [Schema Compliance] has status UNKNOWN
12:18:04,123 INFO  [SoapUITestCaseRunner] Assertion [Not SOAP Fault] has status VALID
12:18:04,123 INFO  [SoapUITestCaseRunner] running step [2nd_cancel_on_SOAP_error]
12:18:04,124 INFO  [SoapUITestCaseRunner] running step [2nd_transfer_response_values]
12:18:04,129 INFO  [SoapUITestCaseRunner] running step [cancel_on_deletion_error]
12:18:04,131 INFO  [SoapUITestCaseRunner] running step [02_createSubscriber]
12:18:04,133 DEBUG [HttpClientSupport$SoapUIHttpClient] Stale connection check
12:18:04,135 DEBUG [HttpClientSupport$SoapUIHttpClient] Attempt 1 to execute request
12:18:04,135 DEBUG [SoapUIMultiThreadedHttpConnectionManager$SoapUIDefaultClientConnection] Sending request: POST /inew-mvno-crce-webservices/profiler/provisioning HTTP/1.1
12:18:04,150 DEBUG [SoapUIMultiThreadedHttpConnectionManager$SoapUIDefaultClientConnection] Receiving response: HTTP/1.1 200 OK
12:18:04,150 DEBUG [HttpClientSupport$SoapUIHttpClient] Connection can be kept alive indefinitely
12:18:04,156 INFO  [SoapUITestCaseRunner] Assertion [SOAP Response] has status VALID
12:18:04,156 INFO  [SoapUITestCaseRunner] Assertion [Schema Compliance] has status UNKNOWN
12:18:04,156 INFO  [SoapUITestCaseRunner] Assertion [Not SOAP Fault] has status VALID
12:18:04,156 INFO  [SoapUITestCaseRunner] running step [3rd_cancel_on_SOAP_error]
12:18:04,156 INFO  [SoapUITestCaseRunner] running step [3rd_transfer_response_values]
12:18:04,166 INFO  [SoapUITestCaseRunner] running step [cancel_on_create_error]
12:18:04,167 INFO  [SoapUITestCaseRunner] running step [activateSubscriber]
12:18:04,169 DEBUG [HttpClientSupport$SoapUIHttpClient] Stale connection check
12:18:04,171 DEBUG [HttpClientSupport$SoapUIHttpClient] Attempt 1 to execute request
12:18:04,171 DEBUG [SoapUIMultiThreadedHttpConnectionManager$SoapUIDefaultClientConnection] Sending request: POST /inew-mvno-crce-webservices/profiler/subscriber HTTP/1.1
12:18:04,545 DEBUG [SoapUIMultiThreadedHttpConnectionManager$SoapUIDefaultClientConnection] Receiving response: HTTP/1.1 200 OK
12:18:04,546 DEBUG [HttpClientSupport$SoapUIHttpClient] Connection can be kept alive indefinitely
12:18:04,551 INFO  [SoapUITestCaseRunner] Assertion [SOAP Response] has status VALID
12:18:04,552 INFO  [SoapUITestCaseRunner] Assertion [Schema Compliance] has status UNKNOWN
12:18:04,552 INFO  [SoapUITestCaseRunner] Assertion [Not SOAP Fault] has status VALID
12:18:04,552 INFO  [SoapUITestCaseRunner] running step [4th_cancel_on_SOAP_error]
12:18:04,552 INFO  [SoapUITestCaseRunner] running step [4th_transfer_response_values]
12:18:04,558 INFO  [SoapUITestCaseRunner] running step [cancel_on_activate_error]
12:18:04,558 INFO  [SoapUITestCaseRunner] running step [getMainAccount]
12:18:04,560 DEBUG [HttpClientSupport$SoapUIHttpClient] Stale connection check
12:18:04,562 DEBUG [HttpClientSupport$SoapUIHttpClient] Attempt 1 to execute request
12:18:04,562 DEBUG [SoapUIMultiThreadedHttpConnectionManager$SoapUIDefaultClientConnection] Sending request: POST /inew-mvno-crce-webservices/accounting/accounts HTTP/1.1
12:18:04,930 DEBUG [SoapUIMultiThreadedHttpConnectionManager$SoapUIDefaultClientConnection] Receiving response: HTTP/1.1 200 OK
12:18:04,930 DEBUG [HttpClientSupport$SoapUIHttpClient] Connection can be kept alive indefinitely
12:18:04,942 INFO  [SoapUITestCaseRunner] Assertion [SOAP Response] has status VALID
12:18:04,942 INFO  [SoapUITestCaseRunner] Assertion [Schema Compliance] has status UNKNOWN
12:18:04,942 INFO  [SoapUITestCaseRunner] Assertion [Not SOAP Fault] has status VALID
12:18:04,942 INFO  [SoapUITestCaseRunner] running step [5th_cancel_on_SOAP_error]
12:18:04,943 INFO  [SoapUITestCaseRunner] running step [5th_transfer_response_values]
12:18:04,963 INFO  [SoapUITestCaseRunner] running step [cancel_on_getmainaccount_error]
12:18:04,964 INFO  [SoapUITestCaseRunner] running step [setBalance]
12:18:04,966 DEBUG [HttpClientSupport$SoapUIHttpClient] Stale connection check
12:18:04,968 DEBUG [HttpClientSupport$SoapUIHttpClient] Attempt 1 to execute request
12:18:04,968 DEBUG [SoapUIMultiThreadedHttpConnectionManager$SoapUIDefaultClientConnection] Sending request: POST /inew-mvno-crce-webservices/accounting/account_administration HTTP/1.1
12:18:05,215 DEBUG [SoapUIMultiThreadedHttpConnectionManager$SoapUIDefaultClientConnection] Receiving response: HTTP/1.1 200 OK
12:18:05,215 DEBUG [HttpClientSupport$SoapUIHttpClient] Connection can be kept alive indefinitely
12:18:05,227 INFO  [SoapUITestCaseRunner] Assertion [SOAP Response] has status VALID
12:18:05,227 INFO  [SoapUITestCaseRunner] Assertion [Schema Compliance] has status UNKNOWN
12:18:05,227 INFO  [SoapUITestCaseRunner] Assertion [Not SOAP Fault] has status VALID
12:18:05,227 INFO  [SoapUITestCaseRunner] running step [6th_cancel_on_SOAP_error]
12:18:05,228 INFO  [SoapUITestCaseRunner] running step [6th_transfer_response_values]
12:18:05,237 INFO  [SoapUITestCaseRunner] running step [cancel_on_setbalance_error]
12:18:05,238 INFO  [SoapUITestCaseRunner] running step [repeat_01_amount_times]
12:18:05,239 INFO  [SoapUITestCaseRunner] running step [finish_successful]
12:18:05,313 INFO  [log] HighLevelOps.createTestSubscribers.output.resultCode=OK
12:18:05,314 INFO  [SoapUITestCaseRunner] Finished running SoapUI testcase [createTestSubscribers], time taken: 5733ms, status: FINISHED
12:18:05,315 INFO  [SoapUITestCaseRunner] TestCase [createTestSubscribers] finished with status [FINISHED] in 5733ms</msg>
<status status="PASS" endtime="20151201 12:18:05.335" starttime="20151201 12:17:57.525"></status>
</kw>
<msg timestamp="20151201 12:18:05.342" level="INFO">${execution_status} = PASS</msg>
<msg timestamp="20151201 12:18:05.343" level="INFO">${return_value_dummy} = None</msg>
<status status="PASS" endtime="20151201 12:18:05.338" starttime="20151201 12:17:57.523"></status>
</kw>
<kw type="kw" name="${resultCode} = subscriber-admin-support-resource.CRCE Get Groovy Log Return Property">
<doc>This is a PRIVATE helper function to retrieve return values placed into the Groovy log by the SoaupUI TCs .</doc>
<arguments>
<arg>HighLevelOps.createTestSubscribers.output.resultCode</arg>
<arg>UNKNOWN_ERROR</arg>
</arguments>
<kw type="kw" name="${return_marker} = BuiltIn.Set Variable">
<doc>Returns the given values which can then be assigned to a variables.</doc>
<arguments>
<arg>${property_name}=</arg>
</arguments>
<msg timestamp="20151201 12:18:05.380" level="INFO">${return_marker} = HighLevelOps.createTestSubscribers.output.resultCode=</msg>
<status status="PASS" endtime="20151201 12:18:05.379" starttime="20151201 12:18:05.373"></status>
</kw>
<kw type="kw" name="${resultCode} = BuiltIn.Set Variable">
<doc>Returns the given values which can then be assigned to a variables.</doc>
<arguments>
<arg>${EMPTY}</arg>
</arguments>
<msg timestamp="20151201 12:18:05.389" level="INFO">${resultCode} = </msg>
<status status="PASS" endtime="20151201 12:18:05.387" starttime="20151201 12:18:05.383"></status>
</kw>
<kw type="kw" name="${return_log_entry} = BuiltIn.Set Variable">
<doc>Returns the given values which can then be assigned to a variables.</doc>
<arguments>
<arg>${EMPTY}</arg>
</arguments>
<msg timestamp="20151201 12:18:05.396" level="INFO">${return_log_entry} = </msg>
<status status="PASS" endtime="20151201 12:18:05.395" starttime="20151201 12:18:05.392"></status>
</kw>
<kw type="kw" name="${execution_status}, ${return_log_entry} = BuiltIn.Run Keyword And Ignore Error">
<doc>Runs the given keyword with the given arguments and ignores possible error.</doc>
<arguments>
<arg>Grep File</arg>
<arg>${SOAPUI GROOVY LOG}</arg>
<arg>${return_marker}</arg>
</arguments>
<kw type="kw" name="OperatingSystem.Grep File">
<doc>Returns the lines of the specified file that match the `pattern`.</doc>
<arguments>
<arg>${SOAPUI GROOVY LOG}</arg>
<arg>${return_marker}</arg>
</arguments>
<msg timestamp="20151201 12:18:05.402" html="yes" level="INFO">Reading file '&lt;a href="file:///opt/robot/robotworkspace/robot_testsuites/basic/PrePaid/MTC/global-groovy.log"&gt;/opt/robot/robotworkspace/robot_testsuites/basic/PrePaid/MTC/global-groovy.log&lt;/a&gt;'</msg>
<msg timestamp="20151201 12:18:05.408" level="INFO">1 out of 1 lines matched</msg>
<status status="PASS" endtime="20151201 12:18:05.409" starttime="20151201 12:18:05.400"></status>
</kw>
<msg timestamp="20151201 12:18:05.410" level="INFO">${execution_status} = PASS</msg>
<msg timestamp="20151201 12:18:05.411" level="INFO">${return_log_entry} = 2015-12-01 12:18:05,313 INFO  [log] HighLevelOps.createTestSubscribers.output.resultCode=OK</msg>
<status status="PASS" endtime="20151201 12:18:05.410" starttime="20151201 12:18:05.397"></status>
</kw>
<kw type="kw" name="${return_log_entry} = BuiltIn.Run Keyword If">
<doc>Runs the given keyword with the given arguments, if `condition` is true.</doc>
<arguments>
<arg>'${execution_status}'=='FAIL'</arg>
<arg>Set Variable</arg>
<arg>${EMPTY}</arg>
<arg>ELSE</arg>
<arg>Set Variable</arg>
<arg>${return_log_entry}</arg>
</arguments>
<kw type="kw" name="BuiltIn.Set Variable">
<doc>Returns the given values which can then be assigned to a variables.</doc>
<arguments>
<arg>${return_log_entry}</arg>
</arguments>
<status status="PASS" endtime="20151201 12:18:05.421" starttime="20151201 12:18:05.419"></status>
</kw>
<msg timestamp="20151201 12:18:05.422" level="INFO">${return_log_entry} = 2015-12-01 12:18:05,313 INFO  [log] HighLevelOps.createTestSubscribers.output.resultCode=OK</msg>
<status status="PASS" endtime="20151201 12:18:05.422" starttime="20151201 12:18:05.412"></status>
</kw>
<kw type="kw" name="${return_log_entry} = BuiltIn.Run Keyword If">
<doc>Runs the given keyword with the given arguments, if `condition` is true.</doc>
<arguments>
<arg>'${return_log_entry}'=='${NONE}'</arg>
<arg>Set Variable</arg>
<arg>${EMPTY}</arg>
<arg>ELSE</arg>
<arg>Set Variable</arg>
<arg>${return_log_entry}</arg>
</arguments>
<kw type="kw" name="BuiltIn.Set Variable">
<doc>Returns the given values which can then be assigned to a variables.</doc>
<arguments>
<arg>${return_log_entry}</arg>
</arguments>
<status status="PASS" endtime="20151201 12:18:05.431" starttime="20151201 12:18:05.429"></status>
</kw>
<msg timestamp="20151201 12:18:05.433" level="INFO">${return_log_entry} = 2015-12-01 12:18:05,313 INFO  [log] HighLevelOps.createTestSubscribers.output.resultCode=OK</msg>
<status status="PASS" endtime="20151201 12:18:05.432" starttime="20151201 12:18:05.424"></status>
</kw>
<kw type="kw" name="${resultCode} = BuiltIn.Run Keyword If">
<doc>Runs the given keyword with the given arguments, if `condition` is true.</doc>
<arguments>
<arg>'${return_log_entry}'!='${EMPTY}'</arg>
<arg>Fetch From Right</arg>
<arg>${return_log_entry}</arg>
<arg>${return_marker}</arg>
<arg>ELSE</arg>
<arg>Set Variable</arg>
<arg>${resultCode}</arg>
</arguments>
<kw type="kw" name="String.Fetch From Right">
<doc>Returns contents of the `string` after the last occurrence of `marker`.</doc>
<arguments>
<arg>${return_log_entry}</arg>
<arg>${return_marker}</arg>
</arguments>
<status status="PASS" endtime="20151201 12:18:05.442" starttime="20151201 12:18:05.440"></status>
</kw>
<msg timestamp="20151201 12:18:05.444" level="INFO">${resultCode} = OK</msg>
<status status="PASS" endtime="20151201 12:18:05.443" starttime="20151201 12:18:05.434"></status>
</kw>
<kw type="kw" name="${resultCode} = BuiltIn.Run Keyword If">
<doc>Runs the given keyword with the given arguments, if `condition` is true.</doc>
<arguments>
<arg>'${resultCode}'=='${NONE}'</arg>
<arg>Set Variable</arg>
<arg>${default_value}</arg>
<arg>ELSE IF</arg>
<arg>'${resultCode}'=='${EMPTY}'</arg>
<arg>Set Variable</arg>
<arg>${default_value}</arg>
<arg>ELSE</arg>
<arg>Set Variable</arg>
<arg>${resultCode}</arg>
</arguments>
<kw type="kw" name="BuiltIn.Set Variable">
<doc>Returns the given values which can then be assigned to a variables.</doc>
<arguments>
<arg>${resultCode}</arg>
</arguments>
<status status="PASS" endtime="20151201 12:18:05.455" starttime="20151201 12:18:05.453"></status>
</kw>
<msg timestamp="20151201 12:18:05.456" level="INFO">${resultCode} = OK</msg>
<status status="PASS" endtime="20151201 12:18:05.456" starttime="20151201 12:18:05.445"></status>
</kw>
<msg timestamp="20151201 12:18:05.458" level="INFO">${resultCode} = OK</msg>
<status status="PASS" endtime="20151201 12:18:05.458" starttime="20151201 12:18:05.349"></status>
</kw>
<kw type="kw" name="subscriber-admin-support-resource.CRCE Cleanup SoapUI Logs">
<doc>This is a PRIVATE helper function to cleanup the testsuite directory from logs created by a SoapUI testcase.</doc>
<arguments>
<arg>HighLevelOps-CreateTestSubscribers</arg>
</arguments>
<kw type="kw" name="BuiltIn.Comment">
<doc>Displays the given messages in the log file as keyword arguments.</doc>
<arguments>
<arg>Run Keyword And Ignore Error</arg>
<arg>Remove File</arg>
<arg>${SOAPUI GROOVY LOG}</arg>
</arguments>
<status status="PASS" endtime="20151201 12:18:05.471" starttime="20151201 12:18:05.469"></status>
</kw>
<kw type="kw" name="BuiltIn.Comment">
<doc>Displays the given messages in the log file as keyword arguments.</doc>
<arguments>
<arg>Run Keyword And Ignore Error</arg>
<arg>Remove File</arg>
<arg>${SOAPUI LOG}</arg>
</arguments>
<status status="PASS" endtime="20151201 12:18:05.473" starttime="20151201 12:18:05.472"></status>
</kw>
<kw type="kw" name="BuiltIn.Comment">
<doc>Displays the given messages in the log file as keyword arguments.</doc>
<arguments>
<arg>Run Keyword And Ignore Error</arg>
<arg>Remove File</arg>
<arg>${SOAPUI ERROR LOG}</arg>
</arguments>
<status status="PASS" endtime="20151201 12:18:05.476" starttime="20151201 12:18:05.474"></status>
</kw>
<kw type="kw" name="BuiltIn.Run Keyword If">
<doc>Runs the given keyword with the given arguments, if `condition` is true.</doc>
<arguments>
<arg>'${tc_specific_files_prefix}'!='${EMPTY}'</arg>
<arg>Run Keyword And Ignore Error</arg>
[...]
<arguments>
<arg>${return_log_entry}</arg>
</arguments>
<status status="PASS" endtime="20151201 12:18:58.366" starttime="20151201 12:18:58.363"></status>
</kw>
<msg timestamp="20151201 12:18:58.368" level="INFO">${return_log_entry} = 2015-12-01 12:18:58,293 INFO  [log] HighLevelOps.createTestSubscribers.output.resultCode=OK</msg>
<status status="PASS" endtime="20151201 12:18:58.367" starttime="20151201 12:18:58.356"></status>
</kw>
<kw type="kw" name="${resultCode} = BuiltIn.Run Keyword If">
<doc>Runs the given keyword with the given arguments, if `condition` is true.</doc>
<arguments>
<arg>'${return_log_entry}'!='${EMPTY}'</arg>
<arg>Fetch From Right</arg>
<arg>${return_log_entry}</arg>
<arg>${return_marker}</arg>
<arg>ELSE</arg>
<arg>Set Variable</arg>
<arg>${resultCode}</arg>
</arguments>
<kw type="kw" name="String.Fetch From Right">
<doc>Returns contents of the `string` after the last occurrence of `marker`.</doc>
<arguments>
<arg>${return_log_entry}</arg>
<arg>${return_marker}</arg>
</arguments>
<status status="PASS" endtime="20151201 12:18:58.379" starttime="20151201 12:18:58.376"></status>
</kw>
<msg timestamp="20151201 12:18:58.381" level="INFO">${resultCode} = OK</msg>
<status status="PASS" endtime="20151201 12:18:58.380" starttime="20151201 12:18:58.369"></status>
</kw>
<kw type="kw" name="${resultCode} = BuiltIn.Run Keyword If">
<doc>Runs the given keyword with the given arguments, if `condition` is true.</doc>
<arguments>
<arg>'${resultCode}'=='${NONE}'</arg>
<arg>Set Variable</arg>
<arg>${default_value}</arg>
<arg>ELSE IF</arg>
<arg>'${resultCode}'=='${EMPTY}'</arg>
<arg>Set Variable</arg>
<arg>${default_value}</arg>
<arg>ELSE</arg>
<arg>Set Variable</arg>
<arg>${resultCode}</arg>
</arguments>
<kw type="kw" name="BuiltIn.Set Variable">
<doc>Returns the given values which can then be assigned to a variables.</doc>
<arguments>
<arg>${resultCode}</arg>
</arguments>
<status status="PASS" endtime="20151201 12:18:58.395" starttime="20151201 12:18:58.394"></status>
</kw>
<msg timestamp="20151201 12:18:58.396" level="INFO">${resultCode} = OK</msg>
<status status="PASS" endtime="20151201 12:18:58.396" starttime="20151201 12:18:58.383"></status>
</kw>
<msg timestamp="20151201 12:18:58.398" level="INFO">${resultCode} = OK</msg>
<status status="PASS" endtime="20151201 12:18:58.397" starttime="20151201 12:18:58.307"></status>
</kw>
<kw type="kw" name="subscriber-admin-support-resource.CRCE Cleanup SoapUI Logs">
<doc>This is a PRIVATE helper function to cleanup the testsuite directory from logs created by a SoapUI testcase.</doc>
<arguments>
<arg>HighLevelOps-CreateTestSubscribers</arg>
</arguments>
<kw type="kw" name="BuiltIn.Comment">
<doc>Displays the given messages in the log file as keyword arguments.</doc>
<arguments>
<arg>Run Keyword And Ignore Error</arg>
<arg>Remove File</arg>
<arg>${SOAPUI GROOVY LOG}</arg>
</arguments>
<status status="PASS" endtime="20151201 12:18:58.403" starttime="20151201 12:18:58.402"></status>
</kw>
<kw type="kw" name="BuiltIn.Comment">
<doc>Displays the given messages in the log file as keyword arguments.</doc>
<arguments>
<arg>Run Keyword And Ignore Error</arg>
<arg>Remove File</arg>
<arg>${SOAPUI LOG}</arg>
</arguments>
<status status="PASS" endtime="20151201 12:18:58.404" starttime="20151201 12:18:58.404"></status>
</kw>
<kw type="kw" name="BuiltIn.Comment">
<doc>Displays the given messages in the log file as keyword arguments.</doc>
<arguments>
<arg>Run Keyword And Ignore Error</arg>
<arg>Remove File</arg>
<arg>${SOAPUI ERROR LOG}</arg>
</arguments>
<status status="PASS" endtime="20151201 12:18:58.406" starttime="20151201 12:18:58.405"></status>
</kw>
<kw type="kw" name="BuiltIn.Run Keyword If">
<doc>Runs the given keyword with the given arguments, if `condition` is true.</doc>
<arguments>
<arg>'${tc_specific_files_prefix}'!='${EMPTY}'</arg>
<arg>Run Keyword And Ignore Error</arg>
<arg>Remove File</arg>
<arg>${tc_specific_files_prefix}*.*</arg>
</arguments>
<kw type="kw" name="BuiltIn.Run Keyword And Ignore Error">
<doc>Runs the given keyword with the given arguments and ignores possible error.</doc>
<arguments>
<arg>Remove File</arg>
<arg>${tc_specific_files_prefix}*.*</arg>
</arguments>
<kw type="kw" name="OperatingSystem.Remove File">
<doc>Removes a file with the given path.</doc>
<arguments>
<arg>${tc_specific_files_prefix}*.*</arg>
</arguments>
<msg timestamp="20151201 12:18:58.413" html="yes" level="INFO">File '&lt;a href="file:///opt/robot/robotworkspace/robot_testsuites/basic/PrePaid/MTC/HighLevelOps-CreateTestSubscribers*.*"&gt;/opt/robot/robotworkspace/robot_testsuites/basic/PrePaid/MTC/HighLevelOps-CreateTestSubscribers*.*&lt;/a&gt;' does not exist</msg>
<status status="PASS" endtime="20151201 12:18:58.413" starttime="20151201 12:18:58.411"></status>
</kw>
<status status="PASS" endtime="20151201 12:18:58.414" starttime="20151201 12:18:58.410"></status>
</kw>
<status status="PASS" endtime="20151201 12:18:58.414" starttime="20151201 12:18:58.407"></status>
</kw>
<status status="PASS" endtime="20151201 12:18:58.415" starttime="20151201 12:18:58.399"></status>
</kw>
<msg timestamp="20151201 12:18:58.416" level="INFO">${return_code} = OK</msg>
<status status="PASS" endtime="20151201 12:18:58.416" starttime="20151201 12:18:53.879"></status>
</kw>
<kw type="kw" name="${calling_party_msisdn} = BuiltIn.Evaluate">
<doc>Evaluates the given expression in Python and returns the results.</doc>
<arguments>
<arg>${TESTSUBCRIBERS MSISDN RANGE START}+1</arg>
</arguments>
<msg timestamp="20151201 12:18:58.420" level="INFO">${calling_party_msisdn} = 573190001001</msg>
<status status="PASS" endtime="20151201 12:18:58.420" starttime="20151201 12:18:58.417"></status>
</kw>
<kw type="kw" name="BuiltIn.Should Be Equal As Strings">
<doc>Fails if objects are unequal after converting them to strings.</doc>
<arguments>
<arg>${return_code}</arg>
<arg>OK</arg>
</arguments>
<msg timestamp="20151201 12:18:58.422" level="INFO">Argument types are:
&lt;type 'unicode'&gt;
&lt;type 'unicode'&gt;</msg>
<status status="PASS" endtime="20151201 12:18:58.423" starttime="20151201 12:18:58.421"></status>
</kw>
<kw type="kw" name="BuiltIn.Log">
<doc>Logs the given message with the given level.</doc>
<arguments>
<arg>Test Subscribers Created!</arg>
<arg>console=yes</arg>
</arguments>
<msg timestamp="20151201 12:18:58.424" level="INFO">Test Subscribers Created!</msg>
<status status="PASS" endtime="20151201 12:18:58.425" starttime="20151201 12:18:58.423"></status>
</kw>
<kw type="kw" name="BuiltIn.Comment">
<doc>Displays the given messages in the log file as keyword arguments.</doc>
<arguments>
<arg>******* Run MTC 1s *******</arg>
</arguments>
<status status="PASS" endtime="20151201 12:18:58.426" starttime="20151201 12:18:58.425"></status>
</kw>
<kw type="kw" name="BuiltIn.Log">
<doc>Logs the given message with the given level.</doc>
<arguments>
<arg>Running the short MTC call...</arg>
<arg>console=yes</arg>
</arguments>
<msg timestamp="20151201 12:18:58.428" level="INFO">Running the short MTC call...</msg>
<status status="PASS" endtime="20151201 12:18:58.428" starttime="20151201 12:18:58.427"></status>
</kw>
<kw type="kw" name="${rc} = cg_support-resource.CG Run MTC 1s">
<doc>Runs a standard (i.e. non-roaming) MTC 1s session</doc>
<arguments>
<arg>${calling_party_msisdn}</arg>
<arg>${TESTSUBCRIBERS IMSI RANGE START}</arg>
<arg>${TESTSUBCRIBERS MSISDN RANGE START}</arg>
<arg>${MSC ADDRESS}</arg>
<arg>${CALLSGEN HOME}</arg>
<arg>${CALLSGEN JAR NAME}</arg>
<arg>${CG UNIFIED WS PATH}</arg>
<arg>${AMQ-SIG HOST}</arg>
<arg>${AMQ-SIG PORT}</arg>
<arg>${AMQ-SIG MOC REQ QUEUE}</arg>
<arg>${AMQ-SIG MOC RES QUEUE}</arg>
</arguments>
<kw type="kw" name="${rc} = cg_support-resource.CG Run Standard MTC CGS">
<doc>Runs a standard (non-roaming) MTC session (meaning a session that needs only mscAddress and mtcAPartyMsisdn parameters) for the passed cgs file</doc>
<arguments>
<arg>mtc1s</arg>
<arg>${cg_msisdn}</arg>
<arg>${cd_imsi}</arg>
<arg>${cd_msisdn}</arg>
<arg>${msc_address}</arg>
<arg>${callsgen_home}</arg>
<arg>${callsgen_jar_name}</arg>
<arg>${callsgen_unified_workspace_absolute_path}</arg>
<arg>${amq_host}</arg>
<arg>${amq_port}</arg>
<arg>${queue_mtc_req}</arg>
<arg>${queue_mtc_res}</arg>
</arguments>
<kw type="kw" name="${subscribers_csv_absolute_path} = BuiltIn.Set Variable">
<doc>Returns the given values which can then be assigned to a variables.</doc>
<arguments>
<arg>/opt/robot/robotworkspace/libs/global-keyword-resources/cg-support/tmp/${cgs_filename}-subscribers.csv</arg>
</arguments>
<msg timestamp="20151201 12:18:58.444" level="INFO">${subscribers_csv_absolute_path} = /opt/robot/robotworkspace/libs/global-keyword-resources/cg-support/tmp/mtc1s-subscribers.csv</msg>
<status status="PASS" endtime="20151201 12:18:58.443" starttime="20151201 12:18:58.442"></status>
</kw>
<kw type="kw" name="${flexml_csv_absolute_path} = BuiltIn.Set Variable">
<doc>Returns the given values which can then be assigned to a variables.</doc>
<arguments>
<arg>/opt/robot/robotworkspace/libs/global-keyword-resources/cg-support/tmp/${cgs_filename}-fleXml.csv</arg>
</arguments>
<msg timestamp="20151201 12:18:58.446" level="INFO">${flexml_csv_absolute_path} = /opt/robot/robotworkspace/libs/global-keyword-resources/cg-support/tmp/mtc1s-fleXml.csv</msg>
<status status="PASS" endtime="20151201 12:18:58.446" starttime="20151201 12:18:58.444"></status>
</kw>
<kw type="kw" name="${workspace_ini_absolute_path} = BuiltIn.Set Variable">
<doc>Returns the given values which can then be assigned to a variables.</doc>
<arguments>
<arg>/opt/robot/robotworkspace/libs/global-keyword-resources/cg-support/tmp/${cgs_filename}-workspace.ini</arg>
</arguments>
<msg timestamp="20151201 12:18:58.448" level="INFO">${workspace_ini_absolute_path} = /opt/robot/robotworkspace/libs/global-keyword-resources/cg-support/tmp/mtc1s-workspace.ini</msg>
<status status="PASS" endtime="20151201 12:18:58.448" starttime="20151201 12:18:58.447"></status>
</kw>
<kw type="kw" name="${cgs_absolute_path} = BuiltIn.Set Variable">
<doc>Returns the given values which can then be assigned to a variables.</doc>
<arguments>
<arg>/opt/robot/robotworkspace/libs/global-keyword-resources/cg-support/${cgs_filename}.cgs</arg>
</arguments>
<msg timestamp="20151201 12:18:58.450" level="INFO">${cgs_absolute_path} = /opt/robot/robotworkspace/libs/global-keyword-resources/cg-support/mtc1s.cgs</msg>
<status status="PASS" endtime="20151201 12:18:58.450" starttime="20151201 12:18:58.449"></status>
</kw>
<kw type="kw" name="BuiltIn.Comment">
<doc>Displays the given messages in the log file as keyword arguments.</doc>
<arguments>
<arg>****** create subscribers.csv ******</arg>
</arguments>
<status status="PASS" endtime="20151201 12:18:58.452" starttime="20151201 12:18:58.451"></status>
</kw>
<kw type="kw" name="OperatingSystem.Create File">
<doc>Creates a file with the given content and encoding.</doc>
<arguments>
<arg>${subscribers_csv_absolute_path}</arg>
<arg>${cd_imsi};${cd_msisdn}\n</arg>
</arguments>
<msg timestamp="20151201 12:18:58.455" html="yes" level="INFO">Created file '&lt;a href="file:///opt/robot/robotworkspace/libs/global-keyword-resources/cg-support/tmp/mtc1s-subscribers.csv"&gt;/opt/robot/robotworkspace/libs/global-keyword-resources/cg-support/tmp/mtc1s-subscribers.csv&lt;/a&gt;'</msg>
<status status="PASS" endtime="20151201 12:18:58.455" starttime="20151201 12:18:58.452"></status>
</kw>
<kw type="kw" name="BuiltIn.Comment">
<doc>Displays the given messages in the log file as keyword arguments.</doc>
<arguments>
<arg>****** create fleXml ******</arg>
</arguments>
<status status="PASS" endtime="20151201 12:18:58.457" starttime="20151201 12:18:58.456"></status>
</kw>
<kw type="kw" name="OperatingSystem.Create File">
<doc>Creates a file with the given content and encoding.</doc>
<arguments>
<arg>${flexml_csv_absolute_path}</arg>
<arg>\#Header: comment;mscAddress;mtcAPartyMsisdn\n</arg>
</arguments>
<msg timestamp="20151201 12:18:58.459" html="yes" level="INFO">Created file '&lt;a href="file:///opt/robot/robotworkspace/libs/global-keyword-resources/cg-support/tmp/mtc1s-fleXml.csv"&gt;/opt/robot/robotworkspace/libs/global-keyword-resources/cg-support/tmp/mtc1s-fleXml.csv&lt;/a&gt;'</msg>
<status status="PASS" endtime="20151201 12:18:58.460" starttime="20151201 12:18:58.458"></status>
</kw>
<kw type="kw" name="OperatingSystem.Append To File">
<doc>Appends the given contend to the specified file.</doc>
<arguments>
<arg>${flexml_csv_absolute_path}</arg>
<arg>${cgs_filename} parameters;${msc_address};${cg_msisdn}\n</arg>
</arguments>
<msg timestamp="20151201 12:18:58.463" html="yes" level="INFO">Appended to file '&lt;a href="file:///opt/robot/robotworkspace/libs/global-keyword-resources/cg-support/tmp/mtc1s-fleXml.csv"&gt;/opt/robot/robotworkspace/libs/global-keyword-resources/cg-support/tmp/mtc1s-fleXml.csv&lt;/a&gt;'</msg>
<status status="PASS" endtime="20151201 12:18:58.463" starttime="20151201 12:18:58.460"></status>
</kw>
<kw type="kw" name="BuiltIn.Comment">
<doc>Displays the given messages in the log file as keyword arguments.</doc>
<arguments>
<arg>****** create workspace.ini ******</arg>
</arguments>
<status status="PASS" endtime="20151201 12:18:59.008" starttime="20151201 12:18:58.464"></status>
</kw>
<kw type="kw" name="OperatingSystem.Create File">
<doc>Creates a file with the given content and encoding.</doc>
<arguments>
<arg>${workspace_ini_absolute_path}</arg>
<arg>${WORKSPACE_INI_DEFAULTS}</arg>
</arguments>
<msg timestamp="20151201 12:18:59.017" html="yes" level="INFO">Created file '&lt;a href="file:///opt/robot/robotworkspace/libs/global-keyword-resources/cg-support/tmp/mtc1s-workspace.ini"&gt;/opt/robot/robotworkspace/libs/global-keyword-resources/cg-support/tmp/mtc1s-workspace.ini&lt;/a&gt;'</msg>
<status status="PASS" endtime="20151201 12:18:59.018" starttime="20151201 12:18:59.011"></status>
</kw>
<kw type="kw" name="OperatingSystem.Append To File">
<doc>Appends the given contend to the specified file.</doc>
<arguments>
<arg>${workspace_ini_absolute_path}</arg>
<arg>\ninAMQHost=${amq_host} \ninAMQPort=${amq_port} \ninQueuePair1=true;CAP2_MTC;${queue_mtc_req};${queue_mtc_res};6;1;1</arg>
</arguments>
<msg timestamp="20151201 12:18:59.026" html="yes" level="INFO">Appended to file '&lt;a href="file:///opt/robot/robotworkspace/libs/global-keyword-resources/cg-support/tmp/mtc1s-workspace.ini"&gt;/opt/robot/robotworkspace/libs/global-keyword-resources/cg-support/tmp/mtc1s-workspace.ini&lt;/a&gt;'</msg>
<status status="PASS" endtime="20151201 12:18:59.027" starttime="20151201 12:18:59.020"></status>
</kw>
<kw type="kw" name="BuiltIn.Comment">
<doc>Displays the given messages in the log file as keyword arguments.</doc>
<arguments>
<arg>****** Exec CG ******</arg>
</arguments>
<status status="PASS" endtime="20151201 12:18:59.031" starttime="20151201 12:18:59.029"></status>
</kw>
<kw type="kw" name="${rc} = OperatingSystem.Run And Return Rc">
<doc>Runs the given command in the system and returns the return code.</doc>
<arguments>
<arg>cd ${callsgen_home};java -jar ${callsgen_jar_name} ${cgs_absolute_path} ${callsgen_unified_workspace_absolute_path} -i ${workspace_ini_absolute_path} -s ${subscribers_csv_absolute_path} -f ${flexml_csv_absolute_path}</arg>
</arguments>
<msg timestamp="20151201 12:18:59.048" level="INFO">Running command 'cd /opt/callsGenerator;java -jar callsgen-6.1.0.jar /opt/robot/robotworkspace/libs/global-keyword-resources/cg-support/mtc1s.cgs /opt/robot/robotworkspace/external_tests/CG_unified_workspace -i /opt/robot/robotworkspace/libs/global-keyword-resources/cg-support/tmp/mtc1s-workspace.ini -s /opt/robot/robotworkspace/libs/global-keyword-resources/cg-support/tmp/mtc1s-subscribers.csv -f /opt/robot/robotworkspace/libs/global-keyword-resources/cg-support/tmp/mtc1s-fleXml.csv 2&gt;&amp;1'</msg>
<msg timestamp="20151201 12:19:04.267" level="INFO">${rc} = 0</msg>
<status status="PASS" endtime="20151201 12:19:04.264" starttime="20151201 12:18:59.032"></status>
</kw>
<msg timestamp="20151201 12:19:04.271" level="INFO">${rc} = 0</msg>
<status status="PASS" endtime="20151201 12:19:04.269" starttime="20151201 12:18:58.437"></status>
</kw>
<msg timestamp="20151201 12:19:04.275" level="INFO">${rc} = 0</msg>
<status status="PASS" endtime="20151201 12:19:04.273" starttime="20151201 12:18:58.430"></status>
</kw>
<kw type="kw" name="BuiltIn.Log">
<doc>Logs the given message with the given level.</doc>
<arguments>
<arg>...do the checks...</arg>
<arg>console=yes</arg>
</arguments>
<msg timestamp="20151201 12:19:04.279" level="INFO">...do the checks...</msg>
<status status="PASS" endtime="20151201 12:19:04.280" starttime="20151201 12:19:04.277"></status>
</kw>
<kw type="kw" name="BuiltIn.Should Be Equal As Numbers">
<doc>Fails if objects are unequal after converting them to real numbers.</doc>
<arguments>
<arg>${rc}</arg>
<arg>0</arg>
<arg>msg=CG Session ended with rc ${rc}</arg>
</arguments>
<msg timestamp="20151201 12:19:04.285" level="INFO">Argument types are:
&lt;type 'int'&gt;
&lt;type 'unicode'&gt;</msg>
<status status="PASS" endtime="20151201 12:19:04.286" starttime="20151201 12:19:04.282"></status>
</kw>
<doc>Test will make a short MTC call

Arguments:
none
Returns:
none
Fails: in case CG session fails or account balance evaluation fails

=================================================================================</doc>
<tags>
<tag>matko.sanseovic</tag>
<tag>MTC_only</tag>
<tag>TNZ_supported</tag>
</tags>
<status status="PASS" critical="yes" endtime="20151201 12:19:04.288" starttime="20151201 12:18:53.858"></status>
</test>
<doc>Testing the prepaid MTC call, duration is 1s

============================================================</doc>
<metadata>
</metadata>
<status status="PASS" endtime="20151201 12:19:04.295" starttime="20151201 12:18:50.096"></status>
</suite>
<doc></doc>
<metadata>
</metadata>
<status status="PASS" endtime="20151201 12:19:04.315" starttime="20151201 12:18:50.060"></status>
</suite>
<doc></doc>
<metadata>
</metadata>
<status status="PASS" endtime="20151201 12:19:04.342" starttime="20151201 12:17:51.259"></status>
</suite>
<statistics>
<total>
<stat pass="4" fail="0">Critical Tests</stat>
<stat pass="4" fail="0">All Tests</stat>
</total>
<tag>
<stat pass="4" info="" doc="" combined="" fail="0" links="">matko.sanseovic</stat>
<stat pass="4" info="" doc="" combined="" fail="0" links="">MTC_only</stat>
<stat pass="3" info="" doc="" combined="" fail="0" links="">mTel_PPLIGHT_TB25_supported</stat>
<stat pass="3" info="" doc="" combined="" fail="0" links="">mTel_supported</stat>
<stat pass="3" info="" doc="" combined="" fail="0" links="">SMARTSPACE_supported</stat>
<stat pass="4" info="" doc="" combined="" fail="0" links="">TNZ_supported</stat>
<stat pass="3" info="" doc="" combined="" fail="0" links="">VIRGIN_COLUMBIA_supported</stat>
</tag>
<suite>
<stat pass="4" id="s1" fail="0" name="MTC">MTC</stat>
<stat pass="1" id="s1-s1" fail="0" name="MTC PREPAID-Abandon">MTC.MTC PREPAID-Abandon</stat>
<stat pass="1" id="s1-s1-s1" fail="0" name="MTC PREPAID-Abandon-robot-suite">MTC.MTC PREPAID-Abandon.MTC PREPAID-Abandon-robot-suite</stat>
<stat pass="1" id="s1-s2" fail="0" name="MTC PREPAID-Busy">MTC.MTC PREPAID-Busy</stat>
<stat pass="1" id="s1-s2-s1" fail="0" name="MTC PREPAID-Busy-robot-suite">MTC.MTC PREPAID-Busy.MTC PREPAID-Busy-robot-suite</stat>
<stat pass="1" id="s1-s3" fail="0" name="MTC PREPAID-NoAnswer">MTC.MTC PREPAID-NoAnswer</stat>
<stat pass="1" id="s1-s3-s1" fail="0" name="MTC PREPAID-NoAnswer-robot-suite">MTC.MTC PREPAID-NoAnswer.MTC PREPAID-NoAnswer-robot-suite</stat>
<stat pass="1" id="s1-s4" fail="0" name="MTC PREPAID-ShortDuration">MTC.MTC PREPAID-ShortDuration</stat>
<stat pass="1" id="s1-s4-s1" fail="0" name="MTC PREPAID-ShortDuration-robot-suite">MTC.MTC PREPAID-ShortDuration.MTC PREPAID-ShortDuration-robot-suite</stat>
</suite>
</statistics>
<errors>
</errors>
</robot>
