<?xml version="1.0" encoding="UTF-8"?>
<robot generator="Robot 2.8.7 (Jython 2.7rc1 on java1.7.0_79)" generated="20151202 11:26:55.452">
<suite source="/opt/robot/robotworkspace/robot_testsuites/experimental/matko.sanseovic/basic/PostPaid/MTC" id="s1" name="MTC">
<suite source="/opt/robot/robotworkspace/robot_testsuites/experimental/matko.sanseovic/basic/PostPaid/MTC/MTC_POSTPAID-Abandon" id="s1-s1" name="MTC POSTPAID-Abandon">
<suite source="/opt/robot/robotworkspace/robot_testsuites/experimental/matko.sanseovic/basic/PostPaid/MTC/MTC_POSTPAID-Abandon/MTC_POSTPAID-Abandon-robot-suite.txt" id="s1-s1-s1" name="MTC POSTPAID-Abandon-robot-suite">
<kw type="setup" name="suite-global-keyword-resource.Setup Suite">
<doc></doc>
<arguments>
</arguments>
<kw type="kw" name="${date} = OperatingSystem.Run">
<doc>Runs the given command in the system and returns the output.</doc>
<arguments>
<arg>date</arg>
</arguments>
<msg timestamp="20151202 11:26:57.390" level="INFO">Running command 'date 2&gt;&amp;1'</msg>
<msg timestamp="20151202 11:26:57.394" level="INFO">${date} = Wed Dec  2 11:26:57 CET 2015</msg>
<status status="PASS" endtime="20151202 11:26:57.393" starttime="20151202 11:26:57.377"></status>
</kw>
<kw type="kw" name="BuiltIn.Log">
<doc>Logs the given message with the given level.</doc>
<arguments>
<arg>Date and time: ${date}</arg>
<arg>console=yes</arg>
</arguments>
<msg timestamp="20151202 11:26:57.399" level="INFO">Date and time: Wed Dec  2 11:26:57 CET 2015</msg>
<status status="PASS" endtime="20151202 11:26:57.401" starttime="20151202 11:26:57.396"></status>
</kw>
<kw type="kw" name="BuiltIn.Log">
<doc>Logs the given message with the given level.</doc>
<arguments>
<arg>Target IN machine: ${IN-APP HOST}</arg>
<arg>console=yes</arg>
</arguments>
<msg timestamp="20151202 11:26:57.405" level="INFO">Target IN machine: 10.105.125.135</msg>
<status status="PASS" endtime="20151202 11:26:57.406" starttime="20151202 11:26:57.402"></status>
</kw>
<kw type="kw" name="${in_rc}, ${in_version} = suite-global-keyword-resource.Get IN Vitality State">
<doc>Checks the state of the IN service</doc>
<arguments>
<arg>${IN-APP HOST}</arg>
<arg>1111</arg>
<arg>${IN-APP USER}</arg>
<arg>${IN-APP PWD}</arg>
<arg>${EMPTY}</arg>
<arg>${IN-APP MOC SERVICE NAME}</arg>
</arguments>
<kw type="kw" name="${ssh_connection} = ssh-support-resource.SSH Login">
<doc>Does a password or RSA key file based login at the passed SSH connection depending whether or not the passed password is .</doc>
<arguments>
<arg>${ssh_user}</arg>
<arg>${ssh_pswd}</arg>
<arg>${ssh_rsa_key_file}</arg>
<arg>host=${host}</arg>
</arguments>
<kw type="kw" name="SSHLibrary.Set Default Configuration">
<doc>Update the default `configuration`.</doc>
<arguments>
<arg>loglevel=INFO</arg>
</arguments>
<status status="PASS" endtime="20151202 11:26:57.505" starttime="20151202 11:26:57.503"></status>
</kw>
<kw type="kw" name="${ssh_connection} = BuiltIn.Run Keyword If">
<doc>Runs the given keyword with the given arguments, if `condition` is true.</doc>
<arguments>
<arg>'${ssh_connection}'=='${EMPTY}'</arg>
<arg>Open Connection</arg>
<arg>${host}</arg>
<arg>port=22</arg>
<arg>timeout=3</arg>
<arg>prompt=$</arg>
</arguments>
<kw type="kw" name="SSHLibrary.Open Connection">
<doc>Opens a new SSH connection to the given `host` and `port`.</doc>
<arguments>
<arg>${host}</arg>
<arg>port=22</arg>
<arg>timeout=3</arg>
<arg>prompt=$</arg>
</arguments>
<status status="PASS" endtime="20151202 11:26:58.363" starttime="20151202 11:26:57.521"></status>
</kw>
<msg timestamp="20151202 11:26:58.370" level="INFO">${ssh_connection} = 1</msg>
<status status="PASS" endtime="20151202 11:26:58.368" starttime="20151202 11:26:57.507"></status>
</kw>
<kw type="kw" name="BuiltIn.Run Keyword If">
<doc>Runs the given keyword with the given arguments, if `condition` is true.</doc>
<arguments>
<arg>'${pswd}'=='${EMPTY}'</arg>
<arg>Login With Public Key</arg>
<arg>${user}</arg>
<arg>${rsa_key_file}</arg>
<arg>ELSE</arg>
<arg>Login</arg>
<arg>${user}</arg>
<arg>${pswd}</arg>
</arguments>
<kw type="kw" name="SSHLibrary.Login">
<doc>Logs into the SSH server with the given `username` and `password`.</doc>
<arguments>
<arg>${user}</arg>
<arg>${pswd}</arg>
</arguments>
<msg timestamp="20151202 11:26:58.393" level="INFO">Logging into '10.105.125.135:22' as 'qa_automation'.</msg>
<msg timestamp="20151202 11:26:59.464" level="INFO">Read output: Last login: Wed Dec  2 09:11:50 2015 from 10.105.80.196
id: cannot find name for group ID 20007
[1m[qa_automation@in-app01.tb25 ~]$</msg>
<status status="PASS" endtime="20151202 11:26:59.466" starttime="20151202 11:26:58.387"></status>
</kw>
<status status="PASS" endtime="20151202 11:26:59.467" starttime="20151202 11:26:58.374"></status>
</kw>
<msg timestamp="20151202 11:26:59.471" level="INFO">${ssh_connection} = 1</msg>
<status status="PASS" endtime="20151202 11:26:59.470" starttime="20151202 11:26:57.481"></status>
</kw>
<kw type="kw" name="${resultCode} = BuiltIn.Run Keyword If">
<doc>Runs the given keyword with the given arguments, if `condition` is true.</doc>
<arguments>
<arg>'${ssh_connection}'==''</arg>
<arg>Set Variable</arg>
<arg>LOGIN_FAILED</arg>
</arguments>
<msg timestamp="20151202 11:26:59.477" level="INFO">${resultCode} = None</msg>
<status status="PASS" endtime="20151202 11:26:59.476" starttime="20151202 11:26:59.472"></status>
</kw>
<kw type="kw" name="${output} = SSHLibrary.Execute Command">
<doc>Executes `command` on the remote machine and returns its outputs.</doc>
<arguments>
<arg>sudo service ${service_name} status</arg>
</arguments>
<msg timestamp="20151202 11:26:59.480" level="INFO">Executing command 'sudo service inew-mvna-corein-service-moc-partition-00-1.0.0 status'.</msg>
<msg timestamp="20151202 11:27:00.467" level="INFO">Command exited with return code 0.</msg>
<msg timestamp="20151202 11:27:00.472" level="INFO">${output} = I-New MVNA MTel - Core - Service 1.0.0 2015.11.12-14:31:57 is running PID: 12768 </msg>
<status status="PASS" endtime="20151202 11:27:00.470" starttime="20151202 11:26:59.478"></status>
</kw>
<kw type="kw" name="${status}, ${rc} = BuiltIn.Run Keyword And Ignore Error">
<doc>Runs the given keyword with the given arguments and ignores possible error.</doc>
<arguments>
<arg>Should Contain</arg>
<arg>${output}</arg>
<arg>is running</arg>
<arg>msg=Service ${service_name} is not running!</arg>
</arguments>
<kw type="kw" name="BuiltIn.Should Contain">
<doc>Fails if `item1` does not contain `item2` one or more times.</doc>
<arguments>
<arg>${output}</arg>
<arg>is running</arg>
<arg>msg=Service ${service_name} is not running!</arg>
</arguments>
<status status="PASS" endtime="20151202 11:27:00.487" starttime="20151202 11:27:00.481"></status>
</kw>
<msg timestamp="20151202 11:27:00.491" level="INFO">${status} = PASS</msg>
<msg timestamp="20151202 11:27:00.492" level="INFO">${rc} = None</msg>
<status status="PASS" endtime="20151202 11:27:00.489" starttime="20151202 11:27:00.476"></status>
</kw>
<kw type="kw" name="${resultCode} = BuiltIn.Run Keyword If">
<doc>Runs the given keyword with the given arguments, if `condition` is true.</doc>
<arguments>
<arg>'${status}'=='PASS'</arg>
<arg>Set Variable</arg>
<arg>OK</arg>
<arg>ELSE</arg>
<arg>Set Variable</arg>
<arg>SERVICE_NOT_RUNNING</arg>
</arguments>
<kw type="kw" name="BuiltIn.Set Variable">
<doc>Returns the given values which can then be assigned to a variables.</doc>
<arguments>
<arg>OK</arg>
</arguments>
<status status="PASS" endtime="20151202 11:27:00.510" starttime="20151202 11:27:00.506"></status>
</kw>
<msg timestamp="20151202 11:27:00.514" level="INFO">${resultCode} = OK</msg>
<status status="PASS" endtime="20151202 11:27:00.512" starttime="20151202 11:27:00.495"></status>
</kw>
<kw type="kw" name="${version_r} = String.Fetch From Right">
<doc>Returns contents of the `string` after the last occurrence of `marker`.</doc>
<arguments>
<arg>${output}</arg>
<arg>Service</arg>
</arguments>
<msg timestamp="20151202 11:27:00.523" level="INFO">${version_r} =  1.0.0 2015.11.12-14:31:57 is running PID: 12768 </msg>
<status status="PASS" endtime="20151202 11:27:00.522" starttime="20151202 11:27:00.517"></status>
</kw>
<kw type="kw" name="${version} = String.Fetch From Left">
<doc>Returns contents of the `string` before the first occurrence of `marker`.</doc>
<arguments>
<arg>${version_r}</arg>
<arg>is running</arg>
</arguments>
<msg timestamp="20151202 11:27:00.538" level="INFO">${version} =  1.0.0 2015.11.12-14:31:57 </msg>
<status status="PASS" endtime="20151202 11:27:00.537" starttime="20151202 11:27:00.526"></status>
</kw>
<kw type="kw" name="BuiltIn.Comment">
<doc>Displays the given messages in the log file as keyword arguments.</doc>
<arguments>
<arg>****** Log out ******</arg>
</arguments>
<status status="PASS" endtime="20151202 11:27:00.544" starttime="20151202 11:27:00.541"></status>
</kw>
<kw type="kw" name="ssh-support-resource.SSH Logout">
<doc>Closes the passed SSH connection</doc>
<arguments>
<arg>${ssh_connection}</arg>
</arguments>
<kw type="kw" name="SSHLibrary.Switch Connection">
<doc>Switches the active connection by index or alias.</doc>
<arguments>
<arg>${ssh_connection}</arg>
</arguments>
<status status="PASS" endtime="20151202 11:27:00.573" starttime="20151202 11:27:00.568"></status>
</kw>
<kw type="kw" name="SSHLibrary.Close Connection">
<doc>Closes the current connection.</doc>
<arguments>
</arguments>
<status status="PASS" endtime="20151202 11:27:00.584" starttime="20151202 11:27:00.576"></status>
</kw>
<status status="PASS" endtime="20151202 11:27:00.588" starttime="20151202 11:27:00.548"></status>
</kw>
<kw type="kw" name="${ver} = BuiltIn.Run Keyword If">
<doc>Runs the given keyword with the given arguments, if `condition` is true.</doc>
<arguments>
<arg>'${resultCode}'=='OK'</arg>
<arg>Set Variable</arg>
<arg>${version}</arg>
</arguments>
<kw type="kw" name="BuiltIn.Set Variable">
<doc>Returns the given values which can then be assigned to a variables.</doc>
<arguments>
<arg>${version}</arg>
</arguments>
<status status="PASS" endtime="20151202 11:27:00.606" starttime="20151202 11:27:00.601"></status>
</kw>
<msg timestamp="20151202 11:27:00.609" level="INFO">${ver} =  1.0.0 2015.11.12-14:31:57 </msg>
<status status="PASS" endtime="20151202 11:27:00.608" starttime="20151202 11:27:00.591"></status>
</kw>
<kw type="kw" name="BuiltIn.Comment">
<doc>Displays the given messages in the log file as keyword arguments.</doc>
<arguments>
<arg>...</arg>
<arg>ELSE</arg>
<arg>Set Variable</arg>
<arg>${EMPTY}</arg>
</arguments>
<status status="PASS" endtime="20151202 11:27:00.616" starttime="20151202 11:27:00.612"></status>
</kw>
<msg timestamp="20151202 11:27:00.622" level="INFO">${in_rc} = OK</msg>
<msg timestamp="20151202 11:27:00.623" level="INFO">${in_version} =  1.0.0 2015.11.12-14:31:57 </msg>
<status status="PASS" endtime="20151202 11:27:00.619" starttime="20151202 11:26:57.434"></status>
</kw>
<kw type="kw" name="${xdr_rc}, ${xdr_version} = suite-global-keyword-resource.Get XDR Vitality State">
<doc>Checks multiple vitality aspects of an XDR instance</doc>
<arguments>
<arg>${XDR HOST}</arg>
<arg>1111</arg>
<arg>${XDR USER}</arg>
<arg>${XDR PWD}</arg>
<arg>${EMPTY}</arg>
<arg>${XDR SERVICE NAME}</arg>
</arguments>
<kw type="kw" name="${ssh_connection} = ssh-support-resource.SSH Login">
<doc>Does a password or RSA key file based login at the passed SSH connection depending whether or not the passed password is .</doc>
<arguments>
<arg>${ssh_user}</arg>
<arg>${ssh_pswd}</arg>
<arg>${ssh_rsa_key_file}</arg>
<arg>host=${host}</arg>
</arguments>
<kw type="kw" name="SSHLibrary.Set Default Configuration">
<doc>Update the default `configuration`.</doc>
<arguments>
<arg>loglevel=INFO</arg>
</arguments>
<status status="PASS" endtime="20151202 11:27:00.747" starttime="20151202 11:27:00.743"></status>
</kw>
<kw type="kw" name="${ssh_connection} = BuiltIn.Run Keyword If">
<doc>Runs the given keyword with the given arguments, if `condition` is true.</doc>
<arguments>
<arg>'${ssh_connection}'=='${EMPTY}'</arg>
<arg>Open Connection</arg>
<arg>${host}</arg>
<arg>port=22</arg>
<arg>timeout=3</arg>
<arg>prompt=$</arg>
</arguments>
<kw type="kw" name="SSHLibrary.Open Connection">
<doc>Opens a new SSH connection to the given `host` and `port`.</doc>
<arguments>
<arg>${host}</arg>
<arg>port=22</arg>
<arg>timeout=3</arg>
<arg>prompt=$</arg>
</arguments>
<status status="PASS" endtime="20151202 11:27:00.812" starttime="20151202 11:27:00.761"></status>
</kw>
<msg timestamp="20151202 11:27:00.816" level="INFO">${ssh_connection} = 2</msg>
<status status="PASS" endtime="20151202 11:27:00.815" starttime="20151202 11:27:00.750"></status>
</kw>
<kw type="kw" name="BuiltIn.Run Keyword If">
<doc>Runs the given keyword with the given arguments, if `condition` is true.</doc>
<arguments>
<arg>'${pswd}'=='${EMPTY}'</arg>
<arg>Login With Public Key</arg>
<arg>${user}</arg>
<arg>${rsa_key_file}</arg>
<arg>ELSE</arg>
<arg>Login</arg>
<arg>${user}</arg>
<arg>${pswd}</arg>
</arguments>
<kw type="kw" name="SSHLibrary.Login">
<doc>Logs into the SSH server with the given `username` and `password`.</doc>
<arguments>
<arg>${user}</arg>
<arg>${pswd}</arg>
</arguments>
<msg timestamp="20151202 11:27:00.836" level="INFO">Logging into '10.105.125.171:22' as 'qa_automation'.</msg>
<msg timestamp="20151202 11:27:01.097" level="INFO">Read output: Last login: Wed Dec  2 09:11:53 2015 from 10.105.80.196
id: cannot find name for group ID 20007
[1m[qa_automation@xdr01.tb25 ~]$</msg>
<status status="PASS" endtime="20151202 11:27:01.101" starttime="20151202 11:27:00.831"></status>
</kw>
<status status="PASS" endtime="20151202 11:27:01.105" starttime="20151202 11:27:00.819"></status>
</kw>
<msg timestamp="20151202 11:27:01.112" level="INFO">${ssh_connection} = 2</msg>
<status status="PASS" endtime="20151202 11:27:01.110" starttime="20151202 11:27:00.719"></status>
</kw>
<kw type="kw" name="${resultCode} = BuiltIn.Run Keyword If">
<doc>Runs the given keyword with the given arguments, if `condition` is true.</doc>
<arguments>
<arg>'${ssh_connection}'==''</arg>
<arg>Set Variable</arg>
<arg>LOGIN_FAILED</arg>
</arguments>
<msg timestamp="20151202 11:27:01.132" level="INFO">${resultCode} = None</msg>
<status status="PASS" endtime="20151202 11:27:01.130" starttime="20151202 11:27:01.120"></status>
</kw>
<kw type="kw" name="${output} = SSHLibrary.Execute Command">
<doc>Executes `command` on the remote machine and returns its outputs.</doc>
<arguments>
<arg>sudo service ${service_name} status</arg>
</arguments>
<msg timestamp="20151202 11:27:01.137" level="INFO">Executing command 'sudo service inew-mvno-xdr status'.</msg>
<msg timestamp="20151202 11:27:01.330" level="INFO">Command exited with return code 0.</msg>
<msg timestamp="20151202 11:27:01.333" level="INFO">${output} = I-New UMS MVNO - XDR 6.2.0 is running PID: 5581 </msg>
<status status="PASS" endtime="20151202 11:27:01.332" starttime="20151202 11:27:01.135"></status>
</kw>
<kw type="kw" name="${status}, ${rc} = BuiltIn.Run Keyword And Ignore Error">
<doc>Runs the given keyword with the given arguments and ignores possible error.</doc>
<arguments>
<arg>Should Contain</arg>
<arg>${output}</arg>
<arg>is running</arg>
<arg>msg=Service ${service_name} is not running!</arg>
</arguments>
<kw type="kw" name="BuiltIn.Should Contain">
<doc>Fails if `item1` does not contain `item2` one or more times.</doc>
<arguments>
<arg>${output}</arg>
<arg>is running</arg>
<arg>msg=Service ${service_name} is not running!</arg>
</arguments>
<status status="PASS" endtime="20151202 11:27:01.347" starttime="20151202 11:27:01.341"></status>
</kw>
<msg timestamp="20151202 11:27:01.350" level="INFO">${status} = PASS</msg>
<msg timestamp="20151202 11:27:01.352" level="INFO">${rc} = None</msg>
<status status="PASS" endtime="20151202 11:27:01.349" starttime="20151202 11:27:01.336"></status>
</kw>
<kw type="kw" name="${resultCode} = BuiltIn.Run Keyword If">
<doc>Runs the given keyword with the given arguments, if `condition` is true.</doc>
<arguments>
<arg>'${status}'=='PASS'</arg>
<arg>Set Variable</arg>
<arg>OK</arg>
<arg>ELSE</arg>
<arg>Set Variable</arg>
<arg>SERVICE_NOT_RUNNING</arg>
</arguments>
<kw type="kw" name="BuiltIn.Set Variable">
<doc>Returns the given values which can then be assigned to a variables.</doc>
<arguments>
<arg>OK</arg>
</arguments>
<status status="PASS" endtime="20151202 11:27:01.368" starttime="20151202 11:27:01.365"></status>
</kw>
<msg timestamp="20151202 11:27:01.372" level="INFO">${resultCode} = OK</msg>
<status status="PASS" endtime="20151202 11:27:01.370" starttime="20151202 11:27:01.355"></status>
</kw>
<kw type="kw" name="${version_r} = String.Fetch From Right">
<doc>Returns contents of the `string` after the last occurrence of `marker`.</doc>
<arguments>
<arg>${output}</arg>
<arg>Server</arg>
</arguments>
<msg timestamp="20151202 11:27:01.380" level="INFO">${version_r} = I-New UMS MVNO - XDR 6.2.0 is running PID: 5581 </msg>
<status status="PASS" endtime="20151202 11:27:01.379" starttime="20151202 11:27:01.375"></status>
</kw>
<kw type="kw" name="${version} = String.Fetch From Left">
<doc>Returns contents of the `string` before the first occurrence of `marker`.</doc>
<arguments>
<arg>${version_r}</arg>
<arg>is running</arg>
</arguments>
<msg timestamp="20151202 11:27:01.389" level="INFO">${version} = I-New UMS MVNO - XDR 6.2.0 </msg>
<status status="PASS" endtime="20151202 11:27:01.387" starttime="20151202 11:27:01.383"></status>
</kw>
<kw type="kw" name="BuiltIn.Comment">
<doc>Displays the given messages in the log file as keyword arguments.</doc>
<arguments>
<arg>****** Log out ******</arg>
</arguments>
<status status="PASS" endtime="20151202 11:27:01.395" starttime="20151202 11:27:01.391"></status>
</kw>
<kw type="kw" name="ssh-support-resource.SSH Logout">
<doc>Closes the passed SSH connection</doc>
<arguments>
<arg>${ssh_connection}</arg>
</arguments>
<kw type="kw" name="SSHLibrary.Switch Connection">
<doc>Switches the active connection by index or alias.</doc>
<arguments>
<arg>${ssh_connection}</arg>
</arguments>
<status status="PASS" endtime="20151202 11:27:01.421" starttime="20151202 11:27:01.417"></status>
</kw>
<kw type="kw" name="SSHLibrary.Close Connection">
<doc>Closes the current connection.</doc>
<arguments>
</arguments>
<status status="PASS" endtime="20151202 11:27:01.428" starttime="20151202 11:27:01.424"></status>
</kw>
<status status="PASS" endtime="20151202 11:27:01.432" starttime="20151202 11:27:01.398"></status>
</kw>
<kw type="kw" name="${ver} = BuiltIn.Run Keyword If">
<doc>Runs the given keyword with the given arguments, if `condition` is true.</doc>
<arguments>
<arg>'${resultCode}'=='OK'</arg>
<arg>Set Variable</arg>
<arg>${version}</arg>
<arg>ELSE</arg>
<arg>Set Variable</arg>
<arg>${EMPTY}</arg>
</arguments>
<kw type="kw" name="BuiltIn.Set Variable">
<doc>Returns the given values which can then be assigned to a variables.</doc>
<arguments>
<arg>${version}</arg>
</arguments>
<status status="PASS" endtime="20151202 11:27:01.449" starttime="20151202 11:27:01.445"></status>
</kw>
<msg timestamp="20151202 11:27:01.452" level="INFO">${ver} = I-New UMS MVNO - XDR 6.2.0 </msg>
<status status="PASS" endtime="20151202 11:27:01.451" starttime="20151202 11:27:01.435"></status>
</kw>
<msg timestamp="20151202 11:27:01.459" level="INFO">${xdr_rc} = OK</msg>
<msg timestamp="20151202 11:27:01.460" level="INFO">${xdr_version} = I-New UMS MVNO - XDR 6.2.0 </msg>
<status status="PASS" endtime="20151202 11:27:01.456" starttime="20151202 11:27:00.660"></status>
</kw>
<kw type="kw" name="${crce_rc}, ${crce_version} = suite-global-keyword-resource.Get CRCE Vitality State">
<doc>Checks the state of the CRCE service</doc>
<arguments>
<arg>${CRCE HOST}</arg>
<arg>1111</arg>
<arg>${CRCE USER}</arg>
<arg>${CRCE PWD}</arg>
<arg>${EMPTY}</arg>
<arg>${CRCE SERVICE NAME}</arg>
</arguments>
<kw type="kw" name="${ssh_connection} = ssh-support-resource.SSH Login">
<doc>Does a password or RSA key file based login at the passed SSH connection depending whether or not the passed password is .</doc>
<arguments>
<arg>${ssh_user}</arg>
<arg>${ssh_pswd}</arg>
<arg>${ssh_rsa_key_file}</arg>
<arg>host=${host}</arg>
</arguments>
<kw type="kw" name="SSHLibrary.Set Default Configuration">
<doc>Update the default `configuration`.</doc>
<arguments>
<arg>loglevel=INFO</arg>
</arguments>
<status status="PASS" endtime="20151202 11:27:01.541" starttime="20151202 11:27:01.539"></status>
</kw>
<kw type="kw" name="${ssh_connection} = BuiltIn.Run Keyword If">
<doc>Runs the given keyword with the given arguments, if `condition` is true.</doc>
<arguments>
<arg>'${ssh_connection}'=='${EMPTY}'</arg>
<arg>Open Connection</arg>
<arg>${host}</arg>
<arg>port=22</arg>
<arg>timeout=3</arg>
<arg>prompt=$</arg>
</arguments>
<kw type="kw" name="SSHLibrary.Open Connection">
<doc>Opens a new SSH connection to the given `host` and `port`.</doc>
<arguments>
<arg>${host}</arg>
<arg>port=22</arg>
<arg>timeout=3</arg>
<arg>prompt=$</arg>
</arguments>
<status status="PASS" endtime="20151202 11:27:01.603" starttime="20151202 11:27:01.547"></status>
</kw>
<msg timestamp="20151202 11:27:01.607" level="INFO">${ssh_connection} = 3</msg>
<status status="PASS" endtime="20151202 11:27:01.606" starttime="20151202 11:27:01.542"></status>
</kw>
<kw type="kw" name="BuiltIn.Run Keyword If">
<doc>Runs the given keyword with the given arguments, if `condition` is true.</doc>
<arguments>
<arg>'${pswd}'=='${EMPTY}'</arg>
<arg>Login With Public Key</arg>
<arg>${user}</arg>
<arg>${rsa_key_file}</arg>
<arg>ELSE</arg>
<arg>Login</arg>
<arg>${user}</arg>
<arg>${pswd}</arg>
</arguments>
<kw type="kw" name="SSHLibrary.Login">
<doc>Logs into the SSH server with the given `username` and `password`.</doc>
<arguments>
<arg>${user}</arg>
<arg>${pswd}</arg>
</arguments>
<msg timestamp="20151202 11:27:01.626" level="INFO">Logging into '10.105.125.159:22' as 'qa_automation'.</msg>
<msg timestamp="20151202 11:27:01.940" level="INFO">Read output: Last login: Wed Dec  2 09:11:54 2015 from 10.105.80.196
[1m[qa_automation@ocs01.tb25 ~]$</msg>
<status status="PASS" endtime="20151202 11:27:01.942" starttime="20151202 11:27:01.622"></status>
</kw>
<status status="PASS" endtime="20151202 11:27:01.944" starttime="20151202 11:27:01.610"></status>
</kw>
<msg timestamp="20151202 11:27:01.949" level="INFO">${ssh_connection} = 3</msg>
<status status="PASS" endtime="20151202 11:27:01.947" starttime="20151202 11:27:01.529"></status>
</kw>
<kw type="kw" name="${resultCode} = BuiltIn.Run Keyword If">
<doc>Runs the given keyword with the given arguments, if `condition` is true.</doc>
<arguments>
<arg>'${ssh_connection}'==''</arg>
<arg>Set Variable</arg>
<arg>LOGIN_FAILED</arg>
</arguments>
<msg timestamp="20151202 11:27:01.961" level="INFO">${resultCode} = None</msg>
<status status="PASS" endtime="20151202 11:27:01.960" starttime="20151202 11:27:01.951"></status>
</kw>
<kw type="kw" name="${output} = SSHLibrary.Execute Command">
<doc>Executes `command` on the remote machine and returns its outputs.</doc>
<arguments>
<arg>sudo service ${service_name} status</arg>
</arguments>
<msg timestamp="20151202 11:27:01.969" level="INFO">Executing command 'sudo service inew-mvno-crce status'.</msg>
<msg timestamp="20151202 11:27:02.144" level="INFO">Command exited with return code 0.</msg>
<msg timestamp="20151202 11:27:02.149" level="INFO">${output} = I-New MVNO CRCE - Negret Rating &amp; Charging Engine 6.2.0.30830
Negret Rating &amp; Charging Engine 6.2.0.30830 is running (PID:28716, Wrapper:STARTED, Java:STARTED)
CRCE is running.</msg>
<status status="PASS" endtime="20151202 11:27:02.147" starttime="20151202 11:27:01.964"></status>
</kw>
<kw type="kw" name="${status}, ${rc} = BuiltIn.Run Keyword And Ignore Error">
<doc>Runs the given keyword with the given arguments and ignores possible error.</doc>
<arguments>
<arg>Should Contain</arg>
<arg>${output}</arg>
<arg>is running</arg>
<arg>msg=Service ${service_name} is not running!</arg>
</arguments>
<kw type="kw" name="BuiltIn.Should Contain">
<doc>Fails if `item1` does not contain `item2` one or more times.</doc>
<arguments>
<arg>${output}</arg>
<arg>is running</arg>
<arg>msg=Service ${service_name} is not running!</arg>
</arguments>
<status status="PASS" endtime="20151202 11:27:02.163" starttime="20151202 11:27:02.157"></status>
</kw>
<msg timestamp="20151202 11:27:02.166" level="INFO">${status} = PASS</msg>
<msg timestamp="20151202 11:27:02.168" level="INFO">${rc} = None</msg>
<status status="PASS" endtime="20151202 11:27:02.165" starttime="20151202 11:27:02.152"></status>
</kw>
<kw type="kw" name="${resultCode} = BuiltIn.Run Keyword If">
<doc>Runs the given keyword with the given arguments, if `condition` is true.</doc>
<arguments>
<arg>'${status}'=='PASS'</arg>
<arg>Set Variable</arg>
<arg>OK</arg>
<arg>ELSE</arg>
<arg>Set Variable</arg>
<arg>SERVICE_NOT_RUNNING</arg>
</arguments>
<kw type="kw" name="BuiltIn.Set Variable">
<doc>Returns the given values which can then be assigned to a variables.</doc>
<arguments>
<arg>OK</arg>
</arguments>
<status status="PASS" endtime="20151202 11:27:02.184" starttime="20151202 11:27:02.181"></status>
</kw>
<msg timestamp="20151202 11:27:02.187" level="INFO">${resultCode} = OK</msg>
<status status="PASS" endtime="20151202 11:27:02.186" starttime="20151202 11:27:02.171"></status>
</kw>
<kw type="kw" name="${version_r} = String.Fetch From Right">
<doc>Returns contents of the `string` after the last occurrence of `marker`.</doc>
<arguments>
<arg>${output}</arg>
<arg>Engine</arg>
</arguments>
<msg timestamp="20151202 11:27:02.195" level="INFO">${version_r} =  6.2.0.30830 is running (PID:28716, Wrapper:STARTED, Java:STARTED)
CRCE is running.</msg>
<status status="PASS" endtime="20151202 11:27:02.194" starttime="20151202 11:27:02.190"></status>
</kw>
<kw type="kw" name="${version} = String.Fetch From Left">
<doc>Returns contents of the `string` before the first occurrence of `marker`.</doc>
<arguments>
<arg>${version_r}</arg>
<arg>is running</arg>
</arguments>
<msg timestamp="20151202 11:27:02.203" level="INFO">${version} =  6.2.0.30830 </msg>
<status status="PASS" endtime="20151202 11:27:02.202" starttime="20151202 11:27:02.198"></status>
</kw>
<kw type="kw" name="BuiltIn.Comment">
<doc>Displays the given messages in the log file as keyword arguments.</doc>
<arguments>
<arg>****** Log out ******</arg>
</arguments>
<status status="PASS" endtime="20151202 11:27:02.209" starttime="20151202 11:27:02.206"></status>
</kw>
<kw type="kw" name="ssh-support-resource.SSH Logout">
<doc>Closes the passed SSH connection</doc>
<arguments>
<arg>${ssh_connection}</arg>
</arguments>
<kw type="kw" name="SSHLibrary.Switch Connection">
<doc>Switches the active connection by index or alias.</doc>
<arguments>
<arg>${ssh_connection}</arg>
</arguments>
<status status="PASS" endtime="20151202 11:27:02.234" starttime="20151202 11:27:02.230"></status>
</kw>
<kw type="kw" name="SSHLibrary.Close Connection">
<doc>Closes the current connection.</doc>
<arguments>
</arguments>
<status status="PASS" endtime="20151202 11:27:02.240" starttime="20151202 11:27:02.237"></status>
</kw>
<status status="PASS" endtime="20151202 11:27:02.245" starttime="20151202 11:27:02.212"></status>
</kw>
<kw type="kw" name="${ver} = BuiltIn.Run Keyword If">
<doc>Runs the given keyword with the given arguments, if `condition` is true.</doc>
<arguments>
<arg>'${resultCode}'=='OK'</arg>
<arg>Set Variable</arg>
<arg>${version}</arg>
</arguments>
<kw type="kw" name="BuiltIn.Set Variable">
<doc>Returns the given values which can then be assigned to a variables.</doc>
<arguments>
<arg>${version}</arg>
</arguments>
<status status="PASS" endtime="20151202 11:27:02.260" starttime="20151202 11:27:02.256"></status>
</kw>
<msg timestamp="20151202 11:27:02.262" level="INFO">${ver} =  6.2.0.30830 </msg>
<status status="PASS" endtime="20151202 11:27:02.261" starttime="20151202 11:27:02.247"></status>
</kw>
<kw type="kw" name="BuiltIn.Comment">
<doc>Displays the given messages in the log file as keyword arguments.</doc>
<arguments>
<arg>...</arg>
<arg>ELSE</arg>
<arg>Set Variable</arg>
<arg>${EMPTY}</arg>
</arguments>
<status status="PASS" endtime="20151202 11:27:02.265" starttime="20151202 11:27:02.263"></status>
</kw>
<msg timestamp="20151202 11:27:02.267" level="INFO">${crce_rc} = OK</msg>
<msg timestamp="20151202 11:27:02.268" level="INFO">${crce_version} =  6.2.0.30830 </msg>
<status status="PASS" endtime="20151202 11:27:02.266" starttime="20151202 11:27:01.495"></status>
</kw>
<kw type="kw" name="${ocs_rc}, ${ocs_version} = suite-global-keyword-resource.Get OCS Vitality State">
<doc>Checks the state of the OCS service</doc>
<arguments>
<arg>${OCS HOST}</arg>
<arg>1111</arg>
<arg>${OCS USER}</arg>
<arg>${OCS PWD}</arg>
<arg>${EMPTY}</arg>
<arg>${OCS SERVICE NAME}</arg>
</arguments>
<kw type="kw" name="${ssh_connection} = ssh-support-resource.SSH Login">
<doc>Does a password or RSA key file based login at the passed SSH connection depending whether or not the passed password is .</doc>
<arguments>
<arg>${ssh_user}</arg>
<arg>${ssh_pswd}</arg>
<arg>${ssh_rsa_key_file}</arg>
<arg>host=${host}</arg>
</arguments>
<kw type="kw" name="SSHLibrary.Set Default Configuration">
<doc>Update the default `configuration`.</doc>
<arguments>
<arg>loglevel=INFO</arg>
</arguments>
<status status="PASS" endtime="20151202 11:27:02.318" starttime="20151202 11:27:02.316"></status>
</kw>
<kw type="kw" name="${ssh_connection} = BuiltIn.Run Keyword If">
<doc>Runs the given keyword with the given arguments, if `condition` is true.</doc>
<arguments>
<arg>'${ssh_connection}'=='${EMPTY}'</arg>
<arg>Open Connection</arg>
<arg>${host}</arg>
<arg>port=22</arg>
<arg>timeout=3</arg>
<arg>prompt=$</arg>
</arguments>
<kw type="kw" name="SSHLibrary.Open Connection">
<doc>Opens a new SSH connection to the given `host` and `port`.</doc>
<arguments>
<arg>${host}</arg>
<arg>port=22</arg>
<arg>timeout=3</arg>
<arg>prompt=$</arg>
</arguments>
<status status="PASS" endtime="20151202 11:27:02.377" starttime="20151202 11:27:02.325"></status>
</kw>
<msg timestamp="20151202 11:27:02.381" level="INFO">${ssh_connection} = 4</msg>
<status status="PASS" endtime="20151202 11:27:02.379" starttime="20151202 11:27:02.319"></status>
</kw>
<kw type="kw" name="BuiltIn.Run Keyword If">
<doc>Runs the given keyword with the given arguments, if `condition` is true.</doc>
<arguments>
<arg>'${pswd}'=='${EMPTY}'</arg>
<arg>Login With Public Key</arg>
<arg>${user}</arg>
<arg>${rsa_key_file}</arg>
<arg>ELSE</arg>
<arg>Login</arg>
<arg>${user}</arg>
<arg>${pswd}</arg>
</arguments>
<kw type="kw" name="SSHLibrary.Login">
<doc>Logs into the SSH server with the given `username` and `password`.</doc>
<arguments>
<arg>${user}</arg>
<arg>${pswd}</arg>
</arguments>
<msg timestamp="20151202 11:27:02.400" level="INFO">Logging into '10.105.125.159:22' as 'qa_automation'.</msg>
<msg timestamp="20151202 11:27:02.550" level="INFO">Read output: Last login: Wed Dec  2 10:27:01 2015 from 10.105.80.196
[1m[qa_automation@ocs01.tb25 ~]$</msg>
<status status="PASS" endtime="20151202 11:27:02.552" starttime="20151202 11:27:02.395"></status>
</kw>
<status status="PASS" endtime="20151202 11:27:02.554" starttime="20151202 11:27:02.383"></status>
</kw>
<msg timestamp="20151202 11:27:02.559" level="INFO">${ssh_connection} = 4</msg>
<status status="PASS" endtime="20151202 11:27:02.557" starttime="20151202 11:27:02.306"></status>
</kw>
<kw type="kw" name="${resultCode} = BuiltIn.Run Keyword If">
<doc>Runs the given keyword with the given arguments, if `condition` is true.</doc>
<arguments>
<arg>'${ssh_connection}'==''</arg>
<arg>Set Variable</arg>
<arg>LOGIN_FAILED</arg>
</arguments>
<msg timestamp="20151202 11:27:02.571" level="INFO">${resultCode} = None</msg>
<status status="PASS" endtime="20151202 11:27:02.570" starttime="20151202 11:27:02.561"></status>
</kw>
<kw type="kw" name="${output} = SSHLibrary.Execute Command">
<doc>Executes `command` on the remote machine and returns its outputs.</doc>
<arguments>
<arg>sudo service ${service_name} status</arg>
</arguments>
<msg timestamp="20151202 11:27:02.578" level="INFO">Executing command 'sudo service inew-mvno-ocs status'.</msg>
<msg timestamp="20151202 11:27:02.656" level="INFO">Command exited with return code 0.</msg>
<msg timestamp="20151202 11:27:02.659" level="INFO">${output} = I-New MVNO GyApp - Diameter Gy Application 6.1.0.2088
GyApp is running (PID: 6110)</msg>
<status status="PASS" endtime="20151202 11:27:02.658" starttime="20151202 11:27:02.574"></status>
</kw>
<kw type="kw" name="${status}, ${rc} = BuiltIn.Run Keyword And Ignore Error">
<doc>Runs the given keyword with the given arguments and ignores possible error.</doc>
<arguments>
<arg>Should Contain</arg>
<arg>${output}</arg>
<arg>is running</arg>
<arg>msg=Service ${service_name} is not running!</arg>
</arguments>
<kw type="kw" name="BuiltIn.Should Contain">
<doc>Fails if `item1` does not contain `item2` one or more times.</doc>
<arguments>
<arg>${output}</arg>
<arg>is running</arg>
<arg>msg=Service ${service_name} is not running!</arg>
</arguments>
<status status="PASS" endtime="20151202 11:27:02.673" starttime="20151202 11:27:02.667"></status>
</kw>
<msg timestamp="20151202 11:27:02.676" level="INFO">${status} = PASS</msg>
<msg timestamp="20151202 11:27:02.677" level="INFO">${rc} = None</msg>
<status status="PASS" endtime="20151202 11:27:02.675" starttime="20151202 11:27:02.662"></status>
</kw>
<kw type="kw" name="${resultCode} = BuiltIn.Run Keyword If">
<doc>Runs the given keyword with the given arguments, if `condition` is true.</doc>
<arguments>
<arg>'${status}'=='PASS'</arg>
<arg>Set Variable</arg>
<arg>OK</arg>
<arg>ELSE</arg>
<arg>Set Variable</arg>
<arg>SERVICE_NOT_RUNNING</arg>
</arguments>
<kw type="kw" name="BuiltIn.Set Variable">
<doc>Returns the given values which can then be assigned to a variables.</doc>
<arguments>
<arg>OK</arg>
</arguments>
<status status="PASS" endtime="20151202 11:27:02.695" starttime="20151202 11:27:02.692"></status>
</kw>
<msg timestamp="20151202 11:27:02.698" level="INFO">${resultCode} = OK</msg>
<status status="PASS" endtime="20151202 11:27:02.697" starttime="20151202 11:27:02.680"></status>
</kw>
<kw type="kw" name="${version_r} = String.Fetch From Right">
<doc>Returns contents of the `string` after the last occurrence of `marker`.</doc>
<arguments>
<arg>${output}</arg>
<arg>Engine</arg>
</arguments>
<msg timestamp="20151202 11:27:02.706" level="INFO">${version_r} = I-New MVNO GyApp - Diameter Gy Application 6.1.0.2088
GyApp is running (PID: 6110)</msg>
<status status="PASS" endtime="20151202 11:27:02.705" starttime="20151202 11:27:02.701"></status>
</kw>
<kw type="kw" name="${version} = String.Fetch From Left">
<doc>Returns contents of the `string` before the first occurrence of `marker`.</doc>
<arguments>
<arg>${version_r}</arg>
<arg>is running</arg>
</arguments>
<msg timestamp="20151202 11:27:02.714" level="INFO">${version} = I-New MVNO GyApp - Diameter Gy Application 6.1.0.2088
GyApp </msg>
<status status="PASS" endtime="20151202 11:27:02.713" starttime="20151202 11:27:02.709"></status>
</kw>
<kw type="kw" name="BuiltIn.Comment">
<doc>Displays the given messages in the log file as keyword arguments.</doc>
<arguments>
<arg>****** Log out ******</arg>
</arguments>
<status status="PASS" endtime="20151202 11:27:02.720" starttime="20151202 11:27:02.716"></status>
</kw>
<kw type="kw" name="ssh-support-resource.SSH Logout">
<doc>Closes the passed SSH connection</doc>
<arguments>
<arg>${ssh_connection}</arg>
</arguments>
<kw type="kw" name="SSHLibrary.Switch Connection">
<doc>Switches the active connection by index or alias.</doc>
<arguments>
<arg>${ssh_connection}</arg>
</arguments>
<status status="PASS" endtime="20151202 11:27:02.744" starttime="20151202 11:27:02.740"></status>
</kw>
<kw type="kw" name="SSHLibrary.Close Connection">
<doc>Closes the current connection.</doc>
<arguments>
</arguments>
<status status="PASS" endtime="20151202 11:27:02.750" starttime="20151202 11:27:02.747"></status>
</kw>
<status status="PASS" endtime="20151202 11:27:02.757" starttime="20151202 11:27:02.722"></status>
</kw>
<kw type="kw" name="${ver} = BuiltIn.Run Keyword If">
<doc>Runs the given keyword with the given arguments, if `condition` is true.</doc>
<arguments>
<arg>'${resultCode}'=='OK'</arg>
<arg>Set Variable</arg>
<arg>${version}</arg>
</arguments>
<kw type="kw" name="BuiltIn.Set Variable">
<doc>Returns the given values which can then be assigned to a variables.</doc>
<arguments>
<arg>${version}</arg>
</arguments>
<status status="PASS" endtime="20151202 11:27:02.773" starttime="20151202 11:27:02.769"></status>
</kw>
<msg timestamp="20151202 11:27:02.776" level="INFO">${ver} = I-New MVNO GyApp - Diameter Gy Application 6.1.0.2088
GyApp </msg>
<status status="PASS" endtime="20151202 11:27:02.775" starttime="20151202 11:27:02.759"></status>
</kw>
<kw type="kw" name="BuiltIn.Comment">
<doc>Displays the given messages in the log file as keyword arguments.</doc>
<arguments>
<arg>...</arg>
<arg>ELSE</arg>
<arg>Set Variable</arg>
<arg>${EMPTY}</arg>
</arguments>
<status status="PASS" endtime="20151202 11:27:02.783" starttime="20151202 11:27:02.779"></status>
</kw>
<msg timestamp="20151202 11:27:02.787" level="INFO">${ocs_rc} = OK</msg>
<msg timestamp="20151202 11:27:02.789" level="INFO">${ocs_version} = I-New MVNO GyApp - Diameter Gy Application 6.1.0.2088
GyApp </msg>
<status status="PASS" endtime="20151202 11:27:02.786" starttime="20151202 11:27:02.282"></status>
</kw>
<kw type="kw" name="BuiltIn.Log">
<doc>Logs the given message with the given level.</doc>
<arguments>
<arg>IN state= ${in_rc} version=${in_version}</arg>
<arg>console=yes</arg>
</arguments>
<msg timestamp="20151202 11:27:02.796" level="INFO">IN state= OK version= 1.0.0 2015.11.12-14:31:57 </msg>
<status status="PASS" endtime="20151202 11:27:02.798" starttime="20151202 11:27:02.791"></status>
</kw>
<kw type="kw" name="BuiltIn.Log">
<doc>Logs the given message with the given level.</doc>
<arguments>
<arg>XDR state= ${xdr_rc} version=${xdr_version}</arg>
<arg>console=yes</arg>
</arguments>
<msg timestamp="20151202 11:27:02.805" level="INFO">XDR state= OK version=I-New UMS MVNO - XDR 6.2.0 </msg>
<status status="PASS" endtime="20151202 11:27:02.807" starttime="20151202 11:27:02.800"></status>
</kw>
<kw type="kw" name="BuiltIn.Log">
<doc>Logs the given message with the given level.</doc>
<arguments>
<arg>CRCE state= ${crce_rc} version=${crce_version}</arg>
<arg>console=yes</arg>
</arguments>
<msg timestamp="20151202 11:27:02.814" level="INFO">CRCE state= OK version= 6.2.0.30830 </msg>
<status status="PASS" endtime="20151202 11:27:02.816" starttime="20151202 11:27:02.809"></status>
</kw>
<kw type="kw" name="BuiltIn.Log">
<doc>Logs the given message with the given level.</doc>
<arguments>
<arg>OCS state= ${ocs_rc} version=${ocs_version}</arg>
<arg>console=yes</arg>
</arguments>
<msg timestamp="20151202 11:27:02.824" level="INFO">OCS state= OK version=I-New MVNO GyApp - Diameter Gy Application 6.1.0.2088
GyApp </msg>
<status status="PASS" endtime="20151202 11:27:02.826" starttime="20151202 11:27:02.819"></status>
</kw>
<kw type="kw" name="BuiltIn.Should Be Equal">
<doc>Fails if the given objects are unequal.</doc>
<arguments>
<arg>${in_rc}</arg>
<arg>OK</arg>
<arg>msg=IN</arg>
</arguments>
<msg timestamp="20151202 11:27:02.833" level="INFO">Argument types are:
&lt;type 'unicode'&gt;
&lt;type 'unicode'&gt;</msg>
<status status="PASS" endtime="20151202 11:27:02.834" starttime="20151202 11:27:02.828"></status>
</kw>
<kw type="kw" name="BuiltIn.Should Be Equal">
<doc>Fails if the given objects are unequal.</doc>
<arguments>
<arg>${xdr_rc}</arg>
<arg>OK</arg>
<arg>msg=XDR</arg>
</arguments>
<msg timestamp="20151202 11:27:02.841" level="INFO">Argument types are:
&lt;type 'unicode'&gt;
&lt;type 'unicode'&gt;</msg>
<status status="PASS" endtime="20151202 11:27:02.842" starttime="20151202 11:27:02.836"></status>
</kw>
<kw type="kw" name="BuiltIn.Should Be Equal">
<doc>Fails if the given objects are unequal.</doc>
<arguments>
<arg>${crce_rc}</arg>
<arg>OK</arg>
<arg>msg=CRCE</arg>
</arguments>
<msg timestamp="20151202 11:27:02.849" level="INFO">Argument types are:
&lt;type 'unicode'&gt;
&lt;type 'unicode'&gt;</msg>
<status status="PASS" endtime="20151202 11:27:02.851" starttime="20151202 11:27:02.845"></status>
</kw>
<kw type="kw" name="BuiltIn.Should Be Equal">
<doc>Fails if the given objects are unequal.</doc>
<arguments>
<arg>${ocs_rc}</arg>
<arg>OK</arg>
<arg>msg=OCS</arg>
</arguments>
<msg timestamp="20151202 11:27:02.858" level="INFO">Argument types are:
&lt;type 'unicode'&gt;
&lt;type 'unicode'&gt;</msg>
<status status="PASS" endtime="20151202 11:27:02.859" starttime="20151202 11:27:02.853"></status>
</kw>
<kw type="kw" name="${temp} = BuiltIn.Set Variable If">
<doc>Sets variable based on the given condition.</doc>
<arguments>
<arg>'${SUT PROJECT TAG PREFIX}'=='MTEL'</arg>
<arg>${ROBOT WORKSPACE PATH}/external_tests/experimental/matko.sanseovic/reroute_changes</arg>
<arg>'${SUT PROJECT TAG PREFIX}'!=''</arg>
<arg>${CG UNIFIED WS PATH}</arg>
</arguments>
<msg timestamp="20151202 11:27:02.873" level="INFO">${temp} = /opt/robot/robotworkspace/external_tests/experimental/matko.sanseovic/reroute_changes</msg>
<status status="PASS" endtime="20151202 11:27:02.871" starttime="20151202 11:27:02.862"></status>
</kw>
<kw type="kw" name="BuiltIn.Set Global Variable">
<doc>Makes a variable available globally in all tests and suites.</doc>
<arguments>
<arg>${CG UNIFIED WS PATH}</arg>
<arg>${temp}</arg>
</arguments>
<msg timestamp="20151202 11:27:02.881" level="INFO">${CG UNIFIED WS PATH} = /opt/robot/robotworkspace/external_tests/experimental/matko.sanseovic/reroute_changes</msg>
<status status="PASS" endtime="20151202 11:27:02.883" starttime="20151202 11:27:02.876"></status>
</kw>
<status status="PASS" endtime="20151202 11:27:02.885" starttime="20151202 11:26:57.364"></status>
</kw>
<test id="s1-s1-s1-t1" name="Run MTC Abandon Call">
<kw type="kw" name="BuiltIn.Comment">
<doc>Displays the given messages in the log file as keyword arguments.</doc>
<arguments>
<arg>******* Create test subscribers *******</arg>
</arguments>
<status status="PASS" endtime="20151202 11:27:02.912" starttime="20151202 11:27:02.909"></status>
</kw>
<kw type="kw" name="${INITIAL_BALANCE} = BuiltIn.Set Variable">
<doc>Returns the given values which can then be assigned to a variables.</doc>
<arguments>
<arg>10000000</arg>
</arguments>
<msg timestamp="20151202 11:27:02.919" level="INFO">${INITIAL_BALANCE} = 10000000</msg>
<status status="PASS" endtime="20151202 11:27:02.918" starttime="20151202 11:27:02.915"></status>
</kw>
<kw type="kw" name="${return_code} = subscriber-admin-support-resource.CRCE Create Test Subscribers">
<doc>Provisions one or multiple test subscribers on CRCE only.</doc>
<arguments>
<arg>${CRCE01 HOST}</arg>
<arg>${CRCE01 WEBSERVICES PORT}</arg>
<arg>${CRCE01 WEBSERVICES BASE PATH}</arg>
<arg>2</arg>
<arg>${TESTSUBCRIBERS PP IMSI RANGE START}</arg>
<arg>${TESTSUBCRIBERS PP MSISDN RANGE START}</arg>
<arg>PREPAID</arg>
<arg>${TESTSUBCRIBERS DEFAULT LANGUAGEID}</arg>
<arg>${TESTSUBCRIBERS DEFAULT TARIFFID}</arg>
<arg>${INITIAL_BALANCE}</arg>
</arguments>
<kw type="kw" name="BuiltIn.Log">
<doc>Logs the given message with the given level.</doc>
<arguments>
<arg>msg=crce_host=${crce_host}</arg>
</arguments>
<msg timestamp="20151202 11:27:02.955" level="INFO">msg=crce_host=10.105.125.159</msg>
<status status="PASS" endtime="20151202 11:27:02.957" starttime="20151202 11:27:02.951"></status>
</kw>
<kw type="kw" name="BuiltIn.Log">
<doc>Logs the given message with the given level.</doc>
<arguments>
<arg>msg=crce_port=${crce_port}</arg>
</arguments>
<msg timestamp="20151202 11:27:02.962" level="INFO">msg=crce_port=8080</msg>
<status status="PASS" endtime="20151202 11:27:02.964" starttime="20151202 11:27:02.959"></status>
</kw>
<kw type="kw" name="BuiltIn.Log">
<doc>Logs the given message with the given level.</doc>
<arguments>
<arg>msg=crce_webservicesBasePath=${crce_webservicesBasePath}</arg>
</arguments>
<msg timestamp="20151202 11:27:02.970" level="INFO">msg=crce_webservicesBasePath=/inew-mvno-crce-webservices/</msg>
<status status="PASS" endtime="20151202 11:27:02.972" starttime="20151202 11:27:02.966"></status>
</kw>
<kw type="kw" name="BuiltIn.Log">
<doc>Logs the given message with the given level.</doc>
<arguments>
<arg>msg=amount=${amount}</arg>
</arguments>
<msg timestamp="20151202 11:27:02.977" level="INFO">msg=amount=2</msg>
<status status="PASS" endtime="20151202 11:27:02.979" starttime="20151202 11:27:02.974"></status>
</kw>
<kw type="kw" name="BuiltIn.Log">
<doc>Logs the given message with the given level.</doc>
<arguments>
<arg>msg=imsiRangeStart=${imsiRangeStart}</arg>
</arguments>
<msg timestamp="20151202 11:27:02.985" level="INFO">msg=imsiRangeStart=232201667725500</msg>
<status status="PASS" endtime="20151202 11:27:02.986" starttime="20151202 11:27:02.981"></status>
</kw>
<kw type="kw" name="BuiltIn.Log">
<doc>Logs the given message with the given level.</doc>
<arguments>
<arg>msg=msisdnRangeStart=${msisdnRangeStart}</arg>
</arguments>
<msg timestamp="20151202 11:27:02.992" level="INFO">msg=msisdnRangeStart=43667725500</msg>
<status status="PASS" endtime="20151202 11:27:02.993" starttime="20151202 11:27:02.988"></status>
</kw>
<kw type="kw" name="BuiltIn.Log">
<doc>Logs the given message with the given level.</doc>
<arguments>
<arg>msg=type=${type}</arg>
</arguments>
<msg timestamp="20151202 11:27:02.999" level="INFO">msg=type=PREPAID</msg>
<status status="PASS" endtime="20151202 11:27:03.000" starttime="20151202 11:27:02.995"></status>
</kw>
<kw type="kw" name="BuiltIn.Log">
<doc>Logs the given message with the given level.</doc>
<arguments>
<arg>msg=languageid=${languageid}</arg>
</arguments>
<msg timestamp="20151202 11:27:03.007" level="INFO">msg=languageid=1</msg>
<status status="PASS" endtime="20151202 11:27:03.009" starttime="20151202 11:27:03.004"></status>
</kw>
<kw type="kw" name="BuiltIn.Log">
<doc>Logs the given message with the given level.</doc>
<arguments>
<arg>msg=tariffId=${tariffId}</arg>
</arguments>
<msg timestamp="20151202 11:27:03.012" level="INFO">msg=tariffId=101001</msg>
<status status="PASS" endtime="20151202 11:27:03.013" starttime="20151202 11:27:03.011"></status>
</kw>
<kw type="kw" name="BuiltIn.Log">
<doc>Logs the given message with the given level.</doc>
<arguments>
<arg>msg=balance=${balance}</arg>
</arguments>
<msg timestamp="20151202 11:27:03.015" level="INFO">msg=balance=10000000</msg>
<status status="PASS" endtime="20151202 11:27:03.016" starttime="20151202 11:27:03.014"></status>
</kw>
<kw type="kw" name="subscriber-admin-support-resource.CRCE Setup SoapUI Logs">
<doc>This is a PRIVATE helper function to setup the SoapUI's basic log files since for unknown reasons SoapUI sometimes doesn't newly create them</doc>
<arguments>
</arguments>
<kw type="kw" name="BuiltIn.Run Keyword And Ignore Error">
<doc>Runs the given keyword with the given arguments and ignores possible error.</doc>
<arguments>
<arg>Create File</arg>
<arg>${SOAPUI GROOVY LOG}</arg>
</arguments>
<kw type="kw" name="OperatingSystem.Create File">
<doc>Creates a file with the given content and encoding.</doc>
<arguments>
<arg>${SOAPUI GROOVY LOG}</arg>
</arguments>
<msg timestamp="20151202 11:27:03.029" html="yes" level="INFO">Created file '&lt;a href="file:///opt/robot/robotworkspace/robot_testsuites/experimental/matko.sanseovic/basic/PostPaid/MTC/global-groovy.log"&gt;/opt/robot/robotworkspace/robot_testsuites/experimental/matko.sanseovic/basic/PostPaid/MTC/global-groovy.log&lt;/a&gt;'</msg>
<status status="PASS" endtime="20151202 11:27:03.030" starttime="20151202 11:27:03.026"></status>
</kw>
<status status="PASS" endtime="20151202 11:27:03.031" starttime="20151202 11:27:03.024"></status>
</kw>
<kw type="kw" name="BuiltIn.Run Keyword And Ignore Error">
<doc>Runs the given keyword with the given arguments and ignores possible error.</doc>
<arguments>
<arg>Create File</arg>
<arg>${SOAPUI LOG}</arg>
</arguments>
<kw type="kw" name="OperatingSystem.Create File">
<doc>Creates a file with the given content and encoding.</doc>
<arguments>
<arg>${SOAPUI LOG}</arg>
</arguments>
<msg timestamp="20151202 11:27:03.035" html="yes" level="INFO">Created file '&lt;a href="file:///opt/robot/robotworkspace/robot_testsuites/experimental/matko.sanseovic/basic/PostPaid/MTC/soapui.log"&gt;/opt/robot/robotworkspace/robot_testsuites/experimental/matko.sanseovic/basic/PostPaid/MTC/soapui.log&lt;/a&gt;'</msg>
<status status="PASS" endtime="20151202 11:27:03.036" starttime="20151202 11:27:03.033"></status>
</kw>
<status status="PASS" endtime="20151202 11:27:03.037" starttime="20151202 11:27:03.032"></status>
</kw>
<kw type="kw" name="BuiltIn.Run Keyword And Ignore Error">
<doc>Runs the given keyword with the given arguments and ignores possible error.</doc>
<arguments>
<arg>Create File</arg>
<arg>${SOAPUI ERROR LOG}</arg>
</arguments>
<kw type="kw" name="OperatingSystem.Create File">
<doc>Creates a file with the given content and encoding.</doc>
<arguments>
<arg>${SOAPUI ERROR LOG}</arg>
</arguments>
<msg timestamp="20151202 11:27:03.042" html="yes" level="INFO">Created file '&lt;a href="file:///opt/robot/robotworkspace/robot_testsuites/experimental/matko.sanseovic/basic/PostPaid/MTC/soapui-errors.log"&gt;/opt/robot/robotworkspace/robot_testsuites/experimental/matko.sanseovic/basic/PostPaid/MTC/soapui-errors.log&lt;/a&gt;'</msg>
<status status="PASS" endtime="20151202 11:27:03.043" starttime="20151202 11:27:03.040"></status>
</kw>
<status status="PASS" endtime="20151202 11:27:03.044" starttime="20151202 11:27:03.038"></status>
</kw>
<status status="PASS" endtime="20151202 11:27:03.045" starttime="20151202 11:27:03.018"></status>
</kw>
<kw type="kw" name="InewSoapUILibrary.Soapui Project">
<doc>Initialize the runner and set the project string </doc>
<arguments>
<arg>${ROBOT WORKSPACE PATH}/${SOAPUI PROJECTS WORKSPACE RELATIVE PATH}</arg>
</arguments>
<msg timestamp="20151202 11:27:03.049" level="INFO">SoapUI 5.1.3 TestCase Runner</msg>
<status status="PASS" endtime="20151202 11:27:03.049" starttime="20151202 11:27:03.045"></status>
</kw>
<kw type="kw" name="InewSoapUILibrary.Soapui Set Project Property">
<doc>Sets project properties for the current test run.</doc>
<arguments>
<arg>crceHost=${crce_host}</arg>
</arguments>
<status status="PASS" endtime="20151202 11:27:03.052" starttime="20151202 11:27:03.050"></status>
</kw>
<kw type="kw" name="InewSoapUILibrary.Soapui Set Project Property">
<doc>Sets project properties for the current test run.</doc>
<arguments>
<arg>crcePort=${crce_port}</arg>
</arguments>
<status status="PASS" endtime="20151202 11:27:03.055" starttime="20151202 11:27:03.053"></status>
</kw>
<kw type="kw" name="InewSoapUILibrary.Soapui Set Project Property">
<doc>Sets project properties for the current test run.</doc>
<arguments>
<arg>crceWebservicesBasePath=${crce_webservicesBasePath}</arg>
</arguments>
<status status="PASS" endtime="20151202 11:27:03.058" starttime="20151202 11:27:03.056"></status>
</kw>
<kw type="kw" name="InewSoapUILibrary.Soapui Suite">
<doc>Set the suite string </doc>
<arguments>
<arg>HighLevelOps</arg>
</arguments>
<status status="PASS" endtime="20151202 11:27:03.060" starttime="20151202 11:27:03.059"></status>
</kw>
<kw type="kw" name="InewSoapUILibrary.Soapui Case">
<doc>Set the test case string </doc>
<arguments>
<arg>createTestSubscribers</arg>
</arguments>
<status status="PASS" endtime="20151202 11:27:03.063" starttime="20151202 11:27:03.061"></status>
</kw>
<kw type="kw" name="InewSoapUILibrary.Soapui Set Project Property">
<doc>Sets project properties for the current test run.</doc>
<arguments>
<arg>HighLevelOps.createTestSubscribers.input.amount=${amount}</arg>
</arguments>
<status status="PASS" endtime="20151202 11:27:03.065" starttime="20151202 11:27:03.064"></status>
</kw>
<kw type="kw" name="InewSoapUILibrary.Soapui Set Project Property">
<doc>Sets project properties for the current test run.</doc>
<arguments>
<arg>HighLevelOps.createTestSubscribers.input.imsiRangeStart=${imsiRangeStart}</arg>
</arguments>
<status status="PASS" endtime="20151202 11:27:03.068" starttime="20151202 11:27:03.066"></status>
</kw>
<kw type="kw" name="InewSoapUILibrary.Soapui Set Project Property">
<doc>Sets project properties for the current test run.</doc>
<arguments>
<arg>HighLevelOps.createTestSubscribers.input.msisdnRangeStart=${msisdnRangeStart}</arg>
</arguments>
<status status="PASS" endtime="20151202 11:27:03.071" starttime="20151202 11:27:03.069"></status>
</kw>
<kw type="kw" name="InewSoapUILibrary.Soapui Set Project Property">
<doc>Sets project properties for the current test run.</doc>
<arguments>
<arg>HighLevelOps.createTestSubscribers.input.type=${type}</arg>
</arguments>
<status status="PASS" endtime="20151202 11:27:03.074" starttime="20151202 11:27:03.072"></status>
</kw>
<kw type="kw" name="InewSoapUILibrary.Soapui Set Project Property">
<doc>Sets project properties for the current test run.</doc>
<arguments>
<arg>HighLevelOps.createTestSubscribers.input.languageid=${languageid}</arg>
</arguments>
<status status="PASS" endtime="20151202 11:27:03.077" starttime="20151202 11:27:03.075"></status>
</kw>
<kw type="kw" name="InewSoapUILibrary.Soapui Set Project Property">
<doc>Sets project properties for the current test run.</doc>
<arguments>
<arg>HighLevelOps.createTestSubscribers.input.tariffId=${tariffId}</arg>
</arguments>
<status status="PASS" endtime="20151202 11:27:03.080" starttime="20151202 11:27:03.078"></status>
</kw>
<kw type="kw" name="InewSoapUILibrary.Soapui Set Project Property">
<doc>Sets project properties for the current test run.</doc>
<arguments>
<arg>HighLevelOps.createTestSubscribers.input.balance=${balance}</arg>
</arguments>
<status status="PASS" endtime="20151202 11:27:03.082" starttime="20151202 11:27:03.081"></status>
</kw>
<kw type="kw" name="${execution_status}, ${return_value_dummy} = BuiltIn.Run Keyword And Ignore Error">
<doc>Runs the given keyword with the given arguments and ignores possible error.</doc>
<arguments>
<arg>SoapUI Run</arg>
</arguments>
<kw type="kw" name="InewSoapUILibrary.Soapui Run">
<doc>Run the runner and report to Robot </doc>
<arguments>
</arguments>
<msg timestamp="20151202 11:27:03.086" level="INFO">Running with the following project properties set: [u'crceHost=10.105.125.159', u'crcePort=8080', u'crceWebservicesBasePath=/inew-mvno-crce-webservices/', u'HighLevelOps.createTestSubscribers.input.amount=2', u'HighLevelOps.createTestSubscribers.input.imsiRangeStart=232201667725500', u'HighLevelOps.createTestSubscribers.input.msisdnRangeStart=43667725500', u'HighLevelOps.createTestSubscribers.input.type=PREPAID', u'HighLevelOps.createTestSubscribers.input.languageid=1', u'HighLevelOps.createTestSubscribers.input.tariffId=101001', u'HighLevelOps.createTestSubscribers.input.balance=10000000']</msg>
<msg timestamp="20151202 11:27:08.312" level="INFO">11:27:03,397 WARN  [SoapUI] Missing folder [/opt/robot/robotworkspace/robot_testsuites/experimental/matko.sanseovic/basic/PostPaid/MTC/ext] for external libraries
11:27:03,398 INFO  [DefaultSoapUICore] Creating new settings at [/root/soapui-settings.xml]
11:27:05,276 INFO  [WsdlProject] Loaded project from [file:/opt/robot/robotworkspace/libs/global-keyword-resources/crce-subscriberadmin/robot_crce_bridge-soapui-project.xml]
11:27:05,296 INFO  [SoapUITestCaseRunner] Setting project property [crceHost] to [10.105.125.159]
11:27:05,296 INFO  [SoapUITestCaseRunner] Setting project property [crcePort] to [8080]
11:27:05,296 INFO  [SoapUITestCaseRunner] Setting project property [crceWebservicesBasePath] to [/inew-mvno-crce-webservices/]
11:27:05,297 INFO  [SoapUITestCaseRunner] Setting project property [HighLevelOps.createTestSubscribers.input.amount] to [2]
11:27:05,297 INFO  [SoapUITestCaseRunner] Setting project property [HighLevelOps.createTestSubscribers.input.imsiRangeStart] to [232201667725500]
11:27:05,297 INFO  [SoapUITestCaseRunner] Setting project property [HighLevelOps.createTestSubscribers.input.msisdnRangeStart] to [43667725500]
11:27:05,297 INFO  [SoapUITestCaseRunner] Setting project property [HighLevelOps.createTestSubscribers.input.type] to [PREPAID]
11:27:05,297 INFO  [SoapUITestCaseRunner] Setting project property [HighLevelOps.createTestSubscribers.input.languageid] to [1]
11:27:05,297 INFO  [SoapUITestCaseRunner] Setting project property [HighLevelOps.createTestSubscribers.input.tariffId] to [101001]
11:27:05,297 INFO  [SoapUITestCaseRunner] Setting project property [HighLevelOps.createTestSubscribers.input.balance] to [10000000]
11:27:05,298 INFO  [SoapUITestCaseRunner] Running SoapUI tests in project [Robotframework_CRCE-Bridge]
11:27:05,298 INFO  [SoapUITestCaseRunner] Running TestCase [createTestSubscribers]
11:27:05,307 INFO  [SoapUITestCaseRunner] Running SoapUI testcase [createTestSubscribers]
11:27:05,314 INFO  [SoapUITestCaseRunner] running step [init_repeat_counter]
11:27:05,759 INFO  [SoapUITestCaseRunner] running step [01_init_next_subscriber]
11:27:05,822 INFO  [SoapUITestCaseRunner] running step [getSubscriberProfileByImsi]
11:27:06,047 DEBUG [HttpClientSupport$SoapUIHttpClient] Attempt 1 to execute request
11:27:06,047 DEBUG [SoapUIMultiThreadedHttpConnectionManager$SoapUIDefaultClientConnection] Sending request: POST /inew-mvno-crce-webservices/profiler/subscriber HTTP/1.1
11:27:06,083 DEBUG [SoapUIMultiThreadedHttpConnectionManager$SoapUIDefaultClientConnection] Receiving response: HTTP/1.1 200 OK
11:27:06,090 DEBUG [HttpClientSupport$SoapUIHttpClient] Connection can be kept alive indefinitely
11:27:06,266 INFO  [SoapUITestCaseRunner] Assertion [SOAP Response] has status VALID
11:27:06,266 INFO  [SoapUITestCaseRunner] Assertion [Schema Compliance] has status UNKNOWN
11:27:06,266 INFO  [SoapUITestCaseRunner] Assertion [Not SOAP Fault] has status VALID
11:27:06,266 INFO  [SoapUITestCaseRunner] running step [cancel_on_SOAP_error]
11:27:06,395 INFO  [SoapUITestCaseRunner] running step [transfer_response_values]
11:27:06,790 INFO  [SoapUITestCaseRunner] running step [cancel_on_CRCE_error_OR_skip_delete_on_UnknownSubscriber]
11:27:06,816 INFO  [SoapUITestCaseRunner] running step [deleteSubscriber]
11:27:06,818 DEBUG [HttpClientSupport$SoapUIHttpClient] Stale connection check
11:27:06,820 DEBUG [HttpClientSupport$SoapUIHttpClient] Attempt 1 to execute request
11:27:06,820 DEBUG [SoapUIMultiThreadedHttpConnectionManager$SoapUIDefaultClientConnection] Sending request: POST /inew-mvno-crce-webservices/profiler/provisioning HTTP/1.1
11:27:06,933 DEBUG [SoapUIMultiThreadedHttpConnectionManager$SoapUIDefaultClientConnection] Receiving response: HTTP/1.1 200 OK
11:27:06,933 DEBUG [HttpClientSupport$SoapUIHttpClient] Connection can be kept alive indefinitely
11:27:06,941 INFO  [SoapUITestCaseRunner] Assertion [SOAP Response] has status VALID
11:27:06,941 INFO  [SoapUITestCaseRunner] Assertion [Schema Compliance] has status UNKNOWN
11:27:06,941 INFO  [SoapUITestCaseRunner] Assertion [Not SOAP Fault] has status VALID
11:27:06,941 INFO  [SoapUITestCaseRunner] running step [2nd_cancel_on_SOAP_error]
11:27:07,014 INFO  [SoapUITestCaseRunner] running step [2nd_transfer_response_values]
11:27:07,020 INFO  [SoapUITestCaseRunner] running step [cancel_on_deletion_error]
11:27:07,069 INFO  [SoapUITestCaseRunner] running step [02_createSubscriber]
11:27:07,073 DEBUG [HttpClientSupport$SoapUIHttpClient] Stale connection check
11:27:07,075 DEBUG [HttpClientSupport$SoapUIHttpClient] Attempt 1 to execute request
11:27:07,075 DEBUG [SoapUIMultiThreadedHttpConnectionManager$SoapUIDefaultClientConnection] Sending request: POST /inew-mvno-crce-webservices/profiler/provisioning HTTP/1.1
11:27:07,089 DEBUG [SoapUIMultiThreadedHttpConnectionManager$SoapUIDefaultClientConnection] Receiving response: HTTP/1.1 200 OK
11:27:07,089 DEBUG [HttpClientSupport$SoapUIHttpClient] Connection can be kept alive indefinitely
11:27:07,095 INFO  [SoapUITestCaseRunner] Assertion [SOAP Response] has status VALID
11:27:07,095 INFO  [SoapUITestCaseRunner] Assertion [Schema Compliance] has status UNKNOWN
11:27:07,096 INFO  [SoapUITestCaseRunner] Assertion [Not SOAP Fault] has status VALID
11:27:07,096 INFO  [SoapUITestCaseRunner] running step [3rd_cancel_on_SOAP_error]
11:27:07,164 INFO  [SoapUITestCaseRunner] running step [3rd_transfer_response_values]
11:27:07,176 INFO  [SoapUITestCaseRunner] running step [cancel_on_create_error]
11:27:07,219 INFO  [SoapUITestCaseRunner] running step [activateSubscriber]
11:27:07,222 DEBUG [HttpClientSupport$SoapUIHttpClient] Stale connection check
11:27:07,224 DEBUG [HttpClientSupport$SoapUIHttpClient] Attempt 1 to execute request
11:27:07,224 DEBUG [SoapUIMultiThreadedHttpConnectionManager$SoapUIDefaultClientConnection] Sending request: POST /inew-mvno-crce-webservices/profiler/subscriber HTTP/1.1
11:27:07,292 DEBUG [SoapUIMultiThreadedHttpConnectionManager$SoapUIDefaultClientConnection] Receiving response: HTTP/1.1 200 OK
11:27:07,292 DEBUG [HttpClientSupport$SoapUIHttpClient] Connection can be kept alive indefinitely
11:27:07,299 INFO  [SoapUITestCaseRunner] Assertion [SOAP Response] has status VALID
11:27:07,299 INFO  [SoapUITestCaseRunner] Assertion [Schema Compliance] has status UNKNOWN
11:27:07,299 INFO  [SoapUITestCaseRunner] Assertion [Not SOAP Fault] has status VALID
11:27:07,299 INFO  [SoapUITestCaseRunner] running step [4th_cancel_on_SOAP_error]
11:27:07,367 INFO  [SoapUITestCaseRunner] running step [4th_transfer_response_values]
11:27:07,373 INFO  [SoapUITestCaseRunner] running step [cancel_on_activate_error]
11:27:07,400 INFO  [SoapUITestCaseRunner] running step [getMainAccount]
11:27:07,401 DEBUG [HttpClientSupport$SoapUIHttpClient] Stale connection check
11:27:07,403 DEBUG [HttpClientSupport$SoapUIHttpClient] Attempt 1 to execute request
11:27:07,403 DEBUG [SoapUIMultiThreadedHttpConnectionManager$SoapUIDefaultClientConnection] Sending request: POST /inew-mvno-crce-webservices/accounting/accounts HTTP/1.1
11:27:07,430 DEBUG [SoapUIMultiThreadedHttpConnectionManager$SoapUIDefaultClientConnection] Receiving response: HTTP/1.1 200 OK
11:27:07,430 DEBUG [HttpClientSupport$SoapUIHttpClient] Connection can be kept alive indefinitely
11:27:07,443 INFO  [SoapUITestCaseRunner] Assertion [SOAP Response] has status VALID
11:27:07,443 INFO  [SoapUITestCaseRunner] Assertion [Schema Compliance] has status UNKNOWN
11:27:07,443 INFO  [SoapUITestCaseRunner] Assertion [Not SOAP Fault] has status VALID
11:27:07,444 INFO  [SoapUITestCaseRunner] running step [5th_cancel_on_SOAP_error]
11:27:07,507 INFO  [SoapUITestCaseRunner] running step [5th_transfer_response_values]
11:27:07,526 INFO  [SoapUITestCaseRunner] running step [cancel_on_getmainaccount_error]
11:27:07,568 INFO  [SoapUITestCaseRunner] running step [setBalance]
11:27:07,571 DEBUG [HttpClientSupport$SoapUIHttpClient] Stale connection check
11:27:07,573 DEBUG [HttpClientSupport$SoapUIHttpClient] Attempt 1 to execute request
11:27:07,573 DEBUG [SoapUIMultiThreadedHttpConnectionManager$SoapUIDefaultClientConnection] Sending request: POST /inew-mvno-crce-webservices/accounting/account_administration HTTP/1.1
11:27:07,620 DEBUG [SoapUIMultiThreadedHttpConnectionManager$SoapUIDefaultClientConnection] Receiving response: HTTP/1.1 200 OK
11:27:07,620 DEBUG [HttpClientSupport$SoapUIHttpClient] Connection can be kept alive indefinitely
11:27:07,631 INFO  [SoapUITestCaseRunner] Assertion [SOAP Response] has status VALID
11:27:07,631 INFO  [SoapUITestCaseRunner] Assertion [Schema Compliance] has status UNKNOWN
11:27:07,632 INFO  [SoapUITestCaseRunner] Assertion [Not SOAP Fault] has status VALID
11:27:07,632 INFO  [SoapUITestCaseRunner] running step [6th_cancel_on_SOAP_error]
11:27:07,697 INFO  [SoapUITestCaseRunner] running step [6th_transfer_response_values]
11:27:07,707 INFO  [SoapUITestCaseRunner] running step [cancel_on_setbalance_error]
11:27:07,750 INFO  [SoapUITestCaseRunner] running step [repeat_01_amount_times]
11:27:07,784 INFO  [SoapUITestCaseRunner] running step [01_init_next_subscriber]
11:27:07,786 INFO  [SoapUITestCaseRunner] running step [getSubscriberProfileByImsi]
11:27:07,788 DEBUG [HttpClientSupport$SoapUIHttpClient] Stale connection check
11:27:07,789 DEBUG [HttpClientSupport$SoapUIHttpClient] Attempt 1 to execute request
11:27:07,789 DEBUG [SoapUIMultiThreadedHttpConnectionManager$SoapUIDefaultClientConnection] Sending request: POST /inew-mvno-crce-webservices/profiler/subscriber HTTP/1.1
11:27:07,804 DEBUG [SoapUIMultiThreadedHttpConnectionManager$SoapUIDefaultClientConnection] Receiving response: HTTP/1.1 200 OK
11:27:07,804 DEBUG [HttpClientSupport$SoapUIHttpClient] Connection can be kept alive indefinitely
11:27:07,812 INFO  [SoapUITestCaseRunner] Assertion [SOAP Response] has status VALID
11:27:07,812 INFO  [SoapUITestCaseRunner] Assertion [Schema Compliance] has status UNKNOWN
11:27:07,812 INFO  [SoapUITestCaseRunner] Assertion [Not SOAP Fault] has status VALID
11:27:07,812 INFO  [SoapUITestCaseRunner] running step [cancel_on_SOAP_error]
11:27:07,812 INFO  [SoapUITestCaseRunner] running step [transfer_response_values]
11:27:07,824 INFO  [SoapUITestCaseRunner] running step [cancel_on_CRCE_error_OR_skip_delete_on_UnknownSubscriber]
11:27:07,824 INFO  [SoapUITestCaseRunner] running step [deleteSubscriber]
11:27:07,825 DEBUG [HttpClientSupport$SoapUIHttpClient] Stale connection check
11:27:07,827 DEBUG [HttpClientSupport$SoapUIHttpClient] Attempt 1 to execute request
11:27:07,827 DEBUG [SoapUIMultiThreadedHttpConnectionManager$SoapUIDefaultClientConnection] Sending request: POST /inew-mvno-crce-webservices/profiler/provisioning HTTP/1.1
11:27:07,931 DEBUG [SoapUIMultiThreadedHttpConnectionManager$SoapUIDefaultClientConnection] Receiving response: HTTP/1.1 200 OK
11:27:07,931 DEBUG [HttpClientSupport$SoapUIHttpClient] Connection can be kept alive indefinitely
11:27:07,937 INFO  [SoapUITestCaseRunner] Assertion [SOAP Response] has status VALID
11:27:07,937 INFO  [SoapUITestCaseRunner] Assertion [Schema Compliance] has status UNKNOWN
11:27:07,937 INFO  [SoapUITestCaseRunner] Assertion [Not SOAP Fault] has status VALID
11:27:07,937 INFO  [SoapUITestCaseRunner] running step [2nd_cancel_on_SOAP_error]
11:27:07,938 INFO  [SoapUITestCaseRunner] running step [2nd_transfer_response_values]
11:27:07,943 INFO  [SoapUITestCaseRunner] running step [cancel_on_deletion_error]
11:27:07,944 INFO  [SoapUITestCaseRunner] running step [02_createSubscriber]
11:27:07,947 DEBUG [HttpClientSupport$SoapUIHttpClient] Stale connection check
11:27:07,948 DEBUG [HttpClientSupport$SoapUIHttpClient] Attempt 1 to execute request
11:27:07,949 DEBUG [SoapUIMultiThreadedHttpConnectionManager$SoapUIDefaultClientConnection] Sending request: POST /inew-mvno-crce-webservices/profiler/provisioning HTTP/1.1
11:27:07,963 DEBUG [SoapUIMultiThreadedHttpConnectionManager$SoapUIDefaultClientConnection] Receiving response: HTTP/1.1 200 OK
11:27:07,963 DEBUG [HttpClientSupport$SoapUIHttpClient] Connection can be kept alive indefinitely
11:27:07,968 INFO  [SoapUITestCaseRunner] Assertion [SOAP Response] has status VALID
11:27:07,968 INFO  [SoapUITestCaseRunner] Assertion [Schema Compliance] has status UNKNOWN
11:27:07,968 INFO  [SoapUITestCaseRunner] Assertion [Not SOAP Fault] has status VALID
11:27:07,969 INFO  [SoapUITestCaseRunner] running step [3rd_cancel_on_SOAP_error]
11:27:07,969 INFO  [SoapUITestCaseRunner] running step [3rd_transfer_response_values]
11:27:07,979 INFO  [SoapUITestCaseRunner] running step [cancel_on_create_error]
11:27:07,980 INFO  [SoapUITestCaseRunner] running step [activateSubscriber]
11:27:07,982 DEBUG [HttpClientSupport$SoapUIHttpClient] Stale connection check
11:27:07,984 DEBUG [HttpClientSupport$SoapUIHttpClient] Attempt 1 to execute request
11:27:07,984 DEBUG [SoapUIMultiThreadedHttpConnectionManager$SoapUIDefaultClientConnection] Sending request: POST /inew-mvno-crce-webservices/profiler/subscriber HTTP/1.1
11:27:08,061 DEBUG [SoapUIMultiThreadedHttpConnectionManager$SoapUIDefaultClientConnection] Receiving response: HTTP/1.1 200 OK
11:27:08,061 DEBUG [HttpClientSupport$SoapUIHttpClient] Connection can be kept alive indefinitely
11:27:08,066 INFO  [SoapUITestCaseRunner] Assertion [SOAP Response] has status VALID
11:27:08,066 INFO  [SoapUITestCaseRunner] Assertion [Schema Compliance] has status UNKNOWN
11:27:08,067 INFO  [SoapUITestCaseRunner] Assertion [Not SOAP Fault] has status VALID
11:27:08,067 INFO  [SoapUITestCaseRunner] running step [4th_cancel_on_SOAP_error]
11:27:08,067 INFO  [SoapUITestCaseRunner] running step [4th_transfer_response_values]
11:27:08,073 INFO  [SoapUITestCaseRunner] running step [cancel_on_activate_error]
11:27:08,073 INFO  [SoapUITestCaseRunner] running step [getMainAccount]
11:27:08,076 DEBUG [HttpClientSupport$SoapUIHttpClient] Stale connection check
11:27:08,077 DEBUG [HttpClientSupport$SoapUIHttpClient] Attempt 1 to execute request
11:27:08,077 DEBUG [SoapUIMultiThreadedHttpConnectionManager$SoapUIDefaultClientConnection] Sending request: POST /inew-mvno-crce-webservices/accounting/accounts HTTP/1.1
11:27:08,113 DEBUG [SoapUIMultiThreadedHttpConnectionManager$SoapUIDefaultClientConnection] Receiving response: HTTP/1.1 200 OK
11:27:08,113 DEBUG [HttpClientSupport$SoapUIHttpClient] Connection can be kept alive indefinitely
11:27:08,125 INFO  [SoapUITestCaseRunner] Assertion [SOAP Response] has status VALID
11:27:08,125 INFO  [SoapUITestCaseRunner] Assertion [Schema Compliance] has status UNKNOWN
11:27:08,125 INFO  [SoapUITestCaseRunner] Assertion [Not SOAP Fault] has status VALID
11:27:08,125 INFO  [SoapUITestCaseRunner] running step [5th_cancel_on_SOAP_error]
11:27:08,126 INFO  [SoapUITestCaseRunner] running step [5th_transfer_response_values]
11:27:08,147 INFO  [SoapUITestCaseRunner] running step [cancel_on_getmainaccount_error]
11:27:08,148 INFO  [SoapUITestCaseRunner] running step [setBalance]
11:27:08,150 DEBUG [HttpClientSupport$SoapUIHttpClient] Stale connection check
11:27:08,152 DEBUG [HttpClientSupport$SoapUIHttpClient] Attempt 1 to execute request
11:27:08,152 DEBUG [SoapUIMultiThreadedHttpConnectionManager$SoapUIDefaultClientConnection] Sending request: POST /inew-mvno-crce-webservices/accounting/account_administration HTTP/1.1
11:27:08,207 DEBUG [SoapUIMultiThreadedHttpConnectionManager$SoapUIDefaultClientConnection] Receiving response: HTTP/1.1 200 OK
11:27:08,207 DEBUG [HttpClientSupport$SoapUIHttpClient] Connection can be kept alive indefinitely
11:27:08,218 INFO  [SoapUITestCaseRunner] Assertion [SOAP Response] has status VALID
11:27:08,219 INFO  [SoapUITestCaseRunner] Assertion [Schema Compliance] has status UNKNOWN
11:27:08,219 INFO  [SoapUITestCaseRunner] Assertion [Not SOAP Fault] has status VALID
11:27:08,219 INFO  [SoapUITestCaseRunner] running step [6th_cancel_on_SOAP_error]
11:27:08,219 INFO  [SoapUITestCaseRunner] running step [6th_transfer_response_values]
11:27:08,229 INFO  [SoapUITestCaseRunner] running step [cancel_on_setbalance_error]
11:27:08,230 INFO  [SoapUITestCaseRunner] running step [repeat_01_amount_times]
11:27:08,231 INFO  [SoapUITestCaseRunner] running step [finish_successful]
11:27:08,301 INFO  [log] HighLevelOps.createTestSubscribers.output.resultCode=OK
11:27:08,302 INFO  [SoapUITestCaseRunner] Finished running SoapUI testcase [createTestSubscribers], time taken: 2938ms, status: FINISHED
11:27:08,303 INFO  [SoapUITestCaseRunner] TestCase [createTestSubscribers] finished with status [FINISHED] in 2938ms</msg>
<status status="PASS" endtime="20151202 11:27:08.321" starttime="20151202 11:27:03.085"></status>
</kw>
<msg timestamp="20151202 11:27:08.329" level="INFO">${execution_status} = PASS</msg>
<msg timestamp="20151202 11:27:08.331" level="INFO">${return_value_dummy} = None</msg>
<status status="PASS" endtime="20151202 11:27:08.325" starttime="20151202 11:27:03.083"></status>
</kw>
<kw type="kw" name="${resultCode} = subscriber-admin-support-resource.CRCE Get Groovy Log Return Property">
<doc>This is a PRIVATE helper function to retrieve return values placed into the Groovy log by the SoaupUI TCs .</doc>
<arguments>
<arg>HighLevelOps.createTestSubscribers.output.resultCode</arg>
<arg>UNKNOWN_ERROR</arg>
</arguments>
<kw type="kw" name="${return_marker} = BuiltIn.Set Variable">
<doc>Returns the given values which can then be assigned to a variables.</doc>
<arguments>
<arg>${property_name}=</arg>
</arguments>
<msg timestamp="20151202 11:27:08.369" level="INFO">${return_marker} = HighLevelOps.createTestSubscribers.output.resultCode=</msg>
<status status="PASS" endtime="20151202 11:27:08.367" starttime="20151202 11:27:08.361"></status>
</kw>
<kw type="kw" name="${resultCode} = BuiltIn.Set Variable">
<doc>Returns the given values which can then be assigned to a variables.</doc>
<arguments>
<arg>${EMPTY}</arg>
</arguments>
<msg timestamp="20151202 11:27:08.379" level="INFO">${resultCode} = </msg>
<status status="PASS" endtime="20151202 11:27:08.377" starttime="20151202 11:27:08.372"></status>
</kw>
<kw type="kw" name="${return_log_entry} = BuiltIn.Set Variable">
<doc>Returns the given values which can then be assigned to a variables.</doc>
<arguments>
<arg>${EMPTY}</arg>
</arguments>
<msg timestamp="20151202 11:27:08.386" level="INFO">${return_log_entry} = </msg>
<status status="PASS" endtime="20151202 11:27:08.386" starttime="20151202 11:27:08.382"></status>
</kw>
<kw type="kw" name="${execution_status}, ${return_log_entry} = BuiltIn.Run Keyword And Ignore Error">
<doc>Runs the given keyword with the given arguments and ignores possible error.</doc>
<arguments>
<arg>Grep File</arg>
<arg>${SOAPUI GROOVY LOG}</arg>
<arg>${return_marker}</arg>
</arguments>
<kw type="kw" name="OperatingSystem.Grep File">
<doc>Returns the lines of the specified file that match the `pattern`.</doc>
<arguments>
<arg>${SOAPUI GROOVY LOG}</arg>
<arg>${return_marker}</arg>
</arguments>
<msg timestamp="20151202 11:27:08.393" html="yes" level="INFO">Reading file '&lt;a href="file:///opt/robot/robotworkspace/robot_testsuites/experimental/matko.sanseovic/basic/PostPaid/MTC/global-groovy.log"&gt;/opt/robot/robotworkspace/robot_testsuites/experimental/matko.sanseovic/basic/PostPaid/MTC/global-groovy.log&lt;/a&gt;'</msg>
<msg timestamp="20151202 11:27:08.398" level="INFO">1 out of 1 lines matched</msg>
<status status="PASS" endtime="20151202 11:27:08.399" starttime="20151202 11:27:08.390"></status>
</kw>
<msg timestamp="20151202 11:27:08.401" level="INFO">${execution_status} = PASS</msg>
<msg timestamp="20151202 11:27:08.401" level="INFO">${return_log_entry} = 2015-12-02 11:27:08,301 INFO  [log] HighLevelOps.createTestSubscribers.output.resultCode=OK</msg>
<status status="PASS" endtime="20151202 11:27:08.400" starttime="20151202 11:27:08.388"></status>
</kw>
<kw type="kw" name="${return_log_entry} = BuiltIn.Run Keyword If">
<doc>Runs the given keyword with the given arguments, if `condition` is true.</doc>
<arguments>
<arg>'${execution_status}'=='FAIL'</arg>
<arg>Set Variable</arg>
<arg>${EMPTY}</arg>
<arg>ELSE</arg>
<arg>Set Variable</arg>
<arg>${return_log_entry}</arg>
</arguments>
<kw type="kw" name="BuiltIn.Set Variable">
<doc>Returns the given values which can then be assigned to a variables.</doc>
<arguments>
<arg>${return_log_entry}</arg>
</arguments>
<status status="PASS" endtime="20151202 11:27:08.411" starttime="20151202 11:27:08.409"></status>
</kw>
<msg timestamp="20151202 11:27:08.413" level="INFO">${return_log_entry} = 2015-12-02 11:27:08,301 INFO  [log] HighLevelOps.createTestSubscribers.output.resultCode=OK</msg>
<status status="PASS" endtime="20151202 11:27:08.412" starttime="20151202 11:27:08.403"></status>
</kw>
<kw type="kw" name="${return_log_entry} = BuiltIn.Run Keyword If">
<doc>Runs the given keyword with the given arguments, if `condition` is true.</doc>
<arguments>
<arg>'${return_log_entry}'=='${NONE}'</arg>
<arg>Set Variable</arg>
<arg>${EMPTY}</arg>
<arg>ELSE</arg>
<arg>Set Variable</arg>
<arg>${return_log_entry}</arg>
</arguments>
<kw type="kw" name="BuiltIn.Set Variable">
<doc>Returns the given values which can then be assigned to a variables.</doc>
<arguments>
<arg>${return_log_entry}</arg>
</arguments>
<status status="PASS" endtime="20151202 11:27:08.422" starttime="20151202 11:27:08.420"></status>
</kw>
<msg timestamp="20151202 11:27:08.423" level="INFO">${return_log_entry} = 2015-12-02 11:27:08,301 INFO  [log] HighLevelOps.createTestSubscribers.output.resultCode=OK</msg>
<status status="PASS" endtime="20151202 11:27:08.423" starttime="20151202 11:27:08.414"></status>
</kw>
<kw type="kw" name="${resultCode} = BuiltIn.Run Keyword If">
<doc>Runs the given keyword with the given arguments, if `condition` is true.</doc>
<arguments>
<arg>'${return_log_entry}'!='${EMPTY}'</arg>
<arg>Fetch From Right</arg>
<arg>${return_log_entry}</arg>
<arg>${return_marker}</arg>
<arg>ELSE</arg>
<arg>Set Variable</arg>
<arg>${resultCode}</arg>
</arguments>
<kw type="kw" name="String.Fetch From Right">
<doc>Returns contents of the `string` after the last occurrence of `marker`.</doc>
<arguments>
<arg>${return_log_entry}</arg>
<arg>${return_marker}</arg>
</arguments>
<status status="PASS" endtime="20151202 11:27:08.432" starttime="20151202 11:27:08.430"></status>
</kw>
<msg timestamp="20151202 11:27:08.434" level="INFO">${resultCode} = OK</msg>
<status status="PASS" endtime="20151202 11:27:08.433" starttime="20151202 11:27:08.424"></status>
</kw>
<kw type="kw" name="${resultCode} = BuiltIn.Run Keyword If">
<doc>Runs the given keyword with the given arguments, if `condition` is true.</doc>
<arguments>
<arg>'${resultCode}'=='${NONE}'</arg>
<arg>Set Variable</arg>
<arg>${default_value}</arg>
<arg>ELSE IF</arg>
<arg>'${resultCode}'=='${EMPTY}'</arg>
<arg>Set Variable</arg>
<arg>${default_value}</arg>
<arg>ELSE</arg>
<arg>Set Variable</arg>
<arg>${resultCode}</arg>
</arguments>
<kw type="kw" name="BuiltIn.Set Variable">
<doc>Returns the given values which can then be assigned to a variables.</doc>
<arguments>
<arg>${resultCode}</arg>
</arguments>
<status status="PASS" endtime="20151202 11:27:08.444" starttime="20151202 11:27:08.442"></status>
</kw>
<msg timestamp="20151202 11:27:08.446" level="INFO">${resultCode} = OK</msg>
<status status="PASS" endtime="20151202 11:27:08.445" starttime="20151202 11:27:08.435"></status>
</kw>
<msg timestamp="20151202 11:27:08.448" level="INFO">${resultCode} = OK</msg>
<status status="PASS" endtime="20151202 11:27:08.447" starttime="20151202 11:27:08.337"></status>
</kw>
<kw type="kw" name="subscriber-admin-support-resource.CRCE Cleanup SoapUI Logs">
<doc>This is a PRIVATE helper function to cleanup the testsuite directory from logs created by a SoapUI testcase.</doc>
<arguments>
<arg>HighLevelOps-CreateTestSubscribers</arg>
</arguments>
<kw type="kw" name="BuiltIn.Comment">
<doc>Displays the given messages in the log file as keyword arguments.</doc>
<arguments>
<arg>Run Keyword And Ignore Error</arg>
<arg>Remove File</arg>
<arg>${SOAPUI GROOVY LOG}</arg>
</arguments>
<status status="PASS" endtime="20151202 11:27:08.459" starttime="20151202 11:27:08.457"></status>
</kw>
<kw type="kw" name="BuiltIn.Comment">
<doc>Displays the given messages in the log file as keyword arguments.</doc>
<arguments>
<arg>Run Keyword And Ignore Error</arg>
<arg>Remove File</arg>
<arg>${SOAPUI LOG}</arg>
</arguments>
<status status="PASS" endtime="20151202 11:27:08.462" starttime="20151202 11:27:08.460"></status>
</kw>
<kw type="kw" name="BuiltIn.Comment">
<doc>Displays the given messages in the log file as keyword arguments.</doc>
<arguments>
<arg>Run Keyword And Ignore Error</arg>
<arg>Remove File</arg>
<arg>${SOAPUI ERROR LOG}</arg>
</arguments>
<status status="PASS" endtime="20151202 11:27:08.465" starttime="20151202 11:27:08.463"></status>
</kw>
<kw type="kw" name="BuiltIn.Run Keyword If">
[...]
<kw type="kw" name="BuiltIn.Set Variable">
<doc>Returns the given values which can then be assigned to a variables.</doc>
<arguments>
<arg>${return_log_entry}</arg>
</arguments>
<status status="PASS" endtime="20151202 11:27:48.926" starttime="20151202 11:27:48.924"></status>
</kw>
<msg timestamp="20151202 11:27:48.929" level="INFO">${return_log_entry} = 2015-12-02 11:27:48,847 INFO  [log] HighLevelOps.createTestSubscribers.output.resultCode=OK</msg>
<status status="PASS" endtime="20151202 11:27:48.928" starttime="20151202 11:27:48.916"></status>
</kw>
<kw type="kw" name="${resultCode} = BuiltIn.Run Keyword If">
<doc>Runs the given keyword with the given arguments, if `condition` is true.</doc>
<arguments>
<arg>'${return_log_entry}'!='${EMPTY}'</arg>
<arg>Fetch From Right</arg>
<arg>${return_log_entry}</arg>
<arg>${return_marker}</arg>
<arg>ELSE</arg>
<arg>Set Variable</arg>
<arg>${resultCode}</arg>
</arguments>
<kw type="kw" name="String.Fetch From Right">
<doc>Returns contents of the `string` after the last occurrence of `marker`.</doc>
<arguments>
<arg>${return_log_entry}</arg>
<arg>${return_marker}</arg>
</arguments>
<status status="PASS" endtime="20151202 11:27:48.941" starttime="20151202 11:27:48.938"></status>
</kw>
<msg timestamp="20151202 11:27:48.943" level="INFO">${resultCode} = OK</msg>
<status status="PASS" endtime="20151202 11:27:48.942" starttime="20151202 11:27:48.930"></status>
</kw>
<kw type="kw" name="${resultCode} = BuiltIn.Run Keyword If">
<doc>Runs the given keyword with the given arguments, if `condition` is true.</doc>
<arguments>
<arg>'${resultCode}'=='${NONE}'</arg>
<arg>Set Variable</arg>
<arg>${default_value}</arg>
<arg>ELSE IF</arg>
<arg>'${resultCode}'=='${EMPTY}'</arg>
<arg>Set Variable</arg>
<arg>${default_value}</arg>
<arg>ELSE</arg>
<arg>Set Variable</arg>
<arg>${resultCode}</arg>
</arguments>
<kw type="kw" name="BuiltIn.Set Variable">
<doc>Returns the given values which can then be assigned to a variables.</doc>
<arguments>
<arg>${resultCode}</arg>
</arguments>
<status status="PASS" endtime="20151202 11:27:48.959" starttime="20151202 11:27:48.956"></status>
</kw>
<msg timestamp="20151202 11:27:48.961" level="INFO">${resultCode} = OK</msg>
<status status="PASS" endtime="20151202 11:27:48.960" starttime="20151202 11:27:48.945"></status>
</kw>
<msg timestamp="20151202 11:27:48.964" level="INFO">${resultCode} = OK</msg>
<status status="PASS" endtime="20151202 11:27:48.963" starttime="20151202 11:27:48.862"></status>
</kw>
<kw type="kw" name="subscriber-admin-support-resource.CRCE Cleanup SoapUI Logs">
<doc>This is a PRIVATE helper function to cleanup the testsuite directory from logs created by a SoapUI testcase.</doc>
<arguments>
<arg>HighLevelOps-CreateTestSubscribers</arg>
</arguments>
<kw type="kw" name="BuiltIn.Comment">
<doc>Displays the given messages in the log file as keyword arguments.</doc>
<arguments>
<arg>Run Keyword And Ignore Error</arg>
<arg>Remove File</arg>
<arg>${SOAPUI GROOVY LOG}</arg>
</arguments>
<status status="PASS" endtime="20151202 11:27:48.976" starttime="20151202 11:27:48.974"></status>
</kw>
<kw type="kw" name="BuiltIn.Comment">
<doc>Displays the given messages in the log file as keyword arguments.</doc>
<arguments>
<arg>Run Keyword And Ignore Error</arg>
<arg>Remove File</arg>
<arg>${SOAPUI LOG}</arg>
</arguments>
<status status="PASS" endtime="20151202 11:27:48.980" starttime="20151202 11:27:48.978"></status>
</kw>
<kw type="kw" name="BuiltIn.Comment">
<doc>Displays the given messages in the log file as keyword arguments.</doc>
<arguments>
<arg>Run Keyword And Ignore Error</arg>
<arg>Remove File</arg>
<arg>${SOAPUI ERROR LOG}</arg>
</arguments>
<status status="PASS" endtime="20151202 11:27:48.984" starttime="20151202 11:27:48.981"></status>
</kw>
<kw type="kw" name="BuiltIn.Run Keyword If">
<doc>Runs the given keyword with the given arguments, if `condition` is true.</doc>
<arguments>
<arg>'${tc_specific_files_prefix}'!='${EMPTY}'</arg>
<arg>Run Keyword And Ignore Error</arg>
<arg>Remove File</arg>
<arg>${tc_specific_files_prefix}*.*</arg>
</arguments>
<kw type="kw" name="BuiltIn.Run Keyword And Ignore Error">
<doc>Runs the given keyword with the given arguments and ignores possible error.</doc>
<arguments>
<arg>Remove File</arg>
<arg>${tc_specific_files_prefix}*.*</arg>
</arguments>
<kw type="kw" name="OperatingSystem.Remove File">
<doc>Removes a file with the given path.</doc>
<arguments>
<arg>${tc_specific_files_prefix}*.*</arg>
</arguments>
<msg timestamp="20151202 11:27:48.998" html="yes" level="INFO">File '&lt;a href="file:///opt/robot/robotworkspace/robot_testsuites/experimental/matko.sanseovic/basic/PostPaid/MTC/HighLevelOps-CreateTestSubscribers*.*"&gt;/opt/robot/robotworkspace/robot_testsuites/experimental/matko.sanseovic/basic/PostPaid/MTC/HighLevelOps-CreateTestSubscribers*.*&lt;/a&gt;' does not exist</msg>
<status status="PASS" endtime="20151202 11:27:48.999" starttime="20151202 11:27:48.994"></status>
</kw>
<status status="PASS" endtime="20151202 11:27:49.000" starttime="20151202 11:27:48.992"></status>
</kw>
<status status="PASS" endtime="20151202 11:27:49.003" starttime="20151202 11:27:48.985"></status>
</kw>
<status status="PASS" endtime="20151202 11:27:49.006" starttime="20151202 11:27:48.966"></status>
</kw>
<msg timestamp="20151202 11:27:49.010" level="INFO">${return_code} = OK</msg>
<status status="PASS" endtime="20151202 11:27:49.008" starttime="20151202 11:27:47.242"></status>
</kw>
<kw type="kw" name="${calling_party_msisdn} = BuiltIn.Evaluate">
<doc>Evaluates the given expression in Python and returns the results.</doc>
<arguments>
<arg>${TESTSUBCRIBERS PP MSISDN RANGE START}+1</arg>
</arguments>
<msg timestamp="20151202 11:27:49.014" level="INFO">${calling_party_msisdn} = 43667725501</msg>
<status status="PASS" endtime="20151202 11:27:49.014" starttime="20151202 11:27:49.011"></status>
</kw>
<kw type="kw" name="BuiltIn.Should Be Equal As Strings">
<doc>Fails if objects are unequal after converting them to strings.</doc>
<arguments>
<arg>${return_code}</arg>
<arg>OK</arg>
</arguments>
<msg timestamp="20151202 11:27:49.016" level="INFO">Argument types are:
&lt;type 'unicode'&gt;
&lt;type 'unicode'&gt;</msg>
<status status="PASS" endtime="20151202 11:27:49.017" starttime="20151202 11:27:49.015"></status>
</kw>
<kw type="kw" name="BuiltIn.Log">
<doc>Logs the given message with the given level.</doc>
<arguments>
<arg>Test Postpaid Subscribers Created!</arg>
<arg>console=yes</arg>
</arguments>
<msg timestamp="20151202 11:27:49.018" level="INFO">Test Postpaid Subscribers Created!</msg>
<status status="PASS" endtime="20151202 11:27:49.019" starttime="20151202 11:27:49.017"></status>
</kw>
<kw type="kw" name="BuiltIn.Comment">
<doc>Displays the given messages in the log file as keyword arguments.</doc>
<arguments>
<arg>******* Run MTC 1s *******</arg>
</arguments>
<status status="PASS" endtime="20151202 11:27:49.021" starttime="20151202 11:27:49.020"></status>
</kw>
<kw type="kw" name="BuiltIn.Log">
<doc>Logs the given message with the given level.</doc>
<arguments>
<arg>Running the short MTC call...</arg>
<arg>console=yes</arg>
</arguments>
<msg timestamp="20151202 11:27:49.023" level="INFO">Running the short MTC call...</msg>
<status status="PASS" endtime="20151202 11:27:49.023" starttime="20151202 11:27:49.021"></status>
</kw>
<kw type="kw" name="${rc} = cg_support-resource.CG Run MTC 1s">
<doc>Runs a standard (i.e. non-roaming) MTC 1s session</doc>
<arguments>
<arg>${calling_party_msisdn}</arg>
<arg>${TESTSUBCRIBERS PP IMSI RANGE START}</arg>
<arg>${TESTSUBCRIBERS PP MSISDN RANGE START}</arg>
<arg>${MSC ADDRESS}</arg>
<arg>${CALLSGEN HOME}</arg>
<arg>${CALLSGEN JAR NAME}</arg>
<arg>${CG UNIFIED WS PATH}</arg>
<arg>${AMQ-SIG HOST}</arg>
<arg>${AMQ-SIG PORT}</arg>
<arg>${AMQ-SIG MOC REQ QUEUE}</arg>
<arg>${AMQ-SIG MOC RES QUEUE}</arg>
</arguments>
<kw type="kw" name="${rc} = cg_support-resource.CG Run Standard MTC CGS">
<doc>Runs a standard (non-roaming) MTC session (meaning a session that needs only mscAddress and mtcAPartyMsisdn parameters) for the passed cgs file</doc>
<arguments>
<arg>mtc1s</arg>
<arg>${cg_msisdn}</arg>
<arg>${cd_imsi}</arg>
<arg>${cd_msisdn}</arg>
<arg>${msc_address}</arg>
<arg>${callsgen_home}</arg>
<arg>${callsgen_jar_name}</arg>
<arg>${callsgen_unified_workspace_absolute_path}</arg>
<arg>${amq_host}</arg>
<arg>${amq_port}</arg>
<arg>${queue_mtc_req}</arg>
<arg>${queue_mtc_res}</arg>
</arguments>
<kw type="kw" name="${subscribers_csv_absolute_path} = BuiltIn.Set Variable">
<doc>Returns the given values which can then be assigned to a variables.</doc>
<arguments>
<arg>/opt/robot/robotworkspace/libs/global-keyword-resources/cg-support/tmp/${cgs_filename}-subscribers.csv</arg>
</arguments>
<msg timestamp="20151202 11:27:49.040" level="INFO">${subscribers_csv_absolute_path} = /opt/robot/robotworkspace/libs/global-keyword-resources/cg-support/tmp/mtc1s-subscribers.csv</msg>
<status status="PASS" endtime="20151202 11:27:49.039" starttime="20151202 11:27:49.038"></status>
</kw>
<kw type="kw" name="${flexml_csv_absolute_path} = BuiltIn.Set Variable">
<doc>Returns the given values which can then be assigned to a variables.</doc>
<arguments>
<arg>/opt/robot/robotworkspace/libs/global-keyword-resources/cg-support/tmp/${cgs_filename}-fleXml.csv</arg>
</arguments>
<msg timestamp="20151202 11:27:49.042" level="INFO">${flexml_csv_absolute_path} = /opt/robot/robotworkspace/libs/global-keyword-resources/cg-support/tmp/mtc1s-fleXml.csv</msg>
<status status="PASS" endtime="20151202 11:27:49.042" starttime="20151202 11:27:49.041"></status>
</kw>
<kw type="kw" name="${workspace_ini_absolute_path} = BuiltIn.Set Variable">
<doc>Returns the given values which can then be assigned to a variables.</doc>
<arguments>
<arg>/opt/robot/robotworkspace/libs/global-keyword-resources/cg-support/tmp/${cgs_filename}-workspace.ini</arg>
</arguments>
<msg timestamp="20151202 11:27:49.045" level="INFO">${workspace_ini_absolute_path} = /opt/robot/robotworkspace/libs/global-keyword-resources/cg-support/tmp/mtc1s-workspace.ini</msg>
<status status="PASS" endtime="20151202 11:27:49.044" starttime="20151202 11:27:49.043"></status>
</kw>
<kw type="kw" name="${cgs_absolute_path} = BuiltIn.Set Variable">
<doc>Returns the given values which can then be assigned to a variables.</doc>
<arguments>
<arg>/opt/robot/robotworkspace/libs/global-keyword-resources/cg-support/${cgs_filename}.cgs</arg>
</arguments>
<msg timestamp="20151202 11:27:49.047" level="INFO">${cgs_absolute_path} = /opt/robot/robotworkspace/libs/global-keyword-resources/cg-support/mtc1s.cgs</msg>
<status status="PASS" endtime="20151202 11:27:49.047" starttime="20151202 11:27:49.045"></status>
</kw>
<kw type="kw" name="BuiltIn.Comment">
<doc>Displays the given messages in the log file as keyword arguments.</doc>
<arguments>
<arg>****** create subscribers.csv ******</arg>
</arguments>
<status status="PASS" endtime="20151202 11:27:49.049" starttime="20151202 11:27:49.048"></status>
</kw>
<kw type="kw" name="OperatingSystem.Create File">
<doc>Creates a file with the given content and encoding.</doc>
<arguments>
<arg>${subscribers_csv_absolute_path}</arg>
<arg>${cd_imsi};${cd_msisdn}\n</arg>
</arguments>
<msg timestamp="20151202 11:27:49.052" html="yes" level="INFO">Created file '&lt;a href="file:///opt/robot/robotworkspace/libs/global-keyword-resources/cg-support/tmp/mtc1s-subscribers.csv"&gt;/opt/robot/robotworkspace/libs/global-keyword-resources/cg-support/tmp/mtc1s-subscribers.csv&lt;/a&gt;'</msg>
<status status="PASS" endtime="20151202 11:27:49.052" starttime="20151202 11:27:49.049"></status>
</kw>
<kw type="kw" name="BuiltIn.Comment">
<doc>Displays the given messages in the log file as keyword arguments.</doc>
<arguments>
<arg>****** create fleXml ******</arg>
</arguments>
<status status="PASS" endtime="20151202 11:27:49.054" starttime="20151202 11:27:49.053"></status>
</kw>
<kw type="kw" name="OperatingSystem.Create File">
<doc>Creates a file with the given content and encoding.</doc>
<arguments>
<arg>${flexml_csv_absolute_path}</arg>
<arg>\#Header: comment;mscAddress;mtcAPartyMsisdn\n</arg>
</arguments>
<msg timestamp="20151202 11:27:49.056" html="yes" level="INFO">Created file '&lt;a href="file:///opt/robot/robotworkspace/libs/global-keyword-resources/cg-support/tmp/mtc1s-fleXml.csv"&gt;/opt/robot/robotworkspace/libs/global-keyword-resources/cg-support/tmp/mtc1s-fleXml.csv&lt;/a&gt;'</msg>
<status status="PASS" endtime="20151202 11:27:49.057" starttime="20151202 11:27:49.055"></status>
</kw>
<kw type="kw" name="OperatingSystem.Append To File">
<doc>Appends the given contend to the specified file.</doc>
<arguments>
<arg>${flexml_csv_absolute_path}</arg>
<arg>${cgs_filename} parameters;${msc_address};${cg_msisdn}\n</arg>
</arguments>
<msg timestamp="20151202 11:27:49.060" html="yes" level="INFO">Appended to file '&lt;a href="file:///opt/robot/robotworkspace/libs/global-keyword-resources/cg-support/tmp/mtc1s-fleXml.csv"&gt;/opt/robot/robotworkspace/libs/global-keyword-resources/cg-support/tmp/mtc1s-fleXml.csv&lt;/a&gt;'</msg>
<status status="PASS" endtime="20151202 11:27:49.060" starttime="20151202 11:27:49.058"></status>
</kw>
<kw type="kw" name="BuiltIn.Comment">
<doc>Displays the given messages in the log file as keyword arguments.</doc>
<arguments>
<arg>****** create workspace.ini ******</arg>
</arguments>
<status status="PASS" endtime="20151202 11:27:49.062" starttime="20151202 11:27:49.061"></status>
</kw>
<kw type="kw" name="OperatingSystem.Create File">
<doc>Creates a file with the given content and encoding.</doc>
<arguments>
<arg>${workspace_ini_absolute_path}</arg>
<arg>${WORKSPACE_INI_DEFAULTS}</arg>
</arguments>
<msg timestamp="20151202 11:27:49.064" html="yes" level="INFO">Created file '&lt;a href="file:///opt/robot/robotworkspace/libs/global-keyword-resources/cg-support/tmp/mtc1s-workspace.ini"&gt;/opt/robot/robotworkspace/libs/global-keyword-resources/cg-support/tmp/mtc1s-workspace.ini&lt;/a&gt;'</msg>
<status status="PASS" endtime="20151202 11:27:49.065" starttime="20151202 11:27:49.063"></status>
</kw>
<kw type="kw" name="OperatingSystem.Append To File">
<doc>Appends the given contend to the specified file.</doc>
<arguments>
<arg>${workspace_ini_absolute_path}</arg>
<arg>\ninAMQHost=${amq_host} \ninAMQPort=${amq_port} \ninQueuePair1=true;CAP2_MTC;${queue_mtc_req};${queue_mtc_res};6;1;1</arg>
</arguments>
<msg timestamp="20151202 11:27:49.068" html="yes" level="INFO">Appended to file '&lt;a href="file:///opt/robot/robotworkspace/libs/global-keyword-resources/cg-support/tmp/mtc1s-workspace.ini"&gt;/opt/robot/robotworkspace/libs/global-keyword-resources/cg-support/tmp/mtc1s-workspace.ini&lt;/a&gt;'</msg>
<status status="PASS" endtime="20151202 11:27:49.069" starttime="20151202 11:27:49.066"></status>
</kw>
<kw type="kw" name="BuiltIn.Comment">
<doc>Displays the given messages in the log file as keyword arguments.</doc>
<arguments>
<arg>****** Exec CG ******</arg>
</arguments>
<status status="PASS" endtime="20151202 11:27:49.070" starttime="20151202 11:27:49.069"></status>
</kw>
<kw type="kw" name="${rc} = OperatingSystem.Run And Return Rc">
<doc>Runs the given command in the system and returns the return code.</doc>
<arguments>
<arg>cd ${callsgen_home};java -jar ${callsgen_jar_name} ${cgs_absolute_path} ${callsgen_unified_workspace_absolute_path} -i ${workspace_ini_absolute_path} -s ${subscribers_csv_absolute_path} -f ${flexml_csv_absolute_path}</arg>
</arguments>
<msg timestamp="20151202 11:27:49.079" level="INFO">Running command 'cd /opt/callsGenerator;java -jar callsgen-6.1.0.jar /opt/robot/robotworkspace/libs/global-keyword-resources/cg-support/mtc1s.cgs /opt/robot/robotworkspace/external_tests/experimental/matko.sanseovic/reroute_changes -i /opt/robot/robotworkspace/libs/global-keyword-resources/cg-support/tmp/mtc1s-workspace.ini -s /opt/robot/robotworkspace/libs/global-keyword-resources/cg-support/tmp/mtc1s-subscribers.csv -f /opt/robot/robotworkspace/libs/global-keyword-resources/cg-support/tmp/mtc1s-fleXml.csv 2&gt;&amp;1'</msg>
<msg timestamp="20151202 11:27:54.595" level="INFO">${rc} = 0</msg>
<status status="PASS" endtime="20151202 11:27:54.592" starttime="20151202 11:27:49.071"></status>
</kw>
<msg timestamp="20151202 11:27:54.600" level="INFO">${rc} = 0</msg>
<status status="PASS" endtime="20151202 11:27:54.598" starttime="20151202 11:27:49.032"></status>
</kw>
<msg timestamp="20151202 11:27:54.604" level="INFO">${rc} = 0</msg>
<status status="PASS" endtime="20151202 11:27:54.602" starttime="20151202 11:27:49.025"></status>
</kw>
<kw type="kw" name="BuiltIn.Log">
<doc>Logs the given message with the given level.</doc>
<arguments>
<arg>...do the checks...</arg>
<arg>console=yes</arg>
</arguments>
<msg timestamp="20151202 11:27:54.608" level="INFO">...do the checks...</msg>
<status status="PASS" endtime="20151202 11:27:54.610" starttime="20151202 11:27:54.606"></status>
</kw>
<kw type="kw" name="BuiltIn.Should Be Equal As Numbers">
<doc>Fails if objects are unequal after converting them to real numbers.</doc>
<arguments>
<arg>${rc}</arg>
<arg>0</arg>
<arg>msg=CG Session ended with rc ${rc}</arg>
</arguments>
<msg timestamp="20151202 11:27:54.615" level="INFO">Argument types are:
&lt;type 'int'&gt;
&lt;type 'unicode'&gt;</msg>
<status status="PASS" endtime="20151202 11:27:54.616" starttime="20151202 11:27:54.611"></status>
</kw>
<doc>Test will make a short MTC call with postpaid subscriber

Arguments:
none
Returns:
none
Fails: in case CG session fails or account balance evaluation fails

=================================================================================</doc>
<tags>
<tag>matko.sanseovic</tag>
<tag>MTC_only</tag>
<tag>mTel_PPLIGHT_TB25_supported</tag>
<tag>POSTPAID_only</tag>
</tags>
<status status="PASS" critical="yes" endtime="20151202 11:27:54.618" starttime="20151202 11:27:47.219"></status>
</test>
<doc>Testing the postpaid MTC call, duration is 1s

============================================================</doc>
<metadata>
</metadata>
<status status="PASS" endtime="20151202 11:27:54.625" starttime="20151202 11:27:44.263"></status>
</suite>
<doc></doc>
<metadata>
</metadata>
<status status="PASS" endtime="20151202 11:27:54.643" starttime="20151202 11:27:44.223"></status>
</suite>
<doc></doc>
<metadata>
</metadata>
<status status="PASS" endtime="20151202 11:27:54.668" starttime="20151202 11:26:55.460"></status>
</suite>
<statistics>
<total>
<stat pass="4" fail="0">Critical Tests</stat>
<stat pass="4" fail="0">All Tests</stat>
</total>
<tag>
<stat pass="4" info="" doc="" combined="" fail="0" links="">matko.sanseovic</stat>
<stat pass="4" info="" doc="" combined="" fail="0" links="">MTC_only</stat>
<stat pass="4" info="" doc="" combined="" fail="0" links="">mTel_PPLIGHT_TB25_supported</stat>
<stat pass="4" info="" doc="" combined="" fail="0" links="">POSTPAID_only</stat>
</tag>
<suite>
<stat pass="4" id="s1" fail="0" name="MTC">MTC</stat>
<stat pass="1" id="s1-s1" fail="0" name="MTC POSTPAID-Abandon">MTC.MTC POSTPAID-Abandon</stat>
<stat pass="1" id="s1-s1-s1" fail="0" name="MTC POSTPAID-Abandon-robot-suite">MTC.MTC POSTPAID-Abandon.MTC POSTPAID-Abandon-robot-suite</stat>
<stat pass="1" id="s1-s2" fail="0" name="MTC POSTPAID-Busy">MTC.MTC POSTPAID-Busy</stat>
<stat pass="1" id="s1-s2-s1" fail="0" name="MTC POSTPAID-Busy-robot-suite">MTC.MTC POSTPAID-Busy.MTC POSTPAID-Busy-robot-suite</stat>
<stat pass="1" id="s1-s3" fail="0" name="MTC POSTPAID-NoAnswer">MTC.MTC POSTPAID-NoAnswer</stat>
<stat pass="1" id="s1-s3-s1" fail="0" name="MTC POSTPAID-NoAnswer-robot-suite">MTC.MTC POSTPAID-NoAnswer.MTC POSTPAID-NoAnswer-robot-suite</stat>
<stat pass="1" id="s1-s4" fail="0" name="MTC POSTPAID-ShortDuration">MTC.MTC POSTPAID-ShortDuration</stat>
<stat pass="1" id="s1-s4-s1" fail="0" name="MTC POSTPAID-ShortDuration-robot-suite">MTC.MTC POSTPAID-ShortDuration.MTC POSTPAID-ShortDuration-robot-suite</stat>
</suite>
</statistics>
<errors>
</errors>
</robot>
