<?xml version="1.0" encoding="UTF-8"?>
<robot generator="Robot 2.8.7 (Jython 2.7rc1 on java1.7.0_79)" generated="20160108 13:42:51.963">
<suite source="/opt/robot/robotworkspace/robot_testsuites/basic/PrePaid/calls-regression-suite.txt" id="s1" name="Calls-Regression-Suite">
<kw type="setup" name="suite-global-keyword-resource.Setup Suite">
<doc></doc>
<arguments>
</arguments>
<kw type="kw" name="${date} = OperatingSystem.Run">
<doc>Runs the given command in the system and returns the output.</doc>
<arguments>
<arg>date</arg>
</arguments>
<msg timestamp="20160108 13:42:53.977" level="INFO">Running command 'date 2&gt;&amp;1'</msg>
<msg timestamp="20160108 13:42:53.980" level="INFO">${date} = Fri Jan  8 13:42:53 CET 2016</msg>
<status status="PASS" endtime="20160108 13:42:53.979" starttime="20160108 13:42:53.966"></status>
</kw>
<kw type="kw" name="BuiltIn.Log">
<doc>Logs the given message with the given level.</doc>
<arguments>
<arg>Date and time: ${date}</arg>
<arg>console=yes</arg>
</arguments>
<msg timestamp="20160108 13:42:53.985" level="INFO">Date and time: Fri Jan  8 13:42:53 CET 2016</msg>
<status status="PASS" endtime="20160108 13:42:53.986" starttime="20160108 13:42:53.982"></status>
</kw>
<kw type="kw" name="BuiltIn.Log">
<doc>Logs the given message with the given level.</doc>
<arguments>
<arg>Target IN machine: ${IN-APP HOST}</arg>
<arg>console=yes</arg>
</arguments>
<msg timestamp="20160108 13:42:53.990" level="INFO">Target IN machine: 10.105.170.135</msg>
<status status="PASS" endtime="20160108 13:42:53.992" starttime="20160108 13:42:53.988"></status>
</kw>
<kw type="kw" name="${in_rc}, ${in_version} = suite-global-keyword-resource.Get IN Vitality State">
<doc>Checks the state of the IN service</doc>
<arguments>
<arg>${IN-APP HOST}</arg>
<arg>1111</arg>
<arg>${IN-APP USER}</arg>
<arg>${IN-APP PWD}</arg>
<arg>${EMPTY}</arg>
<arg>${IN-APP MOC SERVICE NAME}</arg>
</arguments>
<kw type="kw" name="${ssh_connection} = ssh-support-resource.SSH Login">
<doc>Does a password or RSA key file based login at the passed SSH connection depending whether or not the passed password is .</doc>
<arguments>
<arg>${ssh_user}</arg>
<arg>${ssh_pswd}</arg>
<arg>${ssh_rsa_key_file}</arg>
<arg>host=${host}</arg>
</arguments>
<kw type="kw" name="SSHLibrary.Set Default Configuration">
<doc>Update the default `configuration`.</doc>
<arguments>
<arg>loglevel=INFO</arg>
</arguments>
<status status="PASS" endtime="20160108 13:42:54.071" starttime="20160108 13:42:54.068"></status>
</kw>
<kw type="kw" name="${ssh_connection} = BuiltIn.Run Keyword If">
<doc>Runs the given keyword with the given arguments, if `condition` is true.</doc>
<arguments>
<arg>'${ssh_connection}'=='${EMPTY}'</arg>
<arg>Open Connection</arg>
<arg>${host}</arg>
<arg>port=22</arg>
<arg>timeout=3</arg>
<arg>prompt=$</arg>
</arguments>
<kw type="kw" name="SSHLibrary.Open Connection">
<doc>Opens a new SSH connection to the given `host` and `port`.</doc>
<arguments>
<arg>${host}</arg>
<arg>port=22</arg>
<arg>timeout=3</arg>
<arg>prompt=$</arg>
</arguments>
<status status="PASS" endtime="20160108 13:42:54.231" starttime="20160108 13:42:54.084"></status>
</kw>
<msg timestamp="20160108 13:42:54.233" level="INFO">${ssh_connection} = 1</msg>
<status status="PASS" endtime="20160108 13:42:54.233" starttime="20160108 13:42:54.072"></status>
</kw>
<kw type="kw" name="BuiltIn.Run Keyword If">
<doc>Runs the given keyword with the given arguments, if `condition` is true.</doc>
<arguments>
<arg>'${pswd}'=='${EMPTY}'</arg>
<arg>Login With Public Key</arg>
<arg>${user}</arg>
<arg>${rsa_key_file}</arg>
<arg>ELSE</arg>
<arg>Login</arg>
<arg>${user}</arg>
<arg>${pswd}</arg>
</arguments>
<kw type="kw" name="SSHLibrary.Login">
<doc>Logs into the SSH server with the given `username` and `password`.</doc>
<arguments>
<arg>${user}</arg>
<arg>${pswd}</arg>
</arguments>
<msg timestamp="20160108 13:42:54.244" level="INFO">Logging into '10.105.170.135:22' as 'qa_automation'.</msg>
<msg timestamp="20160108 13:42:54.740" level="INFO">Read output: Last login: Fri Jan  8 12:24:59 2016 from 10.105.80.196
id: cannot find name for group ID 20007
[1m[qa_automation@in-app.tb07 ~]$</msg>
<status status="PASS" endtime="20160108 13:42:54.741" starttime="20160108 13:42:54.241"></status>
</kw>
<status status="PASS" endtime="20160108 13:42:54.742" starttime="20160108 13:42:54.235"></status>
</kw>
<msg timestamp="20160108 13:42:54.745" level="INFO">${ssh_connection} = 1</msg>
<status status="PASS" endtime="20160108 13:42:54.744" starttime="20160108 13:42:54.054"></status>
</kw>
<kw type="kw" name="${resultCode} = BuiltIn.Run Keyword If">
<doc>Runs the given keyword with the given arguments, if `condition` is true.</doc>
<arguments>
<arg>'${ssh_connection}'==''</arg>
<arg>Set Variable</arg>
<arg>LOGIN_FAILED</arg>
</arguments>
<msg timestamp="20160108 13:42:54.754" level="INFO">${resultCode} = None</msg>
<status status="PASS" endtime="20160108 13:42:54.754" starttime="20160108 13:42:54.746"></status>
</kw>
<kw type="kw" name="${output} = SSHLibrary.Execute Command">
<doc>Executes `command` on the remote machine and returns its outputs.</doc>
<arguments>
<arg>sudo service ${service_name} status</arg>
</arguments>
<msg timestamp="20160108 13:42:54.758" level="INFO">Executing command 'sudo service inew-mvno-corein-service-moc-2.1.1 status'.</msg>
<msg timestamp="20160108 13:42:55.096" level="INFO">Command exited with return code 0.</msg>
<msg timestamp="20160108 13:42:55.099" level="INFO">${output} = I-New MVNO VirginMobile Colombia - Core - Service 2.1.1 is running PID: 27814 </msg>
<status status="PASS" endtime="20160108 13:42:55.098" starttime="20160108 13:42:54.756"></status>
</kw>
<kw type="kw" name="${status}, ${rc} = BuiltIn.Run Keyword And Ignore Error">
<doc>Runs the given keyword with the given arguments and ignores possible error.</doc>
<arguments>
<arg>Should Contain</arg>
<arg>${output}</arg>
<arg>is running</arg>
<arg>msg=Service ${service_name} is not running!</arg>
</arguments>
<kw type="kw" name="BuiltIn.Should Contain">
<doc>Fails if `item1` does not contain `item2` one or more times.</doc>
<arguments>
<arg>${output}</arg>
<arg>is running</arg>
<arg>msg=Service ${service_name} is not running!</arg>
</arguments>
<status status="PASS" endtime="20160108 13:42:55.106" starttime="20160108 13:42:55.103"></status>
</kw>
<msg timestamp="20160108 13:42:55.108" level="INFO">${status} = PASS</msg>
<msg timestamp="20160108 13:42:55.108" level="INFO">${rc} = None</msg>
<status status="PASS" endtime="20160108 13:42:55.107" starttime="20160108 13:42:55.101"></status>
</kw>
<kw type="kw" name="${resultCode} = BuiltIn.Run Keyword If">
<doc>Runs the given keyword with the given arguments, if `condition` is true.</doc>
<arguments>
<arg>'${status}'=='PASS'</arg>
<arg>Set Variable</arg>
<arg>OK</arg>
<arg>ELSE</arg>
<arg>Set Variable</arg>
<arg>SERVICE_NOT_RUNNING</arg>
</arguments>
<kw type="kw" name="BuiltIn.Set Variable">
<doc>Returns the given values which can then be assigned to a variables.</doc>
<arguments>
<arg>OK</arg>
</arguments>
<status status="PASS" endtime="20160108 13:42:55.117" starttime="20160108 13:42:55.115"></status>
</kw>
<msg timestamp="20160108 13:42:55.118" level="INFO">${resultCode} = OK</msg>
<status status="PASS" endtime="20160108 13:42:55.118" starttime="20160108 13:42:55.110"></status>
</kw>
<kw type="kw" name="${version_r} = String.Fetch From Right">
<doc>Returns contents of the `string` after the last occurrence of `marker`.</doc>
<arguments>
<arg>${output}</arg>
<arg>Service</arg>
</arguments>
<msg timestamp="20160108 13:42:55.122" level="INFO">${version_r} =  2.1.1 is running PID: 27814 </msg>
<status status="PASS" endtime="20160108 13:42:55.122" starttime="20160108 13:42:55.120"></status>
</kw>
<kw type="kw" name="${version} = String.Fetch From Left">
<doc>Returns contents of the `string` before the first occurrence of `marker`.</doc>
<arguments>
<arg>${version_r}</arg>
<arg>is running</arg>
</arguments>
<msg timestamp="20160108 13:42:55.126" level="INFO">${version} =  2.1.1 </msg>
<status status="PASS" endtime="20160108 13:42:55.126" starttime="20160108 13:42:55.124"></status>
</kw>
<kw type="kw" name="BuiltIn.Comment">
<doc>Displays the given messages in the log file as keyword arguments.</doc>
<arguments>
<arg>****** Log out ******</arg>
</arguments>
<status status="PASS" endtime="20160108 13:42:55.130" starttime="20160108 13:42:55.128"></status>
</kw>
<kw type="kw" name="ssh-support-resource.SSH Logout">
<doc>Closes the passed SSH connection</doc>
<arguments>
<arg>${ssh_connection}</arg>
</arguments>
<kw type="kw" name="SSHLibrary.Switch Connection">
<doc>Switches the active connection by index or alias.</doc>
<arguments>
<arg>${ssh_connection}</arg>
</arguments>
<status status="PASS" endtime="20160108 13:42:55.143" starttime="20160108 13:42:55.141"></status>
</kw>
<kw type="kw" name="SSHLibrary.Close Connection">
<doc>Closes the current connection.</doc>
<arguments>
</arguments>
<status status="PASS" endtime="20160108 13:42:55.150" starttime="20160108 13:42:55.144"></status>
</kw>
<status status="PASS" endtime="20160108 13:42:55.151" starttime="20160108 13:42:55.131"></status>
</kw>
<kw type="kw" name="${ver} = BuiltIn.Run Keyword If">
<doc>Runs the given keyword with the given arguments, if `condition` is true.</doc>
<arguments>
<arg>'${resultCode}'=='OK'</arg>
<arg>Set Variable</arg>
<arg>${version}</arg>
</arguments>
<kw type="kw" name="BuiltIn.Set Variable">
<doc>Returns the given values which can then be assigned to a variables.</doc>
<arguments>
<arg>${version}</arg>
</arguments>
<status status="PASS" endtime="20160108 13:42:55.158" starttime="20160108 13:42:55.156"></status>
</kw>
<msg timestamp="20160108 13:42:55.160" level="INFO">${ver} =  2.1.1 </msg>
<status status="PASS" endtime="20160108 13:42:55.159" starttime="20160108 13:42:55.152"></status>
</kw>
<kw type="kw" name="BuiltIn.Comment">
<doc>Displays the given messages in the log file as keyword arguments.</doc>
<arguments>
<arg>...</arg>
<arg>ELSE</arg>
<arg>Set Variable</arg>
<arg>${EMPTY}</arg>
</arguments>
<status status="PASS" endtime="20160108 13:42:55.163" starttime="20160108 13:42:55.161"></status>
</kw>
<msg timestamp="20160108 13:42:55.166" level="INFO">${in_rc} = OK</msg>
<msg timestamp="20160108 13:42:55.167" level="INFO">${in_version} =  2.1.1 </msg>
<status status="PASS" endtime="20160108 13:42:55.165" starttime="20160108 13:42:54.016"></status>
</kw>
<kw type="kw" name="${xdr_rc}, ${xdr_version} = suite-global-keyword-resource.Get XDR Vitality State">
<doc>Checks multiple vitality aspects of an XDR instance</doc>
<arguments>
<arg>${XDR HOST}</arg>
<arg>1111</arg>
<arg>${XDR USER}</arg>
<arg>${XDR PWD}</arg>
<arg>${EMPTY}</arg>
<arg>${XDR SERVICE NAME}</arg>
</arguments>
<kw type="kw" name="${ssh_connection} = ssh-support-resource.SSH Login">
<doc>Does a password or RSA key file based login at the passed SSH connection depending whether or not the passed password is .</doc>
<arguments>
<arg>${ssh_user}</arg>
<arg>${ssh_pswd}</arg>
<arg>${ssh_rsa_key_file}</arg>
<arg>host=${host}</arg>
</arguments>
<kw type="kw" name="SSHLibrary.Set Default Configuration">
<doc>Update the default `configuration`.</doc>
<arguments>
<arg>loglevel=INFO</arg>
</arguments>
<status status="PASS" endtime="20160108 13:42:55.262" starttime="20160108 13:42:55.260"></status>
</kw>
<kw type="kw" name="${ssh_connection} = BuiltIn.Run Keyword If">
<doc>Runs the given keyword with the given arguments, if `condition` is true.</doc>
<arguments>
<arg>'${ssh_connection}'=='${EMPTY}'</arg>
<arg>Open Connection</arg>
<arg>${host}</arg>
<arg>port=22</arg>
<arg>timeout=3</arg>
<arg>prompt=$</arg>
</arguments>
<kw type="kw" name="SSHLibrary.Open Connection">
<doc>Opens a new SSH connection to the given `host` and `port`.</doc>
<arguments>
<arg>${host}</arg>
<arg>port=22</arg>
<arg>timeout=3</arg>
<arg>prompt=$</arg>
</arguments>
<status status="PASS" endtime="20160108 13:42:55.308" starttime="20160108 13:42:55.269"></status>
</kw>
<msg timestamp="20160108 13:42:55.309" level="INFO">${ssh_connection} = 2</msg>
<status status="PASS" endtime="20160108 13:42:55.309" starttime="20160108 13:42:55.263"></status>
</kw>
<kw type="kw" name="BuiltIn.Run Keyword If">
<doc>Runs the given keyword with the given arguments, if `condition` is true.</doc>
<arguments>
<arg>'${pswd}'=='${EMPTY}'</arg>
<arg>Login With Public Key</arg>
<arg>${user}</arg>
<arg>${rsa_key_file}</arg>
<arg>ELSE</arg>
<arg>Login</arg>
<arg>${user}</arg>
<arg>${pswd}</arg>
</arguments>
<kw type="kw" name="SSHLibrary.Login">
<doc>Logs into the SSH server with the given `username` and `password`.</doc>
<arguments>
<arg>${user}</arg>
<arg>${pswd}</arg>
</arguments>
<msg timestamp="20160108 13:42:55.318" level="INFO">Logging into '10.105.170.171:22' as 'qa_automation'.</msg>
<msg timestamp="20160108 13:42:55.805" level="INFO">Read output: Last login: Fri Jan  8 12:24:56 2016 from 10.105.80.196
id: cannot find name for group ID 20007
[1m[qa_automation@xdr.tb07 ~]$</msg>
<status status="PASS" endtime="20160108 13:42:55.806" starttime="20160108 13:42:55.316"></status>
</kw>
<status status="PASS" endtime="20160108 13:42:55.807" starttime="20160108 13:42:55.311"></status>
</kw>
<msg timestamp="20160108 13:42:55.809" level="INFO">${ssh_connection} = 2</msg>
<status status="PASS" endtime="20160108 13:42:55.809" starttime="20160108 13:42:55.249"></status>
</kw>
<kw type="kw" name="${resultCode} = BuiltIn.Run Keyword If">
<doc>Runs the given keyword with the given arguments, if `condition` is true.</doc>
<arguments>
<arg>'${ssh_connection}'==''</arg>
<arg>Set Variable</arg>
<arg>LOGIN_FAILED</arg>
</arguments>
<msg timestamp="20160108 13:42:55.815" level="INFO">${resultCode} = None</msg>
<status status="PASS" endtime="20160108 13:42:55.815" starttime="20160108 13:42:55.811"></status>
</kw>
<kw type="kw" name="${output} = SSHLibrary.Execute Command">
<doc>Executes `command` on the remote machine and returns its outputs.</doc>
<arguments>
<arg>sudo service ${service_name} status</arg>
</arguments>
<msg timestamp="20160108 13:42:55.818" level="INFO">Executing command 'sudo service inew-mvno-xdr status'.</msg>
<msg timestamp="20160108 13:42:56.139" level="INFO">Command exited with return code 0.</msg>
<msg timestamp="20160108 13:42:56.141" level="INFO">${output} = I-New CS MVNO - XDR Writer - Server 5.1.0.16360 is running PID: 6256 </msg>
<status status="PASS" endtime="20160108 13:42:56.140" starttime="20160108 13:42:55.817"></status>
</kw>
<kw type="kw" name="${status}, ${rc} = BuiltIn.Run Keyword And Ignore Error">
<doc>Runs the given keyword with the given arguments and ignores possible error.</doc>
<arguments>
<arg>Should Contain</arg>
<arg>${output}</arg>
<arg>is running</arg>
<arg>msg=Service ${service_name} is not running!</arg>
</arguments>
<kw type="kw" name="BuiltIn.Should Contain">
<doc>Fails if `item1` does not contain `item2` one or more times.</doc>
<arguments>
<arg>${output}</arg>
<arg>is running</arg>
<arg>msg=Service ${service_name} is not running!</arg>
</arguments>
<status status="PASS" endtime="20160108 13:42:56.148" starttime="20160108 13:42:56.145"></status>
</kw>
<msg timestamp="20160108 13:42:56.149" level="INFO">${status} = PASS</msg>
<msg timestamp="20160108 13:42:56.150" level="INFO">${rc} = None</msg>
<status status="PASS" endtime="20160108 13:42:56.149" starttime="20160108 13:42:56.142"></status>
</kw>
<kw type="kw" name="${resultCode} = BuiltIn.Run Keyword If">
<doc>Runs the given keyword with the given arguments, if `condition` is true.</doc>
<arguments>
<arg>'${status}'=='PASS'</arg>
<arg>Set Variable</arg>
<arg>OK</arg>
<arg>ELSE</arg>
<arg>Set Variable</arg>
<arg>SERVICE_NOT_RUNNING</arg>
</arguments>
<kw type="kw" name="BuiltIn.Set Variable">
<doc>Returns the given values which can then be assigned to a variables.</doc>
<arguments>
<arg>OK</arg>
</arguments>
<status status="PASS" endtime="20160108 13:42:56.157" starttime="20160108 13:42:56.156"></status>
</kw>
<msg timestamp="20160108 13:42:56.159" level="INFO">${resultCode} = OK</msg>
<status status="PASS" endtime="20160108 13:42:56.158" starttime="20160108 13:42:56.151"></status>
</kw>
<kw type="kw" name="${version_r} = String.Fetch From Right">
<doc>Returns contents of the `string` after the last occurrence of `marker`.</doc>
<arguments>
<arg>${output}</arg>
<arg>Server</arg>
</arguments>
<msg timestamp="20160108 13:42:56.163" level="INFO">${version_r} =  5.1.0.16360 is running PID: 6256 </msg>
<status status="PASS" endtime="20160108 13:42:56.162" starttime="20160108 13:42:56.160"></status>
</kw>
<kw type="kw" name="${version} = String.Fetch From Left">
<doc>Returns contents of the `string` before the first occurrence of `marker`.</doc>
<arguments>
<arg>${version_r}</arg>
<arg>is running</arg>
</arguments>
<msg timestamp="20160108 13:42:56.166" level="INFO">${version} =  5.1.0.16360 </msg>
<status status="PASS" endtime="20160108 13:42:56.166" starttime="20160108 13:42:56.164"></status>
</kw>
<kw type="kw" name="BuiltIn.Comment">
<doc>Displays the given messages in the log file as keyword arguments.</doc>
<arguments>
<arg>****** Log out ******</arg>
</arguments>
<status status="PASS" endtime="20160108 13:42:56.169" starttime="20160108 13:42:56.168"></status>
</kw>
<kw type="kw" name="ssh-support-resource.SSH Logout">
<doc>Closes the passed SSH connection</doc>
<arguments>
<arg>${ssh_connection}</arg>
</arguments>
<kw type="kw" name="SSHLibrary.Switch Connection">
<doc>Switches the active connection by index or alias.</doc>
<arguments>
<arg>${ssh_connection}</arg>
</arguments>
<status status="PASS" endtime="20160108 13:42:56.181" starttime="20160108 13:42:56.179"></status>
</kw>
<kw type="kw" name="SSHLibrary.Close Connection">
<doc>Closes the current connection.</doc>
<arguments>
</arguments>
<status status="PASS" endtime="20160108 13:42:56.186" starttime="20160108 13:42:56.182"></status>
</kw>
<status status="PASS" endtime="20160108 13:42:56.187" starttime="20160108 13:42:56.170"></status>
</kw>
<kw type="kw" name="${ver} = BuiltIn.Run Keyword If">
<doc>Runs the given keyword with the given arguments, if `condition` is true.</doc>
<arguments>
<arg>'${resultCode}'=='OK'</arg>
<arg>Set Variable</arg>
<arg>${version}</arg>
<arg>ELSE</arg>
<arg>Set Variable</arg>
<arg>${EMPTY}</arg>
</arguments>
<kw type="kw" name="BuiltIn.Set Variable">
<doc>Returns the given values which can then be assigned to a variables.</doc>
<arguments>
<arg>${version}</arg>
</arguments>
<status status="PASS" endtime="20160108 13:42:56.194" starttime="20160108 13:42:56.193"></status>
</kw>
<msg timestamp="20160108 13:42:56.196" level="INFO">${ver} =  5.1.0.16360 </msg>
<status status="PASS" endtime="20160108 13:42:56.195" starttime="20160108 13:42:56.188"></status>
</kw>
<msg timestamp="20160108 13:42:56.198" level="INFO">${xdr_rc} = OK</msg>
<msg timestamp="20160108 13:42:56.199" level="INFO">${xdr_version} =  5.1.0.16360 </msg>
<status status="PASS" endtime="20160108 13:42:56.197" starttime="20160108 13:42:55.221"></status>
</kw>
<kw type="kw" name="${crce_rc}, ${crce_version} = suite-global-keyword-resource.Get CRCE Vitality State">
<doc>Checks the state of the CRCE service</doc>
<arguments>
<arg>${CRCE HOST}</arg>
<arg>1111</arg>
<arg>${CRCE USER}</arg>
<arg>${CRCE PWD}</arg>
<arg>${EMPTY}</arg>
<arg>${CRCE SERVICE NAME}</arg>
</arguments>
<kw type="kw" name="${ssh_connection} = ssh-support-resource.SSH Login">
<doc>Does a password or RSA key file based login at the passed SSH connection depending whether or not the passed password is .</doc>
<arguments>
<arg>${ssh_user}</arg>
<arg>${ssh_pswd}</arg>
<arg>${ssh_rsa_key_file}</arg>
<arg>host=${host}</arg>
</arguments>
<kw type="kw" name="SSHLibrary.Set Default Configuration">
<doc>Update the default `configuration`.</doc>
<arguments>
<arg>loglevel=INFO</arg>
</arguments>
<status status="PASS" endtime="20160108 13:42:56.252" starttime="20160108 13:42:56.250"></status>
</kw>
<kw type="kw" name="${ssh_connection} = BuiltIn.Run Keyword If">
<doc>Runs the given keyword with the given arguments, if `condition` is true.</doc>
<arguments>
<arg>'${ssh_connection}'=='${EMPTY}'</arg>
<arg>Open Connection</arg>
<arg>${host}</arg>
<arg>port=22</arg>
<arg>timeout=3</arg>
<arg>prompt=$</arg>
</arguments>
<kw type="kw" name="SSHLibrary.Open Connection">
<doc>Opens a new SSH connection to the given `host` and `port`.</doc>
<arguments>
<arg>${host}</arg>
<arg>port=22</arg>
<arg>timeout=3</arg>
<arg>prompt=$</arg>
</arguments>
<status status="PASS" endtime="20160108 13:42:56.313" starttime="20160108 13:42:56.258"></status>
</kw>
<msg timestamp="20160108 13:42:56.317" level="INFO">${ssh_connection} = 3</msg>
<status status="PASS" endtime="20160108 13:42:56.316" starttime="20160108 13:42:56.253"></status>
</kw>
<kw type="kw" name="BuiltIn.Run Keyword If">
<doc>Runs the given keyword with the given arguments, if `condition` is true.</doc>
<arguments>
<arg>'${pswd}'=='${EMPTY}'</arg>
<arg>Login With Public Key</arg>
<arg>${user}</arg>
<arg>${rsa_key_file}</arg>
<arg>ELSE</arg>
<arg>Login</arg>
<arg>${user}</arg>
<arg>${pswd}</arg>
</arguments>
<kw type="kw" name="SSHLibrary.Login">
<doc>Logs into the SSH server with the given `username` and `password`.</doc>
<arguments>
<arg>${user}</arg>
<arg>${pswd}</arg>
</arguments>
<msg timestamp="20160108 13:42:56.337" level="INFO">Logging into '10.105.170.125:22' as 'qa_automation'.</msg>
<msg timestamp="20160108 13:42:56.816" level="INFO">Read output: Last login: Fri Jan  8 12:24:59 2016 from 10.105.80.196
id: cannot find name for group ID 20007
[1m[qa_automation@crce01.tb07 ~]$</msg>
<status status="PASS" endtime="20160108 13:42:56.819" starttime="20160108 13:42:56.332"></status>
</kw>
<status status="PASS" endtime="20160108 13:42:56.821" starttime="20160108 13:42:56.320"></status>
</kw>
<msg timestamp="20160108 13:42:56.826" level="INFO">${ssh_connection} = 3</msg>
<status status="PASS" endtime="20160108 13:42:56.824" starttime="20160108 13:42:56.240"></status>
</kw>
<kw type="kw" name="${resultCode} = BuiltIn.Run Keyword If">
<doc>Runs the given keyword with the given arguments, if `condition` is true.</doc>
<arguments>
<arg>'${ssh_connection}'==''</arg>
<arg>Set Variable</arg>
<arg>LOGIN_FAILED</arg>
</arguments>
<msg timestamp="20160108 13:42:56.840" level="INFO">${resultCode} = None</msg>
<status status="PASS" endtime="20160108 13:42:56.839" starttime="20160108 13:42:56.828"></status>
</kw>
<kw type="kw" name="${output} = SSHLibrary.Execute Command">
<doc>Executes `command` on the remote machine and returns its outputs.</doc>
<arguments>
<arg>sudo service ${service_name} status</arg>
</arguments>
<msg timestamp="20160108 13:42:56.848" level="INFO">Executing command 'sudo service inew-mvno-crce status'.</msg>
<msg timestamp="20160108 13:42:57.017" level="INFO">Command exited with return code 0.</msg>
<msg timestamp="20160108 13:42:57.022" level="INFO">${output} = I-New MVNO CRCE - Negret Rating &amp; Charging Engine 5.1.14.25039
Negret Rating &amp; Charging Engine 5.1.14.25039 is running (PID:28741, Wrapper:STARTED, Java:STARTED)
CRCE is running.</msg>
<status status="PASS" endtime="20160108 13:42:57.020" starttime="20160108 13:42:56.843"></status>
</kw>
<kw type="kw" name="${status}, ${rc} = BuiltIn.Run Keyword And Ignore Error">
<doc>Runs the given keyword with the given arguments and ignores possible error.</doc>
<arguments>
<arg>Should Contain</arg>
<arg>${output}</arg>
<arg>is running</arg>
<arg>msg=Service ${service_name} is not running!</arg>
</arguments>
<kw type="kw" name="BuiltIn.Should Contain">
<doc>Fails if `item1` does not contain `item2` one or more times.</doc>
<arguments>
<arg>${output}</arg>
<arg>is running</arg>
<arg>msg=Service ${service_name} is not running!</arg>
</arguments>
<status status="PASS" endtime="20160108 13:42:57.036" starttime="20160108 13:42:57.030"></status>
</kw>
<msg timestamp="20160108 13:42:57.039" level="INFO">${status} = PASS</msg>
<msg timestamp="20160108 13:42:57.040" level="INFO">${rc} = None</msg>
<status status="PASS" endtime="20160108 13:42:57.038" starttime="20160108 13:42:57.025"></status>
</kw>
<kw type="kw" name="${resultCode} = BuiltIn.Run Keyword If">
<doc>Runs the given keyword with the given arguments, if `condition` is true.</doc>
<arguments>
<arg>'${status}'=='PASS'</arg>
<arg>Set Variable</arg>
<arg>OK</arg>
<arg>ELSE</arg>
<arg>Set Variable</arg>
<arg>SERVICE_NOT_RUNNING</arg>
</arguments>
<kw type="kw" name="BuiltIn.Set Variable">
<doc>Returns the given values which can then be assigned to a variables.</doc>
<arguments>
<arg>OK</arg>
</arguments>
<status status="PASS" endtime="20160108 13:42:57.057" starttime="20160108 13:42:57.053"></status>
</kw>
<msg timestamp="20160108 13:42:57.060" level="INFO">${resultCode} = OK</msg>
<status status="PASS" endtime="20160108 13:42:57.059" starttime="20160108 13:42:57.043"></status>
</kw>
<kw type="kw" name="${version_r} = String.Fetch From Right">
<doc>Returns contents of the `string` after the last occurrence of `marker`.</doc>
<arguments>
<arg>${output}</arg>
<arg>Engine</arg>
</arguments>
<msg timestamp="20160108 13:42:57.068" level="INFO">${version_r} =  5.1.14.25039 is running (PID:28741, Wrapper:STARTED, Java:STARTED)
CRCE is running.</msg>
<status status="PASS" endtime="20160108 13:42:57.067" starttime="20160108 13:42:57.063"></status>
</kw>
<kw type="kw" name="${version} = String.Fetch From Left">
<doc>Returns contents of the `string` before the first occurrence of `marker`.</doc>
<arguments>
<arg>${version_r}</arg>
<arg>is running</arg>
</arguments>
<msg timestamp="20160108 13:42:57.076" level="INFO">${version} =  5.1.14.25039 </msg>
<status status="PASS" endtime="20160108 13:42:57.075" starttime="20160108 13:42:57.071"></status>
</kw>
<kw type="kw" name="BuiltIn.Comment">
<doc>Displays the given messages in the log file as keyword arguments.</doc>
<arguments>
<arg>****** Log out ******</arg>
</arguments>
<status status="PASS" endtime="20160108 13:42:57.082" starttime="20160108 13:42:57.079"></status>
</kw>
<kw type="kw" name="ssh-support-resource.SSH Logout">
<doc>Closes the passed SSH connection</doc>
<arguments>
<arg>${ssh_connection}</arg>
</arguments>
<kw type="kw" name="SSHLibrary.Switch Connection">
<doc>Switches the active connection by index or alias.</doc>
<arguments>
<arg>${ssh_connection}</arg>
</arguments>
<status status="PASS" endtime="20160108 13:42:57.108" starttime="20160108 13:42:57.104"></status>
</kw>
<kw type="kw" name="SSHLibrary.Close Connection">
<doc>Closes the current connection.</doc>
<arguments>
</arguments>
<status status="PASS" endtime="20160108 13:42:57.114" starttime="20160108 13:42:57.111"></status>
</kw>
<status status="PASS" endtime="20160108 13:42:57.118" starttime="20160108 13:42:57.086"></status>
</kw>
<kw type="kw" name="${ver} = BuiltIn.Run Keyword If">
<doc>Runs the given keyword with the given arguments, if `condition` is true.</doc>
<arguments>
<arg>'${resultCode}'=='OK'</arg>
<arg>Set Variable</arg>
<arg>${version}</arg>
</arguments>
<kw type="kw" name="BuiltIn.Set Variable">
<doc>Returns the given values which can then be assigned to a variables.</doc>
<arguments>
<arg>${version}</arg>
</arguments>
<status status="PASS" endtime="20160108 13:42:57.133" starttime="20160108 13:42:57.129"></status>
</kw>
<msg timestamp="20160108 13:42:57.136" level="INFO">${ver} =  5.1.14.25039 </msg>
<status status="PASS" endtime="20160108 13:42:57.135" starttime="20160108 13:42:57.120"></status>
</kw>
<kw type="kw" name="BuiltIn.Comment">
<doc>Displays the given messages in the log file as keyword arguments.</doc>
<arguments>
<arg>...</arg>
<arg>ELSE</arg>
<arg>Set Variable</arg>
<arg>${EMPTY}</arg>
</arguments>
<status status="PASS" endtime="20160108 13:42:57.143" starttime="20160108 13:42:57.139"></status>
</kw>
<msg timestamp="20160108 13:42:57.148" level="INFO">${crce_rc} = OK</msg>
<msg timestamp="20160108 13:42:57.150" level="INFO">${crce_version} =  5.1.14.25039 </msg>
<status status="PASS" endtime="20160108 13:42:57.146" starttime="20160108 13:42:56.215"></status>
</kw>
<kw type="kw" name="${ocs_rc}, ${ocs_version} = suite-global-keyword-resource.Get OCS Vitality State">
<doc>Checks the state of the OCS service</doc>
<arguments>
<arg>${OCS HOST}</arg>
<arg>1111</arg>
<arg>${OCS USER}</arg>
<arg>${OCS PWD}</arg>
<arg>${EMPTY}</arg>
<arg>${OCS SERVICE NAME}</arg>
</arguments>
<kw type="kw" name="${ssh_connection} = ssh-support-resource.SSH Login">
<doc>Does a password or RSA key file based login at the passed SSH connection depending whether or not the passed password is .</doc>
<arguments>
<arg>${ssh_user}</arg>
<arg>${ssh_pswd}</arg>
<arg>${ssh_rsa_key_file}</arg>
<arg>host=${host}</arg>
</arguments>
<kw type="kw" name="SSHLibrary.Set Default Configuration">
<doc>Update the default `configuration`.</doc>
<arguments>
<arg>loglevel=INFO</arg>
</arguments>
<status status="PASS" endtime="20160108 13:42:57.233" starttime="20160108 13:42:57.231"></status>
</kw>
<kw type="kw" name="${ssh_connection} = BuiltIn.Run Keyword If">
<doc>Runs the given keyword with the given arguments, if `condition` is true.</doc>
<arguments>
<arg>'${ssh_connection}'=='${EMPTY}'</arg>
<arg>Open Connection</arg>
<arg>${host}</arg>
<arg>port=22</arg>
<arg>timeout=3</arg>
<arg>prompt=$</arg>
</arguments>
<kw type="kw" name="SSHLibrary.Open Connection">
<doc>Opens a new SSH connection to the given `host` and `port`.</doc>
<arguments>
<arg>${host}</arg>
<arg>port=22</arg>
<arg>timeout=3</arg>
<arg>prompt=$</arg>
</arguments>
<status status="PASS" endtime="20160108 13:42:57.281" starttime="20160108 13:42:57.239"></status>
</kw>
<msg timestamp="20160108 13:42:57.282" level="INFO">${ssh_connection} = 4</msg>
<status status="PASS" endtime="20160108 13:42:57.282" starttime="20160108 13:42:57.234"></status>
</kw>
<kw type="kw" name="BuiltIn.Run Keyword If">
<doc>Runs the given keyword with the given arguments, if `condition` is true.</doc>
<arguments>
<arg>'${pswd}'=='${EMPTY}'</arg>
<arg>Login With Public Key</arg>
<arg>${user}</arg>
<arg>${rsa_key_file}</arg>
<arg>ELSE</arg>
<arg>Login</arg>
<arg>${user}</arg>
<arg>${pswd}</arg>
</arguments>
<kw type="kw" name="SSHLibrary.Login">
<doc>Logs into the SSH server with the given `username` and `password`.</doc>
<arguments>
<arg>${user}</arg>
<arg>${pswd}</arg>
</arguments>
<msg timestamp="20160108 13:42:57.291" level="INFO">Logging into '10.105.170.159:22' as 'qa_automation'.</msg>
<msg timestamp="20160108 13:42:57.709" level="INFO">Read output: Last login: Fri Jan  8 12:24:58 2016 from 10.105.80.196
id: cannot find name for group ID 20007
[1m[qa_automation@ocs01.tb07 ~]$</msg>
<status status="PASS" endtime="20160108 13:42:57.710" starttime="20160108 13:42:57.289"></status>
</kw>
<status status="PASS" endtime="20160108 13:42:57.711" starttime="20160108 13:42:57.284"></status>
</kw>
<msg timestamp="20160108 13:42:57.714" level="INFO">${ssh_connection} = 4</msg>
<status status="PASS" endtime="20160108 13:42:57.713" starttime="20160108 13:42:57.221"></status>
</kw>
<kw type="kw" name="${resultCode} = BuiltIn.Run Keyword If">
<doc>Runs the given keyword with the given arguments, if `condition` is true.</doc>
<arguments>
<arg>'${ssh_connection}'==''</arg>
<arg>Set Variable</arg>
<arg>LOGIN_FAILED</arg>
</arguments>
<msg timestamp="20160108 13:42:57.721" level="INFO">${resultCode} = None</msg>
<status status="PASS" endtime="20160108 13:42:57.720" starttime="20160108 13:42:57.715"></status>
</kw>
<kw type="kw" name="${output} = SSHLibrary.Execute Command">
<doc>Executes `command` on the remote machine and returns its outputs.</doc>
<arguments>
<arg>sudo service ${service_name} status</arg>
</arguments>
<msg timestamp="20160108 13:42:57.724" level="INFO">Executing command 'sudo service inew-mvno-ocs status'.</msg>
<msg timestamp="20160108 13:42:57.779" level="INFO">Command exited with return code 0.</msg>
<msg timestamp="20160108 13:42:57.780" level="INFO">${output} = I-New MVNO GyApp - Diameter Gy Application 5.2.2.1858
GyApp is running (PID: 2020)</msg>
<status status="PASS" endtime="20160108 13:42:57.780" starttime="20160108 13:42:57.722"></status>
</kw>
<kw type="kw" name="${status}, ${rc} = BuiltIn.Run Keyword And Ignore Error">
<doc>Runs the given keyword with the given arguments and ignores possible error.</doc>
<arguments>
<arg>Should Contain</arg>
<arg>${output}</arg>
<arg>is running</arg>
<arg>msg=Service ${service_name} is not running!</arg>
</arguments>
<kw type="kw" name="BuiltIn.Should Contain">
<doc>Fails if `item1` does not contain `item2` one or more times.</doc>
<arguments>
<arg>${output}</arg>
<arg>is running</arg>
<arg>msg=Service ${service_name} is not running!</arg>
</arguments>
<status status="PASS" endtime="20160108 13:42:57.787" starttime="20160108 13:42:57.784"></status>
</kw>
<msg timestamp="20160108 13:42:57.788" level="INFO">${status} = PASS</msg>
<msg timestamp="20160108 13:42:57.789" level="INFO">${rc} = None</msg>
<status status="PASS" endtime="20160108 13:42:57.788" starttime="20160108 13:42:57.782"></status>
</kw>
<kw type="kw" name="${resultCode} = BuiltIn.Run Keyword If">
<doc>Runs the given keyword with the given arguments, if `condition` is true.</doc>
<arguments>
<arg>'${status}'=='PASS'</arg>
<arg>Set Variable</arg>
<arg>OK</arg>
<arg>ELSE</arg>
<arg>Set Variable</arg>
<arg>SERVICE_NOT_RUNNING</arg>
</arguments>
<kw type="kw" name="BuiltIn.Set Variable">
<doc>Returns the given values which can then be assigned to a variables.</doc>
<arguments>
<arg>OK</arg>
</arguments>
<status status="PASS" endtime="20160108 13:42:57.797" starttime="20160108 13:42:57.795"></status>
</kw>
<msg timestamp="20160108 13:42:57.798" level="INFO">${resultCode} = OK</msg>
<status status="PASS" endtime="20160108 13:42:57.797" starttime="20160108 13:42:57.790"></status>
</kw>
<kw type="kw" name="${version_r} = String.Fetch From Right">
<doc>Returns contents of the `string` after the last occurrence of `marker`.</doc>
<arguments>
<arg>${output}</arg>
<arg>Engine</arg>
</arguments>
<msg timestamp="20160108 13:42:57.802" level="INFO">${version_r} = I-New MVNO GyApp - Diameter Gy Application 5.2.2.1858
GyApp is running (PID: 2020)</msg>
<status status="PASS" endtime="20160108 13:42:57.801" starttime="20160108 13:42:57.799"></status>
</kw>
<kw type="kw" name="${version} = String.Fetch From Left">
<doc>Returns contents of the `string` before the first occurrence of `marker`.</doc>
<arguments>
<arg>${version_r}</arg>
<arg>is running</arg>
</arguments>
<msg timestamp="20160108 13:42:57.806" level="INFO">${version} = I-New MVNO GyApp - Diameter Gy Application 5.2.2.1858
GyApp </msg>
<status status="PASS" endtime="20160108 13:42:57.805" starttime="20160108 13:42:57.803"></status>
</kw>
<kw type="kw" name="BuiltIn.Comment">
<doc>Displays the given messages in the log file as keyword arguments.</doc>
<arguments>
<arg>****** Log out ******</arg>
</arguments>
<status status="PASS" endtime="20160108 13:42:57.808" starttime="20160108 13:42:57.807"></status>
</kw>
<kw type="kw" name="ssh-support-resource.SSH Logout">
<doc>Closes the passed SSH connection</doc>
<arguments>
<arg>${ssh_connection}</arg>
</arguments>
<kw type="kw" name="SSHLibrary.Switch Connection">
<doc>Switches the active connection by index or alias.</doc>
<arguments>
<arg>${ssh_connection}</arg>
</arguments>
<status status="PASS" endtime="20160108 13:42:57.820" starttime="20160108 13:42:57.818"></status>
</kw>
<kw type="kw" name="SSHLibrary.Close Connection">
<doc>Closes the current connection.</doc>
<arguments>
</arguments>
<status status="PASS" endtime="20160108 13:42:57.823" starttime="20160108 13:42:57.821"></status>
</kw>
<status status="PASS" endtime="20160108 13:42:57.825" starttime="20160108 13:42:57.810"></status>
</kw>
<kw type="kw" name="${ver} = BuiltIn.Run Keyword If">
<doc>Runs the given keyword with the given arguments, if `condition` is true.</doc>
<arguments>
<arg>'${resultCode}'=='OK'</arg>
<arg>Set Variable</arg>
<arg>${version}</arg>
</arguments>
<kw type="kw" name="BuiltIn.Set Variable">
<doc>Returns the given values which can then be assigned to a variables.</doc>
<arguments>
<arg>${version}</arg>
</arguments>
<status status="PASS" endtime="20160108 13:42:57.832" starttime="20160108 13:42:57.830"></status>
</kw>
<msg timestamp="20160108 13:42:57.833" level="INFO">${ver} = I-New MVNO GyApp - Diameter Gy Application 5.2.2.1858
GyApp </msg>
<status status="PASS" endtime="20160108 13:42:57.833" starttime="20160108 13:42:57.826"></status>
</kw>
<kw type="kw" name="BuiltIn.Comment">
<doc>Displays the given messages in the log file as keyword arguments.</doc>
<arguments>
<arg>...</arg>
<arg>ELSE</arg>
<arg>Set Variable</arg>
<arg>${EMPTY}</arg>
</arguments>
<status status="PASS" endtime="20160108 13:42:57.837" starttime="20160108 13:42:57.835"></status>
</kw>
<msg timestamp="20160108 13:42:57.839" level="INFO">${ocs_rc} = OK</msg>
<msg timestamp="20160108 13:42:57.840" level="INFO">${ocs_version} = I-New MVNO GyApp - Diameter Gy Application 5.2.2.1858
GyApp </msg>
<status status="PASS" endtime="20160108 13:42:57.838" starttime="20160108 13:42:57.181"></status>
</kw>
<kw type="kw" name="BuiltIn.Log">
<doc>Logs the given message with the given level.</doc>
<arguments>
<arg>IN state= ${in_rc} version=${in_version}</arg>
<arg>console=yes</arg>
</arguments>
<msg timestamp="20160108 13:42:57.843" level="INFO">IN state= OK version= 2.1.1 </msg>
<status status="PASS" endtime="20160108 13:42:57.844" starttime="20160108 13:42:57.841"></status>
</kw>
<kw type="kw" name="BuiltIn.Log">
<doc>Logs the given message with the given level.</doc>
<arguments>
<arg>XDR state= ${xdr_rc} version=${xdr_version}</arg>
<arg>console=yes</arg>
</arguments>
<msg timestamp="20160108 13:42:57.847" level="INFO">XDR state= OK version= 5.1.0.16360 </msg>
<status status="PASS" endtime="20160108 13:42:57.848" starttime="20160108 13:42:57.845"></status>
</kw>
<kw type="kw" name="BuiltIn.Log">
<doc>Logs the given message with the given level.</doc>
<arguments>
<arg>CRCE state= ${crce_rc} version=${crce_version}</arg>
<arg>console=yes</arg>
</arguments>
<msg timestamp="20160108 13:42:57.852" level="INFO">CRCE state= OK version= 5.1.14.25039 </msg>
<status status="PASS" endtime="20160108 13:42:57.853" starttime="20160108 13:42:57.849"></status>
</kw>
<kw type="kw" name="BuiltIn.Log">
<doc>Logs the given message with the given level.</doc>
<arguments>
<arg>OCS state= ${ocs_rc} version=${ocs_version}</arg>
<arg>console=yes</arg>
</arguments>
<msg timestamp="20160108 13:42:57.856" level="INFO">OCS state= OK version=I-New MVNO GyApp - Diameter Gy Application 5.2.2.1858
GyApp </msg>
<status status="PASS" endtime="20160108 13:42:57.857" starttime="20160108 13:42:57.854"></status>
</kw>
<kw type="kw" name="BuiltIn.Should Be Equal">
<doc>Fails if the given objects are unequal.</doc>
<arguments>
<arg>${in_rc}</arg>
<arg>OK</arg>
<arg>msg=IN</arg>
</arguments>
<msg timestamp="20160108 13:42:57.860" level="INFO">Argument types are:
&lt;type 'unicode'&gt;
&lt;type 'unicode'&gt;</msg>
<status status="PASS" endtime="20160108 13:42:57.861" starttime="20160108 13:42:57.858"></status>
</kw>
<kw type="kw" name="BuiltIn.Should Be Equal">
<doc>Fails if the given objects are unequal.</doc>
<arguments>
<arg>${xdr_rc}</arg>
<arg>OK</arg>
<arg>msg=XDR</arg>
</arguments>
<msg timestamp="20160108 13:42:57.864" level="INFO">Argument types are:
&lt;type 'unicode'&gt;
&lt;type 'unicode'&gt;</msg>
<status status="PASS" endtime="20160108 13:42:57.865" starttime="20160108 13:42:57.862"></status>
</kw>
<kw type="kw" name="BuiltIn.Should Be Equal">
<doc>Fails if the given objects are unequal.</doc>
<arguments>
<arg>${crce_rc}</arg>
<arg>OK</arg>
<arg>msg=CRCE</arg>
</arguments>
<msg timestamp="20160108 13:42:57.868" level="INFO">Argument types are:
&lt;type 'unicode'&gt;
&lt;type 'unicode'&gt;</msg>
<status status="PASS" endtime="20160108 13:42:57.869" starttime="20160108 13:42:57.866"></status>
</kw>
<kw type="kw" name="BuiltIn.Should Be Equal">
<doc>Fails if the given objects are unequal.</doc>
<arguments>
<arg>${ocs_rc}</arg>
<arg>OK</arg>
<arg>msg=OCS</arg>
</arguments>
<msg timestamp="20160108 13:42:57.872" level="INFO">Argument types are:
&lt;type 'unicode'&gt;
&lt;type 'unicode'&gt;</msg>
<status status="PASS" endtime="20160108 13:42:57.873" starttime="20160108 13:42:57.870"></status>
</kw>
<kw type="kw" name="${temp} = BuiltIn.Set Variable If">
<doc>Sets variable based on the given condition.</doc>
<arguments>
<arg>'${SUT PROJECT TAG PREFIX}'=='MTEL'</arg>
<arg>${ROBOT WORKSPACE PATH}/external_tests/experimental/matko.sanseovic/reroute_changes</arg>
<arg>'${SUT PROJECT TAG PREFIX}'!=''</arg>
<arg>${CG UNIFIED WS PATH}</arg>
</arguments>
<kw type="kw" name="BuiltIn.Set Variable If">
<doc>Sets variable based on the given condition.</doc>
<arguments>
<arg>'${SUT PROJECT TAG PREFIX}'!=''</arg>
<arg>${CG UNIFIED WS PATH}</arg>
</arguments>
<status status="PASS" endtime="20160108 13:42:57.883" starttime="20160108 13:42:57.879"></status>
</kw>
<msg timestamp="20160108 13:42:57.884" level="INFO">${temp} = /opt/robot/robotworkspace/external_tests/CG_unified_workspace</msg>
<status status="PASS" endtime="20160108 13:42:57.884" starttime="20160108 13:42:57.874"></status>
</kw>
<kw type="kw" name="BuiltIn.Set Global Variable">
<doc>Makes a variable available globally in all tests and suites.</doc>
<arguments>
<arg>${CG UNIFIED WS PATH}</arg>
<arg>${temp}</arg>
</arguments>
<msg timestamp="20160108 13:42:57.888" level="INFO">${CG UNIFIED WS PATH} = /opt/robot/robotworkspace/external_tests/CG_unified_workspace</msg>
<status status="PASS" endtime="20160108 13:42:57.889" starttime="20160108 13:42:57.886"></status>
</kw>
<status status="PASS" endtime="20160108 13:42:57.890" starttime="20160108 13:42:53.953"></status>
</kw>
<test id="s1-t1" name="Start logging">
<kw type="kw" name="${ssh_connection_crce} = ssh-support-resource.SSH Login And Start File Monitor">
<doc>Combines 'SSH Login' and 'SSH Start File Monitor' for compacter coding style</doc>
<arguments>
<arg>${CRCE USER}</arg>
<arg>${CRCE PWD}</arg>
<arg>${EMPTY}</arg>
<arg>${CRCE LOG FILE PATH}</arg>
<arg>host=${CRCE HOST}</arg>
</arguments>
<kw type="kw" name="${ssh_connection} = ssh-support-resource.SSH Login">
<doc>Does a password or RSA key file based login at the passed SSH connection depending whether or not the passed password is .</doc>
<arguments>
<arg>${user}</arg>
<arg>${pswd}</arg>
<arg>${rsa_key_file}</arg>
<arg>ssh_connection=${ssh_connection}</arg>
<arg>host=${host}</arg>
</arguments>
<kw type="kw" name="SSHLibrary.Set Default Configuration">
<doc>Update the default `configuration`.</doc>
<arguments>
<arg>loglevel=INFO</arg>
</arguments>
<status status="PASS" endtime="20160108 13:42:57.936" starttime="20160108 13:42:57.934"></status>
</kw>
<kw type="kw" name="${ssh_connection} = BuiltIn.Run Keyword If">
<doc>Runs the given keyword with the given arguments, if `condition` is true.</doc>
<arguments>
<arg>'${ssh_connection}'=='${EMPTY}'</arg>
<arg>Open Connection</arg>
<arg>${host}</arg>
<arg>port=22</arg>
<arg>timeout=3</arg>
<arg>prompt=$</arg>
</arguments>
<kw type="kw" name="SSHLibrary.Open Connection">
<doc>Opens a new SSH connection to the given `host` and `port`.</doc>
<arguments>
<arg>${host}</arg>
<arg>port=22</arg>
<arg>timeout=3</arg>
<arg>prompt=$</arg>
</arguments>
<status status="PASS" endtime="20160108 13:42:57.996" starttime="20160108 13:42:57.942"></status>
</kw>
<msg timestamp="20160108 13:42:58.000" level="INFO">${ssh_connection} = 5</msg>
<status status="PASS" endtime="20160108 13:42:57.999" starttime="20160108 13:42:57.937"></status>
</kw>
<kw type="kw" name="BuiltIn.Run Keyword If">
<doc>Runs the given keyword with the given arguments, if `condition` is true.</doc>
<arguments>
<arg>'${pswd}'=='${EMPTY}'</arg>
<arg>Login With Public Key</arg>
<arg>${user}</arg>
<arg>${rsa_key_file}</arg>
<arg>ELSE</arg>
<arg>Login</arg>
<arg>${user}</arg>
<arg>${pswd}</arg>
</arguments>
<kw type="kw" name="SSHLibrary.Login">
<doc>Logs into the SSH server with the given `username` and `password`.</doc>
<arguments>
<arg>${user}</arg>
<arg>${pswd}</arg>
</arguments>
<msg timestamp="20160108 13:42:58.019" level="INFO">Logging into '10.105.170.125:22' as 'qa_automation'.</msg>
<msg timestamp="20160108 13:42:58.397" level="INFO">Read output: Last login: Fri Jan  8 12:42:56 2016 from 10.105.80.196
id: cannot find name for group ID 20007
[1m[qa_automation@crce01.tb07 ~]$</msg>
<status status="PASS" endtime="20160108 13:42:58.399" starttime="20160108 13:42:58.015"></status>
</kw>
<status status="PASS" endtime="20160108 13:42:58.400" starttime="20160108 13:42:58.003"></status>
</kw>
<msg timestamp="20160108 13:42:58.403" level="INFO">${ssh_connection} = 5</msg>
<status status="PASS" endtime="20160108 13:42:58.402" starttime="20160108 13:42:57.925"></status>
</kw>
<kw type="kw" name="ssh-support-resource.SSH Start File Monitor">
<doc>Executes a 'tail -0f' for the passed file on the passed SSH connection</doc>
<arguments>
<arg>${ssh_connection}</arg>
<arg>${monitored_file_path}</arg>
</arguments>
<kw type="kw" name="SSHLibrary.Switch Connection">
<doc>Switches the active connection by index or alias.</doc>
<arguments>
<arg>${ssh_connection}</arg>
</arguments>
<status status="PASS" endtime="20160108 13:42:58.414" starttime="20160108 13:42:58.412"></status>
</kw>
<kw type="kw" name="SSHLibrary.Start Command">
<doc>Starts execution of the `command` on the remote machine and returns immediately.</doc>
<arguments>
<arg>tail -0f ${monitored_file_path} &gt; tmpfilemonitor${ssh_connection}.log</arg>
</arguments>
<msg timestamp="20160108 13:42:58.417" level="INFO">Starting command 'tail -0f /var/log/inew/crce/5.1.14/negret-0.log &gt; tmpfilemonitor5.log'.</msg>
<status status="PASS" endtime="20160108 13:42:58.421" starttime="20160108 13:42:58.415"></status>
</kw>
<status status="PASS" endtime="20160108 13:42:58.422" starttime="20160108 13:42:58.405"></status>
</kw>
<msg timestamp="20160108 13:42:58.424" level="INFO">${ssh_connection_crce} = 5</msg>
<status status="PASS" endtime="20160108 13:42:58.423" starttime="20160108 13:42:57.913"></status>
</kw>
<kw type="kw" name="${ssh_connection_in} = ssh-support-resource.SSH Login And Start File Monitor">
<doc>Combines 'SSH Login' and 'SSH Start File Monitor' for compacter coding style</doc>
<arguments>
<arg>${IN-APP USER}</arg>
<arg>${IN-APP PWD}</arg>
<arg>${EMPTY}</arg>
<arg>${IN-APP MOC LOG FILE PATH}</arg>
<arg>host=${IN-APP HOST}</arg>
</arguments>
<kw type="kw" name="${ssh_connection} = ssh-support-resource.SSH Login">
<doc>Does a password or RSA key file based login at the passed SSH connection depending whether or not the passed password is .</doc>
<arguments>
<arg>${user}</arg>
<arg>${pswd}</arg>
<arg>${rsa_key_file}</arg>
<arg>ssh_connection=${ssh_connection}</arg>
<arg>host=${host}</arg>
</arguments>
<kw type="kw" name="SSHLibrary.Set Default Configuration">
<doc>Update the default `configuration`.</doc>
<arguments>
<arg>loglevel=INFO</arg>
</arguments>
<status status="PASS" endtime="20160108 13:42:58.457" starttime="20160108 13:42:58.456"></status>
</kw>
<kw type="kw" name="${ssh_connection} = BuiltIn.Run Keyword If">
<doc>Runs the given keyword with the given arguments, if `condition` is true.</doc>
<arguments>
<arg>'${ssh_connection}'=='${EMPTY}'</arg>
<arg>Open Connection</arg>
<arg>${host}</arg>
<arg>port=22</arg>
<arg>timeout=3</arg>
<arg>prompt=$</arg>
</arguments>
<kw type="kw" name="SSHLibrary.Open Connection">
<doc>Opens a new SSH connection to the given `host` and `port`.</doc>
<arguments>
<arg>${host}</arg>
<arg>port=22</arg>
<arg>timeout=3</arg>
<arg>prompt=$</arg>
</arguments>
<status status="PASS" endtime="20160108 13:42:58.519" starttime="20160108 13:42:58.465"></status>
</kw>
<msg timestamp="20160108 13:42:58.523" level="INFO">${ssh_connection} = 6</msg>
<status status="PASS" endtime="20160108 13:42:58.521" starttime="20160108 13:42:58.458"></status>
</kw>
<kw type="kw" name="BuiltIn.Run Keyword If">
<doc>Runs the given keyword with the given arguments, if `condition` is true.</doc>
<arguments>
<arg>'${pswd}'=='${EMPTY}'</arg>
<arg>Login With Public Key</arg>
<arg>${user}</arg>
<arg>${rsa_key_file}</arg>
<arg>ELSE</arg>
<arg>Login</arg>
<arg>${user}</arg>
<arg>${pswd}</arg>
</arguments>
<kw type="kw" name="SSHLibrary.Login">
<doc>Logs into the SSH server with the given `username` and `password`.</doc>
<arguments>
<arg>${user}</arg>
<arg>${pswd}</arg>
</arguments>
<msg timestamp="20160108 13:42:58.541" level="INFO">Logging into '10.105.170.135:22' as 'qa_automation'.</msg>
<msg timestamp="20160108 13:42:58.949" level="INFO">Read output: Last login: Fri Jan  8 12:42:54 2016 from 10.105.80.196
id: cannot find name for group ID 20007
[1m[qa_automation@in-app.tb07 ~]$</msg>
<status status="PASS" endtime="20160108 13:42:58.951" starttime="20160108 13:42:58.536"></status>
</kw>
<status status="PASS" endtime="20160108 13:42:58.952" starttime="20160108 13:42:58.525"></status>
</kw>
<msg timestamp="20160108 13:42:58.954" level="INFO">${ssh_connection} = 6</msg>
<status status="PASS" endtime="20160108 13:42:58.954" starttime="20160108 13:42:58.447"></status>
</kw>
<kw type="kw" name="ssh-support-resource.SSH Start File Monitor">
<doc>Executes a 'tail -0f' for the passed file on the passed SSH connection</doc>
<arguments>
<arg>${ssh_connection}</arg>
<arg>${monitored_file_path}</arg>
</arguments>
<kw type="kw" name="SSHLibrary.Switch Connection">
<doc>Switches the active connection by index or alias.</doc>
<arguments>
<arg>${ssh_connection}</arg>
</arguments>
<status status="PASS" endtime="20160108 13:42:58.965" starttime="20160108 13:42:58.963"></status>
</kw>
<kw type="kw" name="SSHLibrary.Start Command">
<doc>Starts execution of the `command` on the remote machine and returns immediately.</doc>
<arguments>
<arg>tail -0f ${monitored_file_path} &gt; tmpfilemonitor${ssh_connection}.log</arg>
</arguments>
<msg timestamp="20160108 13:42:58.968" level="INFO">Starting command 'tail -0f /var/log/inew/core-in-service/2.1.1/moc/inew-in.log &gt; tmpfilemonitor6.log'.</msg>
<status status="PASS" endtime="20160108 13:42:58.971" starttime="20160108 13:42:58.966"></status>
</kw>
<status status="PASS" endtime="20160108 13:42:58.972" starttime="20160108 13:42:58.956"></status>
</kw>
<msg timestamp="20160108 13:42:58.974" level="INFO">${ssh_connection_in} = 6</msg>
<status status="PASS" endtime="20160108 13:42:58.973" starttime="20160108 13:42:58.437"></status>
</kw>
<kw type="kw" name="BuiltIn.Set Suite Variable">
<doc>Makes a variable available everywhere within the scope of the current suite.</doc>
<arguments>
<arg>${ssh_connection_crce}</arg>
</arguments>
<msg timestamp="20160108 13:42:58.977" level="INFO">${ssh_connection_crce} = 5</msg>
<status status="PASS" endtime="20160108 13:42:58.977" starttime="20160108 13:42:58.975"></status>
</kw>
<kw type="kw" name="BuiltIn.Set Suite Variable">
<doc>Makes a variable available everywhere within the scope of the current suite.</doc>
<arguments>
<arg>${ssh_connection_in}</arg>
</arguments>
<msg timestamp="20160108 13:42:58.980" level="INFO">${ssh_connection_in} = 6</msg>
<status status="PASS" endtime="20160108 13:42:58.981" starttime="20160108 13:42:58.978"></status>
</kw>
<doc>Test case starts the logging on IN and CRCE

Arguments:

=================================================================================</doc>
<tags>
<tag>matko.sanseovic</tag>
</tags>
<status status="PASS" critical="yes" endtime="20160108 13:42:58.982" starttime="20160108 13:42:57.891"></status>
</test>
<test id="s1-t2" name="Run MOC Short Call">
<kw type="kw" name="BuiltIn.Comment">
<doc>Displays the given messages in the log file as keyword arguments.</doc>
<arguments>
<arg>******* Create test subscribers *******</arg>
</arguments>
<status status="PASS" endtime="20160108 13:42:58.993" starttime="20160108 13:42:58.992"></status>
</kw>
<kw type="kw" name="${INITIAL_BALANCE} = BuiltIn.Set Variable">
<doc>Returns the given values which can then be assigned to a variables.</doc>
<arguments>
<arg>10000000</arg>
</arguments>
<msg timestamp="20160108 13:42:58.996" level="INFO">${INITIAL_BALANCE} = 10000000</msg>
<status status="PASS" endtime="20160108 13:42:58.995" starttime="20160108 13:42:58.994"></status>
</kw>
<kw type="kw" name="${return_code} = subscriber-admin-support-resource.CRCE Create Test Subscribers">
<doc>Provisions one or multiple test subscribers on CRCE only.</doc>
<arguments>
<arg>${CRCE01 HOST}</arg>
<arg>${CRCE01 WEBSERVICES PORT}</arg>
<arg>${CRCE01 WEBSERVICES BASE PATH}</arg>
<arg>1</arg>
<arg>${TESTSUBCRIBERS IMSI RANGE START}</arg>
<arg>${TESTSUBCRIBERS MSISDN RANGE START}</arg>
<arg>PREPAID</arg>
<arg>${TESTSUBCRIBERS DEFAULT LANGUAGEID}</arg>
<arg>${TESTSUBCRIBERS DEFAULT TARIFFID}</arg>
<arg>${INITIAL_BALANCE}</arg>
</arguments>
<kw type="kw" name="BuiltIn.Log">
<doc>Logs the given message with the given level.</doc>
<arguments>
<arg>msg=crce_host=${crce_host}</arg>
</arguments>
<msg timestamp="20160108 13:42:59.011" level="INFO">msg=crce_host=10.105.170.125</msg>
<status status="PASS" endtime="20160108 13:42:59.011" starttime="20160108 13:42:59.009"></status>
</kw>
<kw type="kw" name="BuiltIn.Log">
<doc>Logs the given message with the given level.</doc>
<arguments>
<arg>msg=crce_port=${crce_port}</arg>
</arguments>
<msg timestamp="20160108 13:42:59.014" level="INFO">msg=crce_port=8080</msg>
<status status="PASS" endtime="20160108 13:42:59.014" starttime="20160108 13:42:59.012"></status>
</kw>
<kw type="kw" name="BuiltIn.Log">
<doc>Logs the given message with the given level.</doc>
<arguments>
<arg>msg=crce_webservicesBasePath=${crce_webservicesBasePath}</arg>
</arguments>
<msg timestamp="20160108 13:42:59.017" level="INFO">msg=crce_webservicesBasePath=/inew-mvno-crce-webservices/</msg>
<status status="PASS" endtime="20160108 13:42:59.017" starttime="20160108 13:42:59.015"></status>
</kw>
<kw type="kw" name="BuiltIn.Log">
<doc>Logs the given message with the given level.</doc>
<arguments>
<arg>msg=amount=${amount}</arg>
</arguments>
<msg timestamp="20160108 13:42:59.020" level="INFO">msg=amount=1</msg>
<status status="PASS" endtime="20160108 13:42:59.020" starttime="20160108 13:42:59.018"></status>
</kw>
<kw type="kw" name="BuiltIn.Log">
<doc>Logs the given message with the given level.</doc>
<arguments>
<arg>msg=imsiRangeStart=${imsiRangeStart}</arg>
</arguments>
<msg timestamp="20160108 13:42:59.023" level="INFO">msg=imsiRangeStart=732123710001000</msg>
<status status="PASS" endtime="20160108 13:42:59.024" starttime="20160108 13:42:59.021"></status>
</kw>
<kw type="kw" name="BuiltIn.Log">
<doc>Logs the given message with the given level.</doc>
<arguments>
<arg>msg=msisdnRangeStart=${msisdnRangeStart}</arg>
</arguments>
<msg timestamp="20160108 13:42:59.026" level="INFO">msg=msisdnRangeStart=573190001000</msg>
<status status="PASS" endtime="20160108 13:42:59.027" starttime="20160108 13:42:59.024"></status>
</kw>
<kw type="kw" name="BuiltIn.Log">
<doc>Logs the given message with the given level.</doc>
<arguments>
<arg>msg=type=${type}</arg>
</arguments>
<msg timestamp="20160108 13:42:59.029" level="INFO">msg=type=PREPAID</msg>
<status status="PASS" endtime="20160108 13:42:59.030" starttime="20160108 13:42:59.028"></status>
</kw>
<kw type="kw" name="BuiltIn.Log">
<doc>Logs the given message with the given level.</doc>
<arguments>
<arg>msg=languageid=${languageid}</arg>
</arguments>
<msg timestamp="20160108 13:42:59.032" level="INFO">msg=languageid=1</msg>
<status status="PASS" endtime="20160108 13:42:59.033" starttime="20160108 13:42:59.031"></status>
</kw>
<kw type="kw" name="BuiltIn.Log">
<doc>Logs the given message with the given level.</doc>
<arguments>
<arg>msg=tariffId=${tariffId}</arg>
</arguments>
<msg timestamp="20160108 13:42:59.035" level="INFO">msg=tariffId=101002</msg>
<status status="PASS" endtime="20160108 13:42:59.036" starttime="20160108 13:42:59.034"></status>
</kw>
<kw type="kw" name="BuiltIn.Log">
<doc>Logs the given message with the given level.</doc>
<arguments>
<arg>msg=balance=${balance}</arg>
</arguments>
<msg timestamp="20160108 13:42:59.038" level="INFO">msg=balance=10000000</msg>
<status status="PASS" endtime="20160108 13:42:59.039" starttime="20160108 13:42:59.037"></status>
</kw>
<kw type="kw" name="subscriber-admin-support-resource.CRCE Setup SoapUI Logs">
<doc>This is a PRIVATE helper function to setup the SoapUI's basic log files since for unknown reasons SoapUI sometimes doesn't newly create them</doc>
<arguments>
</arguments>
<kw type="kw" name="BuiltIn.Run Keyword And Ignore Error">
<doc>Runs the given keyword with the given arguments and ignores possible error.</doc>
<arguments>
<arg>Create File</arg>
<arg>${SOAPUI GROOVY LOG}</arg>
</arguments>
<kw type="kw" name="OperatingSystem.Create File">
<doc>Creates a file with the given content and encoding.</doc>
<arguments>
<arg>${SOAPUI GROOVY LOG}</arg>
</arguments>
<msg timestamp="20160108 13:42:59.051" html="yes" level="INFO">Created file '&lt;a href="file:///opt/robot/robotworkspace/robot_testsuites/basic/PrePaid/global-groovy.log"&gt;/opt/robot/robotworkspace/robot_testsuites/basic/PrePaid/global-groovy.log&lt;/a&gt;'</msg>
<status status="PASS" endtime="20160108 13:42:59.052" starttime="20160108 13:42:59.048"></status>
</kw>
<status status="PASS" endtime="20160108 13:42:59.053" starttime="20160108 13:42:59.046"></status>
</kw>
<kw type="kw" name="BuiltIn.Run Keyword And Ignore Error">
<doc>Runs the given keyword with the given arguments and ignores possible error.</doc>
<arguments>
<arg>Create File</arg>
<arg>${SOAPUI LOG}</arg>
</arguments>
<kw type="kw" name="OperatingSystem.Create File">
<doc>Creates a file with the given content and encoding.</doc>
<arguments>
<arg>${SOAPUI LOG}</arg>
</arguments>
<msg timestamp="20160108 13:42:59.057" html="yes" level="INFO">Created file '&lt;a href="file:///opt/robot/robotworkspace/robot_testsuites/basic/PrePaid/soapui.log"&gt;/opt/robot/robotworkspace/robot_testsuites/basic/PrePaid/soapui.log&lt;/a&gt;'</msg>
<status status="PASS" endtime="20160108 13:42:59.058" starttime="20160108 13:42:59.055"></status>
</kw>
<status status="PASS" endtime="20160108 13:42:59.059" starttime="20160108 13:42:59.053"></status>
</kw>
<kw type="kw" name="BuiltIn.Run Keyword And Ignore Error">
<doc>Runs the given keyword with the given arguments and ignores possible error.</doc>
<arguments>
<arg>Create File</arg>
<arg>${SOAPUI ERROR LOG}</arg>
</arguments>
<kw type="kw" name="OperatingSystem.Create File">
<doc>Creates a file with the given content and encoding.</doc>
<arguments>
<arg>${SOAPUI ERROR LOG}</arg>
</arguments>
<msg timestamp="20160108 13:42:59.063" html="yes" level="INFO">Created file '&lt;a href="file:///opt/robot/robotworkspace/robot_testsuites/basic/PrePaid/soapui-errors.log"&gt;/opt/robot/robotworkspace/robot_testsuites/basic/PrePaid/soapui-errors.log&lt;/a&gt;'</msg>
<status status="PASS" endtime="20160108 13:42:59.064" starttime="20160108 13:42:59.061"></status>
</kw>
<status status="PASS" endtime="20160108 13:42:59.065" starttime="20160108 13:42:59.060"></status>
</kw>
<status status="PASS" endtime="20160108 13:42:59.066" starttime="20160108 13:42:59.041"></status>
</kw>
<kw type="kw" name="InewSoapUILibrary.Soapui Project">
<doc>Initialize the runner and set the project string </doc>
<arguments>
<arg>${ROBOT WORKSPACE PATH}/${SOAPUI PROJECTS WORKSPACE RELATIVE PATH}</arg>
</arguments>
<msg timestamp="20160108 13:42:59.070" level="INFO">SoapUI 5.1.3 TestCase Runner</msg>
<status status="PASS" endtime="20160108 13:42:59.070" starttime="20160108 13:42:59.067"></status>
</kw>
<kw type="kw" name="InewSoapUILibrary.Soapui Set Project Property">
<doc>Sets project properties for the current test run.</doc>
<arguments>
<arg>crceHost=${crce_host}</arg>
</arguments>
<status status="PASS" endtime="20160108 13:42:59.073" starttime="20160108 13:42:59.071"></status>
</kw>
<kw type="kw" name="InewSoapUILibrary.Soapui Set Project Property">
<doc>Sets project properties for the current test run.</doc>
<arguments>
<arg>crcePort=${crce_port}</arg>
</arguments>
<status status="PASS" endtime="20160108 13:42:59.076" starttime="20160108 13:42:59.074"></status>
</kw>
<kw type="kw" name="InewSoapUILibrary.Soapui Set Project Property">
<doc>Sets project properties for the current test run.</doc>
<arguments>
<arg>crceWebservicesBasePath=${crce_webservicesBasePath}</arg>
</arguments>
<status status="PASS" endtime="20160108 13:42:59.078" starttime="20160108 13:42:59.077"></status>
</kw>
<kw type="kw" name="InewSoapUILibrary.Soapui Suite">
<doc>Set the suite string </doc>
<arguments>
<arg>HighLevelOps</arg>
</arguments>
<status status="PASS" endtime="20160108 13:42:59.081" starttime="20160108 13:42:59.079"></status>
</kw>
<kw type="kw" name="InewSoapUILibrary.Soapui Case">
<doc>Set the test case string </doc>
<arguments>
<arg>createTestSubscribers</arg>
</arguments>
<status status="PASS" endtime="20160108 13:42:59.083" starttime="20160108 13:42:59.082"></status>
</kw>
<kw type="kw" name="InewSoapUILibrary.Soapui Set Project Property">
<doc>Sets project properties for the current test run.</doc>
<arguments>
<arg>HighLevelOps.createTestSubscribers.input.amount=${amount}</arg>
</arguments>
<status status="PASS" endtime="20160108 13:42:59.086" starttime="20160108 13:42:59.084"></status>
</kw>
<kw type="kw" name="InewSoapUILibrary.Soapui Set Project Property">
<doc>Sets project properties for the current test run.</doc>
<arguments>
<arg>HighLevelOps.createTestSubscribers.input.imsiRangeStart=${imsiRangeStart}</arg>
</arguments>
<status status="PASS" endtime="20160108 13:42:59.089" starttime="20160108 13:42:59.087"></status>
</kw>
<kw type="kw" name="InewSoapUILibrary.Soapui Set Project Property">
<doc>Sets project properties for the current test run.</doc>
<arguments>
<arg>HighLevelOps.createTestSubscribers.input.msisdnRangeStart=${msisdnRangeStart}</arg>
</arguments>
<status status="PASS" endtime="20160108 13:42:59.091" starttime="20160108 13:42:59.090"></status>
</kw>
<kw type="kw" name="InewSoapUILibrary.Soapui Set Project Property">
<doc>Sets project properties for the current test run.</doc>
<arguments>
<arg>HighLevelOps.createTestSubscribers.input.type=${type}</arg>
</arguments>
<status status="PASS" endtime="20160108 13:42:59.094" starttime="20160108 13:42:59.092"></status>
</kw>
<kw type="kw" name="InewSoapUILibrary.Soapui Set Project Property">
<doc>Sets project properties for the current test run.</doc>
<arguments>
<arg>HighLevelOps.createTestSubscribers.input.languageid=${languageid}</arg>
</arguments>
<status status="PASS" endtime="20160108 13:42:59.097" starttime="20160108 13:42:59.095"></status>
</kw>
<kw type="kw" name="InewSoapUILibrary.Soapui Set Project Property">
<doc>Sets project properties for the current test run.</doc>
<arguments>
<arg>HighLevelOps.createTestSubscribers.input.tariffId=${tariffId}</arg>
</arguments>
<status status="PASS" endtime="20160108 13:42:59.100" starttime="20160108 13:42:59.098"></status>
</kw>
<kw type="kw" name="InewSoapUILibrary.Soapui Set Project Property">
<doc>Sets project properties for the current test run.</doc>
<arguments>
<arg>HighLevelOps.createTestSubscribers.input.balance=${balance}</arg>
</arguments>
<status status="PASS" endtime="20160108 13:42:59.102" starttime="20160108 13:42:59.100"></status>
</kw>
<kw type="kw" name="${execution_status}, ${return_value_dummy} = BuiltIn.Run Keyword And Ignore Error">
<doc>Runs the given keyword with the given arguments and ignores possible error.</doc>
<arguments>
<arg>SoapUI Run</arg>
</arguments>
<kw type="kw" name="InewSoapUILibrary.Soapui Run">
<doc>Run the runner and report to Robot </doc>
<arguments>
</arguments>
<msg timestamp="20160108 13:42:59.106" level="INFO">Running with the following project properties set: [u'crceHost=10.105.170.125', u'crcePort=8080', u'crceWebservicesBasePath=/inew-mvno-crce-webservices/', u'HighLevelOps.createTestSubscribers.input.amount=1', u'HighLevelOps.createTestSubscribers.input.imsiRangeStart=732123710001000', u'HighLevelOps.createTestSubscribers.input.msisdnRangeStart=573190001000', u'HighLevelOps.createTestSubscribers.input.type=PREPAID', u'HighLevelOps.createTestSubscribers.input.languageid=1', u'HighLevelOps.createTestSubscribers.input.tariffId=101002', u'HighLevelOps.createTestSubscribers.input.balance=10000000']</msg>
<msg timestamp="20160108 13:43:04.418" level="INFO">13:42:59,275 WARN  [SoapUI] Missing folder [/opt/robot/robotworkspace/robot_testsuites/basic/PrePaid/ext] for external libraries
13:42:59,275 INFO  [DefaultSoapUICore] Creating new settings at [/root/soapui-settings.xml]
13:43:01,150 INFO  [WsdlProject] Loaded project from [file:/opt/robot/robotworkspace/libs/global-keyword-resources/crce-subscriberadmin/robot_crce_bridge-soapui-project.xml]
13:43:01,164 INFO  [SoapUITestCaseRunner] Setting project property [crceHost] to [10.105.170.125]
13:43:01,164 INFO  [SoapUITestCaseRunner] Setting project property [crcePort] to [8080]
13:43:01,164 INFO  [SoapUITestCaseRunner] Setting project property [crceWebservicesBasePath] to [/inew-mvno-crce-webservices/]
13:43:01,164 INFO  [SoapUITestCaseRunner] Setting project property [HighLevelOps.createTestSubscribers.input.amount] to [1]
13:43:01,164 INFO  [SoapUITestCaseRunner] Setting project property [HighLevelOps.createTestSubscribers.input.imsiRangeStart] to [732123710001000]
13:43:01,165 INFO  [SoapUITestCaseRunner] Setting project property [HighLevelOps.createTestSubscribers.input.msisdnRangeStart] to [573190001000]
13:43:01,165 INFO  [SoapUITestCaseRunner] Setting project property [HighLevelOps.createTestSubscribers.input.type] to [PREPAID]
13:43:01,165 INFO  [SoapUITestCaseRunner] Setting project property [HighLevelOps.createTestSubscribers.input.languageid] to [1]
13:43:01,165 INFO  [SoapUITestCaseRunner] Setting project property [HighLevelOps.createTestSubscribers.input.tariffId] to [101002]
13:43:01,165 INFO  [SoapUITestCaseRunner] Setting project property [HighLevelOps.createTestSubscribers.input.balance] to [10000000]
13:43:01,165 INFO  [SoapUITestCaseRunner] Running SoapUI tests in project [Robotframework_CRCE-Bridge]
13:43:01,166 INFO  [SoapUITestCaseRunner] Running TestCase [createTestSubscribers]
13:43:01,174 INFO  [SoapUITestCaseRunner] Running SoapUI testcase [createTestSubscribers]
13:43:01,180 INFO  [SoapUITestCaseRunner] running step [init_repeat_counter]
13:43:01,636 INFO  [SoapUITestCaseRunner] running step [01_init_next_subscriber]
13:43:01,695 INFO  [SoapUITestCaseRunner] running step [getSubscriberProfileByImsi]
13:43:01,840 DEBUG [HttpClientSupport$SoapUIHttpClient] Attempt 1 to execute request
13:43:01,840 DEBUG [SoapUIMultiThreadedHttpConnectionManager$SoapUIDefaultClientConnection] Sending request: POST /inew-mvno-crce-webservices/profiler/subscriber HTTP/1.1
13:43:01,859 DEBUG [SoapUIMultiThreadedHttpConnectionManager$SoapUIDefaultClientConnection] Receiving response: HTTP/1.1 200 OK
13:43:01,862 DEBUG [HttpClientSupport$SoapUIHttpClient] Connection can be kept alive indefinitely
13:43:01,944 INFO  [SoapUITestCaseRunner] Assertion [SOAP Response] has status VALID
13:43:01,944 INFO  [SoapUITestCaseRunner] Assertion [Schema Compliance] has status UNKNOWN
13:43:01,945 INFO  [SoapUITestCaseRunner] Assertion [Not SOAP Fault] has status VALID
13:43:01,945 INFO  [SoapUITestCaseRunner] running step [cancel_on_SOAP_error]
13:43:02,005 INFO  [SoapUITestCaseRunner] running step [transfer_response_values]
13:43:02,266 INFO  [SoapUITestCaseRunner] running step [cancel_on_CRCE_error_OR_skip_delete_on_UnknownSubscriber]
13:43:02,292 INFO  [SoapUITestCaseRunner] running step [deleteSubscriber]
13:43:02,293 DEBUG [HttpClientSupport$SoapUIHttpClient] Stale connection check
13:43:02,295 DEBUG [HttpClientSupport$SoapUIHttpClient] Attempt 1 to execute request
13:43:02,295 DEBUG [SoapUIMultiThreadedHttpConnectionManager$SoapUIDefaultClientConnection] Sending request: POST /inew-mvno-crce-webservices/profiler/provisioning HTTP/1.1
13:43:02,919 DEBUG [SoapUIMultiThreadedHttpConnectionManager$SoapUIDefaultClientConnection] Receiving response: HTTP/1.1 200 OK
13:43:02,919 DEBUG [HttpClientSupport$SoapUIHttpClient] Connection can be kept alive indefinitely
13:43:02,923 INFO  [SoapUITestCaseRunner] Assertion [SOAP Response] has status VALID
13:43:02,923 INFO  [SoapUITestCaseRunner] Assertion [Schema Compliance] has status UNKNOWN
13:43:02,923 INFO  [SoapUITestCaseRunner] Assertion [Not SOAP Fault] has status VALID
13:43:02,923 INFO  [SoapUITestCaseRunner] running step [2nd_cancel_on_SOAP_error]
13:43:02,955 INFO  [SoapUITestCaseRunner] running step [2nd_transfer_response_values]
13:43:02,958 INFO  [SoapUITestCaseRunner] running step [cancel_on_deletion_error]
13:43:02,980 INFO  [SoapUITestCaseRunner] running step [02_createSubscriber]
13:43:02,981 DEBUG [HttpClientSupport$SoapUIHttpClient] Stale connection check
13:43:02,983 DEBUG [HttpClientSupport$SoapUIHttpClient] Attempt 1 to execute request
13:43:02,983 DEBUG [SoapUIMultiThreadedHttpConnectionManager$SoapUIDefaultClientConnection] Sending request: POST /inew-mvno-crce-webservices/profiler/provisioning HTTP/1.1
13:43:02,996 DEBUG [SoapUIMultiThreadedHttpConnectionManager$SoapUIDefaultClientConnection] Receiving response: HTTP/1.1 200 OK
13:43:02,997 DEBUG [HttpClientSupport$SoapUIHttpClient] Connection can be kept alive indefinitely
13:43:02,999 INFO  [SoapUITestCaseRunner] Assertion [SOAP Response] has status VALID
13:43:02,999 INFO  [SoapUITestCaseRunner] Assertion [Schema Compliance] has status UNKNOWN
13:43:02,999 INFO  [SoapUITestCaseRunner] Assertion [Not SOAP Fault] has status VALID
13:43:03,000 INFO  [SoapUITestCaseRunner] running step [3rd_cancel_on_SOAP_error]
13:43:03,030 INFO  [SoapUITestCaseRunner] running step [3rd_transfer_response_values]
13:43:03,035 INFO  [SoapUITestCaseRunner] running step [cancel_on_create_error]
13:43:03,055 INFO  [SoapUITestCaseRunner] running step [activateSubscriber]
13:43:03,056 DEBUG [HttpClientSupport$SoapUIHttpClient] Stale connection check
13:43:03,058 DEBUG [HttpClientSupport$SoapUIHttpClient] Attempt 1 to execute request
13:43:03,058 DEBUG [SoapUIMultiThreadedHttpConnectionManager$SoapUIDefaultClientConnection] Sending request: POST /inew-mvno-crce-webservices/profiler/subscriber HTTP/1.1
13:43:03,508 DEBUG [SoapUIMultiThreadedHttpConnectionManager$SoapUIDefaultClientConnection] Receiving response: HTTP/1.1 200 OK
13:43:03,508 DEBUG [HttpClientSupport$SoapUIHttpClient] Connection can be kept alive indefinitely
13:43:03,511 INFO  [SoapUITestCaseRunner] Assertion [SOAP Response] has status VALID
13:43:03,511 INFO  [SoapUITestCaseRunner] Assertion [Schema Compliance] has status UNKNOWN
13:43:03,511 INFO  [SoapUITestCaseRunner] Assertion [Not SOAP Fault] has status VALID
13:43:03,511 INFO  [SoapUITestCaseRunner] running step [4th_cancel_on_SOAP_error]
13:43:03,541 INFO  [SoapUITestCaseRunner] running step [4th_transfer_response_values]
13:43:03,543 INFO  [SoapUITestCaseRunner] running step [cancel_on_activate_error]
13:43:03,562 INFO  [SoapUITestCaseRunner] running step [getMainAccount]
13:43:03,563 DEBUG [HttpClientSupport$SoapUIHttpClient] Stale connection check
13:43:03,564 DEBUG [HttpClientSupport$SoapUIHttpClient] Attempt 1 to execute request
13:43:03,564 DEBUG [SoapUIMultiThreadedHttpConnectionManager$SoapUIDefaultClientConnection] Sending request: POST /inew-mvno-crce-webservices/accounting/accounts HTTP/1.1
13:43:03,918 DEBUG [SoapUIMultiThreadedHttpConnectionManager$SoapUIDefaultClientConnection] Receiving response: HTTP/1.1 200 OK
13:43:03,918 DEBUG [HttpClientSupport$SoapUIHttpClient] Connection can be kept alive indefinitely
13:43:03,924 INFO  [SoapUITestCaseRunner] Assertion [SOAP Response] has status VALID
13:43:03,924 INFO  [SoapUITestCaseRunner] Assertion [Schema Compliance] has status UNKNOWN
13:43:03,924 INFO  [SoapUITestCaseRunner] Assertion [Not SOAP Fault] has status VALID
13:43:03,924 INFO  [SoapUITestCaseRunner] running step [5th_cancel_on_SOAP_error]
13:43:03,953 INFO  [SoapUITestCaseRunner] running step [5th_transfer_response_values]
13:43:03,962 INFO  [SoapUITestCaseRunner] running step [cancel_on_getmainaccount_error]
13:43:03,982 INFO  [SoapUITestCaseRunner] running step [setBalance]
13:43:03,983 DEBUG [HttpClientSupport$SoapUIHttpClient] Stale connection check
13:43:03,985 DEBUG [HttpClientSupport$SoapUIHttpClient] Attempt 1 to execute request
13:43:03,985 DEBUG [SoapUIMultiThreadedHttpConnectionManager$SoapUIDefaultClientConnection] Sending request: POST /inew-mvno-crce-webservices/accounting/account_administration HTTP/1.1
13:43:04,282 DEBUG [SoapUIMultiThreadedHttpConnectionManager$SoapUIDefaultClientConnection] Receiving response: HTTP/1.1 200 OK
13:43:04,282 DEBUG [HttpClientSupport$SoapUIHttpClient] Connection can be kept alive indefinitely
13:43:04,288 INFO  [SoapUITestCaseRunner] Assertion [SOAP Response] has status VALID
13:43:04,288 INFO  [SoapUITestCaseRunner] Assertion [Schema Compliance] has status UNKNOWN
13:43:04,288 INFO  [SoapUITestCaseRunner] Assertion [Not SOAP Fault] has status VALID
13:43:04,288 INFO  [SoapUITestCaseRunner] running step [6th_cancel_on_SOAP_error]
13:43:04,334 INFO  [SoapUITestCaseRunner] running step [6th_transfer_response_values]
13:43:04,339 INFO  [SoapUITestCaseRunner] running step [cancel_on_setbalance_error]
13:43:04,358 INFO  [SoapUITestCaseRunner] running step [repeat_01_amount_times]
13:43:04,384 INFO  [SoapUITestCaseRunner] running step [finish_successful]
13:43:04,415 INFO  [log] HighLevelOps.createTestSubscribers.output.resultCode=OK
13:43:04,415 INFO  [SoapUITestCaseRunner] Finished running SoapUI testcase [createTestSubscribers], time taken: 3212ms, status: FINISHED
13:43:04,416 INFO  [SoapUITestCaseRunner] TestCase [createTestSubscribers] finished with status [FINISHED] in 3212ms</msg>
<status status="PASS" endtime="20160108 13:43:04.421" starttime="20160108 13:42:59.105"></status>
</kw>
<msg timestamp="20160108 13:43:04.424" level="INFO">${execution_status} = PASS</msg>
<msg timestamp="20160108 13:43:04.425" level="INFO">${return_value_dummy} = None</msg>
<status status="PASS" endtime="20160108 13:43:04.423" starttime="20160108 13:42:59.103"></status>
</kw>
<kw type="kw" name="${resultCode} = subscriber-admin-support-resource.CRCE Get Groovy Log Return Property">
<doc>This is a PRIVATE helper function to retrieve return values placed into the Groovy log by the SoaupUI TCs .</doc>
<arguments>
<arg>HighLevelOps.createTestSubscribers.output.resultCode</arg>
<arg>UNKNOWN_ERROR</arg>
</arguments>
<kw type="kw" name="${return_marker} = BuiltIn.Set Variable">
<doc>Returns the given values which can then be assigned to a variables.</doc>
<arguments>
<arg>${property_name}=</arg>
</arguments>
<msg timestamp="20160108 13:43:04.438" level="INFO">${return_marker} = HighLevelOps.createTestSubscribers.output.resultCode=</msg>
<status status="PASS" endtime="20160108 13:43:04.438" starttime="20160108 13:43:04.435"></status>
</kw>
<kw type="kw" name="${resultCode} = BuiltIn.Set Variable">
<doc>Returns the given values which can then be assigned to a variables.</doc>
<arguments>
<arg>${EMPTY}</arg>
</arguments>
<msg timestamp="20160108 13:43:04.442" level="INFO">${resultCode} = </msg>
<status status="PASS" endtime="20160108 13:43:04.441" starttime="20160108 13:43:04.440"></status>
</kw>
<kw type="kw" name="${return_log_entry} = BuiltIn.Set Variable">
<doc>Returns the given values which can then be assigned to a variables.</doc>
<arguments>
<arg>${EMPTY}</arg>
</arguments>
<msg timestamp="20160108 13:43:04.446" level="INFO">${return_log_entry} = </msg>
<status status="PASS" endtime="20160108 13:43:04.445" starttime="20160108 13:43:04.443"></status>
</kw>
<kw type="kw" name="${execution_status}, ${return_log_entry} = BuiltIn.Run Keyword And Ignore Error">
<doc>Runs the given keyword with the given arguments and ignores possible error.</doc>
<arguments>
<arg>Grep File</arg>
<arg>${SOAPUI GROOVY LOG}</arg>
<arg>${return_marker}</arg>
</arguments>
<kw type="kw" name="OperatingSystem.Grep File">
<doc>Returns the lines of the specified file that match the `pattern`.</doc>
<arguments>
<arg>${SOAPUI GROOVY LOG}</arg>
<arg>${return_marker}</arg>
</arguments>
<msg timestamp="20160108 13:43:04.451" html="yes" level="INFO">Reading file '&lt;a href="file:///opt/robot/robotworkspace/robot_testsuites/basic/PrePaid/global-groovy.log"&gt;/opt/robot/robotworkspace/robot_testsuites/basic/PrePaid/global-groovy.log&lt;/a&gt;'</msg>
<msg timestamp="20160108 13:43:04.456" level="INFO">1 out of 1 lines matched</msg>
<status status="PASS" endtime="20160108 13:43:04.457" starttime="20160108 13:43:04.449"></status>
</kw>
<msg timestamp="20160108 13:43:04.458" level="INFO">${execution_status} = PASS</msg>
<msg timestamp="20160108 13:43:04.459" level="INFO">${return_log_entry} = 2016-01-08 13:43:04,415 INFO  [log] HighLevelOps.createTestSubscribers.output.resultCode=OK</msg>
<status status="PASS" endtime="20160108 13:43:04.458" starttime="20160108 13:43:04.447"></status>
</kw>
<kw type="kw" name="${return_log_entry} = BuiltIn.Run Keyword If">
<doc>Runs the given keyword with the given arguments, if `condition` is true.</doc>
<arguments>
<arg>'${execution_status}'=='FAIL'</arg>
<arg>Set Variable</arg>
<arg>${EMPTY}</arg>
<arg>ELSE</arg>
<arg>Set Variable</arg>
<arg>${return_log_entry}</arg>
</arguments>
<kw type="kw" name="BuiltIn.Set Variable">
<doc>Returns the given values which can then be assigned to a variables.</doc>
<arguments>
<arg>${return_log_entry}</arg>
</arguments>
<status status="PASS" endtime="20160108 13:43:04.468" starttime="20160108 13:43:04.466"></status>
</kw>
<msg timestamp="20160108 13:43:04.469" level="INFO">${return_log_entry} = 2016-01-08 13:43:04,415 INFO  [log] HighLevelOps.createTestSubscribers.output.resultCode=OK</msg>
<status status="PASS" endtime="20160108 13:43:04.469" starttime="20160108 13:43:04.460"></status>
</kw>
<kw type="kw" name="${return_log_entry} = BuiltIn.Run Keyword If">
<doc>Runs the given keyword with the given arguments, if `condition` is true.</doc>
<arguments>
<arg>'${return_log_entry}'=='${NONE}'</arg>
<arg>Set Variable</arg>
<arg>${EMPTY}</arg>
<arg>ELSE</arg>
<arg>Set Variable</arg>
<arg>${return_log_entry}</arg>
</arguments>
<kw type="kw" name="BuiltIn.Set Variable">
<doc>Returns the given values which can then be assigned to a variables.</doc>
<arguments>
<arg>${return_log_entry}</arg>
</arguments>
<status status="PASS" endtime="20160108 13:43:04.477" starttime="20160108 13:43:04.475"></status>
</kw>
<msg timestamp="20160108 13:43:04.478" level="INFO">${return_log_entry} = 2016-01-08 13:43:04,415 INFO  [log] HighLevelOps.createTestSubscribers.output.resultCode=OK</msg>
<status status="PASS" endtime="20160108 13:43:04.477" starttime="20160108 13:43:04.470"></status>
</kw>
<kw type="kw" name="${resultCode} = BuiltIn.Run Keyword If">
<doc>Runs the given keyword with the given arguments, if `condition` is true.</doc>
<arguments>
<arg>'${return_log_entry}'!='${EMPTY}'</arg>
<arg>Fetch From Right</arg>
<arg>${return_log_entry}</arg>
<arg>${return_marker}</arg>
<arg>ELSE</arg>
<arg>Set Variable</arg>
<arg>${resultCode}</arg>
</arguments>
<kw type="kw" name="String.Fetch From Right">
<doc>Returns contents of the `string` after the last occurrence of `marker`.</doc>
<arguments>
<arg>${return_log_entry}</arg>
<arg>${return_marker}</arg>
</arguments>
<status status="PASS" endtime="20160108 13:43:04.486" starttime="20160108 13:43:04.484"></status>
</kw>
<msg timestamp="20160108 13:43:04.487" level="INFO">${resultCode} = OK</msg>
<status status="PASS" endtime="20160108 13:43:04.487" starttime="20160108 13:43:04.479"></status>
</kw>
<kw type="kw" name="${resultCode} = BuiltIn.Run Keyword If">
<doc>Runs the given keyword with the given arguments, if `condition` is true.</doc>
<arguments>
<arg>'${resultCode}'=='${NONE}'</arg>
<arg>Set Variable</arg>
[...]
</arguments>
<status status="PASS" endtime="20160108 13:48:05.865" starttime="20160108 13:48:05.863"></status>
</kw>
<kw type="kw" name="BuiltIn.Comment">
<doc>Displays the given messages in the log file as keyword arguments.</doc>
<arguments>
<arg></arg>
<arg>Log</arg>
<arg>SSH Kill User Processes is killing: ${process}</arg>
<arg>console=yes</arg>
</arguments>
<status status="PASS" endtime="20160108 13:48:05.868" starttime="20160108 13:48:05.866"></status>
</kw>
<kw type="kw" name="BuiltIn.Comment">
<doc>Displays the given messages in the log file as keyword arguments.</doc>
<arguments>
<arg></arg>
<arg>${pid}=</arg>
<arg>Fetch From Left</arg>
<arg>${process}</arg>
<arg>${SPACE}</arg>
</arguments>
<status status="PASS" endtime="20160108 13:48:05.871" starttime="20160108 13:48:05.869"></status>
</kw>
<kw type="kw" name="BuiltIn.Comment">
<doc>Displays the given messages in the log file as keyword arguments.</doc>
<arguments>
<arg></arg>
<arg>${stderr}</arg>
<arg>${rc}=</arg>
<arg>Execute Command</arg>
<arg>sudo kill -9 ${pid}</arg>
<arg>return_stdout=False</arg>
<arg>return_stderr=True</arg>
<arg>return_rc=True</arg>
</arguments>
<status status="PASS" endtime="20160108 13:48:05.874" starttime="20160108 13:48:05.872"></status>
</kw>
<kw type="kw" name="BuiltIn.Comment">
<doc>Displays the given messages in the log file as keyword arguments.</doc>
<arguments>
<arg></arg>
<arg>Run Keyword If</arg>
<arg>'${rc}' != '0'</arg>
<arg>Log</arg>
<arg>${stderr}</arg>
<arg>level=WARN</arg>
</arguments>
<status status="PASS" endtime="20160108 13:48:05.878" starttime="20160108 13:48:05.876"></status>
</kw>
<kw type="kw" name="BuiltIn.Comment">
<doc>Displays the given messages in the log file as keyword arguments.</doc>
<arguments>
<arg>${processes_string}=</arg>
<arg>Execute Command</arg>
<arg>ps U ${user} --no-heading | grep ${command_name} | grep -v grep</arg>
</arguments>
<status status="PASS" endtime="20160108 13:48:05.881" starttime="20160108 13:48:05.879"></status>
</kw>
<kw type="kw" name="BuiltIn.Comment">
<doc>Displays the given messages in the log file as keyword arguments.</doc>
<arguments>
<arg>Log</arg>
<arg>AFTER SSH Kill User Processes:</arg>
<arg>console=yes</arg>
</arguments>
<status status="PASS" endtime="20160108 13:48:05.884" starttime="20160108 13:48:05.882"></status>
</kw>
<kw type="kw" name="BuiltIn.Comment">
<doc>Displays the given messages in the log file as keyword arguments.</doc>
<arguments>
<arg>Log</arg>
<arg>${processes_string}</arg>
<arg>console=yes</arg>
</arguments>
<status status="PASS" endtime="20160108 13:48:05.887" starttime="20160108 13:48:05.885"></status>
</kw>
<status status="PASS" endtime="20160108 13:48:05.888" starttime="20160108 13:48:05.683"></status>
</kw>
<kw type="kw" name="SSHLibrary.Start Command">
<doc>Starts execution of the `command` on the remote machine and returns immediately.</doc>
<arguments>
<arg>cat tmpfilemonitor${ssh_connection}.log</arg>
</arguments>
<msg timestamp="20160108 13:48:05.892" level="INFO">Starting command 'cat tmpfilemonitor5.log'.</msg>
<status status="PASS" endtime="20160108 13:48:05.896" starttime="20160108 13:48:05.889"></status>
</kw>
<kw type="kw" name="${stdout_string} = SSHLibrary.Read Command Output">
<doc>Returns outputs of the most recent started command.</doc>
<arguments>
</arguments>
<msg timestamp="20160108 13:48:05.898" level="INFO">Reading output of command 'cat tmpfilemonitor5.log'.</msg>
<msg timestamp="20160108 13:48:14.324" level="INFO">Command exited with return code 0.</msg>
<msg timestamp="20160108 13:48:14.330" level="INFO">${stdout_string} = [2016-01-08 12:43:01,849][FINEST][3034][   SubscriberPeerImpl.getSubscriberProfileByImsi()] Reading subscriber profile by IMSI [imsi=732123710001000]
[2016-01-08 12:43:01,851][FINEST][3034][          ...</msg>
<status status="PASS" endtime="20160108 13:48:14.327" starttime="20160108 13:48:05.897"></status>
</kw>
<kw type="kw" name="SSHLibrary.Execute Command">
<doc>Executes `command` on the remote machine and returns its outputs.</doc>
<arguments>
<arg>rm tmpfilemonitor${ssh_connection}.log</arg>
</arguments>
<msg timestamp="20160108 13:48:14.332" level="INFO">Executing command 'rm tmpfilemonitor5.log'.</msg>
<msg timestamp="20160108 13:48:14.369" level="INFO">Command exited with return code 0.</msg>
<status status="PASS" endtime="20160108 13:48:14.369" starttime="20160108 13:48:14.331"></status>
</kw>
<msg timestamp="20160108 13:48:14.372" level="INFO">${tailed_text} = [2016-01-08 12:43:01,849][FINEST][3034][   SubscriberPeerImpl.getSubscriberProfileByImsi()] Reading subscriber profile by IMSI [imsi=732123710001000]
[2016-01-08 12:43:01,851][FINEST][3034][          ...</msg>
<status status="PASS" endtime="20160108 13:48:14.370" starttime="20160108 13:48:05.656"></status>
</kw>
<kw type="kw" name="BuiltIn.Run Keyword Unless">
<doc>Runs the given keyword with the given arguments, if `condition` is false.</doc>
<arguments>
<arg>'${store_to_file_path}'=='${EMPTY}'</arg>
<arg>Create File</arg>
<arg>${store_to_file_path}</arg>
<arg>${tailed_text}</arg>
</arguments>
<kw type="kw" name="OperatingSystem.Create File">
<doc>Creates a file with the given content and encoding.</doc>
<arguments>
<arg>${store_to_file_path}</arg>
<arg>${tailed_text}</arg>
</arguments>
<msg timestamp="20160108 13:48:14.432" html="yes" level="INFO">Created file '&lt;a href="file:///opt/robot/robotworkspace/robot_testsuites/basic/PrePaid/log/CRCE_ssh_tailed.log"&gt;/opt/robot/robotworkspace/robot_testsuites/basic/PrePaid/log/CRCE_ssh_tailed.log&lt;/a&gt;'</msg>
<status status="PASS" endtime="20160108 13:48:14.434" starttime="20160108 13:48:14.378"></status>
</kw>
<status status="PASS" endtime="20160108 13:48:14.435" starttime="20160108 13:48:14.373"></status>
</kw>
<kw type="kw" name="ssh-support-resource.SSH Logout">
<doc>Closes the passed SSH connection</doc>
<arguments>
<arg>${ssh_connection}</arg>
</arguments>
<kw type="kw" name="SSHLibrary.Switch Connection">
<doc>Switches the active connection by index or alias.</doc>
<arguments>
<arg>${ssh_connection}</arg>
</arguments>
<status status="PASS" endtime="20160108 13:48:14.449" starttime="20160108 13:48:14.446"></status>
</kw>
<kw type="kw" name="SSHLibrary.Close Connection">
<doc>Closes the current connection.</doc>
<arguments>
</arguments>
<status status="PASS" endtime="20160108 13:48:14.453" starttime="20160108 13:48:14.450"></status>
</kw>
<status status="PASS" endtime="20160108 13:48:14.457" starttime="20160108 13:48:14.438"></status>
</kw>
<status status="PASS" endtime="20160108 13:48:14.458" starttime="20160108 13:48:05.648"></status>
</kw>
<kw type="kw" name="ssh-support-resource.SSH Close File Monitor And Logout">
<doc>Combines 'SSH Close File Monitor' and 'SSH Logout' for compacter coding style</doc>
<arguments>
<arg>${ssh_connection_in}</arg>
<arg>./log/IN_ssh_tailed.log</arg>
</arguments>
<kw type="kw" name="${tailed_text} = ssh-support-resource.SSH Close File Monitor">
<doc>Closes a file monitor created via 'SSH Start File Monitor' and returns all grabbed text</doc>
<arguments>
<arg>${ssh_connection}</arg>
</arguments>
<kw type="kw" name="SSHLibrary.Switch Connection">
<doc>Switches the active connection by index or alias.</doc>
<arguments>
<arg>${ssh_connection}</arg>
</arguments>
<status status="PASS" endtime="20160108 13:48:14.478" starttime="20160108 13:48:14.476"></status>
</kw>
<kw type="kw" name="${CTRL_C} = BuiltIn.Evaluate">
<doc>Evaluates the given expression in Python and returns the results.</doc>
<arguments>
<arg>chr(int(3))</arg>
</arguments>
<msg timestamp="20160108 13:48:14.485" level="INFO">${CTRL_C} = </msg>
<status status="PASS" endtime="20160108 13:48:14.484" starttime="20160108 13:48:14.479"></status>
</kw>
<kw type="kw" name="SSHLibrary.Write">
<doc>Writes the given `text` on the remote machine and appends a newline.</doc>
<arguments>
<arg>${CTRL_C}</arg>
</arguments>
<msg timestamp="20160108 13:48:14.491" level="INFO">[m ^C</msg>
<status status="PASS" endtime="20160108 13:48:14.491" starttime="20160108 13:48:14.486"></status>
</kw>
<kw type="kw" name="ssh-support-resource.SSH Kill User Processes">
<doc>This is a helper to cleanup zombie processes left by the SSH lib's 'Start Command'</doc>
<arguments>
<arg>${ssh_connection}</arg>
<arg>tail</arg>
</arguments>
<kw type="kw" name="SSHLibrary.Switch Connection">
<doc>Switches the active connection by index or alias.</doc>
<arguments>
<arg>${ssh_connection}</arg>
</arguments>
<status status="PASS" endtime="20160108 13:48:14.502" starttime="20160108 13:48:14.500"></status>
</kw>
<kw type="kw" name="${user} = SSHLibrary.Execute Command">
<doc>Executes `command` on the remote machine and returns its outputs.</doc>
<arguments>
<arg>id -un</arg>
</arguments>
<msg timestamp="20160108 13:48:14.505" level="INFO">Executing command 'id -un'.</msg>
<msg timestamp="20160108 13:48:14.602" level="INFO">Command exited with return code 0.</msg>
<msg timestamp="20160108 13:48:14.603" level="INFO">${user} = qa_automation</msg>
<status status="PASS" endtime="20160108 13:48:14.602" starttime="20160108 13:48:14.504"></status>
</kw>
<kw type="kw" name="BuiltIn.Comment">
<doc>Displays the given messages in the log file as keyword arguments.</doc>
<arguments>
<arg>${processes_string}=</arg>
<arg>Execute Command</arg>
<arg>ps U ${user} --no-heading | grep ${command_name} | grep -v grep</arg>
</arguments>
<status status="PASS" endtime="20160108 13:48:14.604" starttime="20160108 13:48:14.603"></status>
</kw>
<kw type="kw" name="BuiltIn.Comment">
<doc>Displays the given messages in the log file as keyword arguments.</doc>
<arguments>
<arg>Log</arg>
<arg>BEFORE SSH Kill User Processes:</arg>
<arg>console=yes</arg>
</arguments>
<status status="PASS" endtime="20160108 13:48:14.606" starttime="20160108 13:48:14.605"></status>
</kw>
<kw type="kw" name="BuiltIn.Comment">
<doc>Displays the given messages in the log file as keyword arguments.</doc>
<arguments>
<arg>Log</arg>
<arg>${processes_string}</arg>
<arg>console=yes</arg>
</arguments>
<status status="PASS" endtime="20160108 13:48:14.607" starttime="20160108 13:48:14.606"></status>
</kw>
<kw type="kw" name="${stderr}, ${rc} = SSHLibrary.Execute Command">
<doc>Executes `command` on the remote machine and returns its outputs.</doc>
<arguments>
<arg>pkill -9 -u ${user} ${command_name}</arg>
<arg>return_stdout=False</arg>
<arg>return_stderr=True</arg>
<arg>return_rc=True</arg>
</arguments>
<msg timestamp="20160108 13:48:14.609" level="INFO">Executing command 'pkill -9 -u qa_automation tail'.</msg>
<msg timestamp="20160108 13:48:14.686" level="INFO">Command exited with return code 0.</msg>
<msg timestamp="20160108 13:48:14.687" level="INFO">${stderr} = id: cannot find name for group ID 20007</msg>
<msg timestamp="20160108 13:48:14.687" level="INFO">${rc} = 0</msg>
<status status="PASS" endtime="20160108 13:48:14.686" starttime="20160108 13:48:14.608"></status>
</kw>
<kw type="kw" name="BuiltIn.Run Keyword If">
<doc>Runs the given keyword with the given arguments, if `condition` is true.</doc>
<arguments>
<arg>'${rc}' != '0'</arg>
<arg>Log</arg>
<arg>${stderr}</arg>
<arg>level=WARN</arg>
</arguments>
<status status="PASS" endtime="20160108 13:48:14.691" starttime="20160108 13:48:14.688"></status>
</kw>
<kw type="kw" name="BuiltIn.Comment">
<doc>Displays the given messages in the log file as keyword arguments.</doc>
<arguments>
<arg>***** Old approach with kill:</arg>
<arg>For unknow reasons somtimes still processes stayed in the list an could not be killed even in subsequent executions</arg>
</arguments>
<status status="PASS" endtime="20160108 13:48:14.692" starttime="20160108 13:48:14.691"></status>
</kw>
<kw type="kw" name="BuiltIn.Comment">
<doc>Displays the given messages in the log file as keyword arguments.</doc>
<arguments>
<arg>@{processes_list}=</arg>
<arg>Split String</arg>
<arg>${processes_string}</arg>
<arg>${\n}</arg>
</arguments>
<status status="PASS" endtime="20160108 13:48:14.694" starttime="20160108 13:48:14.693"></status>
</kw>
<kw type="kw" name="BuiltIn.Comment">
<doc>Displays the given messages in the log file as keyword arguments.</doc>
<arguments>
<arg>:FOR</arg>
<arg>${process}</arg>
<arg>IN</arg>
<arg>@{processes_list}</arg>
</arguments>
<status status="PASS" endtime="20160108 13:48:14.695" starttime="20160108 13:48:14.694"></status>
</kw>
<kw type="kw" name="BuiltIn.Comment">
<doc>Displays the given messages in the log file as keyword arguments.</doc>
<arguments>
<arg></arg>
<arg>Log</arg>
<arg>SSH Kill User Processes is killing: ${process}</arg>
<arg>console=yes</arg>
</arguments>
<status status="PASS" endtime="20160108 13:48:14.697" starttime="20160108 13:48:14.696"></status>
</kw>
<kw type="kw" name="BuiltIn.Comment">
<doc>Displays the given messages in the log file as keyword arguments.</doc>
<arguments>
<arg></arg>
<arg>${pid}=</arg>
<arg>Fetch From Left</arg>
<arg>${process}</arg>
<arg>${SPACE}</arg>
</arguments>
<status status="PASS" endtime="20160108 13:48:14.698" starttime="20160108 13:48:14.697"></status>
</kw>
<kw type="kw" name="BuiltIn.Comment">
<doc>Displays the given messages in the log file as keyword arguments.</doc>
<arguments>
<arg></arg>
<arg>${stderr}</arg>
<arg>${rc}=</arg>
<arg>Execute Command</arg>
<arg>sudo kill -9 ${pid}</arg>
<arg>return_stdout=False</arg>
<arg>return_stderr=True</arg>
<arg>return_rc=True</arg>
</arguments>
<status status="PASS" endtime="20160108 13:48:14.700" starttime="20160108 13:48:14.699"></status>
</kw>
<kw type="kw" name="BuiltIn.Comment">
<doc>Displays the given messages in the log file as keyword arguments.</doc>
<arguments>
<arg></arg>
<arg>Run Keyword If</arg>
<arg>'${rc}' != '0'</arg>
<arg>Log</arg>
<arg>${stderr}</arg>
<arg>level=WARN</arg>
</arguments>
<status status="PASS" endtime="20160108 13:48:14.702" starttime="20160108 13:48:14.701"></status>
</kw>
<kw type="kw" name="BuiltIn.Comment">
<doc>Displays the given messages in the log file as keyword arguments.</doc>
<arguments>
<arg>${processes_string}=</arg>
<arg>Execute Command</arg>
<arg>ps U ${user} --no-heading | grep ${command_name} | grep -v grep</arg>
</arguments>
<status status="PASS" endtime="20160108 13:48:14.703" starttime="20160108 13:48:14.702"></status>
</kw>
<kw type="kw" name="BuiltIn.Comment">
<doc>Displays the given messages in the log file as keyword arguments.</doc>
<arguments>
<arg>Log</arg>
<arg>AFTER SSH Kill User Processes:</arg>
<arg>console=yes</arg>
</arguments>
<status status="PASS" endtime="20160108 13:48:14.705" starttime="20160108 13:48:14.704"></status>
</kw>
<kw type="kw" name="BuiltIn.Comment">
<doc>Displays the given messages in the log file as keyword arguments.</doc>
<arguments>
<arg>Log</arg>
<arg>${processes_string}</arg>
<arg>console=yes</arg>
</arguments>
<status status="PASS" endtime="20160108 13:48:14.706" starttime="20160108 13:48:14.705"></status>
</kw>
<status status="PASS" endtime="20160108 13:48:14.707" starttime="20160108 13:48:14.493"></status>
</kw>
<kw type="kw" name="SSHLibrary.Start Command">
<doc>Starts execution of the `command` on the remote machine and returns immediately.</doc>
<arguments>
<arg>cat tmpfilemonitor${ssh_connection}.log</arg>
</arguments>
<msg timestamp="20160108 13:48:14.708" level="INFO">Starting command 'cat tmpfilemonitor6.log'.</msg>
<status status="PASS" endtime="20160108 13:48:14.711" starttime="20160108 13:48:14.707"></status>
</kw>
<kw type="kw" name="${stdout_string} = SSHLibrary.Read Command Output">
<doc>Returns outputs of the most recent started command.</doc>
<arguments>
</arguments>
<msg timestamp="20160108 13:48:14.712" level="INFO">Reading output of command 'cat tmpfilemonitor6.log'.</msg>
<msg timestamp="20160108 13:48:14.798" level="INFO">Command exited with return code 0.</msg>
<msg timestamp="20160108 13:48:14.800" level="INFO">${stdout_string} = [2016-01-08 12:43:06,006][DEBUG][IPROT_TRACING                                     ][][][][][] [-&gt;|][ConnectorMetaData: CN [iSigInbound1], SID [7];CorrelationId: 504420, M [Version: 1
SessionId: 50442...</msg>
<status status="PASS" endtime="20160108 13:48:14.799" starttime="20160108 13:48:14.711"></status>
</kw>
<kw type="kw" name="SSHLibrary.Execute Command">
<doc>Executes `command` on the remote machine and returns its outputs.</doc>
<arguments>
<arg>rm tmpfilemonitor${ssh_connection}.log</arg>
</arguments>
<msg timestamp="20160108 13:48:14.802" level="INFO">Executing command 'rm tmpfilemonitor6.log'.</msg>
<msg timestamp="20160108 13:48:14.870" level="INFO">Command exited with return code 0.</msg>
<status status="PASS" endtime="20160108 13:48:14.870" starttime="20160108 13:48:14.801"></status>
</kw>
<msg timestamp="20160108 13:48:14.871" level="INFO">${tailed_text} = [2016-01-08 12:43:06,006][DEBUG][IPROT_TRACING                                     ][][][][][] [-&gt;|][ConnectorMetaData: CN [iSigInbound1], SID [7];CorrelationId: 504420, M [Version: 1
SessionId: 50442...</msg>
<status status="PASS" endtime="20160108 13:48:14.871" starttime="20160108 13:48:14.469"></status>
</kw>
<kw type="kw" name="BuiltIn.Run Keyword Unless">
<doc>Runs the given keyword with the given arguments, if `condition` is false.</doc>
<arguments>
<arg>'${store_to_file_path}'=='${EMPTY}'</arg>
<arg>Create File</arg>
<arg>${store_to_file_path}</arg>
<arg>${tailed_text}</arg>
</arguments>
<kw type="kw" name="OperatingSystem.Create File">
<doc>Creates a file with the given content and encoding.</doc>
<arguments>
<arg>${store_to_file_path}</arg>
<arg>${tailed_text}</arg>
</arguments>
<msg timestamp="20160108 13:48:14.878" html="yes" level="INFO">Created file '&lt;a href="file:///opt/robot/robotworkspace/robot_testsuites/basic/PrePaid/log/IN_ssh_tailed.log"&gt;/opt/robot/robotworkspace/robot_testsuites/basic/PrePaid/log/IN_ssh_tailed.log&lt;/a&gt;'</msg>
<status status="PASS" endtime="20160108 13:48:14.878" starttime="20160108 13:48:14.875"></status>
</kw>
<status status="PASS" endtime="20160108 13:48:14.879" starttime="20160108 13:48:14.872"></status>
</kw>
<kw type="kw" name="ssh-support-resource.SSH Logout">
<doc>Closes the passed SSH connection</doc>
<arguments>
<arg>${ssh_connection}</arg>
</arguments>
<kw type="kw" name="SSHLibrary.Switch Connection">
<doc>Switches the active connection by index or alias.</doc>
<arguments>
<arg>${ssh_connection}</arg>
</arguments>
<status status="PASS" endtime="20160108 13:48:14.884" starttime="20160108 13:48:14.883"></status>
</kw>
<kw type="kw" name="SSHLibrary.Close Connection">
<doc>Closes the current connection.</doc>
<arguments>
</arguments>
<status status="PASS" endtime="20160108 13:48:14.885" starttime="20160108 13:48:14.885"></status>
</kw>
<status status="PASS" endtime="20160108 13:48:14.887" starttime="20160108 13:48:14.880"></status>
</kw>
<status status="PASS" endtime="20160108 13:48:14.888" starttime="20160108 13:48:14.461"></status>
</kw>
<doc>Test case stops the logging on IN and CRCE and copies the log files

Arguments:

=================================================================================</doc>
<tags>
<tag>matko.sanseovic</tag>
</tags>
<status status="PASS" critical="yes" endtime="20160108 13:48:14.888" starttime="20160108 13:48:05.633"></status>
</test>
<doc>Testing the prepaid calls

============================================================</doc>
<metadata>
</metadata>
<status status="FAIL" endtime="20160108 13:48:14.910" starttime="20160108 13:42:51.969"></status>
</suite>
<statistics>
<total>
<stat pass="5" fail="8">Critical Tests</stat>
<stat pass="5" fail="8">All Tests</stat>
</total>
<tag>
<stat pass="5" info="" doc="" combined="" fail="8" links="">matko.sanseovic</stat>
<stat pass="0" info="" doc="" combined="" fail="1" links="">MFC_only</stat>
<stat pass="3" info="" doc="" combined="" fail="3" links="">MOC_only</stat>
<stat pass="0" info="" doc="" combined="" fail="4" links="">MTC_only</stat>
</tag>
<suite>
<stat pass="5" id="s1" fail="8" name="Calls-Regression-Suite">Calls-Regression-Suite</stat>
</suite>
</statistics>
<errors>
</errors>
</robot>
