<?xml version="1.0" encoding="UTF-8"?>
<robot generator="Robot 2.8.7 (Jython 2.7rc1 on java1.7.0_79)" generated="20160122 15:48:47.749">
<suite source="/opt/robot/robotworkspace/robot_testsuites/basic/PrePaid/MOC/OnNet/MOC_PREPAID_ONNET-LongDuration136s/MOC_PREPAID_ONNET-LongDuration136s-robot-suite.txt" id="s1" name="MOC PREPAID ONNET-LongDuration136s-robot-suite">
<kw type="setup" name="suite-global-keyword-resource.Setup Suite">
<doc></doc>
<arguments>
</arguments>
<kw type="kw" name="${date} = OperatingSystem.Run">
<doc>Runs the given command in the system and returns the output.</doc>
<arguments>
<arg>date</arg>
</arguments>
<msg timestamp="20160122 15:48:49.851" level="INFO">Running command 'date 2&gt;&amp;1'</msg>
<msg timestamp="20160122 15:48:49.858" level="INFO">${date} = Fri Jan 22 15:48:49 CET 2016</msg>
<status status="PASS" endtime="20160122 15:48:49.855" starttime="20160122 15:48:49.838"></status>
</kw>
<kw type="kw" name="BuiltIn.Log">
<doc>Logs the given message with the given level.</doc>
<arguments>
<arg>Date and time: ${date}</arg>
<arg>console=yes</arg>
</arguments>
<msg timestamp="20160122 15:48:49.869" level="INFO">Date and time: Fri Jan 22 15:48:49 CET 2016</msg>
<status status="PASS" endtime="20160122 15:48:49.872" starttime="20160122 15:48:49.862"></status>
</kw>
<kw type="kw" name="BuiltIn.Log">
<doc>Logs the given message with the given level.</doc>
<arguments>
<arg>Target IN machine: ${IN-APP HOST}</arg>
<arg>console=yes</arg>
</arguments>
<msg timestamp="20160122 15:48:49.882" level="INFO">Target IN machine: 10.105.119.135</msg>
<status status="PASS" endtime="20160122 15:48:49.884" starttime="20160122 15:48:49.876"></status>
</kw>
<kw type="kw" name="${in_rc}, ${in_version} = suite-global-keyword-resource.Get IN Vitality State">
<doc>Checks the state of the IN service</doc>
<arguments>
<arg>${IN-APP HOST}</arg>
<arg>1111</arg>
<arg>${IN-APP USER}</arg>
<arg>${IN-APP PWD}</arg>
<arg>${EMPTY}</arg>
<arg>${IN-APP MOC SERVICE NAME}</arg>
</arguments>
<kw type="kw" name="${ssh_connection} = ssh-support-resource.SSH Login">
<doc>Does a password or RSA key file based login at the passed SSH connection depending whether or not the passed password is .</doc>
<arguments>
<arg>${ssh_user}</arg>
<arg>${ssh_pswd}</arg>
<arg>${ssh_rsa_key_file}</arg>
<arg>host=${host}</arg>
</arguments>
<kw type="kw" name="SSHLibrary.Set Default Configuration">
<doc>Update the default `configuration`.</doc>
<arguments>
<arg>loglevel=INFO</arg>
</arguments>
<status status="PASS" endtime="20160122 15:48:50.023" starttime="20160122 15:48:50.021"></status>
</kw>
<kw type="kw" name="${ssh_connection} = BuiltIn.Run Keyword If">
<doc>Runs the given keyword with the given arguments, if `condition` is true.</doc>
<arguments>
<arg>'${ssh_connection}'=='${EMPTY}'</arg>
<arg>Open Connection</arg>
<arg>${host}</arg>
<arg>port=22</arg>
<arg>timeout=3</arg>
<arg>prompt=$</arg>
</arguments>
<kw type="kw" name="SSHLibrary.Open Connection">
<doc>Opens a new SSH connection to the given `host` and `port`.</doc>
<arguments>
<arg>${host}</arg>
<arg>port=22</arg>
<arg>timeout=3</arg>
<arg>prompt=$</arg>
</arguments>
<status status="PASS" endtime="20160122 15:48:50.193" starttime="20160122 15:48:50.038"></status>
</kw>
<msg timestamp="20160122 15:48:50.195" level="INFO">${ssh_connection} = 1</msg>
<status status="PASS" endtime="20160122 15:48:50.194" starttime="20160122 15:48:50.025"></status>
</kw>
<kw type="kw" name="BuiltIn.Run Keyword If">
<doc>Runs the given keyword with the given arguments, if `condition` is true.</doc>
<arguments>
<arg>'${pswd}'=='${EMPTY}'</arg>
<arg>Login With Public Key</arg>
<arg>${user}</arg>
<arg>${rsa_key_file}</arg>
<arg>ELSE</arg>
<arg>Login</arg>
<arg>${user}</arg>
<arg>${pswd}</arg>
</arguments>
<kw type="kw" name="SSHLibrary.Login">
<doc>Logs into the SSH server with the given `username` and `password`.</doc>
<arguments>
<arg>${user}</arg>
<arg>${pswd}</arg>
</arguments>
<msg timestamp="20160122 15:48:50.206" level="INFO">Logging into '10.105.119.135:22' as 'qa_automation'.</msg>
<msg timestamp="20160122 15:48:50.766" level="INFO">Read output: Last login: Fri Jan 22 14:29:06 2016 from 10.105.101.196
id: cannot find name for group ID 20007
[1m[qa_automation@in-app01.tb19 ~]$</msg>
<status status="PASS" endtime="20160122 15:48:50.768" starttime="20160122 15:48:50.203"></status>
</kw>
<status status="PASS" endtime="20160122 15:48:50.770" starttime="20160122 15:48:50.197"></status>
</kw>
<msg timestamp="20160122 15:48:50.774" level="INFO">${ssh_connection} = 1</msg>
<status status="PASS" endtime="20160122 15:48:50.773" starttime="20160122 15:48:50.006"></status>
</kw>
<kw type="kw" name="${resultCode} = BuiltIn.Run Keyword If">
<doc>Runs the given keyword with the given arguments, if `condition` is true.</doc>
<arguments>
<arg>'${ssh_connection}'==''</arg>
<arg>Set Variable</arg>
<arg>LOGIN_FAILED</arg>
</arguments>
<msg timestamp="20160122 15:48:50.783" level="INFO">${resultCode} = None</msg>
<status status="PASS" endtime="20160122 15:48:50.782" starttime="20160122 15:48:50.776"></status>
</kw>
<kw type="kw" name="${output} = SSHLibrary.Execute Command">
<doc>Executes `command` on the remote machine and returns its outputs.</doc>
<arguments>
<arg>sudo service ${service_name} status</arg>
</arguments>
<msg timestamp="20160122 15:48:50.788" level="INFO">Executing command 'sudo service inew-mvna-corein-service-moc-partition-00-1.0.0 status'.</msg>
<msg timestamp="20160122 15:48:51.542" level="INFO">Command exited with return code 0.</msg>
<msg timestamp="20160122 15:48:51.549" level="INFO">${output} = I-New MVNA TEMM - Core - Service 1.0.0 2015.09.28-13:45:14 is running PID: 11380 </msg>
<status status="PASS" endtime="20160122 15:48:51.546" starttime="20160122 15:48:50.785"></status>
</kw>
<kw type="kw" name="${status}, ${rc} = BuiltIn.Run Keyword And Ignore Error">
<doc>Runs the given keyword with the given arguments and ignores possible error.</doc>
<arguments>
<arg>Should Contain</arg>
<arg>${output}</arg>
<arg>is running</arg>
<arg>msg=Service ${service_name} is not running!</arg>
</arguments>
<kw type="kw" name="BuiltIn.Should Contain">
<doc>Fails if `item1` does not contain `item2` one or more times.</doc>
<arguments>
<arg>${output}</arg>
<arg>is running</arg>
<arg>msg=Service ${service_name} is not running!</arg>
</arguments>
<status status="PASS" endtime="20160122 15:48:51.571" starttime="20160122 15:48:51.563"></status>
</kw>
<msg timestamp="20160122 15:48:51.576" level="INFO">${status} = PASS</msg>
<msg timestamp="20160122 15:48:51.578" level="INFO">${rc} = None</msg>
<status status="PASS" endtime="20160122 15:48:51.574" starttime="20160122 15:48:51.554"></status>
</kw>
<kw type="kw" name="${resultCode} = BuiltIn.Run Keyword If">
<doc>Runs the given keyword with the given arguments, if `condition` is true.</doc>
<arguments>
<arg>'${status}'=='PASS'</arg>
<arg>Set Variable</arg>
<arg>OK</arg>
<arg>ELSE</arg>
<arg>Set Variable</arg>
<arg>SERVICE_NOT_RUNNING</arg>
</arguments>
<kw type="kw" name="BuiltIn.Set Variable">
<doc>Returns the given values which can then be assigned to a variables.</doc>
<arguments>
<arg>OK</arg>
</arguments>
<status status="PASS" endtime="20160122 15:48:51.600" starttime="20160122 15:48:51.596"></status>
</kw>
<msg timestamp="20160122 15:48:51.604" level="INFO">${resultCode} = OK</msg>
<status status="PASS" endtime="20160122 15:48:51.603" starttime="20160122 15:48:51.582"></status>
</kw>
<kw type="kw" name="${version_r} = String.Fetch From Right">
<doc>Returns contents of the `string` after the last occurrence of `marker`.</doc>
<arguments>
<arg>${output}</arg>
<arg>Service</arg>
</arguments>
<msg timestamp="20160122 15:48:51.613" level="INFO">${version_r} =  1.0.0 2015.09.28-13:45:14 is running PID: 11380 </msg>
<status status="PASS" endtime="20160122 15:48:51.612" starttime="20160122 15:48:51.607"></status>
</kw>
<kw type="kw" name="${version} = String.Fetch From Left">
<doc>Returns contents of the `string` before the first occurrence of `marker`.</doc>
<arguments>
<arg>${version_r}</arg>
<arg>is running</arg>
</arguments>
<msg timestamp="20160122 15:48:51.622" level="INFO">${version} =  1.0.0 2015.09.28-13:45:14 </msg>
<status status="PASS" endtime="20160122 15:48:51.621" starttime="20160122 15:48:51.616"></status>
</kw>
<kw type="kw" name="BuiltIn.Comment">
<doc>Displays the given messages in the log file as keyword arguments.</doc>
<arguments>
<arg>****** Log out ******</arg>
</arguments>
<status status="PASS" endtime="20160122 15:48:51.630" starttime="20160122 15:48:51.627"></status>
</kw>
<kw type="kw" name="ssh-support-resource.SSH Logout">
<doc>Closes the passed SSH connection</doc>
<arguments>
<arg>${ssh_connection}</arg>
</arguments>
<kw type="kw" name="SSHLibrary.Switch Connection">
<doc>Switches the active connection by index or alias.</doc>
<arguments>
<arg>${ssh_connection}</arg>
</arguments>
<status status="PASS" endtime="20160122 15:48:51.660" starttime="20160122 15:48:51.655"></status>
</kw>
<kw type="kw" name="SSHLibrary.Close Connection">
<doc>Closes the current connection.</doc>
<arguments>
</arguments>
<status status="PASS" endtime="20160122 15:48:51.668" starttime="20160122 15:48:51.663"></status>
</kw>
<status status="PASS" endtime="20160122 15:48:51.672" starttime="20160122 15:48:51.634"></status>
</kw>
<kw type="kw" name="${ver} = BuiltIn.Run Keyword If">
<doc>Runs the given keyword with the given arguments, if `condition` is true.</doc>
<arguments>
<arg>'${resultCode}'=='OK'</arg>
<arg>Set Variable</arg>
<arg>${version}</arg>
</arguments>
<kw type="kw" name="BuiltIn.Set Variable">
<doc>Returns the given values which can then be assigned to a variables.</doc>
<arguments>
<arg>${version}</arg>
</arguments>
<status status="PASS" endtime="20160122 15:48:51.689" starttime="20160122 15:48:51.685"></status>
</kw>
<msg timestamp="20160122 15:48:51.692" level="INFO">${ver} =  1.0.0 2015.09.28-13:45:14 </msg>
<status status="PASS" endtime="20160122 15:48:51.691" starttime="20160122 15:48:51.675"></status>
</kw>
<kw type="kw" name="BuiltIn.Comment">
<doc>Displays the given messages in the log file as keyword arguments.</doc>
<arguments>
<arg>...</arg>
<arg>ELSE</arg>
<arg>Set Variable</arg>
<arg>${EMPTY}</arg>
</arguments>
<status status="PASS" endtime="20160122 15:48:51.699" starttime="20160122 15:48:51.695"></status>
</kw>
<msg timestamp="20160122 15:48:51.705" level="INFO">${in_rc} = OK</msg>
<msg timestamp="20160122 15:48:51.706" level="INFO">${in_version} =  1.0.0 2015.09.28-13:45:14 </msg>
<status status="PASS" endtime="20160122 15:48:51.702" starttime="20160122 15:48:49.938"></status>
</kw>
<kw type="kw" name="${xdr_rc}, ${xdr_version} = suite-global-keyword-resource.Get XDR Vitality State">
<doc>Checks multiple vitality aspects of an XDR instance</doc>
<arguments>
<arg>${XDR HOST}</arg>
<arg>1111</arg>
<arg>${XDR USER}</arg>
<arg>${XDR PWD}</arg>
<arg>${EMPTY}</arg>
<arg>${XDR SERVICE NAME}</arg>
</arguments>
<kw type="kw" name="${ssh_connection} = ssh-support-resource.SSH Login">
<doc>Does a password or RSA key file based login at the passed SSH connection depending whether or not the passed password is .</doc>
<arguments>
<arg>${ssh_user}</arg>
<arg>${ssh_pswd}</arg>
<arg>${ssh_rsa_key_file}</arg>
<arg>host=${host}</arg>
</arguments>
<kw type="kw" name="SSHLibrary.Set Default Configuration">
<doc>Update the default `configuration`.</doc>
<arguments>
<arg>loglevel=INFO</arg>
</arguments>
<status status="PASS" endtime="20160122 15:48:51.781" starttime="20160122 15:48:51.779"></status>
</kw>
<kw type="kw" name="${ssh_connection} = BuiltIn.Run Keyword If">
<doc>Runs the given keyword with the given arguments, if `condition` is true.</doc>
<arguments>
<arg>'${ssh_connection}'=='${EMPTY}'</arg>
<arg>Open Connection</arg>
<arg>${host}</arg>
<arg>port=22</arg>
<arg>timeout=3</arg>
<arg>prompt=$</arg>
</arguments>
<kw type="kw" name="SSHLibrary.Open Connection">
<doc>Opens a new SSH connection to the given `host` and `port`.</doc>
<arguments>
<arg>${host}</arg>
<arg>port=22</arg>
<arg>timeout=3</arg>
<arg>prompt=$</arg>
</arguments>
<status status="PASS" endtime="20160122 15:48:51.835" starttime="20160122 15:48:51.788"></status>
</kw>
<msg timestamp="20160122 15:48:51.837" level="INFO">${ssh_connection} = 2</msg>
<status status="PASS" endtime="20160122 15:48:51.836" starttime="20160122 15:48:51.783"></status>
</kw>
<kw type="kw" name="BuiltIn.Run Keyword If">
<doc>Runs the given keyword with the given arguments, if `condition` is true.</doc>
<arguments>
<arg>'${pswd}'=='${EMPTY}'</arg>
<arg>Login With Public Key</arg>
<arg>${user}</arg>
<arg>${rsa_key_file}</arg>
<arg>ELSE</arg>
<arg>Login</arg>
<arg>${user}</arg>
<arg>${pswd}</arg>
</arguments>
<kw type="kw" name="SSHLibrary.Login">
<doc>Logs into the SSH server with the given `username` and `password`.</doc>
<arguments>
<arg>${user}</arg>
<arg>${pswd}</arg>
</arguments>
<msg timestamp="20160122 15:48:51.846" level="INFO">Logging into '10.105.119.171:22' as 'qa_automation'.</msg>
<msg timestamp="20160122 15:48:52.375" level="INFO">Read output: Last login: Fri Jan 22 14:29:08 2016 from 10.105.101.196
id: cannot find name for group ID 20007
[1m[qa_automation@xdr01.tb19 ~]$</msg>
<status status="PASS" endtime="20160122 15:48:52.376" starttime="20160122 15:48:51.844"></status>
</kw>
<status status="PASS" endtime="20160122 15:48:52.379" starttime="20160122 15:48:51.838"></status>
</kw>
<msg timestamp="20160122 15:48:52.385" level="INFO">${ssh_connection} = 2</msg>
<status status="PASS" endtime="20160122 15:48:52.383" starttime="20160122 15:48:51.769"></status>
</kw>
<kw type="kw" name="${resultCode} = BuiltIn.Run Keyword If">
<doc>Runs the given keyword with the given arguments, if `condition` is true.</doc>
<arguments>
<arg>'${ssh_connection}'==''</arg>
<arg>Set Variable</arg>
<arg>LOGIN_FAILED</arg>
</arguments>
<msg timestamp="20160122 15:48:52.398" level="INFO">${resultCode} = None</msg>
<status status="PASS" endtime="20160122 15:48:52.397" starttime="20160122 15:48:52.388"></status>
</kw>
<kw type="kw" name="${output} = SSHLibrary.Execute Command">
<doc>Executes `command` on the remote machine and returns its outputs.</doc>
<arguments>
<arg>sudo service ${service_name} status</arg>
</arguments>
<msg timestamp="20160122 15:48:52.405" level="INFO">Executing command 'sudo service inew-mvno-xdr status'.</msg>
<msg timestamp="20160122 15:48:52.834" level="INFO">Command exited with return code 0.</msg>
<msg timestamp="20160122 15:48:52.835" level="INFO">${output} = I-New UMS MVNO - XDR - Server 6.1.5.27971 is running PID: 29486 </msg>
<status status="PASS" endtime="20160122 15:48:52.835" starttime="20160122 15:48:52.401"></status>
</kw>
<kw type="kw" name="${status}, ${rc} = BuiltIn.Run Keyword And Ignore Error">
<doc>Runs the given keyword with the given arguments and ignores possible error.</doc>
<arguments>
<arg>Should Contain</arg>
<arg>${output}</arg>
<arg>is running</arg>
<arg>msg=Service ${service_name} is not running!</arg>
</arguments>
<kw type="kw" name="BuiltIn.Should Contain">
<doc>Fails if `item1` does not contain `item2` one or more times.</doc>
<arguments>
<arg>${output}</arg>
<arg>is running</arg>
<arg>msg=Service ${service_name} is not running!</arg>
</arguments>
<status status="PASS" endtime="20160122 15:48:52.842" starttime="20160122 15:48:52.839"></status>
</kw>
<msg timestamp="20160122 15:48:52.843" level="INFO">${status} = PASS</msg>
<msg timestamp="20160122 15:48:52.844" level="INFO">${rc} = None</msg>
<status status="PASS" endtime="20160122 15:48:52.843" starttime="20160122 15:48:52.837"></status>
</kw>
<kw type="kw" name="${resultCode} = BuiltIn.Run Keyword If">
<doc>Runs the given keyword with the given arguments, if `condition` is true.</doc>
<arguments>
<arg>'${status}'=='PASS'</arg>
<arg>Set Variable</arg>
<arg>OK</arg>
<arg>ELSE</arg>
<arg>Set Variable</arg>
<arg>SERVICE_NOT_RUNNING</arg>
</arguments>
<kw type="kw" name="BuiltIn.Set Variable">
<doc>Returns the given values which can then be assigned to a variables.</doc>
<arguments>
<arg>OK</arg>
</arguments>
<status status="PASS" endtime="20160122 15:48:52.852" starttime="20160122 15:48:52.850"></status>
</kw>
<msg timestamp="20160122 15:48:52.853" level="INFO">${resultCode} = OK</msg>
<status status="PASS" endtime="20160122 15:48:52.853" starttime="20160122 15:48:52.845"></status>
</kw>
<kw type="kw" name="${version_r} = String.Fetch From Right">
<doc>Returns contents of the `string` after the last occurrence of `marker`.</doc>
<arguments>
<arg>${output}</arg>
<arg>Server</arg>
</arguments>
<msg timestamp="20160122 15:48:52.857" level="INFO">${version_r} =  6.1.5.27971 is running PID: 29486 </msg>
<status status="PASS" endtime="20160122 15:48:52.857" starttime="20160122 15:48:52.855"></status>
</kw>
<kw type="kw" name="${version} = String.Fetch From Left">
<doc>Returns contents of the `string` before the first occurrence of `marker`.</doc>
<arguments>
<arg>${version_r}</arg>
<arg>is running</arg>
</arguments>
<msg timestamp="20160122 15:48:52.861" level="INFO">${version} =  6.1.5.27971 </msg>
<status status="PASS" endtime="20160122 15:48:52.861" starttime="20160122 15:48:52.858"></status>
</kw>
<kw type="kw" name="BuiltIn.Comment">
<doc>Displays the given messages in the log file as keyword arguments.</doc>
<arguments>
<arg>****** Log out ******</arg>
</arguments>
<status status="PASS" endtime="20160122 15:48:52.864" starttime="20160122 15:48:52.863"></status>
</kw>
<kw type="kw" name="ssh-support-resource.SSH Logout">
<doc>Closes the passed SSH connection</doc>
<arguments>
<arg>${ssh_connection}</arg>
</arguments>
<kw type="kw" name="SSHLibrary.Switch Connection">
<doc>Switches the active connection by index or alias.</doc>
<arguments>
<arg>${ssh_connection}</arg>
</arguments>
<status status="PASS" endtime="20160122 15:48:52.880" starttime="20160122 15:48:52.878"></status>
</kw>
<kw type="kw" name="SSHLibrary.Close Connection">
<doc>Closes the current connection.</doc>
<arguments>
</arguments>
<status status="PASS" endtime="20160122 15:48:52.883" starttime="20160122 15:48:52.881"></status>
</kw>
<status status="PASS" endtime="20160122 15:48:52.884" starttime="20160122 15:48:52.865"></status>
</kw>
<kw type="kw" name="${ver} = BuiltIn.Run Keyword If">
<doc>Runs the given keyword with the given arguments, if `condition` is true.</doc>
<arguments>
<arg>'${resultCode}'=='OK'</arg>
<arg>Set Variable</arg>
<arg>${version}</arg>
<arg>ELSE</arg>
<arg>Set Variable</arg>
<arg>${EMPTY}</arg>
</arguments>
<kw type="kw" name="BuiltIn.Set Variable">
<doc>Returns the given values which can then be assigned to a variables.</doc>
<arguments>
<arg>${version}</arg>
</arguments>
<status status="PASS" endtime="20160122 15:48:52.892" starttime="20160122 15:48:52.890"></status>
</kw>
<msg timestamp="20160122 15:48:52.893" level="INFO">${ver} =  6.1.5.27971 </msg>
<status status="PASS" endtime="20160122 15:48:52.893" starttime="20160122 15:48:52.886"></status>
</kw>
<msg timestamp="20160122 15:48:52.896" level="INFO">${xdr_rc} = OK</msg>
<msg timestamp="20160122 15:48:52.897" level="INFO">${xdr_version} =  6.1.5.27971 </msg>
<status status="PASS" endtime="20160122 15:48:52.895" starttime="20160122 15:48:51.742"></status>
</kw>
<kw type="kw" name="${crce_rc}, ${crce_version} = suite-global-keyword-resource.Get CRCE Vitality State">
<doc>Checks the state of the CRCE service</doc>
<arguments>
<arg>${CRCE HOST}</arg>
<arg>1111</arg>
<arg>${CRCE USER}</arg>
<arg>${CRCE PWD}</arg>
<arg>${EMPTY}</arg>
<arg>${CRCE SERVICE NAME}</arg>
</arguments>
<kw type="kw" name="${ssh_connection} = ssh-support-resource.SSH Login">
<doc>Does a password or RSA key file based login at the passed SSH connection depending whether or not the passed password is .</doc>
<arguments>
<arg>${ssh_user}</arg>
<arg>${ssh_pswd}</arg>
<arg>${ssh_rsa_key_file}</arg>
<arg>host=${host}</arg>
</arguments>
<kw type="kw" name="SSHLibrary.Set Default Configuration">
<doc>Update the default `configuration`.</doc>
<arguments>
<arg>loglevel=INFO</arg>
</arguments>
<status status="PASS" endtime="20160122 15:48:52.951" starttime="20160122 15:48:52.949"></status>
</kw>
<kw type="kw" name="${ssh_connection} = BuiltIn.Run Keyword If">
<doc>Runs the given keyword with the given arguments, if `condition` is true.</doc>
<arguments>
<arg>'${ssh_connection}'=='${EMPTY}'</arg>
<arg>Open Connection</arg>
<arg>${host}</arg>
<arg>port=22</arg>
<arg>timeout=3</arg>
<arg>prompt=$</arg>
</arguments>
<kw type="kw" name="SSHLibrary.Open Connection">
<doc>Opens a new SSH connection to the given `host` and `port`.</doc>
<arguments>
<arg>${host}</arg>
<arg>port=22</arg>
<arg>timeout=3</arg>
<arg>prompt=$</arg>
</arguments>
<status status="PASS" endtime="20160122 15:48:53.007" starttime="20160122 15:48:52.958"></status>
</kw>
<msg timestamp="20160122 15:48:53.010" level="INFO">${ssh_connection} = 3</msg>
<status status="PASS" endtime="20160122 15:48:53.009" starttime="20160122 15:48:52.952"></status>
</kw>
<kw type="kw" name="BuiltIn.Run Keyword If">
<doc>Runs the given keyword with the given arguments, if `condition` is true.</doc>
<arguments>
<arg>'${pswd}'=='${EMPTY}'</arg>
<arg>Login With Public Key</arg>
<arg>${user}</arg>
<arg>${rsa_key_file}</arg>
<arg>ELSE</arg>
<arg>Login</arg>
<arg>${user}</arg>
<arg>${pswd}</arg>
</arguments>
<kw type="kw" name="SSHLibrary.Login">
<doc>Logs into the SSH server with the given `username` and `password`.</doc>
<arguments>
<arg>${user}</arg>
<arg>${pswd}</arg>
</arguments>
<msg timestamp="20160122 15:48:53.019" level="INFO">Logging into '10.105.119.125:22' as 'qa_automation'.</msg>
<msg timestamp="20160122 15:48:53.570" level="INFO">Read output: Last login: Fri Jan 22 14:29:09 2016 from 10.105.101.196
id: cannot find name for group ID 20007
[1m[qa_automation@crce01.tb19 ~]$</msg>
<status status="PASS" endtime="20160122 15:48:53.572" starttime="20160122 15:48:53.017"></status>
</kw>
<status status="PASS" endtime="20160122 15:48:53.573" starttime="20160122 15:48:53.012"></status>
</kw>
<msg timestamp="20160122 15:48:53.576" level="INFO">${ssh_connection} = 3</msg>
<status status="PASS" endtime="20160122 15:48:53.574" starttime="20160122 15:48:52.939"></status>
</kw>
<kw type="kw" name="${resultCode} = BuiltIn.Run Keyword If">
<doc>Runs the given keyword with the given arguments, if `condition` is true.</doc>
<arguments>
<arg>'${ssh_connection}'==''</arg>
<arg>Set Variable</arg>
<arg>LOGIN_FAILED</arg>
</arguments>
<msg timestamp="20160122 15:48:53.582" level="INFO">${resultCode} = None</msg>
<status status="PASS" endtime="20160122 15:48:53.582" starttime="20160122 15:48:53.577"></status>
</kw>
<kw type="kw" name="${output} = SSHLibrary.Execute Command">
<doc>Executes `command` on the remote machine and returns its outputs.</doc>
<arguments>
<arg>sudo service ${service_name} status</arg>
</arguments>
<msg timestamp="20160122 15:48:53.586" level="INFO">Executing command 'sudo service inew-mvno-crce status'.</msg>
<msg timestamp="20160122 15:48:53.807" level="INFO">Command exited with return code 0.</msg>
<msg timestamp="20160122 15:48:53.809" level="INFO">${output} = I-New MVNO CRCE - Negret Rating &amp; Charging Engine 6.1.24.31533
Negret Rating &amp; Charging Engine 6.1.24.31533 is running (PID:9357, Wrapper:STARTED, Java:STARTED)
CRCE is running.</msg>
<status status="PASS" endtime="20160122 15:48:53.808" starttime="20160122 15:48:53.584"></status>
</kw>
<kw type="kw" name="${status}, ${rc} = BuiltIn.Run Keyword And Ignore Error">
<doc>Runs the given keyword with the given arguments and ignores possible error.</doc>
<arguments>
<arg>Should Contain</arg>
<arg>${output}</arg>
<arg>is running</arg>
<arg>msg=Service ${service_name} is not running!</arg>
</arguments>
<kw type="kw" name="BuiltIn.Should Contain">
<doc>Fails if `item1` does not contain `item2` one or more times.</doc>
<arguments>
<arg>${output}</arg>
<arg>is running</arg>
<arg>msg=Service ${service_name} is not running!</arg>
</arguments>
<status status="PASS" endtime="20160122 15:48:53.815" starttime="20160122 15:48:53.813"></status>
</kw>
<msg timestamp="20160122 15:48:53.817" level="INFO">${status} = PASS</msg>
<msg timestamp="20160122 15:48:53.817" level="INFO">${rc} = None</msg>
<status status="PASS" endtime="20160122 15:48:53.816" starttime="20160122 15:48:53.810"></status>
</kw>
<kw type="kw" name="${resultCode} = BuiltIn.Run Keyword If">
<doc>Runs the given keyword with the given arguments, if `condition` is true.</doc>
<arguments>
<arg>'${status}'=='PASS'</arg>
<arg>Set Variable</arg>
<arg>OK</arg>
<arg>ELSE</arg>
<arg>Set Variable</arg>
<arg>SERVICE_NOT_RUNNING</arg>
</arguments>
<kw type="kw" name="BuiltIn.Set Variable">
<doc>Returns the given values which can then be assigned to a variables.</doc>
<arguments>
<arg>OK</arg>
</arguments>
<status status="PASS" endtime="20160122 15:48:53.825" starttime="20160122 15:48:53.823"></status>
</kw>
<msg timestamp="20160122 15:48:53.826" level="INFO">${resultCode} = OK</msg>
<status status="PASS" endtime="20160122 15:48:53.825" starttime="20160122 15:48:53.818"></status>
</kw>
<kw type="kw" name="${version_r} = String.Fetch From Right">
<doc>Returns contents of the `string` after the last occurrence of `marker`.</doc>
<arguments>
<arg>${output}</arg>
<arg>Engine</arg>
</arguments>
<msg timestamp="20160122 15:48:53.830" level="INFO">${version_r} =  6.1.24.31533 is running (PID:9357, Wrapper:STARTED, Java:STARTED)
CRCE is running.</msg>
<status status="PASS" endtime="20160122 15:48:53.829" starttime="20160122 15:48:53.827"></status>
</kw>
<kw type="kw" name="${version} = String.Fetch From Left">
<doc>Returns contents of the `string` before the first occurrence of `marker`.</doc>
<arguments>
<arg>${version_r}</arg>
<arg>is running</arg>
</arguments>
<msg timestamp="20160122 15:48:53.833" level="INFO">${version} =  6.1.24.31533 </msg>
<status status="PASS" endtime="20160122 15:48:53.833" starttime="20160122 15:48:53.831"></status>
</kw>
<kw type="kw" name="BuiltIn.Comment">
<doc>Displays the given messages in the log file as keyword arguments.</doc>
<arguments>
<arg>****** Log out ******</arg>
</arguments>
<status status="PASS" endtime="20160122 15:48:53.837" starttime="20160122 15:48:53.836"></status>
</kw>
<kw type="kw" name="ssh-support-resource.SSH Logout">
<doc>Closes the passed SSH connection</doc>
<arguments>
<arg>${ssh_connection}</arg>
</arguments>
<kw type="kw" name="SSHLibrary.Switch Connection">
<doc>Switches the active connection by index or alias.</doc>
<arguments>
<arg>${ssh_connection}</arg>
</arguments>
<status status="PASS" endtime="20160122 15:48:53.849" starttime="20160122 15:48:53.847"></status>
</kw>
<kw type="kw" name="SSHLibrary.Close Connection">
<doc>Closes the current connection.</doc>
<arguments>
</arguments>
<status status="PASS" endtime="20160122 15:48:53.852" starttime="20160122 15:48:53.850"></status>
</kw>
<status status="PASS" endtime="20160122 15:48:53.853" starttime="20160122 15:48:53.839"></status>
</kw>
<kw type="kw" name="${ver} = BuiltIn.Run Keyword If">
<doc>Runs the given keyword with the given arguments, if `condition` is true.</doc>
<arguments>
<arg>'${resultCode}'=='OK'</arg>
<arg>Set Variable</arg>
<arg>${version}</arg>
</arguments>
<kw type="kw" name="BuiltIn.Set Variable">
<doc>Returns the given values which can then be assigned to a variables.</doc>
<arguments>
<arg>${version}</arg>
</arguments>
<status status="PASS" endtime="20160122 15:48:53.861" starttime="20160122 15:48:53.859"></status>
</kw>
<msg timestamp="20160122 15:48:53.862" level="INFO">${ver} =  6.1.24.31533 </msg>
<status status="PASS" endtime="20160122 15:48:53.861" starttime="20160122 15:48:53.854"></status>
</kw>
<kw type="kw" name="BuiltIn.Comment">
<doc>Displays the given messages in the log file as keyword arguments.</doc>
<arguments>
<arg>...</arg>
<arg>ELSE</arg>
<arg>Set Variable</arg>
<arg>${EMPTY}</arg>
</arguments>
<status status="PASS" endtime="20160122 15:48:53.865" starttime="20160122 15:48:53.863"></status>
</kw>
<msg timestamp="20160122 15:48:53.867" level="INFO">${crce_rc} = OK</msg>
<msg timestamp="20160122 15:48:53.868" level="INFO">${crce_version} =  6.1.24.31533 </msg>
<status status="PASS" endtime="20160122 15:48:53.866" starttime="20160122 15:48:52.912"></status>
</kw>
<kw type="kw" name="${ocs_rc}, ${ocs_version} = suite-global-keyword-resource.Get OCS Vitality State">
<doc>Checks the state of the OCS service</doc>
<arguments>
<arg>${OCS HOST}</arg>
<arg>1111</arg>
<arg>${OCS USER}</arg>
<arg>${OCS PWD}</arg>
<arg>${EMPTY}</arg>
<arg>${OCS SERVICE NAME}</arg>
</arguments>
<kw type="kw" name="${ssh_connection} = ssh-support-resource.SSH Login">
<doc>Does a password or RSA key file based login at the passed SSH connection depending whether or not the passed password is .</doc>
<arguments>
<arg>${ssh_user}</arg>
<arg>${ssh_pswd}</arg>
<arg>${ssh_rsa_key_file}</arg>
<arg>host=${host}</arg>
</arguments>
<kw type="kw" name="SSHLibrary.Set Default Configuration">
<doc>Update the default `configuration`.</doc>
<arguments>
<arg>loglevel=INFO</arg>
</arguments>
<status status="PASS" endtime="20160122 15:48:53.915" starttime="20160122 15:48:53.913"></status>
</kw>
<kw type="kw" name="${ssh_connection} = BuiltIn.Run Keyword If">
<doc>Runs the given keyword with the given arguments, if `condition` is true.</doc>
<arguments>
<arg>'${ssh_connection}'=='${EMPTY}'</arg>
<arg>Open Connection</arg>
<arg>${host}</arg>
<arg>port=22</arg>
<arg>timeout=3</arg>
<arg>prompt=$</arg>
</arguments>
<kw type="kw" name="SSHLibrary.Open Connection">
<doc>Opens a new SSH connection to the given `host` and `port`.</doc>
<arguments>
<arg>${host}</arg>
<arg>port=22</arg>
<arg>timeout=3</arg>
<arg>prompt=$</arg>
</arguments>
<status status="PASS" endtime="20160122 15:48:53.968" starttime="20160122 15:48:53.921"></status>
</kw>
<msg timestamp="20160122 15:48:53.971" level="INFO">${ssh_connection} = 4</msg>
<status status="PASS" endtime="20160122 15:48:53.970" starttime="20160122 15:48:53.916"></status>
</kw>
<kw type="kw" name="BuiltIn.Run Keyword If">
<doc>Runs the given keyword with the given arguments, if `condition` is true.</doc>
<arguments>
<arg>'${pswd}'=='${EMPTY}'</arg>
<arg>Login With Public Key</arg>
<arg>${user}</arg>
<arg>${rsa_key_file}</arg>
<arg>ELSE</arg>
<arg>Login</arg>
<arg>${user}</arg>
<arg>${pswd}</arg>
</arguments>
<kw type="kw" name="SSHLibrary.Login">
<doc>Logs into the SSH server with the given `username` and `password`.</doc>
<arguments>
<arg>${user}</arg>
<arg>${pswd}</arg>
</arguments>
<msg timestamp="20160122 15:48:53.990" level="INFO">Logging into '10.105.119.159:22' as 'qa_automation'.</msg>
<msg timestamp="20160122 15:48:54.420" level="INFO">Read output: Last login: Fri Jan 22 14:29:10 2016 from 10.105.101.196
id: cannot find name for group ID 20007
[1m[qa_automation@ocs01.tb19 ~]$</msg>
<status status="PASS" endtime="20160122 15:48:54.422" starttime="20160122 15:48:53.985"></status>
</kw>
<status status="PASS" endtime="20160122 15:48:54.423" starttime="20160122 15:48:53.974"></status>
</kw>
<msg timestamp="20160122 15:48:54.426" level="INFO">${ssh_connection} = 4</msg>
<status status="PASS" endtime="20160122 15:48:54.425" starttime="20160122 15:48:53.904"></status>
</kw>
<kw type="kw" name="${resultCode} = BuiltIn.Run Keyword If">
<doc>Runs the given keyword with the given arguments, if `condition` is true.</doc>
<arguments>
<arg>'${ssh_connection}'==''</arg>
<arg>Set Variable</arg>
<arg>LOGIN_FAILED</arg>
</arguments>
<msg timestamp="20160122 15:48:54.433" level="INFO">${resultCode} = None</msg>
<status status="PASS" endtime="20160122 15:48:54.432" starttime="20160122 15:48:54.427"></status>
</kw>
<kw type="kw" name="${output} = SSHLibrary.Execute Command">
<doc>Executes `command` on the remote machine and returns its outputs.</doc>
<arguments>
<arg>sudo service ${service_name} status</arg>
</arguments>
<msg timestamp="20160122 15:48:54.435" level="INFO">Executing command 'sudo service inew-mvno-ocs status'.</msg>
<msg timestamp="20160122 15:48:54.517" level="INFO">Command exited with return code 0.</msg>
<msg timestamp="20160122 15:48:54.518" level="INFO">${output} = I-New MVNO GyApp - Diameter Gy Application 6.1.0.2044
GyApp is running (PID: 32521)</msg>
<status status="PASS" endtime="20160122 15:48:54.518" starttime="20160122 15:48:54.434"></status>
</kw>
<kw type="kw" name="${status}, ${rc} = BuiltIn.Run Keyword And Ignore Error">
<doc>Runs the given keyword with the given arguments and ignores possible error.</doc>
<arguments>
<arg>Should Contain</arg>
<arg>${output}</arg>
<arg>is running</arg>
<arg>msg=Service ${service_name} is not running!</arg>
</arguments>
<kw type="kw" name="BuiltIn.Should Contain">
<doc>Fails if `item1` does not contain `item2` one or more times.</doc>
<arguments>
<arg>${output}</arg>
<arg>is running</arg>
<arg>msg=Service ${service_name} is not running!</arg>
</arguments>
<status status="PASS" endtime="20160122 15:48:54.524" starttime="20160122 15:48:54.522"></status>
</kw>
<msg timestamp="20160122 15:48:54.526" level="INFO">${status} = PASS</msg>
<msg timestamp="20160122 15:48:54.526" level="INFO">${rc} = None</msg>
<status status="PASS" endtime="20160122 15:48:54.525" starttime="20160122 15:48:54.520"></status>
</kw>
<kw type="kw" name="${resultCode} = BuiltIn.Run Keyword If">
<doc>Runs the given keyword with the given arguments, if `condition` is true.</doc>
<arguments>
<arg>'${status}'=='PASS'</arg>
<arg>Set Variable</arg>
<arg>OK</arg>
<arg>ELSE</arg>
<arg>Set Variable</arg>
<arg>SERVICE_NOT_RUNNING</arg>
</arguments>
<kw type="kw" name="BuiltIn.Set Variable">
<doc>Returns the given values which can then be assigned to a variables.</doc>
<arguments>
<arg>OK</arg>
</arguments>
<status status="PASS" endtime="20160122 15:48:54.533" starttime="20160122 15:48:54.532"></status>
</kw>
<msg timestamp="20160122 15:48:54.535" level="INFO">${resultCode} = OK</msg>
<status status="PASS" endtime="20160122 15:48:54.534" starttime="20160122 15:48:54.528"></status>
</kw>
<kw type="kw" name="${version_r} = String.Fetch From Right">
<doc>Returns contents of the `string` after the last occurrence of `marker`.</doc>
<arguments>
<arg>${output}</arg>
<arg>Engine</arg>
</arguments>
<msg timestamp="20160122 15:48:54.538" level="INFO">${version_r} = I-New MVNO GyApp - Diameter Gy Application 6.1.0.2044
GyApp is running (PID: 32521)</msg>
<status status="PASS" endtime="20160122 15:48:54.538" starttime="20160122 15:48:54.536"></status>
</kw>
<kw type="kw" name="${version} = String.Fetch From Left">
<doc>Returns contents of the `string` before the first occurrence of `marker`.</doc>
<arguments>
<arg>${version_r}</arg>
<arg>is running</arg>
</arguments>
<msg timestamp="20160122 15:48:54.542" level="INFO">${version} = I-New MVNO GyApp - Diameter Gy Application 6.1.0.2044
GyApp </msg>
<status status="PASS" endtime="20160122 15:48:54.541" starttime="20160122 15:48:54.539"></status>
</kw>
<kw type="kw" name="BuiltIn.Comment">
<doc>Displays the given messages in the log file as keyword arguments.</doc>
<arguments>
<arg>****** Log out ******</arg>
</arguments>
<status status="PASS" endtime="20160122 15:48:54.544" starttime="20160122 15:48:54.543"></status>
</kw>
<kw type="kw" name="ssh-support-resource.SSH Logout">
<doc>Closes the passed SSH connection</doc>
<arguments>
<arg>${ssh_connection}</arg>
</arguments>
<kw type="kw" name="SSHLibrary.Switch Connection">
<doc>Switches the active connection by index or alias.</doc>
<arguments>
<arg>${ssh_connection}</arg>
</arguments>
<status status="PASS" endtime="20160122 15:48:54.555" starttime="20160122 15:48:54.554"></status>
</kw>
<kw type="kw" name="SSHLibrary.Close Connection">
<doc>Closes the current connection.</doc>
<arguments>
</arguments>
<status status="PASS" endtime="20160122 15:48:54.558" starttime="20160122 15:48:54.557"></status>
</kw>
<status status="PASS" endtime="20160122 15:48:54.560" starttime="20160122 15:48:54.546"></status>
</kw>
<kw type="kw" name="${ver} = BuiltIn.Run Keyword If">
<doc>Runs the given keyword with the given arguments, if `condition` is true.</doc>
<arguments>
<arg>'${resultCode}'=='OK'</arg>
<arg>Set Variable</arg>
<arg>${version}</arg>
</arguments>
<kw type="kw" name="BuiltIn.Set Variable">
<doc>Returns the given values which can then be assigned to a variables.</doc>
<arguments>
<arg>${version}</arg>
</arguments>
<status status="PASS" endtime="20160122 15:48:54.567" starttime="20160122 15:48:54.565"></status>
</kw>
<msg timestamp="20160122 15:48:54.568" level="INFO">${ver} = I-New MVNO GyApp - Diameter Gy Application 6.1.0.2044
GyApp </msg>
<status status="PASS" endtime="20160122 15:48:54.567" starttime="20160122 15:48:54.561"></status>
</kw>
<kw type="kw" name="BuiltIn.Comment">
<doc>Displays the given messages in the log file as keyword arguments.</doc>
<arguments>
<arg>...</arg>
<arg>ELSE</arg>
<arg>Set Variable</arg>
<arg>${EMPTY}</arg>
</arguments>
<status status="PASS" endtime="20160122 15:48:54.571" starttime="20160122 15:48:54.569"></status>
</kw>
<msg timestamp="20160122 15:48:54.573" level="INFO">${ocs_rc} = OK</msg>
<msg timestamp="20160122 15:48:54.574" level="INFO">${ocs_version} = I-New MVNO GyApp - Diameter Gy Application 6.1.0.2044
GyApp </msg>
<status status="PASS" endtime="20160122 15:48:54.572" starttime="20160122 15:48:53.882"></status>
</kw>
<kw type="kw" name="BuiltIn.Log">
<doc>Logs the given message with the given level.</doc>
<arguments>
<arg>IN state= ${in_rc} version=${in_version}</arg>
<arg>console=yes</arg>
</arguments>
<msg timestamp="20160122 15:48:54.577" level="INFO">IN state= OK version= 1.0.0 2015.09.28-13:45:14 </msg>
<status status="PASS" endtime="20160122 15:48:54.578" starttime="20160122 15:48:54.575"></status>
</kw>
<kw type="kw" name="BuiltIn.Log">
<doc>Logs the given message with the given level.</doc>
<arguments>
<arg>XDR state= ${xdr_rc} version=${xdr_version}</arg>
<arg>console=yes</arg>
</arguments>
<msg timestamp="20160122 15:48:54.581" level="INFO">XDR state= OK version= 6.1.5.27971 </msg>
<status status="PASS" endtime="20160122 15:48:54.582" starttime="20160122 15:48:54.579"></status>
</kw>
<kw type="kw" name="BuiltIn.Log">
<doc>Logs the given message with the given level.</doc>
<arguments>
<arg>CRCE state= ${crce_rc} version=${crce_version}</arg>
<arg>console=yes</arg>
</arguments>
<msg timestamp="20160122 15:48:54.585" level="INFO">CRCE state= OK version= 6.1.24.31533 </msg>
<status status="PASS" endtime="20160122 15:48:54.586" starttime="20160122 15:48:54.583"></status>
</kw>
<kw type="kw" name="BuiltIn.Log">
<doc>Logs the given message with the given level.</doc>
<arguments>
<arg>OCS state= ${ocs_rc} version=${ocs_version}</arg>
<arg>console=yes</arg>
</arguments>
<msg timestamp="20160122 15:48:54.589" level="INFO">OCS state= OK version=I-New MVNO GyApp - Diameter Gy Application 6.1.0.2044
GyApp </msg>
<status status="PASS" endtime="20160122 15:48:54.590" starttime="20160122 15:48:54.587"></status>
</kw>
<kw type="kw" name="BuiltIn.Should Be Equal">
<doc>Fails if the given objects are unequal.</doc>
<arguments>
<arg>${in_rc}</arg>
<arg>OK</arg>
<arg>msg=IN</arg>
</arguments>
<msg timestamp="20160122 15:48:54.593" level="INFO">Argument types are:
&lt;type 'unicode'&gt;
&lt;type 'unicode'&gt;</msg>
<status status="PASS" endtime="20160122 15:48:54.593" starttime="20160122 15:48:54.591"></status>
</kw>
<kw type="kw" name="BuiltIn.Should Be Equal">
<doc>Fails if the given objects are unequal.</doc>
<arguments>
<arg>${xdr_rc}</arg>
<arg>OK</arg>
<arg>msg=XDR</arg>
</arguments>
<msg timestamp="20160122 15:48:54.596" level="INFO">Argument types are:
&lt;type 'unicode'&gt;
&lt;type 'unicode'&gt;</msg>
<status status="PASS" endtime="20160122 15:48:54.597" starttime="20160122 15:48:54.594"></status>
</kw>
<kw type="kw" name="BuiltIn.Should Be Equal">
<doc>Fails if the given objects are unequal.</doc>
<arguments>
<arg>${crce_rc}</arg>
<arg>OK</arg>
<arg>msg=CRCE</arg>
</arguments>
<msg timestamp="20160122 15:48:54.600" level="INFO">Argument types are:
&lt;type 'unicode'&gt;
&lt;type 'unicode'&gt;</msg>
<status status="PASS" endtime="20160122 15:48:54.600" starttime="20160122 15:48:54.598"></status>
</kw>
<kw type="kw" name="BuiltIn.Should Be Equal">
<doc>Fails if the given objects are unequal.</doc>
<arguments>
<arg>${ocs_rc}</arg>
<arg>OK</arg>
<arg>msg=OCS</arg>
</arguments>
<msg timestamp="20160122 15:48:54.604" level="INFO">Argument types are:
&lt;type 'unicode'&gt;
&lt;type 'unicode'&gt;</msg>
<status status="PASS" endtime="20160122 15:48:54.605" starttime="20160122 15:48:54.602"></status>
</kw>
<kw type="kw" name="${temp} = BuiltIn.Set Variable If">
<doc>Sets variable based on the given condition.</doc>
<arguments>
<arg>'${SUT PROJECT TAG PREFIX}'=='MTEL'</arg>
<arg>${ROBOT WORKSPACE PATH}/external_tests/experimental/matko.sanseovic/reroute_changes</arg>
<arg>'${SUT PROJECT TAG PREFIX}'!=''</arg>
<arg>${CG UNIFIED WS PATH}</arg>
</arguments>
<kw type="kw" name="BuiltIn.Set Variable If">
<doc>Sets variable based on the given condition.</doc>
<arguments>
<arg>'${SUT PROJECT TAG PREFIX}'!=''</arg>
<arg>${CG UNIFIED WS PATH}</arg>
</arguments>
<status status="PASS" endtime="20160122 15:48:54.614" starttime="20160122 15:48:54.610"></status>
</kw>
<msg timestamp="20160122 15:48:54.616" level="INFO">${temp} = /opt/robot/robotworkspace/external_tests/CG_unified_workspace</msg>
<status status="PASS" endtime="20160122 15:48:54.615" starttime="20160122 15:48:54.606"></status>
</kw>
<kw type="kw" name="BuiltIn.Set Global Variable">
<doc>Makes a variable available globally in all tests and suites.</doc>
<arguments>
<arg>${CG UNIFIED WS PATH}</arg>
<arg>${temp}</arg>
</arguments>
<msg timestamp="20160122 15:48:54.619" level="INFO">${CG UNIFIED WS PATH} = /opt/robot/robotworkspace/external_tests/CG_unified_workspace</msg>
<status status="PASS" endtime="20160122 15:48:54.620" starttime="20160122 15:48:54.617"></status>
</kw>
<status status="PASS" endtime="20160122 15:48:54.621" starttime="20160122 15:48:49.826"></status>
</kw>
<test id="s1-t1" name="Run MOC 136s Call">
<kw type="kw" name="BuiltIn.Comment">
<doc>Displays the given messages in the log file as keyword arguments.</doc>
<arguments>
<arg>******* Create test subscribers *******</arg>
</arguments>
<status status="PASS" endtime="20160122 15:48:54.633" starttime="20160122 15:48:54.631"></status>
</kw>
<kw type="kw" name="${INITIAL_BALANCE} = BuiltIn.Set Variable">
<doc>Returns the given values which can then be assigned to a variables.</doc>
<arguments>
<arg>100000000</arg>
</arguments>
<msg timestamp="20160122 15:48:54.636" level="INFO">${INITIAL_BALANCE} = 100000000</msg>
<status status="PASS" endtime="20160122 15:48:54.636" starttime="20160122 15:48:54.634"></status>
</kw>
<kw type="kw" name="${return_code} = subscriber-admin-support-resource.CRCE Create Test Subscribers">
<doc>Provisions one or multiple test subscribers on CRCE only.</doc>
<arguments>
<arg>${CRCE01 HOST}</arg>
<arg>${CRCE01 WEBSERVICES PORT}</arg>
<arg>${CRCE01 WEBSERVICES BASE PATH}</arg>
<arg>2</arg>
<arg>${TESTSUBCRIBERS IMSI RANGE START}</arg>
<arg>${TESTSUBCRIBERS MSISDN RANGE START}</arg>
<arg>PREPAID</arg>
<arg>${TESTSUBCRIBERS DEFAULT LANGUAGEID}</arg>
<arg>${TESTSUBCRIBERS DEFAULT TARIFFID}</arg>
<arg>${INITIAL_BALANCE}</arg>
</arguments>
<kw type="kw" name="BuiltIn.Log">
<doc>Logs the given message with the given level.</doc>
<arguments>
<arg>msg=crce_host=${crce_host}</arg>
</arguments>
<msg timestamp="20160122 15:48:54.652" level="INFO">msg=crce_host=10.105.119.125</msg>
<status status="PASS" endtime="20160122 15:48:54.652" starttime="20160122 15:48:54.650"></status>
</kw>
<kw type="kw" name="BuiltIn.Log">
<doc>Logs the given message with the given level.</doc>
<arguments>
<arg>msg=crce_port=${crce_port}</arg>
</arguments>
<msg timestamp="20160122 15:48:54.655" level="INFO">msg=crce_port=8080</msg>
<status status="PASS" endtime="20160122 15:48:54.656" starttime="20160122 15:48:54.653"></status>
</kw>
<kw type="kw" name="BuiltIn.Log">
<doc>Logs the given message with the given level.</doc>
<arguments>
<arg>msg=crce_webservicesBasePath=${crce_webservicesBasePath}</arg>
</arguments>
<msg timestamp="20160122 15:48:54.658" level="INFO">msg=crce_webservicesBasePath=/inew-mvno-crce-webservices/</msg>
<status status="PASS" endtime="20160122 15:48:54.659" starttime="20160122 15:48:54.657"></status>
</kw>
<kw type="kw" name="BuiltIn.Log">
<doc>Logs the given message with the given level.</doc>
<arguments>
<arg>msg=amount=${amount}</arg>
</arguments>
<msg timestamp="20160122 15:48:54.661" level="INFO">msg=amount=2</msg>
<status status="PASS" endtime="20160122 15:48:54.662" starttime="20160122 15:48:54.660"></status>
</kw>
<kw type="kw" name="BuiltIn.Log">
<doc>Logs the given message with the given level.</doc>
<arguments>
<arg>msg=imsiRangeStart=${imsiRangeStart}</arg>
</arguments>
<msg timestamp="20160122 15:48:54.665" level="INFO">msg=imsiRangeStart=334030880001000</msg>
<status status="PASS" endtime="20160122 15:48:54.665" starttime="20160122 15:48:54.663"></status>
</kw>
<kw type="kw" name="BuiltIn.Log">
<doc>Logs the given message with the given level.</doc>
<arguments>
<arg>msg=msisdnRangeStart=${msisdnRangeStart}</arg>
</arguments>
<msg timestamp="20160122 15:48:54.668" level="INFO">msg=msisdnRangeStart=525516001000</msg>
<status status="PASS" endtime="20160122 15:48:54.669" starttime="20160122 15:48:54.666"></status>
</kw>
<kw type="kw" name="BuiltIn.Log">
<doc>Logs the given message with the given level.</doc>
<arguments>
<arg>msg=type=${type}</arg>
</arguments>
<msg timestamp="20160122 15:48:54.671" level="INFO">msg=type=PREPAID</msg>
<status status="PASS" endtime="20160122 15:48:54.672" starttime="20160122 15:48:54.670"></status>
</kw>
<kw type="kw" name="BuiltIn.Log">
<doc>Logs the given message with the given level.</doc>
<arguments>
<arg>msg=languageid=${languageid}</arg>
</arguments>
<msg timestamp="20160122 15:48:54.674" level="INFO">msg=languageid=3</msg>
<status status="PASS" endtime="20160122 15:48:54.675" starttime="20160122 15:48:54.673"></status>
</kw>
<kw type="kw" name="BuiltIn.Log">
<doc>Logs the given message with the given level.</doc>
<arguments>
<arg>msg=tariffId=${tariffId}</arg>
</arguments>
<msg timestamp="20160122 15:48:54.678" level="INFO">msg=tariffId=101001</msg>
<status status="PASS" endtime="20160122 15:48:54.678" starttime="20160122 15:48:54.676"></status>
</kw>
<kw type="kw" name="BuiltIn.Log">
<doc>Logs the given message with the given level.</doc>
<arguments>
<arg>msg=balance=${balance}</arg>
</arguments>
<msg timestamp="20160122 15:48:54.681" level="INFO">msg=balance=100000000</msg>
<status status="PASS" endtime="20160122 15:48:54.681" starttime="20160122 15:48:54.679"></status>
</kw>
<kw type="kw" name="subscriber-admin-support-resource.CRCE Setup SoapUI Logs">
<doc>This is a PRIVATE helper function to setup the SoapUI's basic log files since for unknown reasons SoapUI sometimes doesn't newly create them</doc>
<arguments>
</arguments>
<kw type="kw" name="BuiltIn.Run Keyword And Ignore Error">
<doc>Runs the given keyword with the given arguments and ignores possible error.</doc>
<arguments>
<arg>Create File</arg>
<arg>${SOAPUI GROOVY LOG}</arg>
</arguments>
<kw type="kw" name="OperatingSystem.Create File">
<doc>Creates a file with the given content and encoding.</doc>
<arguments>
<arg>${SOAPUI GROOVY LOG}</arg>
</arguments>
<msg timestamp="20160122 15:48:54.695" html="yes" level="INFO">Created file '&lt;a href="file:///opt/robot/robotworkspace/robot_testsuites/basic/PrePaid/MOC/OnNet/MOC_PREPAID_ONNET-LongDuration136s/global-groovy.log"&gt;/opt/robot/robotworkspace/robot_testsuites/basic/PrePaid/MOC/OnNet/MOC_PREPAID_ONNET-LongDuration136s/global-groovy.log&lt;/a&gt;'</msg>
<status status="PASS" endtime="20160122 15:48:54.696" starttime="20160122 15:48:54.692"></status>
</kw>
<status status="PASS" endtime="20160122 15:48:54.697" starttime="20160122 15:48:54.690"></status>
</kw>
<kw type="kw" name="BuiltIn.Run Keyword And Ignore Error">
<doc>Runs the given keyword with the given arguments and ignores possible error.</doc>
<arguments>
<arg>Create File</arg>
<arg>${SOAPUI LOG}</arg>
</arguments>
<kw type="kw" name="OperatingSystem.Create File">
<doc>Creates a file with the given content and encoding.</doc>
<arguments>
<arg>${SOAPUI LOG}</arg>
</arguments>
<msg timestamp="20160122 15:48:54.701" html="yes" level="INFO">Created file '&lt;a href="file:///opt/robot/robotworkspace/robot_testsuites/basic/PrePaid/MOC/OnNet/MOC_PREPAID_ONNET-LongDuration136s/soapui.log"&gt;/opt/robot/robotworkspace/robot_testsuites/basic/PrePaid/MOC/OnNet/MOC_PREPAID_ONNET-LongDuration136s/soapui.log&lt;/a&gt;'</msg>
<status status="PASS" endtime="20160122 15:48:54.702" starttime="20160122 15:48:54.699"></status>
</kw>
<status status="PASS" endtime="20160122 15:48:54.703" starttime="20160122 15:48:54.698"></status>
</kw>
<kw type="kw" name="BuiltIn.Run Keyword And Ignore Error">
<doc>Runs the given keyword with the given arguments and ignores possible error.</doc>
<arguments>
<arg>Create File</arg>
<arg>${SOAPUI ERROR LOG}</arg>
</arguments>
<kw type="kw" name="OperatingSystem.Create File">
<doc>Creates a file with the given content and encoding.</doc>
<arguments>
<arg>${SOAPUI ERROR LOG}</arg>
</arguments>
<msg timestamp="20160122 15:48:54.708" html="yes" level="INFO">Created file '&lt;a href="file:///opt/robot/robotworkspace/robot_testsuites/basic/PrePaid/MOC/OnNet/MOC_PREPAID_ONNET-LongDuration136s/soapui-errors.log"&gt;/opt/robot/robotworkspace/robot_testsuites/basic/PrePaid/MOC/OnNet/MOC_PREPAID_ONNET-LongDuration136s/soapui-errors.log&lt;/a&gt;'</msg>
<status status="PASS" endtime="20160122 15:48:54.709" starttime="20160122 15:48:54.706"></status>
</kw>
<status status="PASS" endtime="20160122 15:48:54.710" starttime="20160122 15:48:54.704"></status>
</kw>
<status status="PASS" endtime="20160122 15:48:54.710" starttime="20160122 15:48:54.684"></status>
</kw>
<kw type="kw" name="InewSoapUILibrary.Soapui Project">
<doc>Initialize the runner and set the project string </doc>
<arguments>
<arg>${ROBOT WORKSPACE PATH}/${SOAPUI PROJECTS WORKSPACE RELATIVE PATH}</arg>
</arguments>
<msg timestamp="20160122 15:48:54.714" level="INFO">SoapUI 5.1.3 TestCase Runner</msg>
<status status="PASS" endtime="20160122 15:48:54.715" starttime="20160122 15:48:54.711"></status>
</kw>
<kw type="kw" name="InewSoapUILibrary.Soapui Set Project Property">
<doc>Sets project properties for the current test run.</doc>
<arguments>
<arg>crceHost=${crce_host}</arg>
</arguments>
<status status="PASS" endtime="20160122 15:48:54.718" starttime="20160122 15:48:54.716"></status>
</kw>
<kw type="kw" name="InewSoapUILibrary.Soapui Set Project Property">
<doc>Sets project properties for the current test run.</doc>
<arguments>
<arg>crcePort=${crce_port}</arg>
</arguments>
<status status="PASS" endtime="20160122 15:48:54.720" starttime="20160122 15:48:54.719"></status>
</kw>
<kw type="kw" name="InewSoapUILibrary.Soapui Set Project Property">
<doc>Sets project properties for the current test run.</doc>
<arguments>
<arg>crceWebservicesBasePath=${crce_webservicesBasePath}</arg>
</arguments>
<status status="PASS" endtime="20160122 15:48:54.723" starttime="20160122 15:48:54.721"></status>
</kw>
<kw type="kw" name="InewSoapUILibrary.Soapui Suite">
<doc>Set the suite string </doc>
<arguments>
<arg>HighLevelOps</arg>
</arguments>
<status status="PASS" endtime="20160122 15:48:54.726" starttime="20160122 15:48:54.724"></status>
</kw>
<kw type="kw" name="InewSoapUILibrary.Soapui Case">
<doc>Set the test case string </doc>
<arguments>
<arg>createTestSubscribers</arg>
</arguments>
<status status="PASS" endtime="20160122 15:48:54.728" starttime="20160122 15:48:54.727"></status>
</kw>
<kw type="kw" name="InewSoapUILibrary.Soapui Set Project Property">
<doc>Sets project properties for the current test run.</doc>
<arguments>
<arg>HighLevelOps.createTestSubscribers.input.amount=${amount}</arg>
</arguments>
<status status="PASS" endtime="20160122 15:48:54.731" starttime="20160122 15:48:54.729"></status>
</kw>
<kw type="kw" name="InewSoapUILibrary.Soapui Set Project Property">
<doc>Sets project properties for the current test run.</doc>
<arguments>
<arg>HighLevelOps.createTestSubscribers.input.imsiRangeStart=${imsiRangeStart}</arg>
</arguments>
<status status="PASS" endtime="20160122 15:48:54.733" starttime="20160122 15:48:54.732"></status>
</kw>
<kw type="kw" name="InewSoapUILibrary.Soapui Set Project Property">
<doc>Sets project properties for the current test run.</doc>
<arguments>
<arg>HighLevelOps.createTestSubscribers.input.msisdnRangeStart=${msisdnRangeStart}</arg>
</arguments>
<status status="PASS" endtime="20160122 15:48:54.736" starttime="20160122 15:48:54.734"></status>
</kw>
<kw type="kw" name="InewSoapUILibrary.Soapui Set Project Property">
<doc>Sets project properties for the current test run.</doc>
<arguments>
<arg>HighLevelOps.createTestSubscribers.input.type=${type}</arg>
</arguments>
<status status="PASS" endtime="20160122 15:48:54.739" starttime="20160122 15:48:54.737"></status>
</kw>
<kw type="kw" name="InewSoapUILibrary.Soapui Set Project Property">
<doc>Sets project properties for the current test run.</doc>
<arguments>
<arg>HighLevelOps.createTestSubscribers.input.languageid=${languageid}</arg>
</arguments>
<status status="PASS" endtime="20160122 15:48:54.742" starttime="20160122 15:48:54.740"></status>
</kw>
<kw type="kw" name="InewSoapUILibrary.Soapui Set Project Property">
<doc>Sets project properties for the current test run.</doc>
<arguments>
<arg>HighLevelOps.createTestSubscribers.input.tariffId=${tariffId}</arg>
</arguments>
<status status="PASS" endtime="20160122 15:48:54.745" starttime="20160122 15:48:54.743"></status>
</kw>
<kw type="kw" name="InewSoapUILibrary.Soapui Set Project Property">
<doc>Sets project properties for the current test run.</doc>
<arguments>
<arg>HighLevelOps.createTestSubscribers.input.balance=${balance}</arg>
</arguments>
<status status="PASS" endtime="20160122 15:48:54.747" starttime="20160122 15:48:54.746"></status>
</kw>
<kw type="kw" name="${execution_status}, ${return_value_dummy} = BuiltIn.Run Keyword And Ignore Error">
<doc>Runs the given keyword with the given arguments and ignores possible error.</doc>
<arguments>
<arg>SoapUI Run</arg>
</arguments>
<kw type="kw" name="InewSoapUILibrary.Soapui Run">
<doc>Run the runner and report to Robot </doc>
<arguments>
</arguments>
<msg timestamp="20160122 15:48:54.751" level="INFO">Running with the following project properties set: [u'crceHost=10.105.119.125', u'crcePort=8080', u'crceWebservicesBasePath=/inew-mvno-crce-webservices/', u'HighLevelOps.createTestSubscribers.input.amount=2', u'HighLevelOps.createTestSubscribers.input.imsiRangeStart=334030880001000', u'HighLevelOps.createTestSubscribers.input.msisdnRangeStart=525516001000', u'HighLevelOps.createTestSubscribers.input.type=PREPAID', u'HighLevelOps.createTestSubscribers.input.languageid=3', u'HighLevelOps.createTestSubscribers.input.tariffId=101001', u'HighLevelOps.createTestSubscribers.input.balance=100000000']</msg>
<msg timestamp="20160122 15:49:00.785" level="INFO">15:48:54,917 WARN  [SoapUI] Missing folder [/opt/robot/robotworkspace/robot_testsuites/basic/PrePaid/MOC/OnNet/MOC_PREPAID_ONNET-LongDuration136s/ext] for external libraries
15:48:54,917 INFO  [DefaultSoapUICore] Creating new settings at [/root/soapui-settings.xml]
15:48:56,501 INFO  [WsdlProject] Loaded project from [file:/opt/robot/robotworkspace/libs/global-keyword-resources/crce-subscriberadmin/robot_crce_bridge-soapui-project.xml]
15:48:56,516 INFO  [SoapUITestCaseRunner] Setting project property [crceHost] to [10.105.119.125]
15:48:56,516 INFO  [SoapUITestCaseRunner] Setting project property [crcePort] to [8080]
15:48:56,516 INFO  [SoapUITestCaseRunner] Setting project property [crceWebservicesBasePath] to [/inew-mvno-crce-webservices/]
15:48:56,516 INFO  [SoapUITestCaseRunner] Setting project property [HighLevelOps.createTestSubscribers.input.amount] to [2]
15:48:56,516 INFO  [SoapUITestCaseRunner] Setting project property [HighLevelOps.createTestSubscribers.input.imsiRangeStart] to [334030880001000]
15:48:56,516 INFO  [SoapUITestCaseRunner] Setting project property [HighLevelOps.createTestSubscribers.input.msisdnRangeStart] to [525516001000]
15:48:56,517 INFO  [SoapUITestCaseRunner] Setting project property [HighLevelOps.createTestSubscribers.input.type] to [PREPAID]
15:48:56,517 INFO  [SoapUITestCaseRunner] Setting project property [HighLevelOps.createTestSubscribers.input.languageid] to [3]
15:48:56,517 INFO  [SoapUITestCaseRunner] Setting project property [HighLevelOps.createTestSubscribers.input.tariffId] to [101001]
15:48:56,517 INFO  [SoapUITestCaseRunner] Setting project property [HighLevelOps.createTestSubscribers.input.balance] to [100000000]
15:48:56,517 INFO  [SoapUITestCaseRunner] Running SoapUI tests in project [Robotframework_CRCE-Bridge]
15:48:56,517 INFO  [SoapUITestCaseRunner] Running TestCase [createTestSubscribers]
15:48:56,526 INFO  [SoapUITestCaseRunner] Running SoapUI testcase [createTestSubscribers]
15:48:56,532 INFO  [SoapUITestCaseRunner] running step [init_repeat_counter]
15:48:56,948 INFO  [SoapUITestCaseRunner] running step [01_init_next_subscriber]
15:48:57,008 INFO  [SoapUITestCaseRunner] running step [getSubscriberProfileByImsi]
15:48:57,770 DEBUG [HttpClientSupport$SoapUIHttpClient] Attempt 1 to execute request
15:48:57,771 DEBUG [SoapUIMultiThreadedHttpConnectionManager$SoapUIDefaultClientConnection] Sending request: POST /inew-mvno-crce-webservices/profiler/subscriber HTTP/1.1
15:48:57,870 DEBUG [SoapUIMultiThreadedHttpConnectionManager$SoapUIDefaultClientConnection] Receiving response: HTTP/1.1 200 OK
15:48:57,877 DEBUG [HttpClientSupport$SoapUIHttpClient] Connection can be kept alive indefinitely
15:48:58,024 INFO  [SoapUITestCaseRunner] Assertion [SOAP Response] has status VALID
15:48:58,024 INFO  [SoapUITestCaseRunner] Assertion [Schema Compliance] has status UNKNOWN
15:48:58,024 INFO  [SoapUITestCaseRunner] Assertion [Not SOAP Fault] has status VALID
15:48:58,024 INFO  [SoapUITestCaseRunner] running step [cancel_on_SOAP_error]
15:48:58,084 INFO  [SoapUITestCaseRunner] running step [transfer_response_values]
15:48:58,349 INFO  [SoapUITestCaseRunner] running step [cancel_on_CRCE_error_OR_skip_delete_on_UnknownSubscriber]
15:48:58,377 INFO  [SoapUITestCaseRunner] running step [deleteSubscriber]
15:48:58,379 DEBUG [HttpClientSupport$SoapUIHttpClient] Stale connection check
15:48:58,380 DEBUG [HttpClientSupport$SoapUIHttpClient] Attempt 1 to execute request
15:48:58,380 DEBUG [SoapUIMultiThreadedHttpConnectionManager$SoapUIDefaultClientConnection] Sending request: POST /inew-mvno-crce-webservices/profiler/provisioning HTTP/1.1
15:48:58,605 DEBUG [SoapUIMultiThreadedHttpConnectionManager$SoapUIDefaultClientConnection] Receiving response: HTTP/1.1 200 OK
15:48:58,606 DEBUG [HttpClientSupport$SoapUIHttpClient] Connection can be kept alive indefinitely
15:48:58,613 INFO  [SoapUITestCaseRunner] Assertion [SOAP Response] has status VALID
15:48:58,614 INFO  [SoapUITestCaseRunner] Assertion [Schema Compliance] has status UNKNOWN
15:48:58,614 INFO  [SoapUITestCaseRunner] Assertion [Not SOAP Fault] has status VALID
15:48:58,614 INFO  [SoapUITestCaseRunner] running step [2nd_cancel_on_SOAP_error]
15:48:58,684 INFO  [SoapUITestCaseRunner] running step [2nd_transfer_response_values]
15:48:58,690 INFO  [SoapUITestCaseRunner] running step [cancel_on_deletion_error]
15:48:58,739 INFO  [SoapUITestCaseRunner] running step [02_createSubscriber]
15:48:58,742 DEBUG [HttpClientSupport$SoapUIHttpClient] Stale connection check
15:48:58,744 DEBUG [HttpClientSupport$SoapUIHttpClient] Attempt 1 to execute request
15:48:58,744 DEBUG [SoapUIMultiThreadedHttpConnectionManager$SoapUIDefaultClientConnection] Sending request: POST /inew-mvno-crce-webservices/profiler/provisioning HTTP/1.1
15:48:58,793 DEBUG [SoapUIMultiThreadedHttpConnectionManager$SoapUIDefaultClientConnection] Receiving response: HTTP/1.1 200 OK
15:48:58,793 DEBUG [HttpClientSupport$SoapUIHttpClient] Connection can be kept alive indefinitely
15:48:58,796 INFO  [SoapUITestCaseRunner] Assertion [SOAP Response] has status VALID
15:48:58,796 INFO  [SoapUITestCaseRunner] Assertion [Schema Compliance] has status UNKNOWN
15:48:58,796 INFO  [SoapUITestCaseRunner] Assertion [Not SOAP Fault] has status VALID
15:48:58,796 INFO  [SoapUITestCaseRunner] running step [3rd_cancel_on_SOAP_error]
15:48:58,827 INFO  [SoapUITestCaseRunner] running step [3rd_transfer_response_values]
15:48:58,832 INFO  [SoapUITestCaseRunner] running step [cancel_on_create_error]
15:48:58,851 INFO  [SoapUITestCaseRunner] running step [activateSubscriber]
15:48:58,853 DEBUG [HttpClientSupport$SoapUIHttpClient] Stale connection check
15:48:58,854 DEBUG [HttpClientSupport$SoapUIHttpClient] Attempt 1 to execute request
15:48:58,855 DEBUG [SoapUIMultiThreadedHttpConnectionManager$SoapUIDefaultClientConnection] Sending request: POST /inew-mvno-crce-webservices/profiler/subscriber HTTP/1.1
15:48:59,005 DEBUG [SoapUIMultiThreadedHttpConnectionManager$SoapUIDefaultClientConnection] Receiving response: HTTP/1.1 200 OK
15:48:59,006 DEBUG [HttpClientSupport$SoapUIHttpClient] Connection can be kept alive indefinitely
15:48:59,012 INFO  [SoapUITestCaseRunner] Assertion [SOAP Response] has status VALID
15:48:59,013 INFO  [SoapUITestCaseRunner] Assertion [Schema Compliance] has status UNKNOWN
15:48:59,013 INFO  [SoapUITestCaseRunner] Assertion [Not SOAP Fault] has status VALID
15:48:59,013 INFO  [SoapUITestCaseRunner] running step [4th_cancel_on_SOAP_error]
15:48:59,078 INFO  [SoapUITestCaseRunner] running step [4th_transfer_response_values]
15:48:59,083 INFO  [SoapUITestCaseRunner] running step [cancel_on_activate_error]
15:48:59,125 INFO  [SoapUITestCaseRunner] running step [getMainAccount]
15:48:59,128 DEBUG [HttpClientSupport$SoapUIHttpClient] Stale connection check
15:48:59,130 DEBUG [HttpClientSupport$SoapUIHttpClient] Attempt 1 to execute request
15:48:59,130 DEBUG [SoapUIMultiThreadedHttpConnectionManager$SoapUIDefaultClientConnection] Sending request: POST /inew-mvno-crce-webservices/accounting/accounts HTTP/1.1
15:48:59,202 DEBUG [SoapUIMultiThreadedHttpConnectionManager$SoapUIDefaultClientConnection] Receiving response: HTTP/1.1 200 OK
15:48:59,203 DEBUG [HttpClientSupport$SoapUIHttpClient] Connection can be kept alive indefinitely
15:48:59,216 INFO  [SoapUITestCaseRunner] Assertion [SOAP Response] has status VALID
15:48:59,216 INFO  [SoapUITestCaseRunner] Assertion [Schema Compliance] has status UNKNOWN
15:48:59,216 INFO  [SoapUITestCaseRunner] Assertion [Not SOAP Fault] has status VALID
15:48:59,216 INFO  [SoapUITestCaseRunner] running step [5th_cancel_on_SOAP_error]
15:48:59,279 INFO  [SoapUITestCaseRunner] running step [5th_transfer_response_values]
15:48:59,300 INFO  [SoapUITestCaseRunner] running step [cancel_on_getmainaccount_error]
15:48:59,343 INFO  [SoapUITestCaseRunner] running step [setBalance]
15:48:59,346 DEBUG [HttpClientSupport$SoapUIHttpClient] Stale connection check
15:48:59,348 DEBUG [HttpClientSupport$SoapUIHttpClient] Attempt 1 to execute request
15:48:59,349 DEBUG [SoapUIMultiThreadedHttpConnectionManager$SoapUIDefaultClientConnection] Sending request: POST /inew-mvno-crce-webservices/accounting/account_administration HTTP/1.1
15:48:59,751 DEBUG [SoapUIMultiThreadedHttpConnectionManager$SoapUIDefaultClientConnection] Receiving response: HTTP/1.1 200 OK
15:48:59,751 DEBUG [HttpClientSupport$SoapUIHttpClient] Connection can be kept alive indefinitely
15:48:59,763 INFO  [SoapUITestCaseRunner] Assertion [SOAP Response] has status VALID
15:48:59,764 INFO  [SoapUITestCaseRunner] Assertion [Schema Compliance] has status UNKNOWN
15:48:59,764 INFO  [SoapUITestCaseRunner] Assertion [Not SOAP Fault] has status VALID
15:48:59,764 INFO  [SoapUITestCaseRunner] running step [6th_cancel_on_SOAP_error]
15:48:59,828 INFO  [SoapUITestCaseRunner] running step [6th_transfer_response_values]
15:48:59,838 INFO  [SoapUITestCaseRunner] running step [cancel_on_setbalance_error]
15:48:59,873 INFO  [SoapUITestCaseRunner] running step [repeat_01_amount_times]
15:48:59,901 INFO  [SoapUITestCaseRunner] running step [01_init_next_subscriber]
15:48:59,903 INFO  [SoapUITestCaseRunner] running step [getSubscriberProfileByImsi]
15:48:59,904 DEBUG [HttpClientSupport$SoapUIHttpClient] Stale connection check
15:48:59,906 DEBUG [HttpClientSupport$SoapUIHttpClient] Attempt 1 to execute request
15:48:59,906 DEBUG [SoapUIMultiThreadedHttpConnectionManager$SoapUIDefaultClientConnection] Sending request: POST /inew-mvno-crce-webservices/profiler/subscriber HTTP/1.1
15:48:59,974 DEBUG [SoapUIMultiThreadedHttpConnectionManager$SoapUIDefaultClientConnection] Receiving response: HTTP/1.1 200 OK
15:48:59,974 DEBUG [HttpClientSupport$SoapUIHttpClient] Connection can be kept alive indefinitely
15:48:59,982 INFO  [SoapUITestCaseRunner] Assertion [SOAP Response] has status VALID
15:48:59,982 INFO  [SoapUITestCaseRunner] Assertion [Schema Compliance] has status UNKNOWN
15:48:59,982 INFO  [SoapUITestCaseRunner] Assertion [Not SOAP Fault] has status VALID
15:48:59,982 INFO  [SoapUITestCaseRunner] running step [cancel_on_SOAP_error]
15:48:59,982 INFO  [SoapUITestCaseRunner] running step [transfer_response_values]
15:48:59,996 INFO  [SoapUITestCaseRunner] running step [cancel_on_CRCE_error_OR_skip_delete_on_UnknownSubscriber]
15:48:59,997 INFO  [SoapUITestCaseRunner] running step [deleteSubscriber]
15:48:59,999 DEBUG [HttpClientSupport$SoapUIHttpClient] Stale connection check
15:49:00,001 DEBUG [HttpClientSupport$SoapUIHttpClient] Attempt 1 to execute request
15:49:00,001 DEBUG [SoapUIMultiThreadedHttpConnectionManager$SoapUIDefaultClientConnection] Sending request: POST /inew-mvno-crce-webservices/profiler/provisioning HTTP/1.1
15:49:00,263 DEBUG [SoapUIMultiThreadedHttpConnectionManager$SoapUIDefaultClientConnection] Receiving response: HTTP/1.1 200 OK
15:49:00,263 DEBUG [HttpClientSupport$SoapUIHttpClient] Connection can be kept alive indefinitely
15:49:00,269 INFO  [SoapUITestCaseRunner] Assertion [SOAP Response] has status VALID
15:49:00,269 INFO  [SoapUITestCaseRunner] Assertion [Schema Compliance] has status UNKNOWN
15:49:00,270 INFO  [SoapUITestCaseRunner] Assertion [Not SOAP Fault] has status VALID
15:49:00,270 INFO  [SoapUITestCaseRunner] running step [2nd_cancel_on_SOAP_error]
15:49:00,270 INFO  [SoapUITestCaseRunner] running step [2nd_transfer_response_values]
15:49:00,275 INFO  [SoapUITestCaseRunner] running step [cancel_on_deletion_error]
15:49:00,277 INFO  [SoapUITestCaseRunner] running step [02_createSubscriber]
15:49:00,280 DEBUG [HttpClientSupport$SoapUIHttpClient] Stale connection check
15:49:00,281 DEBUG [HttpClientSupport$SoapUIHttpClient] Attempt 1 to execute request
15:49:00,281 DEBUG [SoapUIMultiThreadedHttpConnectionManager$SoapUIDefaultClientConnection] Sending request: POST /inew-mvno-crce-webservices/profiler/provisioning HTTP/1.1
15:49:00,341 DEBUG [SoapUIMultiThreadedHttpConnectionManager$SoapUIDefaultClientConnection] Receiving response: HTTP/1.1 200 OK
15:49:00,341 DEBUG [HttpClientSupport$SoapUIHttpClient] Connection can be kept alive indefinitely
15:49:00,346 INFO  [SoapUITestCaseRunner] Assertion [SOAP Response] has status VALID
15:49:00,346 INFO  [SoapUITestCaseRunner] Assertion [Schema Compliance] has status UNKNOWN
15:49:00,347 INFO  [SoapUITestCaseRunner] Assertion [Not SOAP Fault] has status VALID
15:49:00,347 INFO  [SoapUITestCaseRunner] running step [3rd_cancel_on_SOAP_error]
15:49:00,347 INFO  [SoapUITestCaseRunner] running step [3rd_transfer_response_values]
15:49:00,357 INFO  [SoapUITestCaseRunner] running step [cancel_on_create_error]
15:49:00,358 INFO  [SoapUITestCaseRunner] running step [activateSubscriber]
15:49:00,362 DEBUG [HttpClientSupport$SoapUIHttpClient] Stale connection check
15:49:00,364 DEBUG [HttpClientSupport$SoapUIHttpClient] Attempt 1 to execute request
15:49:00,364 DEBUG [SoapUIMultiThreadedHttpConnectionManager$SoapUIDefaultClientConnection] Sending request: POST /inew-mvno-crce-webservices/profiler/subscriber HTTP/1.1
15:49:00,456 DEBUG [SoapUIMultiThreadedHttpConnectionManager$SoapUIDefaultClientConnection] Receiving response: HTTP/1.1 200 OK
15:49:00,456 DEBUG [HttpClientSupport$SoapUIHttpClient] Connection can be kept alive indefinitely
15:49:00,462 INFO  [SoapUITestCaseRunner] Assertion [SOAP Response] has status VALID
15:49:00,463 INFO  [SoapUITestCaseRunner] Assertion [Schema Compliance] has status UNKNOWN
15:49:00,463 INFO  [SoapUITestCaseRunner] Assertion [Not SOAP Fault] has status VALID
15:49:00,463 INFO  [SoapUITestCaseRunner] running step [4th_cancel_on_SOAP_error]
15:49:00,463 INFO  [SoapUITestCaseRunner] running step [4th_transfer_response_values]
15:49:00,469 INFO  [SoapUITestCaseRunner] running step [cancel_on_activate_error]
15:49:00,469 INFO  [SoapUITestCaseRunner] running step [getMainAccount]
15:49:00,472 DEBUG [HttpClientSupport$SoapUIHttpClient] Stale connection check
15:49:00,473 DEBUG [HttpClientSupport$SoapUIHttpClient] Attempt 1 to execute request
15:49:00,474 DEBUG [SoapUIMultiThreadedHttpConnectionManager$SoapUIDefaultClientConnection] Sending request: POST /inew-mvno-crce-webservices/accounting/accounts HTTP/1.1
15:49:00,536 DEBUG [SoapUIMultiThreadedHttpConnectionManager$SoapUIDefaultClientConnection] Receiving response: HTTP/1.1 200 OK
15:49:00,536 DEBUG [HttpClientSupport$SoapUIHttpClient] Connection can be kept alive indefinitely
15:49:00,548 INFO  [SoapUITestCaseRunner] Assertion [SOAP Response] has status VALID
15:49:00,548 INFO  [SoapUITestCaseRunner] Assertion [Schema Compliance] has status UNKNOWN
15:49:00,548 INFO  [SoapUITestCaseRunner] Assertion [Not SOAP Fault] has status VALID
15:49:00,549 INFO  [SoapUITestCaseRunner] running step [5th_cancel_on_SOAP_error]
15:49:00,549 INFO  [SoapUITestCaseRunner] running step [5th_transfer_response_values]
15:49:00,569 INFO  [SoapUITestCaseRunner] running step [cancel_on_getmainaccount_error]
15:49:00,570 INFO  [SoapUITestCaseRunner] running step [setBalance]
15:49:00,572 DEBUG [HttpClientSupport$SoapUIHttpClient] Stale connection check
15:49:00,574 DEBUG [HttpClientSupport$SoapUIHttpClient] Attempt 1 to execute request
15:49:00,574 DEBUG [SoapUIMultiThreadedHttpConnectionManager$SoapUIDefaultClientConnection] Sending request: POST /inew-mvno-crce-webservices/accounting/account_administration HTTP/1.1
15:49:00,682 DEBUG [SoapUIMultiThreadedHttpConnectionManager$SoapUIDefaultClientConnection] Receiving response: HTTP/1.1 200 OK
15:49:00,682 DEBUG [HttpClientSupport$SoapUIHttpClient] Connection can be kept alive indefinitely
15:49:00,693 INFO  [SoapUITestCaseRunner] Assertion [SOAP Response] has status VALID
15:49:00,693 INFO  [SoapUITestCaseRunner] Assertion [Schema Compliance] has status UNKNOWN
15:49:00,693 INFO  [SoapUITestCaseRunner] Assertion [Not SOAP Fault] has status VALID
15:49:00,694 INFO  [SoapUITestCaseRunner] running step [6th_cancel_on_SOAP_error]
15:49:00,694 INFO  [SoapUITestCaseRunner] running step [6th_transfer_response_values]
15:49:00,703 INFO  [SoapUITestCaseRunner] running step [cancel_on_setbalance_error]
15:49:00,704 INFO  [SoapUITestCaseRunner] running step [repeat_01_amount_times]
15:49:00,705 INFO  [SoapUITestCaseRunner] running step [finish_successful]
15:49:00,773 INFO  [log] HighLevelOps.createTestSubscribers.output.resultCode=OK
15:49:00,775 INFO  [SoapUITestCaseRunner] Finished running SoapUI testcase [createTestSubscribers], time taken: 4194ms, status: FINISHED
15:49:00,775 INFO  [SoapUITestCaseRunner] TestCase [createTestSubscribers] finished with status [FINISHED] in 4194ms</msg>
<status status="PASS" endtime="20160122 15:49:00.795" starttime="20160122 15:48:54.750"></status>
</kw>
<msg timestamp="20160122 15:49:00.802" level="INFO">${execution_status} = PASS</msg>
<msg timestamp="20160122 15:49:00.803" level="INFO">${return_value_dummy} = None</msg>
<status status="PASS" endtime="20160122 15:49:00.799" starttime="20160122 15:48:54.748"></status>
</kw>
<kw type="kw" name="${resultCode} = subscriber-admin-support-resource.CRCE Get Groovy Log Return Property">
<doc>This is a PRIVATE helper function to retrieve return values placed into the Groovy log by the SoaupUI TCs .</doc>
<arguments>
<arg>HighLevelOps.createTestSubscribers.output.resultCode</arg>
<arg>UNKNOWN_ERROR</arg>
</arguments>
<kw type="kw" name="${return_marker} = BuiltIn.Set Variable">
<doc>Returns the given values which can then be assigned to a variables.</doc>
<arguments>
<arg>${property_name}=</arg>
</arguments>
<msg timestamp="20160122 15:49:00.837" level="INFO">${return_marker} = HighLevelOps.createTestSubscribers.output.resultCode=</msg>
<status status="PASS" endtime="20160122 15:49:00.836" starttime="20160122 15:49:00.830"></status>
</kw>
<kw type="kw" name="${resultCode} = BuiltIn.Set Variable">
<doc>Returns the given values which can then be assigned to a variables.</doc>
<arguments>
<arg>${EMPTY}</arg>
</arguments>
<msg timestamp="20160122 15:49:00.845" level="INFO">${resultCode} = </msg>
<status status="PASS" endtime="20160122 15:49:00.844" starttime="20160122 15:49:00.840"></status>
</kw>
<kw type="kw" name="${return_log_entry} = BuiltIn.Set Variable">
<doc>Returns the given values which can then be assigned to a variables.</doc>
<arguments>
<arg>${EMPTY}</arg>
</arguments>
<msg timestamp="20160122 15:49:00.854" level="INFO">${return_log_entry} = </msg>
<status status="PASS" endtime="20160122 15:49:00.852" starttime="20160122 15:49:00.848"></status>
</kw>
<kw type="kw" name="${execution_status}, ${return_log_entry} = BuiltIn.Run Keyword And Ignore Error">
<doc>Runs the given keyword with the given arguments and ignores possible error.</doc>
<arguments>
<arg>Grep File</arg>
<arg>${SOAPUI GROOVY LOG}</arg>
<arg>${return_marker}</arg>
</arguments>
<kw type="kw" name="OperatingSystem.Grep File">
<doc>Returns the lines of the specified file that match the `pattern`.</doc>
<arguments>
<arg>${SOAPUI GROOVY LOG}</arg>
<arg>${return_marker}</arg>
</arguments>
<msg timestamp="20160122 15:49:00.867" html="yes" level="INFO">Reading file '&lt;a href="file:///opt/robot/robotworkspace/robot_testsuites/basic/PrePaid/MOC/OnNet/MOC_PREPAID_ONNET-LongDuration136s/global-groovy.log"&gt;/opt/robot/robotworkspace/robot_testsuites/basic/PrePaid/MOC/OnNet/MOC_PREPAID_ONNET-LongDuration136s/global-groovy.log&lt;/a&gt;'</msg>
<msg timestamp="20160122 15:49:00.873" level="INFO">1 out of 1 lines matched</msg>
<status status="PASS" endtime="20160122 15:49:00.874" starttime="20160122 15:49:00.862"></status>
</kw>
<msg timestamp="20160122 15:49:00.875" level="INFO">${execution_status} = PASS</msg>
<msg timestamp="20160122 15:49:00.875" level="INFO">${return_log_entry} = 2016-01-22 15:49:00,773 INFO  [log] HighLevelOps.createTestSubscribers.output.resultCode=OK</msg>
<status status="PASS" endtime="20160122 15:49:00.874" starttime="20160122 15:49:00.857"></status>
</kw>
<kw type="kw" name="${return_log_entry} = BuiltIn.Run Keyword If">
<doc>Runs the given keyword with the given arguments, if `condition` is true.</doc>
<arguments>
<arg>'${execution_status}'=='FAIL'</arg>
<arg>Set Variable</arg>
<arg>${EMPTY}</arg>
<arg>ELSE</arg>
<arg>Set Variable</arg>
<arg>${return_log_entry}</arg>
</arguments>
<kw type="kw" name="BuiltIn.Set Variable">
<doc>Returns the given values which can then be assigned to a variables.</doc>
<arguments>
<arg>${return_log_entry}</arg>
</arguments>
<status status="PASS" endtime="20160122 15:49:00.884" starttime="20160122 15:49:00.882"></status>
</kw>
<msg timestamp="20160122 15:49:00.885" level="INFO">${return_log_entry} = 2016-01-22 15:49:00,773 INFO  [log] HighLevelOps.createTestSubscribers.output.resultCode=OK</msg>
<status status="PASS" endtime="20160122 15:49:00.885" starttime="20160122 15:49:00.877"></status>
</kw>
<kw type="kw" name="${return_log_entry} = BuiltIn.Run Keyword If">
<doc>Runs the given keyword with the given arguments, if `condition` is true.</doc>
<arguments>
<arg>'${return_log_entry}'=='${NONE}'</arg>
<arg>Set Variable</arg>
<arg>${EMPTY}</arg>
<arg>ELSE</arg>
<arg>Set Variable</arg>
<arg>${return_log_entry}</arg>
</arguments>
<kw type="kw" name="BuiltIn.Set Variable">
<doc>Returns the given values which can then be assigned to a variables.</doc>
<arguments>
<arg>${return_log_entry}</arg>
</arguments>
<status status="PASS" endtime="20160122 15:49:00.893" starttime="20160122 15:49:00.891"></status>
</kw>
<msg timestamp="20160122 15:49:00.895" level="INFO">${return_log_entry} = 2016-01-22 15:49:00,773 INFO  [log] HighLevelOps.createTestSubscribers.output.resultCode=OK</msg>
<status status="PASS" endtime="20160122 15:49:00.894" starttime="20160122 15:49:00.887"></status>
</kw>
<kw type="kw" name="${resultCode} = BuiltIn.Run Keyword If">
<doc>Runs the given keyword with the given arguments, if `condition` is true.</doc>
<arguments>
<arg>'${return_log_entry}'!='${EMPTY}'</arg>
<arg>Fetch From Right</arg>
<arg>${return_log_entry}</arg>
<arg>${return_marker}</arg>
<arg>ELSE</arg>
<arg>Set Variable</arg>
<arg>${resultCode}</arg>
</arguments>
<kw type="kw" name="String.Fetch From Right">
<doc>Returns contents of the `string` after the last occurrence of `marker`.</doc>
<arguments>
<arg>${return_log_entry}</arg>
<arg>${return_marker}</arg>
</arguments>
<status status="PASS" endtime="20160122 15:49:00.903" starttime="20160122 15:49:00.901"></status>
</kw>
<msg timestamp="20160122 15:49:00.905" level="INFO">${resultCode} = OK</msg>
<status status="PASS" endtime="20160122 15:49:00.904" starttime="20160122 15:49:00.896"></status>
</kw>
<kw type="kw" name="${resultCode} = BuiltIn.Run Keyword If">
<doc>Runs the given keyword with the given arguments, if `condition` is true.</doc>
<arguments>
<arg>'${resultCode}'=='${NONE}'</arg>
<arg>Set Variable</arg>
<arg>${default_value}</arg>
<arg>ELSE IF</arg>
<arg>'${resultCode}'=='${EMPTY}'</arg>
<arg>Set Variable</arg>
<arg>${default_value}</arg>
<arg>ELSE</arg>
<arg>Set Variable</arg>
<arg>${resultCode}</arg>
</arguments>
<kw type="kw" name="BuiltIn.Set Variable">
<doc>Returns the given values which can then be assigned to a variables.</doc>
<arguments>
<arg>${resultCode}</arg>
</arguments>
<status status="PASS" endtime="20160122 15:49:00.915" starttime="20160122 15:49:00.913"></status>
</kw>
<msg timestamp="20160122 15:49:00.916" level="INFO">${resultCode} = OK</msg>
<status status="PASS" endtime="20160122 15:49:00.915" starttime="20160122 15:49:00.906"></status>
</kw>
<msg timestamp="20160122 15:49:00.918" level="INFO">${resultCode} = OK</msg>
<status status="PASS" endtime="20160122 15:49:00.917" starttime="20160122 15:49:00.809"></status>
</kw>
<kw type="kw" name="subscriber-admin-support-resource.CRCE Cleanup SoapUI Logs">
<doc>This is a PRIVATE helper function to cleanup the testsuite directory from logs created by a SoapUI testcase.</doc>
<arguments>
<arg>HighLevelOps-CreateTestSubscribers</arg>
</arguments>
<kw type="kw" name="BuiltIn.Comment">
<doc>Displays the given messages in the log file as keyword arguments.</doc>
<arguments>
<arg>Run Keyword And Ignore Error</arg>
<arg>Remove File</arg>
<arg>${SOAPUI GROOVY LOG}</arg>
</arguments>
<status status="PASS" endtime="20160122 15:49:00.929" starttime="20160122 15:49:00.927"></status>
</kw>
<kw type="kw" name="BuiltIn.Comment">
<doc>Displays the given messages in the log file as keyword arguments.</doc>
<arguments>
<arg>Run Keyword And Ignore Error</arg>
<arg>Remove File</arg>
<arg>${SOAPUI LOG}</arg>
</arguments>
<status status="PASS" endtime="20160122 15:49:00.931" starttime="20160122 15:49:00.930"></status>
</kw>
<kw type="kw" name="BuiltIn.Comment">
<doc>Displays the given messages in the log file as keyword arguments.</doc>
<arguments>
<arg>Run Keyword And Ignore Error</arg>
<arg>Remove File</arg>
<arg>${SOAPUI ERROR LOG}</arg>
</arguments>
[...]
<arguments>
<arg>${property_name}=</arg>
</arguments>
<msg timestamp="20160122 15:51:22.704" level="INFO">${return_marker} = LowLevelOps.getMainAccount.output.category=</msg>
<status status="PASS" endtime="20160122 15:51:22.703" starttime="20160122 15:51:22.701"></status>
</kw>
<kw type="kw" name="${resultCode} = BuiltIn.Set Variable">
<doc>Returns the given values which can then be assigned to a variables.</doc>
<arguments>
<arg>${EMPTY}</arg>
</arguments>
<msg timestamp="20160122 15:51:22.706" level="INFO">${resultCode} = </msg>
<status status="PASS" endtime="20160122 15:51:22.706" starttime="20160122 15:51:22.704"></status>
</kw>
<kw type="kw" name="${return_log_entry} = BuiltIn.Set Variable">
<doc>Returns the given values which can then be assigned to a variables.</doc>
<arguments>
<arg>${EMPTY}</arg>
</arguments>
<msg timestamp="20160122 15:51:22.709" level="INFO">${return_log_entry} = </msg>
<status status="PASS" endtime="20160122 15:51:22.708" starttime="20160122 15:51:22.707"></status>
</kw>
<kw type="kw" name="${execution_status}, ${return_log_entry} = BuiltIn.Run Keyword And Ignore Error">
<doc>Runs the given keyword with the given arguments and ignores possible error.</doc>
<arguments>
<arg>Grep File</arg>
<arg>${SOAPUI GROOVY LOG}</arg>
<arg>${return_marker}</arg>
</arguments>
<kw type="kw" name="OperatingSystem.Grep File">
<doc>Returns the lines of the specified file that match the `pattern`.</doc>
<arguments>
<arg>${SOAPUI GROOVY LOG}</arg>
<arg>${return_marker}</arg>
</arguments>
<msg timestamp="20160122 15:51:22.713" html="yes" level="INFO">Reading file '&lt;a href="file:///opt/robot/robotworkspace/robot_testsuites/basic/PrePaid/MOC/OnNet/MOC_PREPAID_ONNET-LongDuration136s/global-groovy.log"&gt;/opt/robot/robotworkspace/robot_testsuites/basic/PrePaid/MOC/OnNet/MOC_PREPAID_ONNET-LongDuration136s/global-groovy.log&lt;/a&gt;'</msg>
<msg timestamp="20160122 15:51:22.716" level="INFO">1 out of 5 lines matched</msg>
<status status="PASS" endtime="20160122 15:51:22.717" starttime="20160122 15:51:22.711"></status>
</kw>
<msg timestamp="20160122 15:51:22.718" level="INFO">${execution_status} = PASS</msg>
<msg timestamp="20160122 15:51:22.718" level="INFO">${return_log_entry} = 2016-01-22 15:51:22,486 INFO  [log] LowLevelOps.getMainAccount.output.category=MAIN</msg>
<status status="PASS" endtime="20160122 15:51:22.717" starttime="20160122 15:51:22.710"></status>
</kw>
<kw type="kw" name="${return_log_entry} = BuiltIn.Run Keyword If">
<doc>Runs the given keyword with the given arguments, if `condition` is true.</doc>
<arguments>
<arg>'${execution_status}'=='FAIL'</arg>
<arg>Set Variable</arg>
<arg>${EMPTY}</arg>
<arg>ELSE</arg>
<arg>Set Variable</arg>
<arg>${return_log_entry}</arg>
</arguments>
<kw type="kw" name="BuiltIn.Set Variable">
<doc>Returns the given values which can then be assigned to a variables.</doc>
<arguments>
<arg>${return_log_entry}</arg>
</arguments>
<status status="PASS" endtime="20160122 15:51:22.725" starttime="20160122 15:51:22.723"></status>
</kw>
<msg timestamp="20160122 15:51:22.726" level="INFO">${return_log_entry} = 2016-01-22 15:51:22,486 INFO  [log] LowLevelOps.getMainAccount.output.category=MAIN</msg>
<status status="PASS" endtime="20160122 15:51:22.725" starttime="20160122 15:51:22.719"></status>
</kw>
<kw type="kw" name="${return_log_entry} = BuiltIn.Run Keyword If">
<doc>Runs the given keyword with the given arguments, if `condition` is true.</doc>
<arguments>
<arg>'${return_log_entry}'=='${NONE}'</arg>
<arg>Set Variable</arg>
<arg>${EMPTY}</arg>
<arg>ELSE</arg>
<arg>Set Variable</arg>
<arg>${return_log_entry}</arg>
</arguments>
<kw type="kw" name="BuiltIn.Set Variable">
<doc>Returns the given values which can then be assigned to a variables.</doc>
<arguments>
<arg>${return_log_entry}</arg>
</arguments>
<status status="PASS" endtime="20160122 15:51:22.732" starttime="20160122 15:51:22.730"></status>
</kw>
<msg timestamp="20160122 15:51:22.733" level="INFO">${return_log_entry} = 2016-01-22 15:51:22,486 INFO  [log] LowLevelOps.getMainAccount.output.category=MAIN</msg>
<status status="PASS" endtime="20160122 15:51:22.732" starttime="20160122 15:51:22.726"></status>
</kw>
<kw type="kw" name="${resultCode} = BuiltIn.Run Keyword If">
<doc>Runs the given keyword with the given arguments, if `condition` is true.</doc>
<arguments>
<arg>'${return_log_entry}'!='${EMPTY}'</arg>
<arg>Fetch From Right</arg>
<arg>${return_log_entry}</arg>
<arg>${return_marker}</arg>
<arg>ELSE</arg>
<arg>Set Variable</arg>
<arg>${resultCode}</arg>
</arguments>
<kw type="kw" name="String.Fetch From Right">
<doc>Returns contents of the `string` after the last occurrence of `marker`.</doc>
<arguments>
<arg>${return_log_entry}</arg>
<arg>${return_marker}</arg>
</arguments>
<status status="PASS" endtime="20160122 15:51:22.740" starttime="20160122 15:51:22.738"></status>
</kw>
<msg timestamp="20160122 15:51:22.741" level="INFO">${resultCode} = MAIN</msg>
<status status="PASS" endtime="20160122 15:51:22.740" starttime="20160122 15:51:22.734"></status>
</kw>
<kw type="kw" name="${resultCode} = BuiltIn.Run Keyword If">
<doc>Runs the given keyword with the given arguments, if `condition` is true.</doc>
<arguments>
<arg>'${resultCode}'=='${NONE}'</arg>
<arg>Set Variable</arg>
<arg>${default_value}</arg>
<arg>ELSE IF</arg>
<arg>'${resultCode}'=='${EMPTY}'</arg>
<arg>Set Variable</arg>
<arg>${default_value}</arg>
<arg>ELSE</arg>
<arg>Set Variable</arg>
<arg>${resultCode}</arg>
</arguments>
<kw type="kw" name="BuiltIn.Set Variable">
<doc>Returns the given values which can then be assigned to a variables.</doc>
<arguments>
<arg>${resultCode}</arg>
</arguments>
<status status="PASS" endtime="20160122 15:51:22.749" starttime="20160122 15:51:22.748"></status>
</kw>
<msg timestamp="20160122 15:51:22.750" level="INFO">${resultCode} = MAIN</msg>
<status status="PASS" endtime="20160122 15:51:22.750" starttime="20160122 15:51:22.742"></status>
</kw>
<msg timestamp="20160122 15:51:22.752" level="INFO">${category} = MAIN</msg>
<status status="PASS" endtime="20160122 15:51:22.751" starttime="20160122 15:51:22.696"></status>
</kw>
<kw type="kw" name="${currencyId} = subscriber-admin-support-resource.CRCE Get Groovy Log Return Property">
<doc>This is a PRIVATE helper function to retrieve return values placed into the Groovy log by the SoaupUI TCs .</doc>
<arguments>
<arg>LowLevelOps.getMainAccount.output.currencyId</arg>
<arg>${EMPTY}</arg>
</arguments>
<kw type="kw" name="${return_marker} = BuiltIn.Set Variable">
<doc>Returns the given values which can then be assigned to a variables.</doc>
<arguments>
<arg>${property_name}=</arg>
</arguments>
<msg timestamp="20160122 15:51:22.761" level="INFO">${return_marker} = LowLevelOps.getMainAccount.output.currencyId=</msg>
<status status="PASS" endtime="20160122 15:51:22.760" starttime="20160122 15:51:22.759"></status>
</kw>
<kw type="kw" name="${resultCode} = BuiltIn.Set Variable">
<doc>Returns the given values which can then be assigned to a variables.</doc>
<arguments>
<arg>${EMPTY}</arg>
</arguments>
<msg timestamp="20160122 15:51:22.764" level="INFO">${resultCode} = </msg>
<status status="PASS" endtime="20160122 15:51:22.763" starttime="20160122 15:51:22.762"></status>
</kw>
<kw type="kw" name="${return_log_entry} = BuiltIn.Set Variable">
<doc>Returns the given values which can then be assigned to a variables.</doc>
<arguments>
<arg>${EMPTY}</arg>
</arguments>
<msg timestamp="20160122 15:51:22.766" level="INFO">${return_log_entry} = </msg>
<status status="PASS" endtime="20160122 15:51:22.766" starttime="20160122 15:51:22.764"></status>
</kw>
<kw type="kw" name="${execution_status}, ${return_log_entry} = BuiltIn.Run Keyword And Ignore Error">
<doc>Runs the given keyword with the given arguments and ignores possible error.</doc>
<arguments>
<arg>Grep File</arg>
<arg>${SOAPUI GROOVY LOG}</arg>
<arg>${return_marker}</arg>
</arguments>
<kw type="kw" name="OperatingSystem.Grep File">
<doc>Returns the lines of the specified file that match the `pattern`.</doc>
<arguments>
<arg>${SOAPUI GROOVY LOG}</arg>
<arg>${return_marker}</arg>
</arguments>
<msg timestamp="20160122 15:51:22.770" html="yes" level="INFO">Reading file '&lt;a href="file:///opt/robot/robotworkspace/robot_testsuites/basic/PrePaid/MOC/OnNet/MOC_PREPAID_ONNET-LongDuration136s/global-groovy.log"&gt;/opt/robot/robotworkspace/robot_testsuites/basic/PrePaid/MOC/OnNet/MOC_PREPAID_ONNET-LongDuration136s/global-groovy.log&lt;/a&gt;'</msg>
<msg timestamp="20160122 15:51:22.773" level="INFO">1 out of 5 lines matched</msg>
<status status="PASS" endtime="20160122 15:51:22.774" starttime="20160122 15:51:22.768"></status>
</kw>
<msg timestamp="20160122 15:51:22.775" level="INFO">${execution_status} = PASS</msg>
<msg timestamp="20160122 15:51:22.776" level="INFO">${return_log_entry} = 2016-01-22 15:51:22,486 INFO  [log] LowLevelOps.getMainAccount.output.currencyId=101000</msg>
<status status="PASS" endtime="20160122 15:51:22.775" starttime="20160122 15:51:22.767"></status>
</kw>
<kw type="kw" name="${return_log_entry} = BuiltIn.Run Keyword If">
<doc>Runs the given keyword with the given arguments, if `condition` is true.</doc>
<arguments>
<arg>'${execution_status}'=='FAIL'</arg>
<arg>Set Variable</arg>
<arg>${EMPTY}</arg>
<arg>ELSE</arg>
<arg>Set Variable</arg>
<arg>${return_log_entry}</arg>
</arguments>
<kw type="kw" name="BuiltIn.Set Variable">
<doc>Returns the given values which can then be assigned to a variables.</doc>
<arguments>
<arg>${return_log_entry}</arg>
</arguments>
<status status="PASS" endtime="20160122 15:51:22.781" starttime="20160122 15:51:22.780"></status>
</kw>
<msg timestamp="20160122 15:51:22.783" level="INFO">${return_log_entry} = 2016-01-22 15:51:22,486 INFO  [log] LowLevelOps.getMainAccount.output.currencyId=101000</msg>
<status status="PASS" endtime="20160122 15:51:22.782" starttime="20160122 15:51:22.776"></status>
</kw>
<kw type="kw" name="${return_log_entry} = BuiltIn.Run Keyword If">
<doc>Runs the given keyword with the given arguments, if `condition` is true.</doc>
<arguments>
<arg>'${return_log_entry}'=='${NONE}'</arg>
<arg>Set Variable</arg>
<arg>${EMPTY}</arg>
<arg>ELSE</arg>
<arg>Set Variable</arg>
<arg>${return_log_entry}</arg>
</arguments>
<kw type="kw" name="BuiltIn.Set Variable">
<doc>Returns the given values which can then be assigned to a variables.</doc>
<arguments>
<arg>${return_log_entry}</arg>
</arguments>
<status status="PASS" endtime="20160122 15:51:22.789" starttime="20160122 15:51:22.787"></status>
</kw>
<msg timestamp="20160122 15:51:22.790" level="INFO">${return_log_entry} = 2016-01-22 15:51:22,486 INFO  [log] LowLevelOps.getMainAccount.output.currencyId=101000</msg>
<status status="PASS" endtime="20160122 15:51:22.789" starttime="20160122 15:51:22.783"></status>
</kw>
<kw type="kw" name="${resultCode} = BuiltIn.Run Keyword If">
<doc>Runs the given keyword with the given arguments, if `condition` is true.</doc>
<arguments>
<arg>'${return_log_entry}'!='${EMPTY}'</arg>
<arg>Fetch From Right</arg>
<arg>${return_log_entry}</arg>
<arg>${return_marker}</arg>
<arg>ELSE</arg>
<arg>Set Variable</arg>
<arg>${resultCode}</arg>
</arguments>
<kw type="kw" name="String.Fetch From Right">
<doc>Returns contents of the `string` after the last occurrence of `marker`.</doc>
<arguments>
<arg>${return_log_entry}</arg>
<arg>${return_marker}</arg>
</arguments>
<status status="PASS" endtime="20160122 15:51:22.796" starttime="20160122 15:51:22.794"></status>
</kw>
<msg timestamp="20160122 15:51:22.797" level="INFO">${resultCode} = 101000</msg>
<status status="PASS" endtime="20160122 15:51:22.797" starttime="20160122 15:51:22.791"></status>
</kw>
<kw type="kw" name="${resultCode} = BuiltIn.Run Keyword If">
<doc>Runs the given keyword with the given arguments, if `condition` is true.</doc>
<arguments>
<arg>'${resultCode}'=='${NONE}'</arg>
<arg>Set Variable</arg>
<arg>${default_value}</arg>
<arg>ELSE IF</arg>
<arg>'${resultCode}'=='${EMPTY}'</arg>
<arg>Set Variable</arg>
<arg>${default_value}</arg>
<arg>ELSE</arg>
<arg>Set Variable</arg>
<arg>${resultCode}</arg>
</arguments>
<kw type="kw" name="BuiltIn.Set Variable">
<doc>Returns the given values which can then be assigned to a variables.</doc>
<arguments>
<arg>${resultCode}</arg>
</arguments>
<status status="PASS" endtime="20160122 15:51:22.806" starttime="20160122 15:51:22.804"></status>
</kw>
<msg timestamp="20160122 15:51:22.807" level="INFO">${resultCode} = 101000</msg>
<status status="PASS" endtime="20160122 15:51:22.806" starttime="20160122 15:51:22.798"></status>
</kw>
<msg timestamp="20160122 15:51:22.808" level="INFO">${currencyId} = 101000</msg>
<status status="PASS" endtime="20160122 15:51:22.808" starttime="20160122 15:51:22.753"></status>
</kw>
<kw type="kw" name="subscriber-admin-support-resource.CRCE Cleanup SoapUI Logs">
<doc>This is a PRIVATE helper function to cleanup the testsuite directory from logs created by a SoapUI testcase.</doc>
<arguments>
<arg>LowLevelOps-GetMainAccount</arg>
</arguments>
<kw type="kw" name="BuiltIn.Comment">
<doc>Displays the given messages in the log file as keyword arguments.</doc>
<arguments>
<arg>Run Keyword And Ignore Error</arg>
<arg>Remove File</arg>
<arg>${SOAPUI GROOVY LOG}</arg>
</arguments>
<status status="PASS" endtime="20160122 15:51:22.816" starttime="20160122 15:51:22.814"></status>
</kw>
<kw type="kw" name="BuiltIn.Comment">
<doc>Displays the given messages in the log file as keyword arguments.</doc>
<arguments>
<arg>Run Keyword And Ignore Error</arg>
<arg>Remove File</arg>
<arg>${SOAPUI LOG}</arg>
</arguments>
<status status="PASS" endtime="20160122 15:51:22.818" starttime="20160122 15:51:22.817"></status>
</kw>
<kw type="kw" name="BuiltIn.Comment">
<doc>Displays the given messages in the log file as keyword arguments.</doc>
<arguments>
<arg>Run Keyword And Ignore Error</arg>
<arg>Remove File</arg>
<arg>${SOAPUI ERROR LOG}</arg>
</arguments>
<status status="PASS" endtime="20160122 15:51:22.820" starttime="20160122 15:51:22.819"></status>
</kw>
<kw type="kw" name="BuiltIn.Run Keyword If">
<doc>Runs the given keyword with the given arguments, if `condition` is true.</doc>
<arguments>
<arg>'${tc_specific_files_prefix}'!='${EMPTY}'</arg>
<arg>Run Keyword And Ignore Error</arg>
<arg>Remove File</arg>
<arg>${tc_specific_files_prefix}*.*</arg>
</arguments>
<kw type="kw" name="BuiltIn.Run Keyword And Ignore Error">
<doc>Runs the given keyword with the given arguments and ignores possible error.</doc>
<arguments>
<arg>Remove File</arg>
<arg>${tc_specific_files_prefix}*.*</arg>
</arguments>
<kw type="kw" name="OperatingSystem.Remove File">
<doc>Removes a file with the given path.</doc>
<arguments>
<arg>${tc_specific_files_prefix}*.*</arg>
</arguments>
<msg timestamp="20160122 15:51:22.830" html="yes" level="INFO">File '&lt;a href="file:///opt/robot/robotworkspace/robot_testsuites/basic/PrePaid/MOC/OnNet/MOC_PREPAID_ONNET-LongDuration136s/LowLevelOps-GetMainAccount*.*"&gt;/opt/robot/robotworkspace/robot_testsuites/basic/PrePaid/MOC/OnNet/MOC_PREPAID_ONNET-LongDuration136s/LowLevelOps-GetMainAccount*.*&lt;/a&gt;' does not exist</msg>
<status status="PASS" endtime="20160122 15:51:22.830" starttime="20160122 15:51:22.826"></status>
</kw>
<status status="PASS" endtime="20160122 15:51:22.831" starttime="20160122 15:51:22.824"></status>
</kw>
<status status="PASS" endtime="20160122 15:51:22.831" starttime="20160122 15:51:22.821"></status>
</kw>
<status status="PASS" endtime="20160122 15:51:22.832" starttime="20160122 15:51:22.809"></status>
</kw>
<msg timestamp="20160122 15:51:22.834" level="INFO">${resultCode} = OK</msg>
<msg timestamp="20160122 15:51:22.835" level="INFO">${accId} = 35134</msg>
<msg timestamp="20160122 15:51:22.835" level="INFO">${bal} = 88000000</msg>
<msg timestamp="20160122 15:51:22.836" level="INFO">${cat} = MAIN</msg>
<msg timestamp="20160122 15:51:22.836" level="INFO">${curr} = 101000</msg>
<status status="PASS" endtime="20160122 15:51:22.834" starttime="20160122 15:51:22.175"></status>
</kw>
<kw type="kw" name="${target_bal} = BuiltIn.Evaluate">
<doc>Evaluates the given expression in Python and returns the results.</doc>
<arguments>
<arg>${INITIAL_BALANCE}-3*${TESTSUBCRIBERS DEFAULT SLICE COSTS}</arg>
</arguments>
<msg timestamp="20160122 15:51:22.841" level="INFO">${target_bal} = 94000000</msg>
<status status="PASS" endtime="20160122 15:51:22.840" starttime="20160122 15:51:22.837"></status>
</kw>
<kw type="kw" name="${target_bal_mex} = BuiltIn.Evaluate">
<doc>Evaluates the given expression in Python and returns the results.</doc>
<arguments>
<arg>${INITIAL_BALANCE}-6*${TESTSUBCRIBERS DEFAULT SLICE COSTS}</arg>
</arguments>
<msg timestamp="20160122 15:51:22.845" level="INFO">${target_bal_mex} = 88000000</msg>
<status status="PASS" endtime="20160122 15:51:22.845" starttime="20160122 15:51:22.842"></status>
</kw>
<kw type="kw" name="BuiltIn.Run Keyword If">
<doc>Runs the given keyword with the given arguments, if `condition` is true.</doc>
<arguments>
<arg>'${SUT PROJECT TAG PREFIX}'=='VIRGIN_COLUMBIA'</arg>
<arg>Should Be Equal As Numbers</arg>
<arg>${bal}</arg>
<arg>99920080</arg>
<arg>msg=Expected balance and retrieved balance mismatch!</arg>
<arg>ELSE IF</arg>
<arg>'${SUT PROJECT TAG PREFIX}'=='MVNA_MEX'</arg>
<arg>Should Be Equal As Numbers</arg>
<arg>${bal}</arg>
<arg>${target_bal_mex}</arg>
<arg>msg=Expected balance and retrieved balance mismatch!</arg>
<arg>ELSE</arg>
<arg>Should Be Equal As Numbers</arg>
<arg>${target_bal}</arg>
<arg>${bal}</arg>
<arg>msg=Expected balance and retrieved balance mismatch!</arg>
</arguments>
<kw type="kw" name="BuiltIn.Should Be Equal As Numbers">
<doc>Fails if objects are unequal after converting them to real numbers.</doc>
<arguments>
<arg>${bal}</arg>
<arg>${target_bal_mex}</arg>
<arg>msg=Expected balance and retrieved balance mismatch!</arg>
</arguments>
<msg timestamp="20160122 15:51:22.855" level="INFO">Argument types are:
&lt;type 'unicode'&gt;
&lt;type 'int'&gt;</msg>
<status status="PASS" endtime="20160122 15:51:22.856" starttime="20160122 15:51:22.853"></status>
</kw>
<status status="PASS" endtime="20160122 15:51:22.857" starttime="20160122 15:51:22.847"></status>
</kw>
<kw type="kw" name="BuiltIn.Log">
<doc>Logs the given message with the given level.</doc>
<arguments>
<arg>Account balance check OK!</arg>
<arg>console=yes</arg>
</arguments>
<msg timestamp="20160122 15:51:22.859" level="INFO">Account balance check OK!</msg>
<status status="PASS" endtime="20160122 15:51:22.859" starttime="20160122 15:51:22.857"></status>
</kw>
<doc>Test will make a MOC call, duration 136s.

Arguments:
none
Returns:
none
Fails: in case CG session fails or account balance evaluation fails

=================================================================================</doc>
<tags>
<tag>matko.sanseovic</tag>
<tag>MOC_only</tag>
<tag>SMARTSPACE_supported</tag>
<tag>TNZ_supported</tag>
</tags>
<status status="PASS" critical="yes" endtime="20160122 15:51:22.860" starttime="20160122 15:48:54.623"></status>
</test>
<doc>Testing the prepaid MOC call, duration is 136s - longer than one slice (more than 60s)

============================================================</doc>
<metadata>
</metadata>
<status status="PASS" endtime="20160122 15:51:22.865" starttime="20160122 15:48:47.756"></status>
</suite>
<statistics>
<total>
<stat pass="1" fail="0">Critical Tests</stat>
<stat pass="1" fail="0">All Tests</stat>
</total>
<tag>
<stat pass="1" info="" doc="" combined="" fail="0" links="">matko.sanseovic</stat>
<stat pass="1" info="" doc="" combined="" fail="0" links="">MOC_only</stat>
<stat pass="1" info="" doc="" combined="" fail="0" links="">SMARTSPACE_supported</stat>
<stat pass="1" info="" doc="" combined="" fail="0" links="">TNZ_supported</stat>
</tag>
<suite>
<stat pass="1" id="s1" fail="0" name="MOC PREPAID ONNET-LongDuration136s-robot-suite">MOC PREPAID ONNET-LongDuration136s-robot-suite</stat>
</suite>
</statistics>
<errors>
</errors>
</robot>
