<?xml version="1.0" encoding="UTF-8"?>
<robot generator="Robot 2.8.7 (Jython 2.7rc1 on java1.7.0_79)" generated="20151201 15:23:35.247">
<suite source="/opt/robot/robotworkspace/robot_testsuites/experimental/matko.sanseovic/basic/PostPaid/MOC/OnNet/MOC_POSTPAID_ONNET_Abandon/MOC_POSTPAID_ONNET-Abandon-robot-suite.txt" id="s1" name="MOC POSTPAID ONNET-Abandon-robot-suite">
<kw type="setup" name="suite-global-keyword-resource.Setup Suite">
<doc></doc>
<arguments>
</arguments>
<kw type="kw" name="${date} = OperatingSystem.Run">
<doc>Runs the given command in the system and returns the output.</doc>
<arguments>
<arg>date</arg>
</arguments>
<msg timestamp="20151201 15:23:37.636" level="INFO">Running command 'date 2&gt;&amp;1'</msg>
<msg timestamp="20151201 15:23:37.644" level="INFO">${date} = Tue Dec  1 15:23:37 CET 2015</msg>
<status status="PASS" endtime="20151201 15:23:37.641" starttime="20151201 15:23:37.617"></status>
</kw>
<kw type="kw" name="BuiltIn.Log">
<doc>Logs the given message with the given level.</doc>
<arguments>
<arg>Date and time: ${date}</arg>
<arg>console=yes</arg>
</arguments>
<msg timestamp="20151201 15:23:37.658" level="INFO">Date and time: Tue Dec  1 15:23:37 CET 2015</msg>
<status status="PASS" endtime="20151201 15:23:37.662" starttime="20151201 15:23:37.650"></status>
</kw>
<kw type="kw" name="BuiltIn.Log">
<doc>Logs the given message with the given level.</doc>
<arguments>
<arg>Target IN machine: ${IN-APP HOST}</arg>
<arg>console=yes</arg>
</arguments>
<msg timestamp="20151201 15:23:37.675" level="INFO">Target IN machine: 10.105.125.135</msg>
<status status="PASS" endtime="20151201 15:23:37.679" starttime="20151201 15:23:37.667"></status>
</kw>
<kw type="kw" name="${in_rc}, ${in_version} = suite-global-keyword-resource.Get IN Vitality State">
<doc>Checks the state of the IN service</doc>
<arguments>
<arg>${IN-APP HOST}</arg>
<arg>1111</arg>
<arg>${IN-APP USER}</arg>
<arg>${IN-APP PWD}</arg>
<arg>${EMPTY}</arg>
<arg>${IN-APP MOC SERVICE NAME}</arg>
</arguments>
<kw type="kw" name="${ssh_connection} = ssh-support-resource.SSH Login">
<doc>Does a password or RSA key file based login at the passed SSH connection depending whether or not the passed password is .</doc>
<arguments>
<arg>${ssh_user}</arg>
<arg>${ssh_pswd}</arg>
<arg>${ssh_rsa_key_file}</arg>
<arg>host=${host}</arg>
</arguments>
<kw type="kw" name="SSHLibrary.Set Default Configuration">
<doc>Update the default `configuration`.</doc>
<arguments>
<arg>loglevel=INFO</arg>
</arguments>
<status status="PASS" endtime="20151201 15:23:37.812" starttime="20151201 15:23:37.810"></status>
</kw>
<kw type="kw" name="${ssh_connection} = BuiltIn.Run Keyword If">
<doc>Runs the given keyword with the given arguments, if `condition` is true.</doc>
<arguments>
<arg>'${ssh_connection}'=='${EMPTY}'</arg>
<arg>Open Connection</arg>
<arg>${host}</arg>
<arg>port=22</arg>
<arg>timeout=3</arg>
<arg>prompt=$</arg>
</arguments>
<kw type="kw" name="SSHLibrary.Open Connection">
<doc>Opens a new SSH connection to the given `host` and `port`.</doc>
<arguments>
<arg>${host}</arg>
<arg>port=22</arg>
<arg>timeout=3</arg>
<arg>prompt=$</arg>
</arguments>
<status status="PASS" endtime="20151201 15:23:38.265" starttime="20151201 15:23:37.826"></status>
</kw>
<msg timestamp="20151201 15:23:38.270" level="INFO">${ssh_connection} = 1</msg>
<status status="PASS" endtime="20151201 15:23:38.269" starttime="20151201 15:23:37.814"></status>
</kw>
<kw type="kw" name="BuiltIn.Run Keyword If">
<doc>Runs the given keyword with the given arguments, if `condition` is true.</doc>
<arguments>
<arg>'${pswd}'=='${EMPTY}'</arg>
<arg>Login With Public Key</arg>
<arg>${user}</arg>
<arg>${rsa_key_file}</arg>
<arg>ELSE</arg>
<arg>Login</arg>
<arg>${user}</arg>
<arg>${pswd}</arg>
</arguments>
<kw type="kw" name="SSHLibrary.Login">
<doc>Logs into the SSH server with the given `username` and `password`.</doc>
<arguments>
<arg>${user}</arg>
<arg>${pswd}</arg>
</arguments>
<msg timestamp="20151201 15:23:38.282" level="INFO">Logging into '10.105.125.135:22' as 'qa_automation'.</msg>
<msg timestamp="20151201 15:23:39.518" level="INFO">Read output: Last login: Tue Dec  1 09:30:12 2015 from 10.105.80.196
id: cannot find name for group ID 20007
[1m[qa_automation@in-app01.tb25 ~]$</msg>
<status status="PASS" endtime="20151201 15:23:39.522" starttime="20151201 15:23:38.279"></status>
</kw>
<status status="PASS" endtime="20151201 15:23:39.526" starttime="20151201 15:23:38.272"></status>
</kw>
<msg timestamp="20151201 15:23:39.533" level="INFO">${ssh_connection} = 1</msg>
<status status="PASS" endtime="20151201 15:23:39.531" starttime="20151201 15:23:37.794"></status>
</kw>
<kw type="kw" name="${resultCode} = BuiltIn.Run Keyword If">
<doc>Runs the given keyword with the given arguments, if `condition` is true.</doc>
<arguments>
<arg>'${ssh_connection}'==''</arg>
<arg>Set Variable</arg>
<arg>LOGIN_FAILED</arg>
</arguments>
<msg timestamp="20151201 15:23:39.547" level="INFO">${resultCode} = None</msg>
<status status="PASS" endtime="20151201 15:23:39.546" starttime="20151201 15:23:39.536"></status>
</kw>
<kw type="kw" name="${output} = SSHLibrary.Execute Command">
<doc>Executes `command` on the remote machine and returns its outputs.</doc>
<arguments>
<arg>sudo service ${service_name} status</arg>
</arguments>
<msg timestamp="20151201 15:23:39.554" level="INFO">Executing command 'sudo service inew-mvna-corein-service-moc-partition-00-1.0.0 status'.</msg>
<msg timestamp="20151201 15:23:40.952" level="INFO">Command exited with return code 0.</msg>
<msg timestamp="20151201 15:23:40.957" level="INFO">${output} = I-New MVNA MTel - Core - Service 1.0.0 2015.11.12-14:31:57 is running PID: 12768 </msg>
<status status="PASS" endtime="20151201 15:23:40.955" starttime="20151201 15:23:39.550"></status>
</kw>
<kw type="kw" name="${status}, ${rc} = BuiltIn.Run Keyword And Ignore Error">
<doc>Runs the given keyword with the given arguments and ignores possible error.</doc>
<arguments>
<arg>Should Contain</arg>
<arg>${output}</arg>
<arg>is running</arg>
<arg>msg=Service ${service_name} is not running!</arg>
</arguments>
<kw type="kw" name="BuiltIn.Should Contain">
<doc>Fails if `item1` does not contain `item2` one or more times.</doc>
<arguments>
<arg>${output}</arg>
<arg>is running</arg>
<arg>msg=Service ${service_name} is not running!</arg>
</arguments>
<status status="PASS" endtime="20151201 15:23:40.972" starttime="20151201 15:23:40.966"></status>
</kw>
<msg timestamp="20151201 15:23:40.975" level="INFO">${status} = PASS</msg>
<msg timestamp="20151201 15:23:40.977" level="INFO">${rc} = None</msg>
<status status="PASS" endtime="20151201 15:23:40.974" starttime="20151201 15:23:40.960"></status>
</kw>
<kw type="kw" name="${resultCode} = BuiltIn.Run Keyword If">
<doc>Runs the given keyword with the given arguments, if `condition` is true.</doc>
<arguments>
<arg>'${status}'=='PASS'</arg>
<arg>Set Variable</arg>
<arg>OK</arg>
<arg>ELSE</arg>
<arg>Set Variable</arg>
<arg>SERVICE_NOT_RUNNING</arg>
</arguments>
<kw type="kw" name="BuiltIn.Set Variable">
<doc>Returns the given values which can then be assigned to a variables.</doc>
<arguments>
<arg>OK</arg>
</arguments>
<status status="PASS" endtime="20151201 15:23:40.994" starttime="20151201 15:23:40.990"></status>
</kw>
<msg timestamp="20151201 15:23:40.997" level="INFO">${resultCode} = OK</msg>
<status status="PASS" endtime="20151201 15:23:40.996" starttime="20151201 15:23:40.980"></status>
</kw>
<kw type="kw" name="${version_r} = String.Fetch From Right">
<doc>Returns contents of the `string` after the last occurrence of `marker`.</doc>
<arguments>
<arg>${output}</arg>
<arg>Service</arg>
</arguments>
<msg timestamp="20151201 15:23:41.006" level="INFO">${version_r} =  1.0.0 2015.11.12-14:31:57 is running PID: 12768 </msg>
<status status="PASS" endtime="20151201 15:23:41.004" starttime="20151201 15:23:41.000"></status>
</kw>
<kw type="kw" name="${version} = String.Fetch From Left">
<doc>Returns contents of the `string` before the first occurrence of `marker`.</doc>
<arguments>
<arg>${version_r}</arg>
<arg>is running</arg>
</arguments>
<msg timestamp="20151201 15:23:41.014" level="INFO">${version} =  1.0.0 2015.11.12-14:31:57 </msg>
<status status="PASS" endtime="20151201 15:23:41.013" starttime="20151201 15:23:41.009"></status>
</kw>
<kw type="kw" name="BuiltIn.Comment">
<doc>Displays the given messages in the log file as keyword arguments.</doc>
<arguments>
<arg>****** Log out ******</arg>
</arguments>
<status status="PASS" endtime="20151201 15:23:41.022" starttime="20151201 15:23:41.018"></status>
</kw>
<kw type="kw" name="ssh-support-resource.SSH Logout">
<doc>Closes the passed SSH connection</doc>
<arguments>
<arg>${ssh_connection}</arg>
</arguments>
<kw type="kw" name="SSHLibrary.Switch Connection">
<doc>Switches the active connection by index or alias.</doc>
<arguments>
<arg>${ssh_connection}</arg>
</arguments>
<status status="PASS" endtime="20151201 15:23:41.051" starttime="20151201 15:23:41.046"></status>
</kw>
<kw type="kw" name="SSHLibrary.Close Connection">
<doc>Closes the current connection.</doc>
<arguments>
</arguments>
<status status="PASS" endtime="20151201 15:23:41.059" starttime="20151201 15:23:41.054"></status>
</kw>
<status status="PASS" endtime="20151201 15:23:41.064" starttime="20151201 15:23:41.025"></status>
</kw>
<kw type="kw" name="${ver} = BuiltIn.Run Keyword If">
<doc>Runs the given keyword with the given arguments, if `condition` is true.</doc>
<arguments>
<arg>'${resultCode}'=='OK'</arg>
<arg>Set Variable</arg>
<arg>${version}</arg>
</arguments>
<kw type="kw" name="BuiltIn.Set Variable">
<doc>Returns the given values which can then be assigned to a variables.</doc>
<arguments>
<arg>${version}</arg>
</arguments>
<status status="PASS" endtime="20151201 15:23:41.080" starttime="20151201 15:23:41.076"></status>
</kw>
<msg timestamp="20151201 15:23:41.083" level="INFO">${ver} =  1.0.0 2015.11.12-14:31:57 </msg>
<status status="PASS" endtime="20151201 15:23:41.082" starttime="20151201 15:23:41.067"></status>
</kw>
<kw type="kw" name="BuiltIn.Comment">
<doc>Displays the given messages in the log file as keyword arguments.</doc>
<arguments>
<arg>...</arg>
<arg>ELSE</arg>
<arg>Set Variable</arg>
<arg>${EMPTY}</arg>
</arguments>
<status status="PASS" endtime="20151201 15:23:41.090" starttime="20151201 15:23:41.086"></status>
</kw>
<msg timestamp="20151201 15:23:41.096" level="INFO">${in_rc} = OK</msg>
<msg timestamp="20151201 15:23:41.097" level="INFO">${in_version} =  1.0.0 2015.11.12-14:31:57 </msg>
<status status="PASS" endtime="20151201 15:23:41.094" starttime="20151201 15:23:37.737"></status>
</kw>
<kw type="kw" name="${xdr_rc}, ${xdr_version} = suite-global-keyword-resource.Get XDR Vitality State">
<doc>Checks multiple vitality aspects of an XDR instance</doc>
<arguments>
<arg>${XDR HOST}</arg>
<arg>1111</arg>
<arg>${XDR USER}</arg>
<arg>${XDR PWD}</arg>
<arg>${EMPTY}</arg>
<arg>${XDR SERVICE NAME}</arg>
</arguments>
<kw type="kw" name="${ssh_connection} = ssh-support-resource.SSH Login">
<doc>Does a password or RSA key file based login at the passed SSH connection depending whether or not the passed password is .</doc>
<arguments>
<arg>${ssh_user}</arg>
<arg>${ssh_pswd}</arg>
<arg>${ssh_rsa_key_file}</arg>
<arg>host=${host}</arg>
</arguments>
<kw type="kw" name="SSHLibrary.Set Default Configuration">
<doc>Update the default `configuration`.</doc>
<arguments>
<arg>loglevel=INFO</arg>
</arguments>
<status status="PASS" endtime="20151201 15:23:41.175" starttime="20151201 15:23:41.173"></status>
</kw>
<kw type="kw" name="${ssh_connection} = BuiltIn.Run Keyword If">
<doc>Runs the given keyword with the given arguments, if `condition` is true.</doc>
<arguments>
<arg>'${ssh_connection}'=='${EMPTY}'</arg>
<arg>Open Connection</arg>
<arg>${host}</arg>
<arg>port=22</arg>
<arg>timeout=3</arg>
<arg>prompt=$</arg>
</arguments>
<kw type="kw" name="SSHLibrary.Open Connection">
<doc>Opens a new SSH connection to the given `host` and `port`.</doc>
<arguments>
<arg>${host}</arg>
<arg>port=22</arg>
<arg>timeout=3</arg>
<arg>prompt=$</arg>
</arguments>
<status status="PASS" endtime="20151201 15:23:41.235" starttime="20151201 15:23:41.181"></status>
</kw>
<msg timestamp="20151201 15:23:41.239" level="INFO">${ssh_connection} = 2</msg>
<status status="PASS" endtime="20151201 15:23:41.237" starttime="20151201 15:23:41.176"></status>
</kw>
<kw type="kw" name="BuiltIn.Run Keyword If">
<doc>Runs the given keyword with the given arguments, if `condition` is true.</doc>
<arguments>
<arg>'${pswd}'=='${EMPTY}'</arg>
<arg>Login With Public Key</arg>
<arg>${user}</arg>
<arg>${rsa_key_file}</arg>
<arg>ELSE</arg>
<arg>Login</arg>
<arg>${user}</arg>
<arg>${pswd}</arg>
</arguments>
<kw type="kw" name="SSHLibrary.Login">
<doc>Logs into the SSH server with the given `username` and `password`.</doc>
<arguments>
<arg>${user}</arg>
<arg>${pswd}</arg>
</arguments>
<msg timestamp="20151201 15:23:41.258" level="INFO">Logging into '10.105.125.171:22' as 'qa_automation'.</msg>
<msg timestamp="20151201 15:23:41.505" level="INFO">Read output: Last login: Tue Dec  1 09:30:13 2015 from 10.105.80.196
id: cannot find name for group ID 20007
[1m[qa_automation@xdr01.tb25 ~]$</msg>
<status status="PASS" endtime="20151201 15:23:41.508" starttime="20151201 15:23:41.253"></status>
</kw>
<status status="PASS" endtime="20151201 15:23:41.510" starttime="20151201 15:23:41.241"></status>
</kw>
<msg timestamp="20151201 15:23:41.514" level="INFO">${ssh_connection} = 2</msg>
<status status="PASS" endtime="20151201 15:23:41.513" starttime="20151201 15:23:41.162"></status>
</kw>
<kw type="kw" name="${resultCode} = BuiltIn.Run Keyword If">
<doc>Runs the given keyword with the given arguments, if `condition` is true.</doc>
<arguments>
<arg>'${ssh_connection}'==''</arg>
<arg>Set Variable</arg>
<arg>LOGIN_FAILED</arg>
</arguments>
<msg timestamp="20151201 15:23:41.529" level="INFO">${resultCode} = None</msg>
<status status="PASS" endtime="20151201 15:23:41.528" starttime="20151201 15:23:41.517"></status>
</kw>
<kw type="kw" name="${output} = SSHLibrary.Execute Command">
<doc>Executes `command` on the remote machine and returns its outputs.</doc>
<arguments>
<arg>sudo service ${service_name} status</arg>
</arguments>
<msg timestamp="20151201 15:23:41.536" level="INFO">Executing command 'sudo service inew-mvno-xdr status'.</msg>
<msg timestamp="20151201 15:23:41.718" level="INFO">Command exited with return code 0.</msg>
<msg timestamp="20151201 15:23:41.721" level="INFO">${output} = I-New UMS MVNO - XDR 6.2.0 is running PID: 5581 </msg>
<status status="PASS" endtime="20151201 15:23:41.720" starttime="20151201 15:23:41.532"></status>
</kw>
<kw type="kw" name="${status}, ${rc} = BuiltIn.Run Keyword And Ignore Error">
<doc>Runs the given keyword with the given arguments and ignores possible error.</doc>
<arguments>
<arg>Should Contain</arg>
<arg>${output}</arg>
<arg>is running</arg>
<arg>msg=Service ${service_name} is not running!</arg>
</arguments>
<kw type="kw" name="BuiltIn.Should Contain">
<doc>Fails if `item1` does not contain `item2` one or more times.</doc>
<arguments>
<arg>${output}</arg>
<arg>is running</arg>
<arg>msg=Service ${service_name} is not running!</arg>
</arguments>
<status status="PASS" endtime="20151201 15:23:41.735" starttime="20151201 15:23:41.729"></status>
</kw>
<msg timestamp="20151201 15:23:41.738" level="INFO">${status} = PASS</msg>
<msg timestamp="20151201 15:23:41.740" level="INFO">${rc} = None</msg>
<status status="PASS" endtime="20151201 15:23:41.737" starttime="20151201 15:23:41.724"></status>
</kw>
<kw type="kw" name="${resultCode} = BuiltIn.Run Keyword If">
<doc>Runs the given keyword with the given arguments, if `condition` is true.</doc>
<arguments>
<arg>'${status}'=='PASS'</arg>
<arg>Set Variable</arg>
<arg>OK</arg>
<arg>ELSE</arg>
<arg>Set Variable</arg>
<arg>SERVICE_NOT_RUNNING</arg>
</arguments>
<kw type="kw" name="BuiltIn.Set Variable">
<doc>Returns the given values which can then be assigned to a variables.</doc>
<arguments>
<arg>OK</arg>
</arguments>
<status status="PASS" endtime="20151201 15:23:41.757" starttime="20151201 15:23:41.753"></status>
</kw>
<msg timestamp="20151201 15:23:41.760" level="INFO">${resultCode} = OK</msg>
<status status="PASS" endtime="20151201 15:23:41.759" starttime="20151201 15:23:41.742"></status>
</kw>
<kw type="kw" name="${version_r} = String.Fetch From Right">
<doc>Returns contents of the `string` after the last occurrence of `marker`.</doc>
<arguments>
<arg>${output}</arg>
<arg>Server</arg>
</arguments>
<msg timestamp="20151201 15:23:41.769" level="INFO">${version_r} = I-New UMS MVNO - XDR 6.2.0 is running PID: 5581 </msg>
<status status="PASS" endtime="20151201 15:23:41.767" starttime="20151201 15:23:41.763"></status>
</kw>
<kw type="kw" name="${version} = String.Fetch From Left">
<doc>Returns contents of the `string` before the first occurrence of `marker`.</doc>
<arguments>
<arg>${version_r}</arg>
<arg>is running</arg>
</arguments>
<msg timestamp="20151201 15:23:41.777" level="INFO">${version} = I-New UMS MVNO - XDR 6.2.0 </msg>
<status status="PASS" endtime="20151201 15:23:41.776" starttime="20151201 15:23:41.771"></status>
</kw>
<kw type="kw" name="BuiltIn.Comment">
<doc>Displays the given messages in the log file as keyword arguments.</doc>
<arguments>
<arg>****** Log out ******</arg>
</arguments>
<status status="PASS" endtime="20151201 15:23:41.783" starttime="20151201 15:23:41.779"></status>
</kw>
<kw type="kw" name="ssh-support-resource.SSH Logout">
<doc>Closes the passed SSH connection</doc>
<arguments>
<arg>${ssh_connection}</arg>
</arguments>
<kw type="kw" name="SSHLibrary.Switch Connection">
<doc>Switches the active connection by index or alias.</doc>
<arguments>
<arg>${ssh_connection}</arg>
</arguments>
<status status="PASS" endtime="20151201 15:23:41.810" starttime="20151201 15:23:41.806"></status>
</kw>
<kw type="kw" name="SSHLibrary.Close Connection">
<doc>Closes the current connection.</doc>
<arguments>
</arguments>
<status status="PASS" endtime="20151201 15:23:41.818" starttime="20151201 15:23:41.813"></status>
</kw>
<status status="PASS" endtime="20151201 15:23:41.821" starttime="20151201 15:23:41.786"></status>
</kw>
<kw type="kw" name="${ver} = BuiltIn.Run Keyword If">
<doc>Runs the given keyword with the given arguments, if `condition` is true.</doc>
<arguments>
<arg>'${resultCode}'=='OK'</arg>
<arg>Set Variable</arg>
<arg>${version}</arg>
<arg>ELSE</arg>
<arg>Set Variable</arg>
<arg>${EMPTY}</arg>
</arguments>
<kw type="kw" name="BuiltIn.Set Variable">
<doc>Returns the given values which can then be assigned to a variables.</doc>
<arguments>
<arg>${version}</arg>
</arguments>
<status status="PASS" endtime="20151201 15:23:41.837" starttime="20151201 15:23:41.833"></status>
</kw>
<msg timestamp="20151201 15:23:41.840" level="INFO">${ver} = I-New UMS MVNO - XDR 6.2.0 </msg>
<status status="PASS" endtime="20151201 15:23:41.839" starttime="20151201 15:23:41.823"></status>
</kw>
<msg timestamp="20151201 15:23:41.845" level="INFO">${xdr_rc} = OK</msg>
<msg timestamp="20151201 15:23:41.846" level="INFO">${xdr_version} = I-New UMS MVNO - XDR 6.2.0 </msg>
<status status="PASS" endtime="20151201 15:23:41.844" starttime="20151201 15:23:41.131"></status>
</kw>
<kw type="kw" name="${crce_rc}, ${crce_version} = suite-global-keyword-resource.Get CRCE Vitality State">
<doc>Checks the state of the CRCE service</doc>
<arguments>
<arg>${CRCE HOST}</arg>
<arg>1111</arg>
<arg>${CRCE USER}</arg>
<arg>${CRCE PWD}</arg>
<arg>${EMPTY}</arg>
<arg>${CRCE SERVICE NAME}</arg>
</arguments>
<kw type="kw" name="${ssh_connection} = ssh-support-resource.SSH Login">
<doc>Does a password or RSA key file based login at the passed SSH connection depending whether or not the passed password is .</doc>
<arguments>
<arg>${ssh_user}</arg>
<arg>${ssh_pswd}</arg>
<arg>${ssh_rsa_key_file}</arg>
<arg>host=${host}</arg>
</arguments>
<kw type="kw" name="SSHLibrary.Set Default Configuration">
<doc>Update the default `configuration`.</doc>
<arguments>
<arg>loglevel=INFO</arg>
</arguments>
<status status="PASS" endtime="20151201 15:23:41.924" starttime="20151201 15:23:41.922"></status>
</kw>
<kw type="kw" name="${ssh_connection} = BuiltIn.Run Keyword If">
<doc>Runs the given keyword with the given arguments, if `condition` is true.</doc>
<arguments>
<arg>'${ssh_connection}'=='${EMPTY}'</arg>
<arg>Open Connection</arg>
<arg>${host}</arg>
<arg>port=22</arg>
<arg>timeout=3</arg>
<arg>prompt=$</arg>
</arguments>
<kw type="kw" name="SSHLibrary.Open Connection">
<doc>Opens a new SSH connection to the given `host` and `port`.</doc>
<arguments>
<arg>${host}</arg>
<arg>port=22</arg>
<arg>timeout=3</arg>
<arg>prompt=$</arg>
</arguments>
<status status="PASS" endtime="20151201 15:23:41.989" starttime="20151201 15:23:41.930"></status>
</kw>
<msg timestamp="20151201 15:23:41.993" level="INFO">${ssh_connection} = 3</msg>
<status status="PASS" endtime="20151201 15:23:41.991" starttime="20151201 15:23:41.925"></status>
</kw>
<kw type="kw" name="BuiltIn.Run Keyword If">
<doc>Runs the given keyword with the given arguments, if `condition` is true.</doc>
<arguments>
<arg>'${pswd}'=='${EMPTY}'</arg>
<arg>Login With Public Key</arg>
<arg>${user}</arg>
<arg>${rsa_key_file}</arg>
<arg>ELSE</arg>
<arg>Login</arg>
<arg>${user}</arg>
<arg>${pswd}</arg>
</arguments>
<kw type="kw" name="SSHLibrary.Login">
<doc>Logs into the SSH server with the given `username` and `password`.</doc>
<arguments>
<arg>${user}</arg>
<arg>${pswd}</arg>
</arguments>
<msg timestamp="20151201 15:23:42.012" level="INFO">Logging into '10.105.125.159:22' as 'qa_automation'.</msg>
<msg timestamp="20151201 15:23:42.208" level="INFO">Read output: Last login: Tue Dec  1 09:30:14 2015 from 10.105.80.196
[1m[qa_automation@ocs01.tb25 ~]$</msg>
<status status="PASS" endtime="20151201 15:23:42.210" starttime="20151201 15:23:42.007"></status>
</kw>
<status status="PASS" endtime="20151201 15:23:42.212" starttime="20151201 15:23:41.995"></status>
</kw>
<msg timestamp="20151201 15:23:42.219" level="INFO">${ssh_connection} = 3</msg>
<status status="PASS" endtime="20151201 15:23:42.217" starttime="20151201 15:23:41.911"></status>
</kw>
<kw type="kw" name="${resultCode} = BuiltIn.Run Keyword If">
<doc>Runs the given keyword with the given arguments, if `condition` is true.</doc>
<arguments>
<arg>'${ssh_connection}'==''</arg>
<arg>Set Variable</arg>
<arg>LOGIN_FAILED</arg>
</arguments>
<msg timestamp="20151201 15:23:42.232" level="INFO">${resultCode} = None</msg>
<status status="PASS" endtime="20151201 15:23:42.230" starttime="20151201 15:23:42.222"></status>
</kw>
<kw type="kw" name="${output} = SSHLibrary.Execute Command">
<doc>Executes `command` on the remote machine and returns its outputs.</doc>
<arguments>
<arg>sudo service ${service_name} status</arg>
</arguments>
<msg timestamp="20151201 15:23:42.239" level="INFO">Executing command 'sudo service inew-mvno-crce status'.</msg>
<msg timestamp="20151201 15:23:42.416" level="INFO">Command exited with return code 0.</msg>
<msg timestamp="20151201 15:23:42.419" level="INFO">${output} = I-New MVNO CRCE - Negret Rating &amp; Charging Engine 6.2.0.30830
Negret Rating &amp; Charging Engine 6.2.0.30830 is running (PID:28716, Wrapper:STARTED, Java:STARTED)
CRCE is running.</msg>
<status status="PASS" endtime="20151201 15:23:42.418" starttime="20151201 15:23:42.234"></status>
</kw>
<kw type="kw" name="${status}, ${rc} = BuiltIn.Run Keyword And Ignore Error">
<doc>Runs the given keyword with the given arguments and ignores possible error.</doc>
<arguments>
<arg>Should Contain</arg>
<arg>${output}</arg>
<arg>is running</arg>
<arg>msg=Service ${service_name} is not running!</arg>
</arguments>
<kw type="kw" name="BuiltIn.Should Contain">
<doc>Fails if `item1` does not contain `item2` one or more times.</doc>
<arguments>
<arg>${output}</arg>
<arg>is running</arg>
<arg>msg=Service ${service_name} is not running!</arg>
</arguments>
<status status="PASS" endtime="20151201 15:23:42.433" starttime="20151201 15:23:42.427"></status>
</kw>
<msg timestamp="20151201 15:23:42.436" level="INFO">${status} = PASS</msg>
<msg timestamp="20151201 15:23:42.437" level="INFO">${rc} = None</msg>
<status status="PASS" endtime="20151201 15:23:42.434" starttime="20151201 15:23:42.422"></status>
</kw>
<kw type="kw" name="${resultCode} = BuiltIn.Run Keyword If">
<doc>Runs the given keyword with the given arguments, if `condition` is true.</doc>
<arguments>
<arg>'${status}'=='PASS'</arg>
<arg>Set Variable</arg>
<arg>OK</arg>
<arg>ELSE</arg>
<arg>Set Variable</arg>
<arg>SERVICE_NOT_RUNNING</arg>
</arguments>
<kw type="kw" name="BuiltIn.Set Variable">
<doc>Returns the given values which can then be assigned to a variables.</doc>
<arguments>
<arg>OK</arg>
</arguments>
<status status="PASS" endtime="20151201 15:23:42.453" starttime="20151201 15:23:42.450"></status>
</kw>
<msg timestamp="20151201 15:23:42.456" level="INFO">${resultCode} = OK</msg>
<status status="PASS" endtime="20151201 15:23:42.455" starttime="20151201 15:23:42.440"></status>
</kw>
<kw type="kw" name="${version_r} = String.Fetch From Right">
<doc>Returns contents of the `string` after the last occurrence of `marker`.</doc>
<arguments>
<arg>${output}</arg>
<arg>Engine</arg>
</arguments>
<msg timestamp="20151201 15:23:42.464" level="INFO">${version_r} =  6.2.0.30830 is running (PID:28716, Wrapper:STARTED, Java:STARTED)
CRCE is running.</msg>
<status status="PASS" endtime="20151201 15:23:42.463" starttime="20151201 15:23:42.459"></status>
</kw>
<kw type="kw" name="${version} = String.Fetch From Left">
<doc>Returns contents of the `string` before the first occurrence of `marker`.</doc>
<arguments>
<arg>${version_r}</arg>
<arg>is running</arg>
</arguments>
<msg timestamp="20151201 15:23:42.472" level="INFO">${version} =  6.2.0.30830 </msg>
<status status="PASS" endtime="20151201 15:23:42.471" starttime="20151201 15:23:42.467"></status>
</kw>
<kw type="kw" name="BuiltIn.Comment">
<doc>Displays the given messages in the log file as keyword arguments.</doc>
<arguments>
<arg>****** Log out ******</arg>
</arguments>
<status status="PASS" endtime="20151201 15:23:42.478" starttime="20151201 15:23:42.475"></status>
</kw>
<kw type="kw" name="ssh-support-resource.SSH Logout">
<doc>Closes the passed SSH connection</doc>
<arguments>
<arg>${ssh_connection}</arg>
</arguments>
<kw type="kw" name="SSHLibrary.Switch Connection">
<doc>Switches the active connection by index or alias.</doc>
<arguments>
<arg>${ssh_connection}</arg>
</arguments>
<status status="PASS" endtime="20151201 15:23:42.504" starttime="20151201 15:23:42.500"></status>
</kw>
<kw type="kw" name="SSHLibrary.Close Connection">
<doc>Closes the current connection.</doc>
<arguments>
</arguments>
<status status="PASS" endtime="20151201 15:23:42.511" starttime="20151201 15:23:42.507"></status>
</kw>
<status status="PASS" endtime="20151201 15:23:42.515" starttime="20151201 15:23:42.481"></status>
</kw>
<kw type="kw" name="${ver} = BuiltIn.Run Keyword If">
<doc>Runs the given keyword with the given arguments, if `condition` is true.</doc>
<arguments>
<arg>'${resultCode}'=='OK'</arg>
<arg>Set Variable</arg>
<arg>${version}</arg>
</arguments>
<kw type="kw" name="BuiltIn.Set Variable">
<doc>Returns the given values which can then be assigned to a variables.</doc>
<arguments>
<arg>${version}</arg>
</arguments>
<status status="PASS" endtime="20151201 15:23:42.531" starttime="20151201 15:23:42.527"></status>
</kw>
<msg timestamp="20151201 15:23:42.534" level="INFO">${ver} =  6.2.0.30830 </msg>
<status status="PASS" endtime="20151201 15:23:42.533" starttime="20151201 15:23:42.518"></status>
</kw>
<kw type="kw" name="BuiltIn.Comment">
<doc>Displays the given messages in the log file as keyword arguments.</doc>
<arguments>
<arg>...</arg>
<arg>ELSE</arg>
<arg>Set Variable</arg>
<arg>${EMPTY}</arg>
</arguments>
<status status="PASS" endtime="20151201 15:23:42.541" starttime="20151201 15:23:42.537"></status>
</kw>
<msg timestamp="20151201 15:23:42.547" level="INFO">${crce_rc} = OK</msg>
<msg timestamp="20151201 15:23:42.548" level="INFO">${crce_version} =  6.2.0.30830 </msg>
<status status="PASS" endtime="20151201 15:23:42.544" starttime="20151201 15:23:41.880"></status>
</kw>
<kw type="kw" name="${ocs_rc}, ${ocs_version} = suite-global-keyword-resource.Get OCS Vitality State">
<doc>Checks the state of the OCS service</doc>
<arguments>
<arg>${OCS HOST}</arg>
<arg>1111</arg>
<arg>${OCS USER}</arg>
<arg>${OCS PWD}</arg>
<arg>${EMPTY}</arg>
<arg>${OCS SERVICE NAME}</arg>
</arguments>
<kw type="kw" name="${ssh_connection} = ssh-support-resource.SSH Login">
<doc>Does a password or RSA key file based login at the passed SSH connection depending whether or not the passed password is .</doc>
<arguments>
<arg>${ssh_user}</arg>
<arg>${ssh_pswd}</arg>
<arg>${ssh_rsa_key_file}</arg>
<arg>host=${host}</arg>
</arguments>
<kw type="kw" name="SSHLibrary.Set Default Configuration">
<doc>Update the default `configuration`.</doc>
<arguments>
<arg>loglevel=INFO</arg>
</arguments>
<status status="PASS" endtime="20151201 15:23:42.650" starttime="20151201 15:23:42.648"></status>
</kw>
<kw type="kw" name="${ssh_connection} = BuiltIn.Run Keyword If">
<doc>Runs the given keyword with the given arguments, if `condition` is true.</doc>
<arguments>
<arg>'${ssh_connection}'=='${EMPTY}'</arg>
<arg>Open Connection</arg>
<arg>${host}</arg>
<arg>port=22</arg>
<arg>timeout=3</arg>
<arg>prompt=$</arg>
</arguments>
<kw type="kw" name="SSHLibrary.Open Connection">
<doc>Opens a new SSH connection to the given `host` and `port`.</doc>
<arguments>
<arg>${host}</arg>
<arg>port=22</arg>
<arg>timeout=3</arg>
<arg>prompt=$</arg>
</arguments>
<status status="PASS" endtime="20151201 15:23:42.708" starttime="20151201 15:23:42.656"></status>
</kw>
<msg timestamp="20151201 15:23:42.712" level="INFO">${ssh_connection} = 4</msg>
<status status="PASS" endtime="20151201 15:23:42.710" starttime="20151201 15:23:42.651"></status>
</kw>
<kw type="kw" name="BuiltIn.Run Keyword If">
<doc>Runs the given keyword with the given arguments, if `condition` is true.</doc>
<arguments>
<arg>'${pswd}'=='${EMPTY}'</arg>
<arg>Login With Public Key</arg>
<arg>${user}</arg>
<arg>${rsa_key_file}</arg>
<arg>ELSE</arg>
<arg>Login</arg>
<arg>${user}</arg>
<arg>${pswd}</arg>
</arguments>
<kw type="kw" name="SSHLibrary.Login">
<doc>Logs into the SSH server with the given `username` and `password`.</doc>
<arguments>
<arg>${user}</arg>
<arg>${pswd}</arg>
</arguments>
<msg timestamp="20151201 15:23:42.731" level="INFO">Logging into '10.105.125.159:22' as 'qa_automation'.</msg>
<msg timestamp="20151201 15:23:42.879" level="INFO">Read output: Last login: Tue Dec  1 14:23:42 2015 from 10.105.80.196
[1m[qa_automation@ocs01.tb25 ~]$</msg>
<status status="PASS" endtime="20151201 15:23:42.881" starttime="20151201 15:23:42.726"></status>
</kw>
<status status="PASS" endtime="20151201 15:23:42.883" starttime="20151201 15:23:42.714"></status>
</kw>
<msg timestamp="20151201 15:23:42.887" level="INFO">${ssh_connection} = 4</msg>
<status status="PASS" endtime="20151201 15:23:42.886" starttime="20151201 15:23:42.632"></status>
</kw>
<kw type="kw" name="${resultCode} = BuiltIn.Run Keyword If">
<doc>Runs the given keyword with the given arguments, if `condition` is true.</doc>
<arguments>
<arg>'${ssh_connection}'==''</arg>
<arg>Set Variable</arg>
<arg>LOGIN_FAILED</arg>
</arguments>
<msg timestamp="20151201 15:23:42.900" level="INFO">${resultCode} = None</msg>
<status status="PASS" endtime="20151201 15:23:42.899" starttime="20151201 15:23:42.890"></status>
</kw>
<kw type="kw" name="${output} = SSHLibrary.Execute Command">
<doc>Executes `command` on the remote machine and returns its outputs.</doc>
<arguments>
<arg>sudo service ${service_name} status</arg>
</arguments>
<msg timestamp="20151201 15:23:42.907" level="INFO">Executing command 'sudo service inew-mvno-ocs status'.</msg>
<msg timestamp="20151201 15:23:42.965" level="INFO">Command exited with return code 0.</msg>
<msg timestamp="20151201 15:23:42.968" level="INFO">${output} = I-New MVNO GyApp - Diameter Gy Application 6.1.0.2088
GyApp is running (PID: 6110)</msg>
<status status="PASS" endtime="20151201 15:23:42.966" starttime="20151201 15:23:42.903"></status>
</kw>
<kw type="kw" name="${status}, ${rc} = BuiltIn.Run Keyword And Ignore Error">
<doc>Runs the given keyword with the given arguments and ignores possible error.</doc>
<arguments>
<arg>Should Contain</arg>
<arg>${output}</arg>
<arg>is running</arg>
<arg>msg=Service ${service_name} is not running!</arg>
</arguments>
<kw type="kw" name="BuiltIn.Should Contain">
<doc>Fails if `item1` does not contain `item2` one or more times.</doc>
<arguments>
<arg>${output}</arg>
<arg>is running</arg>
<arg>msg=Service ${service_name} is not running!</arg>
</arguments>
<status status="PASS" endtime="20151201 15:23:42.981" starttime="20151201 15:23:42.975"></status>
</kw>
<msg timestamp="20151201 15:23:42.985" level="INFO">${status} = PASS</msg>
<msg timestamp="20151201 15:23:42.986" level="INFO">${rc} = None</msg>
<status status="PASS" endtime="20151201 15:23:42.983" starttime="20151201 15:23:42.970"></status>
</kw>
<kw type="kw" name="${resultCode} = BuiltIn.Run Keyword If">
<doc>Runs the given keyword with the given arguments, if `condition` is true.</doc>
<arguments>
<arg>'${status}'=='PASS'</arg>
<arg>Set Variable</arg>
<arg>OK</arg>
<arg>ELSE</arg>
<arg>Set Variable</arg>
<arg>SERVICE_NOT_RUNNING</arg>
</arguments>
<kw type="kw" name="BuiltIn.Set Variable">
<doc>Returns the given values which can then be assigned to a variables.</doc>
<arguments>
<arg>OK</arg>
</arguments>
<status status="PASS" endtime="20151201 15:23:43.003" starttime="20151201 15:23:42.999"></status>
</kw>
<msg timestamp="20151201 15:23:43.008" level="INFO">${resultCode} = OK</msg>
<status status="PASS" endtime="20151201 15:23:43.006" starttime="20151201 15:23:42.989"></status>
</kw>
<kw type="kw" name="${version_r} = String.Fetch From Right">
<doc>Returns contents of the `string` after the last occurrence of `marker`.</doc>
<arguments>
<arg>${output}</arg>
<arg>Engine</arg>
</arguments>
<msg timestamp="20151201 15:23:43.016" level="INFO">${version_r} = I-New MVNO GyApp - Diameter Gy Application 6.1.0.2088
GyApp is running (PID: 6110)</msg>
<status status="PASS" endtime="20151201 15:23:43.015" starttime="20151201 15:23:43.011"></status>
</kw>
<kw type="kw" name="${version} = String.Fetch From Left">
<doc>Returns contents of the `string` before the first occurrence of `marker`.</doc>
<arguments>
<arg>${version_r}</arg>
<arg>is running</arg>
</arguments>
<msg timestamp="20151201 15:23:43.024" level="INFO">${version} = I-New MVNO GyApp - Diameter Gy Application 6.1.0.2088
GyApp </msg>
<status status="PASS" endtime="20151201 15:23:43.023" starttime="20151201 15:23:43.019"></status>
</kw>
<kw type="kw" name="BuiltIn.Comment">
<doc>Displays the given messages in the log file as keyword arguments.</doc>
<arguments>
<arg>****** Log out ******</arg>
</arguments>
<status status="PASS" endtime="20151201 15:23:43.030" starttime="20151201 15:23:43.027"></status>
</kw>
<kw type="kw" name="ssh-support-resource.SSH Logout">
<doc>Closes the passed SSH connection</doc>
<arguments>
<arg>${ssh_connection}</arg>
</arguments>
<kw type="kw" name="SSHLibrary.Switch Connection">
<doc>Switches the active connection by index or alias.</doc>
<arguments>
<arg>${ssh_connection}</arg>
</arguments>
<status status="PASS" endtime="20151201 15:23:43.056" starttime="20151201 15:23:43.052"></status>
</kw>
<kw type="kw" name="SSHLibrary.Close Connection">
<doc>Closes the current connection.</doc>
<arguments>
</arguments>
<status status="PASS" endtime="20151201 15:23:43.066" starttime="20151201 15:23:43.059"></status>
</kw>
<status status="PASS" endtime="20151201 15:23:43.068" starttime="20151201 15:23:43.033"></status>
</kw>
<kw type="kw" name="${ver} = BuiltIn.Run Keyword If">
<doc>Runs the given keyword with the given arguments, if `condition` is true.</doc>
<arguments>
<arg>'${resultCode}'=='OK'</arg>
<arg>Set Variable</arg>
<arg>${version}</arg>
</arguments>
<kw type="kw" name="BuiltIn.Set Variable">
<doc>Returns the given values which can then be assigned to a variables.</doc>
<arguments>
<arg>${version}</arg>
</arguments>
<status status="PASS" endtime="20151201 15:23:43.083" starttime="20151201 15:23:43.079"></status>
</kw>
<msg timestamp="20151201 15:23:43.086" level="INFO">${ver} = I-New MVNO GyApp - Diameter Gy Application 6.1.0.2088
GyApp </msg>
<status status="PASS" endtime="20151201 15:23:43.085" starttime="20151201 15:23:43.070"></status>
</kw>
<kw type="kw" name="BuiltIn.Comment">
<doc>Displays the given messages in the log file as keyword arguments.</doc>
<arguments>
<arg>...</arg>
<arg>ELSE</arg>
<arg>Set Variable</arg>
<arg>${EMPTY}</arg>
</arguments>
<status status="PASS" endtime="20151201 15:23:43.093" starttime="20151201 15:23:43.089"></status>
</kw>
<msg timestamp="20151201 15:23:43.098" level="INFO">${ocs_rc} = OK</msg>
<msg timestamp="20151201 15:23:43.100" level="INFO">${ocs_version} = I-New MVNO GyApp - Diameter Gy Application 6.1.0.2088
GyApp </msg>
<status status="PASS" endtime="20151201 15:23:43.096" starttime="20151201 15:23:42.579"></status>
</kw>
<kw type="kw" name="BuiltIn.Log">
<doc>Logs the given message with the given level.</doc>
<arguments>
<arg>IN state= ${in_rc} version=${in_version}</arg>
<arg>console=yes</arg>
</arguments>
<msg timestamp="20151201 15:23:43.107" level="INFO">IN state= OK version= 1.0.0 2015.11.12-14:31:57 </msg>
<status status="PASS" endtime="20151201 15:23:43.109" starttime="20151201 15:23:43.102"></status>
</kw>
<kw type="kw" name="BuiltIn.Log">
<doc>Logs the given message with the given level.</doc>
<arguments>
<arg>XDR state= ${xdr_rc} version=${xdr_version}</arg>
<arg>console=yes</arg>
</arguments>
<msg timestamp="20151201 15:23:43.116" level="INFO">XDR state= OK version=I-New UMS MVNO - XDR 6.2.0 </msg>
<status status="PASS" endtime="20151201 15:23:43.118" starttime="20151201 15:23:43.111"></status>
</kw>
<kw type="kw" name="BuiltIn.Log">
<doc>Logs the given message with the given level.</doc>
<arguments>
<arg>CRCE state= ${crce_rc} version=${crce_version}</arg>
<arg>console=yes</arg>
</arguments>
<msg timestamp="20151201 15:23:43.125" level="INFO">CRCE state= OK version= 6.2.0.30830 </msg>
<status status="PASS" endtime="20151201 15:23:43.127" starttime="20151201 15:23:43.120"></status>
</kw>
<kw type="kw" name="BuiltIn.Log">
<doc>Logs the given message with the given level.</doc>
<arguments>
<arg>OCS state= ${ocs_rc} version=${ocs_version}</arg>
<arg>console=yes</arg>
</arguments>
<msg timestamp="20151201 15:23:43.134" level="INFO">OCS state= OK version=I-New MVNO GyApp - Diameter Gy Application 6.1.0.2088
GyApp </msg>
<status status="PASS" endtime="20151201 15:23:43.136" starttime="20151201 15:23:43.129"></status>
</kw>
<kw type="kw" name="BuiltIn.Should Be Equal">
<doc>Fails if the given objects are unequal.</doc>
<arguments>
<arg>${in_rc}</arg>
<arg>OK</arg>
<arg>msg=IN</arg>
</arguments>
<msg timestamp="20151201 15:23:43.142" level="INFO">Argument types are:
&lt;type 'unicode'&gt;
&lt;type 'unicode'&gt;</msg>
<status status="PASS" endtime="20151201 15:23:43.143" starttime="20151201 15:23:43.138"></status>
</kw>
<kw type="kw" name="BuiltIn.Should Be Equal">
<doc>Fails if the given objects are unequal.</doc>
<arguments>
<arg>${xdr_rc}</arg>
<arg>OK</arg>
<arg>msg=XDR</arg>
</arguments>
<msg timestamp="20151201 15:23:43.146" level="INFO">Argument types are:
&lt;type 'unicode'&gt;
&lt;type 'unicode'&gt;</msg>
<status status="PASS" endtime="20151201 15:23:43.147" starttime="20151201 15:23:43.144"></status>
</kw>
<kw type="kw" name="BuiltIn.Should Be Equal">
<doc>Fails if the given objects are unequal.</doc>
<arguments>
<arg>${crce_rc}</arg>
<arg>OK</arg>
<arg>msg=CRCE</arg>
</arguments>
<msg timestamp="20151201 15:23:43.150" level="INFO">Argument types are:
&lt;type 'unicode'&gt;
&lt;type 'unicode'&gt;</msg>
<status status="PASS" endtime="20151201 15:23:43.151" starttime="20151201 15:23:43.148"></status>
</kw>
<kw type="kw" name="BuiltIn.Should Be Equal">
<doc>Fails if the given objects are unequal.</doc>
<arguments>
<arg>${ocs_rc}</arg>
<arg>OK</arg>
<arg>msg=OCS</arg>
</arguments>
<msg timestamp="20151201 15:23:43.154" level="INFO">Argument types are:
&lt;type 'unicode'&gt;
&lt;type 'unicode'&gt;</msg>
<status status="PASS" endtime="20151201 15:23:43.154" starttime="20151201 15:23:43.152"></status>
</kw>
<kw type="kw" name="${temp} = BuiltIn.Set Variable If">
<doc>Sets variable based on the given condition.</doc>
<arguments>
<arg>'${SUT PROJECT TAG PREFIX}'=='MTEL'</arg>
<arg>${ROBOT WORKSPACE PATH}/external_tests/experimental/matko.sanseovic/reroute_changes</arg>
<arg>'${SUT PROJECT TAG PREFIX}'!=''</arg>
<arg>${CG UNIFIED WS PATH}</arg>
</arguments>
<msg timestamp="20151201 15:23:43.160" level="INFO">${temp} = /opt/robot/robotworkspace/external_tests/experimental/matko.sanseovic/reroute_changes</msg>
<status status="PASS" endtime="20151201 15:23:43.160" starttime="20151201 15:23:43.155"></status>
</kw>
<kw type="kw" name="BuiltIn.Set Global Variable">
<doc>Makes a variable available globally in all tests and suites.</doc>
<arguments>
<arg>${CG UNIFIED WS PATH}</arg>
<arg>${temp}</arg>
</arguments>
<msg timestamp="20151201 15:23:43.164" level="INFO">${CG UNIFIED WS PATH} = /opt/robot/robotworkspace/external_tests/experimental/matko.sanseovic/reroute_changes</msg>
<status status="PASS" endtime="20151201 15:23:43.165" starttime="20151201 15:23:43.162"></status>
</kw>
<status status="PASS" endtime="20151201 15:23:43.166" starttime="20151201 15:23:37.599"></status>
</kw>
<test id="s1-t1" name="Run MOC Abandon Call">
<kw type="kw" name="BuiltIn.Comment">
<doc>Displays the given messages in the log file as keyword arguments.</doc>
<arguments>
<arg>******* Create test subscribers *******</arg>
</arguments>
<status status="PASS" endtime="20151201 15:23:43.180" starttime="20151201 15:23:43.178"></status>
</kw>
<kw type="kw" name="${INITIAL_BALANCE} = BuiltIn.Set Variable">
<doc>Returns the given values which can then be assigned to a variables.</doc>
<arguments>
<arg>10000000</arg>
</arguments>
<msg timestamp="20151201 15:23:43.183" level="INFO">${INITIAL_BALANCE} = 10000000</msg>
<status status="PASS" endtime="20151201 15:23:43.182" starttime="20151201 15:23:43.181"></status>
</kw>
<kw type="kw" name="${return_code} = subscriber-admin-support-resource.CRCE Create Test Subscribers">
<doc>Provisions one or multiple test subscribers on CRCE only.</doc>
<arguments>
<arg>${CRCE01 HOST}</arg>
<arg>${CRCE01 WEBSERVICES PORT}</arg>
<arg>${CRCE01 WEBSERVICES BASE PATH}</arg>
<arg>1</arg>
<arg>${TESTSUBCRIBERS PP IMSI RANGE START}</arg>
<arg>${TESTSUBCRIBERS PP MSISDN RANGE START}</arg>
<arg>PREPAID</arg>
<arg>${TESTSUBCRIBERS DEFAULT LANGUAGEID}</arg>
<arg>${TESTSUBCRIBERS DEFAULT TARIFFID}</arg>
<arg>${INITIAL_BALANCE}</arg>
</arguments>
<kw type="kw" name="BuiltIn.Log">
<doc>Logs the given message with the given level.</doc>
<arguments>
<arg>msg=crce_host=${crce_host}</arg>
</arguments>
<msg timestamp="20151201 15:23:43.200" level="INFO">msg=crce_host=10.105.125.159</msg>
<status status="PASS" endtime="20151201 15:23:43.200" starttime="20151201 15:23:43.198"></status>
</kw>
<kw type="kw" name="BuiltIn.Log">
<doc>Logs the given message with the given level.</doc>
<arguments>
<arg>msg=crce_port=${crce_port}</arg>
</arguments>
<msg timestamp="20151201 15:23:43.203" level="INFO">msg=crce_port=8080</msg>
<status status="PASS" endtime="20151201 15:23:43.204" starttime="20151201 15:23:43.201"></status>
</kw>
<kw type="kw" name="BuiltIn.Log">
<doc>Logs the given message with the given level.</doc>
<arguments>
<arg>msg=crce_webservicesBasePath=${crce_webservicesBasePath}</arg>
</arguments>
<msg timestamp="20151201 15:23:43.207" level="INFO">msg=crce_webservicesBasePath=/inew-mvno-crce-webservices/</msg>
<status status="PASS" endtime="20151201 15:23:43.207" starttime="20151201 15:23:43.205"></status>
</kw>
<kw type="kw" name="BuiltIn.Log">
<doc>Logs the given message with the given level.</doc>
<arguments>
<arg>msg=amount=${amount}</arg>
</arguments>
<msg timestamp="20151201 15:23:43.210" level="INFO">msg=amount=1</msg>
<status status="PASS" endtime="20151201 15:23:43.210" starttime="20151201 15:23:43.208"></status>
</kw>
<kw type="kw" name="BuiltIn.Log">
<doc>Logs the given message with the given level.</doc>
<arguments>
<arg>msg=imsiRangeStart=${imsiRangeStart}</arg>
</arguments>
<msg timestamp="20151201 15:23:43.213" level="INFO">msg=imsiRangeStart=232201667725500</msg>
<status status="PASS" endtime="20151201 15:23:43.214" starttime="20151201 15:23:43.211"></status>
</kw>
<kw type="kw" name="BuiltIn.Log">
<doc>Logs the given message with the given level.</doc>
<arguments>
<arg>msg=msisdnRangeStart=${msisdnRangeStart}</arg>
</arguments>
<msg timestamp="20151201 15:23:43.216" level="INFO">msg=msisdnRangeStart=43667725500</msg>
<status status="PASS" endtime="20151201 15:23:43.217" starttime="20151201 15:23:43.215"></status>
</kw>
<kw type="kw" name="BuiltIn.Log">
<doc>Logs the given message with the given level.</doc>
<arguments>
<arg>msg=type=${type}</arg>
</arguments>
<msg timestamp="20151201 15:23:43.220" level="INFO">msg=type=PREPAID</msg>
<status status="PASS" endtime="20151201 15:23:43.220" starttime="20151201 15:23:43.218"></status>
</kw>
<kw type="kw" name="BuiltIn.Log">
<doc>Logs the given message with the given level.</doc>
<arguments>
<arg>msg=languageid=${languageid}</arg>
</arguments>
<msg timestamp="20151201 15:23:43.223" level="INFO">msg=languageid=1</msg>
<status status="PASS" endtime="20151201 15:23:43.224" starttime="20151201 15:23:43.221"></status>
</kw>
<kw type="kw" name="BuiltIn.Log">
<doc>Logs the given message with the given level.</doc>
<arguments>
<arg>msg=tariffId=${tariffId}</arg>
</arguments>
<msg timestamp="20151201 15:23:43.226" level="INFO">msg=tariffId=101001</msg>
<status status="PASS" endtime="20151201 15:23:43.227" starttime="20151201 15:23:43.225"></status>
</kw>
<kw type="kw" name="BuiltIn.Log">
<doc>Logs the given message with the given level.</doc>
<arguments>
<arg>msg=balance=${balance}</arg>
</arguments>
<msg timestamp="20151201 15:23:43.229" level="INFO">msg=balance=10000000</msg>
<status status="PASS" endtime="20151201 15:23:43.230" starttime="20151201 15:23:43.228"></status>
</kw>
<kw type="kw" name="subscriber-admin-support-resource.CRCE Setup SoapUI Logs">
<doc>This is a PRIVATE helper function to setup the SoapUI's basic log files since for unknown reasons SoapUI sometimes doesn't newly create them</doc>
<arguments>
</arguments>
<kw type="kw" name="BuiltIn.Run Keyword And Ignore Error">
<doc>Runs the given keyword with the given arguments and ignores possible error.</doc>
<arguments>
<arg>Create File</arg>
<arg>${SOAPUI GROOVY LOG}</arg>
</arguments>
<kw type="kw" name="OperatingSystem.Create File">
<doc>Creates a file with the given content and encoding.</doc>
<arguments>
<arg>${SOAPUI GROOVY LOG}</arg>
</arguments>
<msg timestamp="20151201 15:23:43.245" html="yes" level="INFO">Created file '&lt;a href="file:///opt/robot/robotworkspace/robot_testsuites/experimental/matko.sanseovic/basic/PostPaid/MOC/OnNet/MOC_POSTPAID_ONNET_Abandon/global-groovy.log"&gt;/opt/robot/robotworkspace/robot_testsuites/experimental/matko.sanseovic/basic/PostPaid/MOC/OnNet/MOC_POSTPAID_ONNET_Abandon/global-groovy.log&lt;/a&gt;'</msg>
<status status="PASS" endtime="20151201 15:23:43.276" starttime="20151201 15:23:43.242"></status>
</kw>
<status status="PASS" endtime="20151201 15:23:43.277" starttime="20151201 15:23:43.240"></status>
</kw>
<kw type="kw" name="BuiltIn.Run Keyword And Ignore Error">
<doc>Runs the given keyword with the given arguments and ignores possible error.</doc>
<arguments>
<arg>Create File</arg>
<arg>${SOAPUI LOG}</arg>
</arguments>
<kw type="kw" name="OperatingSystem.Create File">
<doc>Creates a file with the given content and encoding.</doc>
<arguments>
<arg>${SOAPUI LOG}</arg>
</arguments>
<msg timestamp="20151201 15:23:43.284" html="yes" level="INFO">Created file '&lt;a href="file:///opt/robot/robotworkspace/robot_testsuites/experimental/matko.sanseovic/basic/PostPaid/MOC/OnNet/MOC_POSTPAID_ONNET_Abandon/soapui.log"&gt;/opt/robot/robotworkspace/robot_testsuites/experimental/matko.sanseovic/basic/PostPaid/MOC/OnNet/MOC_POSTPAID_ONNET_Abandon/soapui.log&lt;/a&gt;'</msg>
<status status="PASS" endtime="20151201 15:23:43.285" starttime="20151201 15:23:43.281"></status>
</kw>
<status status="PASS" endtime="20151201 15:23:43.286" starttime="20151201 15:23:43.279"></status>
</kw>
<kw type="kw" name="BuiltIn.Run Keyword And Ignore Error">
<doc>Runs the given keyword with the given arguments and ignores possible error.</doc>
<arguments>
<arg>Create File</arg>
<arg>${SOAPUI ERROR LOG}</arg>
</arguments>
<kw type="kw" name="OperatingSystem.Create File">
<doc>Creates a file with the given content and encoding.</doc>
<arguments>
<arg>${SOAPUI ERROR LOG}</arg>
</arguments>
<msg timestamp="20151201 15:23:43.291" html="yes" level="INFO">Created file '&lt;a href="file:///opt/robot/robotworkspace/robot_testsuites/experimental/matko.sanseovic/basic/PostPaid/MOC/OnNet/MOC_POSTPAID_ONNET_Abandon/soapui-errors.log"&gt;/opt/robot/robotworkspace/robot_testsuites/experimental/matko.sanseovic/basic/PostPaid/MOC/OnNet/MOC_POSTPAID_ONNET_Abandon/soapui-errors.log&lt;/a&gt;'</msg>
<status status="PASS" endtime="20151201 15:23:43.292" starttime="20151201 15:23:43.289"></status>
</kw>
<status status="PASS" endtime="20151201 15:23:43.293" starttime="20151201 15:23:43.287"></status>
</kw>
<status status="PASS" endtime="20151201 15:23:43.294" starttime="20151201 15:23:43.232"></status>
</kw>
<kw type="kw" name="InewSoapUILibrary.Soapui Project">
<doc>Initialize the runner and set the project string </doc>
<arguments>
<arg>${ROBOT WORKSPACE PATH}/${SOAPUI PROJECTS WORKSPACE RELATIVE PATH}</arg>
</arguments>
<msg timestamp="20151201 15:23:43.299" level="INFO">SoapUI 5.1.3 TestCase Runner</msg>
<status status="PASS" endtime="20151201 15:23:43.299" starttime="20151201 15:23:43.295"></status>
</kw>
<kw type="kw" name="InewSoapUILibrary.Soapui Set Project Property">
<doc>Sets project properties for the current test run.</doc>
<arguments>
<arg>crceHost=${crce_host}</arg>
</arguments>
<status status="PASS" endtime="20151201 15:23:43.302" starttime="20151201 15:23:43.300"></status>
</kw>
<kw type="kw" name="InewSoapUILibrary.Soapui Set Project Property">
<doc>Sets project properties for the current test run.</doc>
<arguments>
<arg>crcePort=${crce_port}</arg>
</arguments>
<status status="PASS" endtime="20151201 15:23:43.305" starttime="20151201 15:23:43.303"></status>
</kw>
<kw type="kw" name="InewSoapUILibrary.Soapui Set Project Property">
<doc>Sets project properties for the current test run.</doc>
<arguments>
<arg>crceWebservicesBasePath=${crce_webservicesBasePath}</arg>
</arguments>
<status status="PASS" endtime="20151201 15:23:43.309" starttime="20151201 15:23:43.306"></status>
</kw>
<kw type="kw" name="InewSoapUILibrary.Soapui Suite">
<doc>Set the suite string </doc>
<arguments>
<arg>HighLevelOps</arg>
</arguments>
<status status="PASS" endtime="20151201 15:23:43.311" starttime="20151201 15:23:43.310"></status>
</kw>
<kw type="kw" name="InewSoapUILibrary.Soapui Case">
<doc>Set the test case string </doc>
<arguments>
<arg>createTestSubscribers</arg>
</arguments>
<status status="PASS" endtime="20151201 15:23:43.314" starttime="20151201 15:23:43.312"></status>
</kw>
<kw type="kw" name="InewSoapUILibrary.Soapui Set Project Property">
<doc>Sets project properties for the current test run.</doc>
<arguments>
<arg>HighLevelOps.createTestSubscribers.input.amount=${amount}</arg>
</arguments>
<status status="PASS" endtime="20151201 15:23:43.317" starttime="20151201 15:23:43.315"></status>
</kw>
<kw type="kw" name="InewSoapUILibrary.Soapui Set Project Property">
<doc>Sets project properties for the current test run.</doc>
<arguments>
<arg>HighLevelOps.createTestSubscribers.input.imsiRangeStart=${imsiRangeStart}</arg>
</arguments>
<status status="PASS" endtime="20151201 15:23:43.320" starttime="20151201 15:23:43.318"></status>
</kw>
<kw type="kw" name="InewSoapUILibrary.Soapui Set Project Property">
<doc>Sets project properties for the current test run.</doc>
<arguments>
<arg>HighLevelOps.createTestSubscribers.input.msisdnRangeStart=${msisdnRangeStart}</arg>
</arguments>
<status status="PASS" endtime="20151201 15:23:43.323" starttime="20151201 15:23:43.321"></status>
</kw>
<kw type="kw" name="InewSoapUILibrary.Soapui Set Project Property">
<doc>Sets project properties for the current test run.</doc>
<arguments>
<arg>HighLevelOps.createTestSubscribers.input.type=${type}</arg>
</arguments>
<status status="PASS" endtime="20151201 15:23:43.326" starttime="20151201 15:23:43.324"></status>
</kw>
<kw type="kw" name="InewSoapUILibrary.Soapui Set Project Property">
<doc>Sets project properties for the current test run.</doc>
<arguments>
<arg>HighLevelOps.createTestSubscribers.input.languageid=${languageid}</arg>
</arguments>
<status status="PASS" endtime="20151201 15:23:43.329" starttime="20151201 15:23:43.327"></status>
</kw>
<kw type="kw" name="InewSoapUILibrary.Soapui Set Project Property">
<doc>Sets project properties for the current test run.</doc>
<arguments>
<arg>HighLevelOps.createTestSubscribers.input.tariffId=${tariffId}</arg>
</arguments>
<status status="PASS" endtime="20151201 15:23:43.332" starttime="20151201 15:23:43.330"></status>
</kw>
<kw type="kw" name="InewSoapUILibrary.Soapui Set Project Property">
<doc>Sets project properties for the current test run.</doc>
<arguments>
<arg>HighLevelOps.createTestSubscribers.input.balance=${balance}</arg>
</arguments>
<status status="PASS" endtime="20151201 15:23:43.335" starttime="20151201 15:23:43.333"></status>
</kw>
<kw type="kw" name="${execution_status}, ${return_value_dummy} = BuiltIn.Run Keyword And Ignore Error">
<doc>Runs the given keyword with the given arguments and ignores possible error.</doc>
<arguments>
<arg>SoapUI Run</arg>
</arguments>
<kw type="kw" name="InewSoapUILibrary.Soapui Run">
<doc>Run the runner and report to Robot </doc>
<arguments>
</arguments>
<msg timestamp="20151201 15:23:43.340" level="INFO">Running with the following project properties set: [u'crceHost=10.105.125.159', u'crcePort=8080', u'crceWebservicesBasePath=/inew-mvno-crce-webservices/', u'HighLevelOps.createTestSubscribers.input.amount=1', u'HighLevelOps.createTestSubscribers.input.imsiRangeStart=232201667725500', u'HighLevelOps.createTestSubscribers.input.msisdnRangeStart=43667725500', u'HighLevelOps.createTestSubscribers.input.type=PREPAID', u'HighLevelOps.createTestSubscribers.input.languageid=1', u'HighLevelOps.createTestSubscribers.input.tariffId=101001', u'HighLevelOps.createTestSubscribers.input.balance=10000000']</msg>
<msg timestamp="20151201 15:23:48.158" level="INFO">15:23:43,524 WARN  [SoapUI] Missing folder [/opt/robot/robotworkspace/robot_testsuites/experimental/matko.sanseovic/basic/PostPaid/MOC/OnNet/MOC_POSTPAID_ONNET_Abandon/ext] for external libraries
15:23:43,525 INFO  [DefaultSoapUICore] Creating new settings at [/root/soapui-settings.xml]
15:23:45,739 INFO  [WsdlProject] Loaded project from [file:/opt/robot/robotworkspace/libs/global-keyword-resources/crce-subscriberadmin/robot_crce_bridge-soapui-project.xml]
15:23:45,757 INFO  [SoapUITestCaseRunner] Setting project property [crceHost] to [10.105.125.159]
15:23:45,758 INFO  [SoapUITestCaseRunner] Setting project property [crcePort] to [8080]
15:23:45,758 INFO  [SoapUITestCaseRunner] Setting project property [crceWebservicesBasePath] to [/inew-mvno-crce-webservices/]
15:23:45,758 INFO  [SoapUITestCaseRunner] Setting project property [HighLevelOps.createTestSubscribers.input.amount] to [1]
15:23:45,758 INFO  [SoapUITestCaseRunner] Setting project property [HighLevelOps.createTestSubscribers.input.imsiRangeStart] to [232201667725500]
15:23:45,758 INFO  [SoapUITestCaseRunner] Setting project property [HighLevelOps.createTestSubscribers.input.msisdnRangeStart] to [43667725500]
15:23:45,758 INFO  [SoapUITestCaseRunner] Setting project property [HighLevelOps.createTestSubscribers.input.type] to [PREPAID]
15:23:45,759 INFO  [SoapUITestCaseRunner] Setting project property [HighLevelOps.createTestSubscribers.input.languageid] to [1]
15:23:45,759 INFO  [SoapUITestCaseRunner] Setting project property [HighLevelOps.createTestSubscribers.input.tariffId] to [101001]
15:23:45,759 INFO  [SoapUITestCaseRunner] Setting project property [HighLevelOps.createTestSubscribers.input.balance] to [10000000]
15:23:45,759 INFO  [SoapUITestCaseRunner] Running SoapUI tests in project [Robotframework_CRCE-Bridge]
15:23:45,759 INFO  [SoapUITestCaseRunner] Running TestCase [createTestSubscribers]
15:23:45,770 INFO  [SoapUITestCaseRunner] Running SoapUI testcase [createTestSubscribers]
15:23:45,777 INFO  [SoapUITestCaseRunner] running step [init_repeat_counter]
15:23:46,266 INFO  [SoapUITestCaseRunner] running step [01_init_next_subscriber]
15:23:46,394 INFO  [SoapUITestCaseRunner] running step [getSubscriberProfileByImsi]
15:23:46,569 DEBUG [HttpClientSupport$SoapUIHttpClient] Attempt 1 to execute request
15:23:46,570 DEBUG [SoapUIMultiThreadedHttpConnectionManager$SoapUIDefaultClientConnection] Sending request: POST /inew-mvno-crce-webservices/profiler/subscriber HTTP/1.1
15:23:46,615 DEBUG [SoapUIMultiThreadedHttpConnectionManager$SoapUIDefaultClientConnection] Receiving response: HTTP/1.1 200 OK
15:23:46,622 DEBUG [HttpClientSupport$SoapUIHttpClient] Connection can be kept alive indefinitely
15:23:46,781 INFO  [SoapUITestCaseRunner] Assertion [SOAP Response] has status VALID
15:23:46,781 INFO  [SoapUITestCaseRunner] Assertion [Schema Compliance] has status UNKNOWN
15:23:46,781 INFO  [SoapUITestCaseRunner] Assertion [Not SOAP Fault] has status VALID
15:23:46,782 INFO  [SoapUITestCaseRunner] running step [cancel_on_SOAP_error]
15:23:46,840 INFO  [SoapUITestCaseRunner] running step [transfer_response_values]
15:23:47,100 INFO  [SoapUITestCaseRunner] running step [cancel_on_CRCE_error_OR_skip_delete_on_UnknownSubscriber]
15:23:47,126 INFO  [SoapUITestCaseRunner] running step [deleteSubscriber]
15:23:47,128 DEBUG [HttpClientSupport$SoapUIHttpClient] Stale connection check
15:23:47,130 DEBUG [HttpClientSupport$SoapUIHttpClient] Attempt 1 to execute request
15:23:47,130 DEBUG [SoapUIMultiThreadedHttpConnectionManager$SoapUIDefaultClientConnection] Sending request: POST /inew-mvno-crce-webservices/profiler/provisioning HTTP/1.1
15:23:47,265 DEBUG [SoapUIMultiThreadedHttpConnectionManager$SoapUIDefaultClientConnection] Receiving response: HTTP/1.1 200 OK
15:23:47,265 DEBUG [HttpClientSupport$SoapUIHttpClient] Connection can be kept alive indefinitely
15:23:47,273 INFO  [SoapUITestCaseRunner] Assertion [SOAP Response] has status VALID
15:23:47,273 INFO  [SoapUITestCaseRunner] Assertion [Schema Compliance] has status UNKNOWN
15:23:47,273 INFO  [SoapUITestCaseRunner] Assertion [Not SOAP Fault] has status VALID
15:23:47,273 INFO  [SoapUITestCaseRunner] running step [2nd_cancel_on_SOAP_error]
15:23:47,341 INFO  [SoapUITestCaseRunner] running step [2nd_transfer_response_values]
15:23:47,347 INFO  [SoapUITestCaseRunner] running step [cancel_on_deletion_error]
15:23:47,394 INFO  [SoapUITestCaseRunner] running step [02_createSubscriber]
15:23:47,396 DEBUG [HttpClientSupport$SoapUIHttpClient] Stale connection check
15:23:47,397 DEBUG [HttpClientSupport$SoapUIHttpClient] Attempt 1 to execute request
15:23:47,397 DEBUG [SoapUIMultiThreadedHttpConnectionManager$SoapUIDefaultClientConnection] Sending request: POST /inew-mvno-crce-webservices/profiler/provisioning HTTP/1.1
15:23:47,414 DEBUG [SoapUIMultiThreadedHttpConnectionManager$SoapUIDefaultClientConnection] Receiving response: HTTP/1.1 200 OK
15:23:47,414 DEBUG [HttpClientSupport$SoapUIHttpClient] Connection can be kept alive indefinitely
15:23:47,417 INFO  [SoapUITestCaseRunner] Assertion [SOAP Response] has status VALID
15:23:47,417 INFO  [SoapUITestCaseRunner] Assertion [Schema Compliance] has status UNKNOWN
15:23:47,417 INFO  [SoapUITestCaseRunner] Assertion [Not SOAP Fault] has status VALID
15:23:47,417 INFO  [SoapUITestCaseRunner] running step [3rd_cancel_on_SOAP_error]
15:23:47,447 INFO  [SoapUITestCaseRunner] running step [3rd_transfer_response_values]
15:23:47,452 INFO  [SoapUITestCaseRunner] running step [cancel_on_create_error]
15:23:47,472 INFO  [SoapUITestCaseRunner] running step [activateSubscriber]
15:23:47,473 DEBUG [HttpClientSupport$SoapUIHttpClient] Stale connection check
15:23:47,475 DEBUG [HttpClientSupport$SoapUIHttpClient] Attempt 1 to execute request
15:23:47,475 DEBUG [SoapUIMultiThreadedHttpConnectionManager$SoapUIDefaultClientConnection] Sending request: POST /inew-mvno-crce-webservices/profiler/subscriber HTTP/1.1
15:23:47,553 DEBUG [SoapUIMultiThreadedHttpConnectionManager$SoapUIDefaultClientConnection] Receiving response: HTTP/1.1 200 OK
15:23:47,553 DEBUG [HttpClientSupport$SoapUIHttpClient] Connection can be kept alive indefinitely
15:23:47,558 INFO  [SoapUITestCaseRunner] Assertion [SOAP Response] has status VALID
15:23:47,558 INFO  [SoapUITestCaseRunner] Assertion [Schema Compliance] has status UNKNOWN
15:23:47,558 INFO  [SoapUITestCaseRunner] Assertion [Not SOAP Fault] has status VALID
15:23:47,559 INFO  [SoapUITestCaseRunner] running step [4th_cancel_on_SOAP_error]
15:23:47,610 INFO  [SoapUITestCaseRunner] running step [4th_transfer_response_values]
15:23:47,615 INFO  [SoapUITestCaseRunner] running step [cancel_on_activate_error]
15:23:47,651 INFO  [SoapUITestCaseRunner] running step [getMainAccount]
15:23:47,654 DEBUG [HttpClientSupport$SoapUIHttpClient] Stale connection check
15:23:47,656 DEBUG [HttpClientSupport$SoapUIHttpClient] Attempt 1 to execute request
15:23:47,656 DEBUG [SoapUIMultiThreadedHttpConnectionManager$SoapUIDefaultClientConnection] Sending request: POST /inew-mvno-crce-webservices/accounting/accounts HTTP/1.1
15:23:47,683 DEBUG [SoapUIMultiThreadedHttpConnectionManager$SoapUIDefaultClientConnection] Receiving response: HTTP/1.1 200 OK
15:23:47,684 DEBUG [HttpClientSupport$SoapUIHttpClient] Connection can be kept alive indefinitely
15:23:47,697 INFO  [SoapUITestCaseRunner] Assertion [SOAP Response] has status VALID
15:23:47,697 INFO  [SoapUITestCaseRunner] Assertion [Schema Compliance] has status UNKNOWN
15:23:47,698 INFO  [SoapUITestCaseRunner] Assertion [Not SOAP Fault] has status VALID
15:23:47,698 INFO  [SoapUITestCaseRunner] running step [5th_cancel_on_SOAP_error]
15:23:47,759 INFO  [SoapUITestCaseRunner] running step [5th_transfer_response_values]
15:23:47,780 INFO  [SoapUITestCaseRunner] running step [cancel_on_getmainaccount_error]
15:23:47,823 INFO  [SoapUITestCaseRunner] running step [setBalance]
15:23:47,826 DEBUG [HttpClientSupport$SoapUIHttpClient] Stale connection check
15:23:47,828 DEBUG [HttpClientSupport$SoapUIHttpClient] Attempt 1 to execute request
15:23:47,828 DEBUG [SoapUIMultiThreadedHttpConnectionManager$SoapUIDefaultClientConnection] Sending request: POST /inew-mvno-crce-webservices/accounting/account_administration HTTP/1.1
15:23:47,892 DEBUG [SoapUIMultiThreadedHttpConnectionManager$SoapUIDefaultClientConnection] Receiving response: HTTP/1.1 200 OK
15:23:47,892 DEBUG [HttpClientSupport$SoapUIHttpClient] Connection can be kept alive indefinitely
15:23:47,904 INFO  [SoapUITestCaseRunner] Assertion [SOAP Response] has status VALID
15:23:47,904 INFO  [SoapUITestCaseRunner] Assertion [Schema Compliance] has status UNKNOWN
15:23:47,904 INFO  [SoapUITestCaseRunner] Assertion [Not SOAP Fault] has status VALID
15:23:47,905 INFO  [SoapUITestCaseRunner] running step [6th_cancel_on_SOAP_error]
15:23:47,965 INFO  [SoapUITestCaseRunner] running step [6th_transfer_response_values]
15:23:47,975 INFO  [SoapUITestCaseRunner] running step [cancel_on_setbalance_error]
15:23:48,017 INFO  [SoapUITestCaseRunner] running step [repeat_01_amount_times]
15:23:48,083 INFO  [SoapUITestCaseRunner] running step [finish_successful]
15:23:48,150 INFO  [log] HighLevelOps.createTestSubscribers.output.resultCode=OK
15:23:48,152 INFO  [SoapUITestCaseRunner] Finished running SoapUI testcase [createTestSubscribers], time taken: 2343ms, status: FINISHED
15:23:48,152 INFO  [SoapUITestCaseRunner] TestCase [createTestSubscribers] finished with status [FINISHED] in 2343ms</msg>
<status status="PASS" endtime="20151201 15:23:48.166" starttime="20151201 15:23:43.338"></status>
</kw>
<msg timestamp="20151201 15:23:48.173" level="INFO">${execution_status} = PASS</msg>
<msg timestamp="20151201 15:23:48.175" level="INFO">${return_value_dummy} = None</msg>
<status status="PASS" endtime="20151201 15:23:48.170" starttime="20151201 15:23:43.336"></status>
</kw>
<kw type="kw" name="${resultCode} = subscriber-admin-support-resource.CRCE Get Groovy Log Return Property">
<doc>This is a PRIVATE helper function to retrieve return values placed into the Groovy log by the SoaupUI TCs .</doc>
<arguments>
<arg>HighLevelOps.createTestSubscribers.output.resultCode</arg>
<arg>UNKNOWN_ERROR</arg>
</arguments>
<kw type="kw" name="${return_marker} = BuiltIn.Set Variable">
<doc>Returns the given values which can then be assigned to a variables.</doc>
<arguments>
<arg>${property_name}=</arg>
</arguments>
<msg timestamp="20151201 15:23:48.209" level="INFO">${return_marker} = HighLevelOps.createTestSubscribers.output.resultCode=</msg>
<status status="PASS" endtime="20151201 15:23:48.208" starttime="20151201 15:23:48.202"></status>
</kw>
<kw type="kw" name="${resultCode} = BuiltIn.Set Variable">
<doc>Returns the given values which can then be assigned to a variables.</doc>
<arguments>
<arg>${EMPTY}</arg>
</arguments>
<msg timestamp="20151201 15:23:48.217" level="INFO">${resultCode} = </msg>
<status status="PASS" endtime="20151201 15:23:48.216" starttime="20151201 15:23:48.212"></status>
</kw>
<kw type="kw" name="${return_log_entry} = BuiltIn.Set Variable">
<doc>Returns the given values which can then be assigned to a variables.</doc>
<arguments>
<arg>${EMPTY}</arg>
</arguments>
<msg timestamp="20151201 15:23:48.226" level="INFO">${return_log_entry} = </msg>
<status status="PASS" endtime="20151201 15:23:48.224" starttime="20151201 15:23:48.220"></status>
</kw>
<kw type="kw" name="${execution_status}, ${return_log_entry} = BuiltIn.Run Keyword And Ignore Error">
<doc>Runs the given keyword with the given arguments and ignores possible error.</doc>
<arguments>
<arg>Grep File</arg>
<arg>${SOAPUI GROOVY LOG}</arg>
<arg>${return_marker}</arg>
</arguments>
<kw type="kw" name="OperatingSystem.Grep File">
<doc>Returns the lines of the specified file that match the `pattern`.</doc>
<arguments>
<arg>${SOAPUI GROOVY LOG}</arg>
<arg>${return_marker}</arg>
</arguments>
<msg timestamp="20151201 15:23:48.239" html="yes" level="INFO">Reading file '&lt;a href="file:///opt/robot/robotworkspace/robot_testsuites/experimental/matko.sanseovic/basic/PostPaid/MOC/OnNet/MOC_POSTPAID_ONNET_Abandon/global-groovy.log"&gt;/opt/robot/robotworkspace/robot_testsuites/experimental/matko.sanseovic/basic/PostPaid/MOC/OnNet/MOC_POSTPAID_ONNET_Abandon/global-groovy.log&lt;/a&gt;'</msg>
<msg timestamp="20151201 15:23:48.250" level="INFO">1 out of 1 lines matched</msg>
<status status="PASS" endtime="20151201 15:23:48.251" starttime="20151201 15:23:48.233"></status>
</kw>
<msg timestamp="20151201 15:23:48.255" level="INFO">${execution_status} = PASS</msg>
<msg timestamp="20151201 15:23:48.256" level="INFO">${return_log_entry} = 2015-12-01 15:23:48,150 INFO  [log] HighLevelOps.createTestSubscribers.output.resultCode=OK</msg>
<status status="PASS" endtime="20151201 15:23:48.253" starttime="20151201 15:23:48.229"></status>
</kw>
<kw type="kw" name="${return_log_entry} = BuiltIn.Run Keyword If">
<doc>Runs the given keyword with the given arguments, if `condition` is true.</doc>
<arguments>
<arg>'${execution_status}'=='FAIL'</arg>
<arg>Set Variable</arg>
<arg>${EMPTY}</arg>
<arg>ELSE</arg>
<arg>Set Variable</arg>
<arg>${return_log_entry}</arg>
</arguments>
<kw type="kw" name="BuiltIn.Set Variable">
<doc>Returns the given values which can then be assigned to a variables.</doc>
<arguments>
<arg>${return_log_entry}</arg>
</arguments>
<status status="PASS" endtime="20151201 15:23:48.271" starttime="20151201 15:23:48.269"></status>
</kw>
<msg timestamp="20151201 15:23:48.273" level="INFO">${return_log_entry} = 2015-12-01 15:23:48,150 INFO  [log] HighLevelOps.createTestSubscribers.output.resultCode=OK</msg>
<status status="PASS" endtime="20151201 15:23:48.272" starttime="20151201 15:23:48.259"></status>
</kw>
<kw type="kw" name="${return_log_entry} = BuiltIn.Run Keyword If">
<doc>Runs the given keyword with the given arguments, if `condition` is true.</doc>
<arguments>
<arg>'${return_log_entry}'=='${NONE}'</arg>
<arg>Set Variable</arg>
<arg>${EMPTY}</arg>
<arg>ELSE</arg>
<arg>Set Variable</arg>
<arg>${return_log_entry}</arg>
</arguments>
<kw type="kw" name="BuiltIn.Set Variable">
<doc>Returns the given values which can then be assigned to a variables.</doc>
<arguments>
<arg>${return_log_entry}</arg>
</arguments>
<status status="PASS" endtime="20151201 15:23:48.280" starttime="20151201 15:23:48.279"></status>
</kw>
<msg timestamp="20151201 15:23:48.282" level="INFO">${return_log_entry} = 2015-12-01 15:23:48,150 INFO  [log] HighLevelOps.createTestSubscribers.output.resultCode=OK</msg>
<status status="PASS" endtime="20151201 15:23:48.281" starttime="20151201 15:23:48.274"></status>
</kw>
<kw type="kw" name="${resultCode} = BuiltIn.Run Keyword If">
<doc>Runs the given keyword with the given arguments, if `condition` is true.</doc>
<arguments>
<arg>'${return_log_entry}'!='${EMPTY}'</arg>
<arg>Fetch From Right</arg>
<arg>${return_log_entry}</arg>
<arg>${return_marker}</arg>
<arg>ELSE</arg>
<arg>Set Variable</arg>
<arg>${resultCode}</arg>
</arguments>
<kw type="kw" name="String.Fetch From Right">
<doc>Returns contents of the `string` after the last occurrence of `marker`.</doc>
<arguments>
<arg>${return_log_entry}</arg>
<arg>${return_marker}</arg>
</arguments>
<status status="PASS" endtime="20151201 15:23:48.290" starttime="20151201 15:23:48.288"></status>
</kw>
<msg timestamp="20151201 15:23:48.291" level="INFO">${resultCode} = OK</msg>
<status status="PASS" endtime="20151201 15:23:48.291" starttime="20151201 15:23:48.283"></status>
</kw>
<kw type="kw" name="${resultCode} = BuiltIn.Run Keyword If">
<doc>Runs the given keyword with the given arguments, if `condition` is true.</doc>
<arguments>
<arg>'${resultCode}'=='${NONE}'</arg>
<arg>Set Variable</arg>
<arg>${default_value}</arg>
<arg>ELSE IF</arg>
<arg>'${resultCode}'=='${EMPTY}'</arg>
<arg>Set Variable</arg>
<arg>${default_value}</arg>
<arg>ELSE</arg>
<arg>Set Variable</arg>
<arg>${resultCode}</arg>
</arguments>
<kw type="kw" name="BuiltIn.Set Variable">
<doc>Returns the given values which can then be assigned to a variables.</doc>
<arguments>
<arg>${resultCode}</arg>
</arguments>
<status status="PASS" endtime="20151201 15:23:48.301" starttime="20151201 15:23:48.299"></status>
</kw>
<msg timestamp="20151201 15:23:48.302" level="INFO">${resultCode} = OK</msg>
<status status="PASS" endtime="20151201 15:23:48.302" starttime="20151201 15:23:48.292"></status>
</kw>
<msg timestamp="20151201 15:23:48.304" level="INFO">${resultCode} = OK</msg>
<status status="PASS" endtime="20151201 15:23:48.304" starttime="20151201 15:23:48.181"></status>
</kw>
<kw type="kw" name="subscriber-admin-support-resource.CRCE Cleanup SoapUI Logs">
<doc>This is a PRIVATE helper function to cleanup the testsuite directory from logs created by a SoapUI testcase.</doc>
<arguments>
<arg>HighLevelOps-CreateTestSubscribers</arg>
</arguments>
<kw type="kw" name="BuiltIn.Comment">
<doc>Displays the given messages in the log file as keyword arguments.</doc>
<arguments>
<arg>Run Keyword And Ignore Error</arg>
<arg>Remove File</arg>
<arg>${SOAPUI GROOVY LOG}</arg>
</arguments>
<status status="PASS" endtime="20151201 15:23:48.315" starttime="20151201 15:23:48.314"></status>
</kw>
<kw type="kw" name="BuiltIn.Comment">
<doc>Displays the given messages in the log file as keyword arguments.</doc>
<arguments>
<arg>Run Keyword And Ignore Error</arg>
<arg>Remove File</arg>
<arg>${SOAPUI LOG}</arg>
</arguments>
<status status="PASS" endtime="20151201 15:23:48.318" starttime="20151201 15:23:48.316"></status>
</kw>
<kw type="kw" name="BuiltIn.Comment">
<doc>Displays the given messages in the log file as keyword arguments.</doc>
<arguments>
<arg>Run Keyword And Ignore Error</arg>
<arg>Remove File</arg>
<arg>${SOAPUI ERROR LOG}</arg>
</arguments>
<status status="PASS" endtime="20151201 15:23:48.321" starttime="20151201 15:23:48.319"></status>
</kw>
<kw type="kw" name="BuiltIn.Run Keyword If">
<doc>Runs the given keyword with the given arguments, if `condition` is true.</doc>
<arguments>
<arg>'${tc_specific_files_prefix}'!='${EMPTY}'</arg>
<arg>Run Keyword And Ignore Error</arg>
<arg>Remove File</arg>
<arg>${tc_specific_files_prefix}*.*</arg>
</arguments>
<kw type="kw" name="BuiltIn.Run Keyword And Ignore Error">
<doc>Runs the given keyword with the given arguments and ignores possible error.</doc>
<arguments>
<arg>Remove File</arg>
<arg>${tc_specific_files_prefix}*.*</arg>
</arguments>
<kw type="kw" name="OperatingSystem.Remove File">
<doc>Removes a file with the given path.</doc>
<arguments>
<arg>${tc_specific_files_prefix}*.*</arg>
</arguments>
<msg timestamp="20151201 15:23:48.333" html="yes" level="INFO">File '&lt;a href="file:///opt/robot/robotworkspace/robot_testsuites/experimental/matko.sanseovic/basic/PostPaid/MOC/OnNet/MOC_POSTPAID_ONNET_Abandon/HighLevelOps-CreateTestSubscribers*.*"&gt;/opt/robot/robotworkspace/robot_testsuites/experimental/matko.sanseovic/basic/PostPaid/MOC/OnNet/MOC_POSTPAID_ONNET_Abandon/HighLevelOps-CreateTestSubscribers*.*&lt;/a&gt;' does not exist</msg>
<status status="PASS" endtime="20151201 15:23:48.334" starttime="20151201 15:23:48.328"></status>
</kw>
<status status="PASS" endtime="20151201 15:23:48.335" starttime="20151201 15:23:48.326"></status>
</kw>
<status status="PASS" endtime="20151201 15:23:48.336" starttime="20151201 15:23:48.322"></status>
</kw>
<status status="PASS" endtime="20151201 15:23:48.336" starttime="20151201 15:23:48.306"></status>
</kw>
<msg timestamp="20151201 15:23:48.339" level="INFO">${return_code} = OK</msg>
<status status="PASS" endtime="20151201 15:23:48.338" starttime="20151201 15:23:43.186"></status>
</kw>
<kw type="kw" name="BuiltIn.Should Be Equal As Strings">
<doc>Fails if objects are unequal after converting them to strings.</doc>
<arguments>
<arg>${return_code}</arg>
<arg>OK</arg>
</arguments>
<msg timestamp="20151201 15:23:48.342" level="INFO">Argument types are:
&lt;type 'unicode'&gt;
&lt;type 'unicode'&gt;</msg>
<status status="PASS" endtime="20151201 15:23:48.343" starttime="20151201 15:23:48.340"></status>
</kw>
<kw type="kw" name="BuiltIn.Log">
<doc>Logs the given message with the given level.</doc>
<arguments>
<arg>Test Postpaid Subscribers Created!</arg>
<arg>console=yes</arg>
</arguments>
<msg timestamp="20151201 15:23:48.345" level="INFO">Test Postpaid Subscribers Created!</msg>
<status status="PASS" endtime="20151201 15:23:48.346" starttime="20151201 15:23:48.344"></status>
</kw>
<kw type="kw" name="BuiltIn.Comment">
<doc>Displays the given messages in the log file as keyword arguments.</doc>
<arguments>
<arg>******* Run MOC Abandon *******</arg>
</arguments>
<status status="PASS" endtime="20151201 15:23:48.348" starttime="20151201 15:23:48.347"></status>
</kw>
<kw type="kw" name="BuiltIn.Log">
<doc>Logs the given message with the given level.</doc>
<arguments>
<arg>Running the MOC abandon call...</arg>
<arg>console=yes</arg>
</arguments>
<msg timestamp="20151201 15:23:48.351" level="INFO">Running the MOC abandon call...</msg>
<status status="PASS" endtime="20151201 15:23:48.352" starttime="20151201 15:23:48.349"></status>
</kw>
<kw type="kw" name="${rc} = cg_support-resource.CG Run MOC Abandon">
<doc>Runs an abandoned MOC session</doc>
<arguments>
<arg>${TESTSUBCRIBERS IMSI RANGE START}</arg>
<arg>${TESTSUBCRIBERS MSISDN RANGE START}</arg>
<arg>${TESTSUBCRIBERS MSISDN RANGE START}</arg>
<arg>${MSC ADDRESS}</arg>
<arg>${CALLSGEN HOME}</arg>
<arg>${CALLSGEN JAR NAME}</arg>
<arg>${CG UNIFIED WS PATH}</arg>
<arg>${AMQ-SIG HOST}</arg>
<arg>${AMQ-SIG PORT}</arg>
<arg>${AMQ-SIG MOC REQ QUEUE}</arg>
<arg>${AMQ-SIG MOC RES QUEUE}</arg>
</arguments>
<kw type="kw" name="${rc} = cg_support-resource.CG Run Standard MOC CGS">
<doc>Runs a standard MOC session (meaning a session that needs only mscAddress and mocBPartyMsisdn parameters) for the passed cgs file</doc>
<arguments>
<arg>moc-abandon</arg>
<arg>${cg_imsi}</arg>
<arg>${cg_msisdn}</arg>
<arg>${cd_msisdn}</arg>
<arg>${msc_address}</arg>
<arg>${callsgen_home}</arg>
<arg>${callsgen_jar_name}</arg>
<arg>${callsgen_unified_workspace_absolute_path}</arg>
<arg>${amq_host}</arg>
<arg>${amq_port}</arg>
<arg>${queue_moc_req}</arg>
<arg>${queue_moc_res}</arg>
</arguments>
<kw type="kw" name="${subscribers_csv_absolute_path} = BuiltIn.Set Variable">
<doc>Returns the given values which can then be assigned to a variables.</doc>
<arguments>
<arg>/opt/robot/robotworkspace/libs/global-keyword-resources/cg-support/tmp/${cgs_filename}-subscribers.csv</arg>
</arguments>
<msg timestamp="20151201 15:23:48.384" level="INFO">${subscribers_csv_absolute_path} = /opt/robot/robotworkspace/libs/global-keyword-resources/cg-support/tmp/moc-abandon-subscribers.csv</msg>
<status status="PASS" endtime="20151201 15:23:48.384" starttime="20151201 15:23:48.382"></status>
</kw>
<kw type="kw" name="${flexml_csv_absolute_path} = BuiltIn.Set Variable">
<doc>Returns the given values which can then be assigned to a variables.</doc>
<arguments>
<arg>/opt/robot/robotworkspace/libs/global-keyword-resources/cg-support/tmp/${cgs_filename}-fleXml.csv</arg>
</arguments>
<msg timestamp="20151201 15:23:48.388" level="INFO">${flexml_csv_absolute_path} = /opt/robot/robotworkspace/libs/global-keyword-resources/cg-support/tmp/moc-abandon-fleXml.csv</msg>
<status status="PASS" endtime="20151201 15:23:48.387" starttime="20151201 15:23:48.385"></status>
</kw>
<kw type="kw" name="${workspace_ini_absolute_path} = BuiltIn.Set Variable">
<doc>Returns the given values which can then be assigned to a variables.</doc>
<arguments>
<arg>/opt/robot/robotworkspace/libs/global-keyword-resources/cg-support/tmp/${cgs_filename}-workspace.ini</arg>
</arguments>
<msg timestamp="20151201 15:23:48.391" level="INFO">${workspace_ini_absolute_path} = /opt/robot/robotworkspace/libs/global-keyword-resources/cg-support/tmp/moc-abandon-workspace.ini</msg>
<status status="PASS" endtime="20151201 15:23:48.390" starttime="20151201 15:23:48.389"></status>
</kw>
<kw type="kw" name="${cgs_absolute_path} = BuiltIn.Set Variable">
<doc>Returns the given values which can then be assigned to a variables.</doc>
<arguments>
<arg>/opt/robot/robotworkspace/libs/global-keyword-resources/cg-support/${cgs_filename}.cgs</arg>
</arguments>
<msg timestamp="20151201 15:23:48.395" level="INFO">${cgs_absolute_path} = /opt/robot/robotworkspace/libs/global-keyword-resources/cg-support/moc-abandon.cgs</msg>
<status status="PASS" endtime="20151201 15:23:48.394" starttime="20151201 15:23:48.392"></status>
</kw>
<kw type="kw" name="BuiltIn.Comment">
<doc>Displays the given messages in the log file as keyword arguments.</doc>
<arguments>
<arg>****** create subscribers.csv ******</arg>
</arguments>
<status status="PASS" endtime="20151201 15:23:48.397" starttime="20151201 15:23:48.396"></status>
</kw>
<kw type="kw" name="OperatingSystem.Create File">
<doc>Creates a file with the given content and encoding.</doc>
<arguments>
<arg>${subscribers_csv_absolute_path}</arg>
<arg>${cg_imsi};${cg_msisdn}\n</arg>
</arguments>
[...]
<arg>ELSE IF</arg>
<arg>'${resultCode}'=='${EMPTY}'</arg>
<arg>Set Variable</arg>
<arg>${default_value}</arg>
<arg>ELSE</arg>
<arg>Set Variable</arg>
<arg>${resultCode}</arg>
</arguments>
<kw type="kw" name="BuiltIn.Set Variable">
<doc>Returns the given values which can then be assigned to a variables.</doc>
<arguments>
<arg>${resultCode}</arg>
</arguments>
<status status="PASS" endtime="20151201 15:24:13.549" starttime="20151201 15:24:13.548"></status>
</kw>
<msg timestamp="20151201 15:24:13.550" level="INFO">${resultCode} = 10000000</msg>
<status status="PASS" endtime="20151201 15:24:13.550" starttime="20151201 15:24:13.541"></status>
</kw>
<msg timestamp="20151201 15:24:13.552" level="INFO">${balance} = 10000000</msg>
<status status="PASS" endtime="20151201 15:24:13.551" starttime="20151201 15:24:13.491"></status>
</kw>
<kw type="kw" name="${category} = subscriber-admin-support-resource.CRCE Get Groovy Log Return Property">
<doc>This is a PRIVATE helper function to retrieve return values placed into the Groovy log by the SoaupUI TCs .</doc>
<arguments>
<arg>LowLevelOps.getMainAccount.output.category</arg>
<arg>${EMPTY}</arg>
</arguments>
<kw type="kw" name="${return_marker} = BuiltIn.Set Variable">
<doc>Returns the given values which can then be assigned to a variables.</doc>
<arguments>
<arg>${property_name}=</arg>
</arguments>
<msg timestamp="20151201 15:24:13.562" level="INFO">${return_marker} = LowLevelOps.getMainAccount.output.category=</msg>
<status status="PASS" endtime="20151201 15:24:13.561" starttime="20151201 15:24:13.559"></status>
</kw>
<kw type="kw" name="${resultCode} = BuiltIn.Set Variable">
<doc>Returns the given values which can then be assigned to a variables.</doc>
<arguments>
<arg>${EMPTY}</arg>
</arguments>
<msg timestamp="20151201 15:24:13.564" level="INFO">${resultCode} = </msg>
<status status="PASS" endtime="20151201 15:24:13.564" starttime="20151201 15:24:13.562"></status>
</kw>
<kw type="kw" name="${return_log_entry} = BuiltIn.Set Variable">
<doc>Returns the given values which can then be assigned to a variables.</doc>
<arguments>
<arg>${EMPTY}</arg>
</arguments>
<msg timestamp="20151201 15:24:13.567" level="INFO">${return_log_entry} = </msg>
<status status="PASS" endtime="20151201 15:24:13.566" starttime="20151201 15:24:13.565"></status>
</kw>
<kw type="kw" name="${execution_status}, ${return_log_entry} = BuiltIn.Run Keyword And Ignore Error">
<doc>Runs the given keyword with the given arguments and ignores possible error.</doc>
<arguments>
<arg>Grep File</arg>
<arg>${SOAPUI GROOVY LOG}</arg>
<arg>${return_marker}</arg>
</arguments>
<kw type="kw" name="OperatingSystem.Grep File">
<doc>Returns the lines of the specified file that match the `pattern`.</doc>
<arguments>
<arg>${SOAPUI GROOVY LOG}</arg>
<arg>${return_marker}</arg>
</arguments>
<msg timestamp="20151201 15:24:13.571" html="yes" level="INFO">Reading file '&lt;a href="file:///opt/robot/robotworkspace/robot_testsuites/experimental/matko.sanseovic/basic/PostPaid/MOC/OnNet/MOC_POSTPAID_ONNET_Abandon/global-groovy.log"&gt;/opt/robot/robotworkspace/robot_testsuites/experimental/matko.sanseovic/basic/PostPaid/MOC/OnNet/MOC_POSTPAID_ONNET_Abandon/global-groovy.log&lt;/a&gt;'</msg>
<msg timestamp="20151201 15:24:13.574" level="INFO">1 out of 5 lines matched</msg>
<status status="PASS" endtime="20151201 15:24:13.575" starttime="20151201 15:24:13.569"></status>
</kw>
<msg timestamp="20151201 15:24:13.576" level="INFO">${execution_status} = PASS</msg>
<msg timestamp="20151201 15:24:13.577" level="INFO">${return_log_entry} = 2015-12-01 15:24:13,356 INFO  [log] LowLevelOps.getMainAccount.output.category=MAIN</msg>
<status status="PASS" endtime="20151201 15:24:13.576" starttime="20151201 15:24:13.568"></status>
</kw>
<kw type="kw" name="${return_log_entry} = BuiltIn.Run Keyword If">
<doc>Runs the given keyword with the given arguments, if `condition` is true.</doc>
<arguments>
<arg>'${execution_status}'=='FAIL'</arg>
<arg>Set Variable</arg>
<arg>${EMPTY}</arg>
<arg>ELSE</arg>
<arg>Set Variable</arg>
<arg>${return_log_entry}</arg>
</arguments>
<kw type="kw" name="BuiltIn.Set Variable">
<doc>Returns the given values which can then be assigned to a variables.</doc>
<arguments>
<arg>${return_log_entry}</arg>
</arguments>
<status status="PASS" endtime="20151201 15:24:13.583" starttime="20151201 15:24:13.582"></status>
</kw>
<msg timestamp="20151201 15:24:13.584" level="INFO">${return_log_entry} = 2015-12-01 15:24:13,356 INFO  [log] LowLevelOps.getMainAccount.output.category=MAIN</msg>
<status status="PASS" endtime="20151201 15:24:13.584" starttime="20151201 15:24:13.577"></status>
</kw>
<kw type="kw" name="${return_log_entry} = BuiltIn.Run Keyword If">
<doc>Runs the given keyword with the given arguments, if `condition` is true.</doc>
<arguments>
<arg>'${return_log_entry}'=='${NONE}'</arg>
<arg>Set Variable</arg>
<arg>${EMPTY}</arg>
<arg>ELSE</arg>
<arg>Set Variable</arg>
<arg>${return_log_entry}</arg>
</arguments>
<kw type="kw" name="BuiltIn.Set Variable">
<doc>Returns the given values which can then be assigned to a variables.</doc>
<arguments>
<arg>${return_log_entry}</arg>
</arguments>
<status status="PASS" endtime="20151201 15:24:13.591" starttime="20151201 15:24:13.589"></status>
</kw>
<msg timestamp="20151201 15:24:13.592" level="INFO">${return_log_entry} = 2015-12-01 15:24:13,356 INFO  [log] LowLevelOps.getMainAccount.output.category=MAIN</msg>
<status status="PASS" endtime="20151201 15:24:13.591" starttime="20151201 15:24:13.585"></status>
</kw>
<kw type="kw" name="${resultCode} = BuiltIn.Run Keyword If">
<doc>Runs the given keyword with the given arguments, if `condition` is true.</doc>
<arguments>
<arg>'${return_log_entry}'!='${EMPTY}'</arg>
<arg>Fetch From Right</arg>
<arg>${return_log_entry}</arg>
<arg>${return_marker}</arg>
<arg>ELSE</arg>
<arg>Set Variable</arg>
<arg>${resultCode}</arg>
</arguments>
<kw type="kw" name="String.Fetch From Right">
<doc>Returns contents of the `string` after the last occurrence of `marker`.</doc>
<arguments>
<arg>${return_log_entry}</arg>
<arg>${return_marker}</arg>
</arguments>
<status status="PASS" endtime="20151201 15:24:13.598" starttime="20151201 15:24:13.597"></status>
</kw>
<msg timestamp="20151201 15:24:13.600" level="INFO">${resultCode} = MAIN</msg>
<status status="PASS" endtime="20151201 15:24:13.599" starttime="20151201 15:24:13.593"></status>
</kw>
<kw type="kw" name="${resultCode} = BuiltIn.Run Keyword If">
<doc>Runs the given keyword with the given arguments, if `condition` is true.</doc>
<arguments>
<arg>'${resultCode}'=='${NONE}'</arg>
<arg>Set Variable</arg>
<arg>${default_value}</arg>
<arg>ELSE IF</arg>
<arg>'${resultCode}'=='${EMPTY}'</arg>
<arg>Set Variable</arg>
<arg>${default_value}</arg>
<arg>ELSE</arg>
<arg>Set Variable</arg>
<arg>${resultCode}</arg>
</arguments>
<kw type="kw" name="BuiltIn.Set Variable">
<doc>Returns the given values which can then be assigned to a variables.</doc>
<arguments>
<arg>${resultCode}</arg>
</arguments>
<status status="PASS" endtime="20151201 15:24:13.608" starttime="20151201 15:24:13.607"></status>
</kw>
<msg timestamp="20151201 15:24:13.609" level="INFO">${resultCode} = MAIN</msg>
<status status="PASS" endtime="20151201 15:24:13.609" starttime="20151201 15:24:13.601"></status>
</kw>
<msg timestamp="20151201 15:24:13.611" level="INFO">${category} = MAIN</msg>
<status status="PASS" endtime="20151201 15:24:13.610" starttime="20151201 15:24:13.553"></status>
</kw>
<kw type="kw" name="${currencyId} = subscriber-admin-support-resource.CRCE Get Groovy Log Return Property">
<doc>This is a PRIVATE helper function to retrieve return values placed into the Groovy log by the SoaupUI TCs .</doc>
<arguments>
<arg>LowLevelOps.getMainAccount.output.currencyId</arg>
<arg>${EMPTY}</arg>
</arguments>
<kw type="kw" name="${return_marker} = BuiltIn.Set Variable">
<doc>Returns the given values which can then be assigned to a variables.</doc>
<arguments>
<arg>${property_name}=</arg>
</arguments>
<msg timestamp="20151201 15:24:13.619" level="INFO">${return_marker} = LowLevelOps.getMainAccount.output.currencyId=</msg>
<status status="PASS" endtime="20151201 15:24:13.619" starttime="20151201 15:24:13.617"></status>
</kw>
<kw type="kw" name="${resultCode} = BuiltIn.Set Variable">
<doc>Returns the given values which can then be assigned to a variables.</doc>
<arguments>
<arg>${EMPTY}</arg>
</arguments>
<msg timestamp="20151201 15:24:13.622" level="INFO">${resultCode} = </msg>
<status status="PASS" endtime="20151201 15:24:13.622" starttime="20151201 15:24:13.620"></status>
</kw>
<kw type="kw" name="${return_log_entry} = BuiltIn.Set Variable">
<doc>Returns the given values which can then be assigned to a variables.</doc>
<arguments>
<arg>${EMPTY}</arg>
</arguments>
<msg timestamp="20151201 15:24:13.625" level="INFO">${return_log_entry} = </msg>
<status status="PASS" endtime="20151201 15:24:13.624" starttime="20151201 15:24:13.623"></status>
</kw>
<kw type="kw" name="${execution_status}, ${return_log_entry} = BuiltIn.Run Keyword And Ignore Error">
<doc>Runs the given keyword with the given arguments and ignores possible error.</doc>
<arguments>
<arg>Grep File</arg>
<arg>${SOAPUI GROOVY LOG}</arg>
<arg>${return_marker}</arg>
</arguments>
<kw type="kw" name="OperatingSystem.Grep File">
<doc>Returns the lines of the specified file that match the `pattern`.</doc>
<arguments>
<arg>${SOAPUI GROOVY LOG}</arg>
<arg>${return_marker}</arg>
</arguments>
<msg timestamp="20151201 15:24:13.629" html="yes" level="INFO">Reading file '&lt;a href="file:///opt/robot/robotworkspace/robot_testsuites/experimental/matko.sanseovic/basic/PostPaid/MOC/OnNet/MOC_POSTPAID_ONNET_Abandon/global-groovy.log"&gt;/opt/robot/robotworkspace/robot_testsuites/experimental/matko.sanseovic/basic/PostPaid/MOC/OnNet/MOC_POSTPAID_ONNET_Abandon/global-groovy.log&lt;/a&gt;'</msg>
<msg timestamp="20151201 15:24:13.632" level="INFO">1 out of 5 lines matched</msg>
<status status="PASS" endtime="20151201 15:24:13.633" starttime="20151201 15:24:13.627"></status>
</kw>
<msg timestamp="20151201 15:24:13.634" level="INFO">${execution_status} = PASS</msg>
<msg timestamp="20151201 15:24:13.634" level="INFO">${return_log_entry} = 2015-12-01 15:24:13,357 INFO  [log] LowLevelOps.getMainAccount.output.currencyId=101000</msg>
<status status="PASS" endtime="20151201 15:24:13.633" starttime="20151201 15:24:13.625"></status>
</kw>
<kw type="kw" name="${return_log_entry} = BuiltIn.Run Keyword If">
<doc>Runs the given keyword with the given arguments, if `condition` is true.</doc>
<arguments>
<arg>'${execution_status}'=='FAIL'</arg>
<arg>Set Variable</arg>
<arg>${EMPTY}</arg>
<arg>ELSE</arg>
<arg>Set Variable</arg>
<arg>${return_log_entry}</arg>
</arguments>
<kw type="kw" name="BuiltIn.Set Variable">
<doc>Returns the given values which can then be assigned to a variables.</doc>
<arguments>
<arg>${return_log_entry}</arg>
</arguments>
<status status="PASS" endtime="20151201 15:24:13.662" starttime="20151201 15:24:13.639"></status>
</kw>
<msg timestamp="20151201 15:24:13.663" level="INFO">${return_log_entry} = 2015-12-01 15:24:13,357 INFO  [log] LowLevelOps.getMainAccount.output.currencyId=101000</msg>
<status status="PASS" endtime="20151201 15:24:13.663" starttime="20151201 15:24:13.635"></status>
</kw>
<kw type="kw" name="${return_log_entry} = BuiltIn.Run Keyword If">
<doc>Runs the given keyword with the given arguments, if `condition` is true.</doc>
<arguments>
<arg>'${return_log_entry}'=='${NONE}'</arg>
<arg>Set Variable</arg>
<arg>${EMPTY}</arg>
<arg>ELSE</arg>
<arg>Set Variable</arg>
<arg>${return_log_entry}</arg>
</arguments>
<kw type="kw" name="BuiltIn.Set Variable">
<doc>Returns the given values which can then be assigned to a variables.</doc>
<arguments>
<arg>${return_log_entry}</arg>
</arguments>
<status status="PASS" endtime="20151201 15:24:13.671" starttime="20151201 15:24:13.669"></status>
</kw>
<msg timestamp="20151201 15:24:13.672" level="INFO">${return_log_entry} = 2015-12-01 15:24:13,357 INFO  [log] LowLevelOps.getMainAccount.output.currencyId=101000</msg>
<status status="PASS" endtime="20151201 15:24:13.672" starttime="20151201 15:24:13.664"></status>
</kw>
<kw type="kw" name="${resultCode} = BuiltIn.Run Keyword If">
<doc>Runs the given keyword with the given arguments, if `condition` is true.</doc>
<arguments>
<arg>'${return_log_entry}'!='${EMPTY}'</arg>
<arg>Fetch From Right</arg>
<arg>${return_log_entry}</arg>
<arg>${return_marker}</arg>
<arg>ELSE</arg>
<arg>Set Variable</arg>
<arg>${resultCode}</arg>
</arguments>
<kw type="kw" name="String.Fetch From Right">
<doc>Returns contents of the `string` after the last occurrence of `marker`.</doc>
<arguments>
<arg>${return_log_entry}</arg>
<arg>${return_marker}</arg>
</arguments>
<status status="PASS" endtime="20151201 15:24:13.679" starttime="20151201 15:24:13.677"></status>
</kw>
<msg timestamp="20151201 15:24:13.680" level="INFO">${resultCode} = 101000</msg>
<status status="PASS" endtime="20151201 15:24:13.680" starttime="20151201 15:24:13.673"></status>
</kw>
<kw type="kw" name="${resultCode} = BuiltIn.Run Keyword If">
<doc>Runs the given keyword with the given arguments, if `condition` is true.</doc>
<arguments>
<arg>'${resultCode}'=='${NONE}'</arg>
<arg>Set Variable</arg>
<arg>${default_value}</arg>
<arg>ELSE IF</arg>
<arg>'${resultCode}'=='${EMPTY}'</arg>
<arg>Set Variable</arg>
<arg>${default_value}</arg>
<arg>ELSE</arg>
<arg>Set Variable</arg>
<arg>${resultCode}</arg>
</arguments>
<kw type="kw" name="BuiltIn.Set Variable">
<doc>Returns the given values which can then be assigned to a variables.</doc>
<arguments>
<arg>${resultCode}</arg>
</arguments>
<status status="PASS" endtime="20151201 15:24:13.698" starttime="20151201 15:24:13.695"></status>
</kw>
<msg timestamp="20151201 15:24:13.701" level="INFO">${resultCode} = 101000</msg>
<status status="PASS" endtime="20151201 15:24:13.700" starttime="20151201 15:24:13.682"></status>
</kw>
<msg timestamp="20151201 15:24:13.704" level="INFO">${currencyId} = 101000</msg>
<status status="PASS" endtime="20151201 15:24:13.703" starttime="20151201 15:24:13.612"></status>
</kw>
<kw type="kw" name="subscriber-admin-support-resource.CRCE Cleanup SoapUI Logs">
<doc>This is a PRIVATE helper function to cleanup the testsuite directory from logs created by a SoapUI testcase.</doc>
<arguments>
<arg>LowLevelOps-GetMainAccount</arg>
</arguments>
<kw type="kw" name="BuiltIn.Comment">
<doc>Displays the given messages in the log file as keyword arguments.</doc>
<arguments>
<arg>Run Keyword And Ignore Error</arg>
<arg>Remove File</arg>
<arg>${SOAPUI GROOVY LOG}</arg>
</arguments>
<status status="PASS" endtime="20151201 15:24:13.720" starttime="20151201 15:24:13.717"></status>
</kw>
<kw type="kw" name="BuiltIn.Comment">
<doc>Displays the given messages in the log file as keyword arguments.</doc>
<arguments>
<arg>Run Keyword And Ignore Error</arg>
<arg>Remove File</arg>
<arg>${SOAPUI LOG}</arg>
</arguments>
<status status="PASS" endtime="20151201 15:24:13.725" starttime="20151201 15:24:13.722"></status>
</kw>
<kw type="kw" name="BuiltIn.Comment">
<doc>Displays the given messages in the log file as keyword arguments.</doc>
<arguments>
<arg>Run Keyword And Ignore Error</arg>
<arg>Remove File</arg>
<arg>${SOAPUI ERROR LOG}</arg>
</arguments>
<status status="PASS" endtime="20151201 15:24:13.729" starttime="20151201 15:24:13.726"></status>
</kw>
<kw type="kw" name="BuiltIn.Run Keyword If">
<doc>Runs the given keyword with the given arguments, if `condition` is true.</doc>
<arguments>
<arg>'${tc_specific_files_prefix}'!='${EMPTY}'</arg>
<arg>Run Keyword And Ignore Error</arg>
<arg>Remove File</arg>
<arg>${tc_specific_files_prefix}*.*</arg>
</arguments>
<kw type="kw" name="BuiltIn.Run Keyword And Ignore Error">
<doc>Runs the given keyword with the given arguments and ignores possible error.</doc>
<arguments>
<arg>Remove File</arg>
<arg>${tc_specific_files_prefix}*.*</arg>
</arguments>
<kw type="kw" name="OperatingSystem.Remove File">
<doc>Removes a file with the given path.</doc>
<arguments>
<arg>${tc_specific_files_prefix}*.*</arg>
</arguments>
<msg timestamp="20151201 15:24:13.751" html="yes" level="INFO">File '&lt;a href="file:///opt/robot/robotworkspace/robot_testsuites/experimental/matko.sanseovic/basic/PostPaid/MOC/OnNet/MOC_POSTPAID_ONNET_Abandon/LowLevelOps-GetMainAccount*.*"&gt;/opt/robot/robotworkspace/robot_testsuites/experimental/matko.sanseovic/basic/PostPaid/MOC/OnNet/MOC_POSTPAID_ONNET_Abandon/LowLevelOps-GetMainAccount*.*&lt;/a&gt;' does not exist</msg>
<status status="PASS" endtime="20151201 15:24:13.752" starttime="20151201 15:24:13.742"></status>
</kw>
<status status="PASS" endtime="20151201 15:24:13.754" starttime="20151201 15:24:13.739"></status>
</kw>
<status status="PASS" endtime="20151201 15:24:13.755" starttime="20151201 15:24:13.731"></status>
</kw>
<status status="PASS" endtime="20151201 15:24:13.757" starttime="20151201 15:24:13.707"></status>
</kw>
<msg timestamp="20151201 15:24:13.762" level="INFO">${resultCode} = OK</msg>
<msg timestamp="20151201 15:24:13.763" level="INFO">${accId} = 165811</msg>
<msg timestamp="20151201 15:24:13.764" level="INFO">${bal} = 10000000</msg>
<msg timestamp="20151201 15:24:13.764" level="INFO">${cat} = MAIN</msg>
<msg timestamp="20151201 15:24:13.765" level="INFO">${curr} = 101000</msg>
<status status="PASS" endtime="20151201 15:24:13.761" starttime="20151201 15:24:13.095"></status>
</kw>
<kw type="kw" name="BuiltIn.Comment">
<doc>Displays the given messages in the log file as keyword arguments.</doc>
<arguments>
<arg>${target_bal}=</arg>
<arg>Evaluate</arg>
<arg>${INITIAL_BALANCE}-${TESTSUBCRIBERS DEFAULT SLICE COSTS}</arg>
</arguments>
<status status="PASS" endtime="20151201 15:24:13.771" starttime="20151201 15:24:13.768"></status>
</kw>
<kw type="kw" name="BuiltIn.Comment">
<doc>Displays the given messages in the log file as keyword arguments.</doc>
<arguments>
<arg>Should Be Equal As Numbers</arg>
<arg>${target_bal}</arg>
<arg>${bal}</arg>
<arg>msg=Expected balance and retrieved balance mismatch!</arg>
</arguments>
<status status="PASS" endtime="20151201 15:24:13.776" starttime="20151201 15:24:13.772"></status>
</kw>
<kw type="kw" name="BuiltIn.Log">
<doc>Logs the given message with the given level.</doc>
<arguments>
<arg>Account balance check: ${bal}</arg>
<arg>console=yes</arg>
</arguments>
<msg timestamp="20151201 15:24:13.781" level="INFO">Account balance check: 10000000</msg>
<status status="PASS" endtime="20151201 15:24:13.783" starttime="20151201 15:24:13.777"></status>
</kw>
<doc>Test will make an abandoned MOC call from a postpaid type of subscriber

Arguments:
none
Returns:
none
Fails: in case CG session fails or account balance evaluation fails

=================================================================================</doc>
<tags>
<tag>matko.sanseovic</tag>
<tag>MOC_only</tag>
<tag>mTel_PPLIGHT_TB25_supported</tag>
<tag>POSTPAID_only</tag>
</tags>
<status status="PASS" critical="yes" endtime="20151201 15:24:13.785" starttime="20151201 15:23:43.167"></status>
</test>
<doc>Testing the Postpaid MOC call. Calling party abandons the call

============================================================</doc>
<metadata>
</metadata>
<status status="PASS" endtime="20151201 15:24:13.795" starttime="20151201 15:23:35.254"></status>
</suite>
<statistics>
<total>
<stat pass="1" fail="0">Critical Tests</stat>
<stat pass="1" fail="0">All Tests</stat>
</total>
<tag>
<stat pass="1" info="" doc="" combined="" fail="0" links="">matko.sanseovic</stat>
<stat pass="1" info="" doc="" combined="" fail="0" links="">MOC_only</stat>
<stat pass="1" info="" doc="" combined="" fail="0" links="">mTel_PPLIGHT_TB25_supported</stat>
<stat pass="1" info="" doc="" combined="" fail="0" links="">POSTPAID_only</stat>
</tag>
<suite>
<stat pass="1" id="s1" fail="0" name="MOC POSTPAID ONNET-Abandon-robot-suite">MOC POSTPAID ONNET-Abandon-robot-suite</stat>
</suite>
</statistics>
<errors>
</errors>
</robot>
